[ 2016-05-10T22:43:23+08:00 ] ::1 /blog/index.php/Admin/Index/index.html
INFO: [ app_init ] --START--
INFO: Run Behavior\BuildLiteBehavior [ RunTime:0.000277s ]
INFO: [ app_init ] --END-- [ RunTime:0.066219s ]
INFO: [ app_begin ] --START--
INFO: Run Behavior\ReadHtmlCacheBehavior [ RunTime:0.042456s ]
INFO: [ app_begin ] --END-- [ RunTime:0.046492s ]
NOTIC: [8] Undefined index: username F:\PHP\WWW\blog\Application\Admin\Controller\IndexController.class.php 第 6 行.

[ 2016-05-10T22:43:25+08:00 ] ::1 /blog/index.php/Admin/Login/index.html
INFO: [ app_init ] --START--
INFO: Run Behavior\BuildLiteBehavior [ RunTime:0.000204s ]
INFO: [ app_init ] --END-- [ RunTime:0.001925s ]
INFO: [ app_begin ] --START--
INFO: Run Behavior\ReadHtmlCacheBehavior [ RunTime:0.001324s ]
INFO: [ app_begin ] --END-- [ RunTime:0.002456s ]
INFO: [ view_parse ] --START--
INFO: [ template_filter ] --START--
INFO: Run Behavior\ContentReplaceBehavior [ RunTime:0.011962s ]
INFO: [ template_filter ] --END-- [ RunTime:0.013131s ]
INFO: Run Behavior\ParseTemplateBehavior [ RunTime:0.165577s ]
INFO: [ view_parse ] --END-- [ RunTime:0.166836s ]
INFO: [ view_filter ] --START--
INFO: Run Behavior\WriteHtmlCacheBehavior [ RunTime:0.020914s ]
INFO: [ view_filter ] --END-- [ RunTime:0.022727s ]
INFO: [ app_end ] --START--
INFO: Run Behavior\ShowPageTraceBehavior [ RunTime:0.008306s ]
INFO: [ app_end ] --END-- [ RunTime:0.009964s ]

[ 2016-05-10T22:43:41+08:00 ] ::1 /blog/index.php/Admin/Login/check
INFO: [ app_init ] --START--
INFO: Run Behavior\BuildLiteBehavior [ RunTime:0.000212s ]
INFO: [ app_init ] --END-- [ RunTime:0.002137s ]
INFO: [ app_begin ] --START--
INFO: Run Behavior\ReadHtmlCacheBehavior [ RunTime:0.001370s ]
INFO: [ app_begin ] --END-- [ RunTime:0.002503s ]
SQL: SHOW COLUMNS FROM `blog_user` [ RunTime:1.6260s ]
SQL: SELECT * FROM `blog_user` WHERE `username` = 'young' AND `password` = 'c33367701511b4f6020ec61ded352059' AND `identity` = 2  [ RunTime:0.0956s ]

[ 2016-05-10T22:43:43+08:00 ] ::1 /blog/index.php/Admin/Index/index.html
INFO: [ app_init ] --START--
INFO: Run Behavior\BuildLiteBehavior [ RunTime:0.000213s ]
INFO: [ app_init ] --END-- [ RunTime:0.002047s ]
INFO: [ app_begin ] --START--
INFO: Run Behavior\ReadHtmlCacheBehavior [ RunTime:0.001446s ]
INFO: [ app_begin ] --END-- [ RunTime:0.002596s ]
SQL: SHOW COLUMNS FROM `blog_user` [ RunTime:0.1672s ]
SQL: SELECT * FROM `blog_user` WHERE `username` = 'young' AND `identity` = 2  [ RunTime:0.0015s ]
INFO: [ view_parse ] --START--
INFO: [ template_filter ] --START--
INFO: Run Behavior\ContentReplaceBehavior [ RunTime:0.002539s ]
INFO: [ template_filter ] --END-- [ RunTime:0.005308s ]
INFO: Run Behavior\ParseTemplateBehavior [ RunTime:0.382023s ]
INFO: [ view_parse ] --END-- [ RunTime:0.383797s ]
INFO: [ view_filter ] --START--
INFO: Run Behavior\WriteHtmlCacheBehavior [ RunTime:0.001696s ]
INFO: [ view_filter ] --END-- [ RunTime:0.003129s ]
INFO: [ app_end ] --START--
INFO: Run Behavior\ShowPageTraceBehavior [ RunTime:0.003107s ]
INFO: [ app_end ] --END-- [ RunTime:0.005275s ]

[ 2016-05-10T22:43:46+08:00 ] ::1 /blog/index.php/Admin/Welcome/index
INFO: [ app_init ] --START--
INFO: Run Behavior\BuildLiteBehavior [ RunTime:0.000223s ]
INFO: [ app_init ] --END-- [ RunTime:0.002395s ]
INFO: [ app_begin ] --START--
INFO: Run Behavior\ReadHtmlCacheBehavior [ RunTime:0.002830s ]
INFO: [ app_begin ] --END-- [ RunTime:0.005059s ]
INFO: [ view_parse ] --START--
INFO: [ template_filter ] --START--
INFO: Run Behavior\ContentReplaceBehavior [ RunTime:0.000904s ]
INFO: [ template_filter ] --END-- [ RunTime:0.002851s ]
INFO: Run Behavior\ParseTemplateBehavior [ RunTime:0.116313s ]
INFO: [ view_parse ] --END-- [ RunTime:0.117775s ]
INFO: [ view_filter ] --START--
INFO: Run Behavior\WriteHtmlCacheBehavior [ RunTime:0.001639s ]
INFO: [ view_filter ] --END-- [ RunTime:0.002887s ]
INFO: [ app_end ] --START--
INFO: Run Behavior\ShowPageTraceBehavior [ RunTime:0.001957s ]
INFO: [ app_end ] --END-- [ RunTime:0.003904s ]

[ 2016-05-10T22:43:59+08:00 ] ::1 /blog/index.php/Admin/Moodlist/index
INFO: [ app_init ] --START--
INFO: Run Behavior\BuildLiteBehavior [ RunTime:0.000587s ]
INFO: [ app_init ] --END-- [ RunTime:0.004534s ]
INFO: [ app_begin ] --START--
INFO: Run Behavior\ReadHtmlCacheBehavior [ RunTime:0.001599s ]
INFO: [ app_begin ] --END-- [ RunTime:0.002840s ]
INFO: [ view_parse ] --START--
INFO: [ template_filter ] --START--
INFO: Run Behavior\ContentReplaceBehavior [ RunTime:0.000628s ]
INFO: [ template_filter ] --END-- [ RunTime:0.001935s ]
INFO: Run Behavior\ParseTemplateBehavior [ RunTime:0.205124s ]
INFO: [ view_parse ] --END-- [ RunTime:0.208931s ]
INFO: [ view_filter ] --START--
INFO: Run Behavior\WriteHtmlCacheBehavior [ RunTime:0.001757s ]
INFO: [ view_filter ] --END-- [ RunTime:0.003430s ]
INFO: [ app_end ] --START--
INFO: Run Behavior\ShowPageTraceBehavior [ RunTime:0.002526s ]
INFO: [ app_end ] --END-- [ RunTime:0.004100s ]

[ 2016-05-10T22:44:01+08:00 ] ::1 /blog/index.php/Admin/Moodlist/www.example.com/demo.mp3
INFO: [ app_init ] --START--
INFO: Run Behavior\BuildLiteBehavior [ RunTime:0.000258s ]
INFO: [ app_init ] --END-- [ RunTime:0.002344s ]
INFO: [ app_begin ] --START--
INFO: Run Behavior\ReadHtmlCacheBehavior [ RunTime:0.001597s ]
INFO: [ app_begin ] --END-- [ RunTime:0.002748s ]
ERR: 非法操作:www.example.com
NOTIC: [2] Cannot modify header information - headers already sent by (output started at F:\PHP\WWW\blog\ThinkPHP\Common\functions.php:102) F:\PHP\WWW\blog\ThinkPHP\Library\Think\Think.class.php 第 229 行.
NOTIC: [2] Cannot modify header information - headers already sent by (output started at F:\PHP\WWW\blog\ThinkPHP\Common\functions.php:102) F:\PHP\WWW\blog\ThinkPHP\Library\Think\Think.class.php 第 230 行.

[ 2016-05-10T22:44:17+08:00 ] ::1 /blog/index.php/Admin/Liuyan/index
INFO: [ app_init ] --START--
INFO: Run Behavior\BuildLiteBehavior [ RunTime:0.000210s ]
INFO: [ app_init ] --END-- [ RunTime:0.002239s ]
INFO: [ app_begin ] --START--
INFO: Run Behavior\ReadHtmlCacheBehavior [ RunTime:0.001385s ]
INFO: [ app_begin ] --END-- [ RunTime:0.002816s ]
INFO: [ view_parse ] --START--
INFO: [ template_filter ] --START--
INFO: Run Behavior\ContentReplaceBehavior [ RunTime:0.000606s ]
INFO: [ template_filter ] --END-- [ RunTime:0.002482s ]
INFO: Run Behavior\ParseTemplateBehavior [ RunTime:0.124657s ]
INFO: [ view_parse ] --END-- [ RunTime:0.125883s ]
INFO: [ view_filter ] --START--
INFO: Run Behavior\WriteHtmlCacheBehavior [ RunTime:0.004612s ]
INFO: [ view_filter ] --END-- [ RunTime:0.007652s ]
INFO: [ app_end ] --START--
INFO: Run Behavior\ShowPageTraceBehavior [ RunTime:0.003215s ]
INFO: [ app_end ] --END-- [ RunTime:0.006347s ]

