[ 2016-04-16T21:59:39+08:00 ] ::1 /blog/index.php/Admin/Index/index.html
INFO: [ app_init ] --START--
INFO: Run Behavior\BuildLiteBehavior [ RunTime:0.000207s ]
INFO: [ app_init ] --END-- [ RunTime:0.002190s ]
INFO: [ app_begin ] --START--
INFO: Run Behavior\ReadHtmlCacheBehavior [ RunTime:0.001759s ]
INFO: [ app_begin ] --END-- [ RunTime:0.003179s ]
INFO: [ view_parse ] --START--
INFO: [ template_filter ] --START--
INFO: Run Behavior\ContentReplaceBehavior [ RunTime:0.001378s ]
INFO: [ template_filter ] --END-- [ RunTime:0.002743s ]
INFO: Run Behavior\ParseTemplateBehavior [ RunTime:0.502507s ]
INFO: [ view_parse ] --END-- [ RunTime:0.503608s ]
INFO: [ view_filter ] --START--
INFO: Run Behavior\WriteHtmlCacheBehavior [ RunTime:0.001459s ]
INFO: [ view_filter ] --END-- [ RunTime:0.002580s ]
INFO: [ app_end ] --START--
INFO: Run Behavior\ShowPageTraceBehavior [ RunTime:0.003431s ]
INFO: [ app_end ] --END-- [ RunTime:0.006511s ]

[ 2016-04-16T21:59:42+08:00 ] ::1 /blog/index.php/Admin/Welcome/index
INFO: [ app_init ] --START--
INFO: Run Behavior\BuildLiteBehavior [ RunTime:0.000394s ]
INFO: [ app_init ] --END-- [ RunTime:0.003503s ]
INFO: [ app_begin ] --START--
INFO: Run Behavior\ReadHtmlCacheBehavior [ RunTime:0.002030s ]
INFO: [ app_begin ] --END-- [ RunTime:0.003153s ]
INFO: [ view_parse ] --START--
INFO: [ template_filter ] --START--
INFO: Run Behavior\ContentReplaceBehavior [ RunTime:0.000757s ]
INFO: [ template_filter ] --END-- [ RunTime:0.002556s ]
INFO: Run Behavior\ParseTemplateBehavior [ RunTime:0.081967s ]
INFO: [ view_parse ] --END-- [ RunTime:0.084208s ]
INFO: [ view_filter ] --START--
INFO: Run Behavior\WriteHtmlCacheBehavior [ RunTime:0.001460s ]
INFO: [ view_filter ] --END-- [ RunTime:0.002861s ]
INFO: [ app_end ] --START--
INFO: Run Behavior\ShowPageTraceBehavior [ RunTime:0.001875s ]
INFO: [ app_end ] --END-- [ RunTime:0.003028s ]

[ 2016-04-16T22:00:16+08:00 ] ::1 /blog/index.php/Admin/Permission/index
INFO: [ app_init ] --START--
INFO: Run Behavior\BuildLiteBehavior [ RunTime:0.000297s ]
INFO: [ app_init ] --END-- [ RunTime:0.004283s ]
INFO: [ app_begin ] --START--
INFO: Run Behavior\ReadHtmlCacheBehavior [ RunTime:0.004670s ]
INFO: [ app_begin ] --END-- [ RunTime:0.006804s ]
INFO: [ view_parse ] --START--
INFO: [ template_filter ] --START--
INFO: Run Behavior\ContentReplaceBehavior [ RunTime:0.000775s ]
INFO: [ template_filter ] --END-- [ RunTime:0.002140s ]
INFO: Run Behavior\ParseTemplateBehavior [ RunTime:0.115402s ]
INFO: [ view_parse ] --END-- [ RunTime:0.117154s ]
INFO: [ view_filter ] --START--
INFO: Run Behavior\WriteHtmlCacheBehavior [ RunTime:0.001530s ]
INFO: [ view_filter ] --END-- [ RunTime:0.002733s ]
INFO: [ app_end ] --START--
INFO: Run Behavior\ShowPageTraceBehavior [ RunTime:0.001741s ]
INFO: [ app_end ] --END-- [ RunTime:0.002799s ]

[ 2016-04-16T22:00:17+08:00 ] ::1 /blog/Admin/Permission/data_init
INFO: [ app_init ] --START--
INFO: Run Behavior\BuildLiteBehavior [ RunTime:0.000322s ]
INFO: [ app_init ] --END-- [ RunTime:0.002328s ]
INFO: [ app_begin ] --START--
INFO: Run Behavior\ReadHtmlCacheBehavior [ RunTime:0.001593s ]
INFO: [ app_begin ] --END-- [ RunTime:0.002634s ]
SQL: SHOW COLUMNS FROM `blog_user` [ RunTime:0.0581s ]
SQL: SELECT * FROM `blog_user`  [ RunTime:0.0008s ]

[ 2016-04-16T22:00:29+08:00 ] ::1 /blog/index.php/Admin/Photo/index
INFO: [ app_init ] --START--
INFO: Run Behavior\BuildLiteBehavior [ RunTime:0.000670s ]
INFO: [ app_init ] --END-- [ RunTime:0.004370s ]
INFO: [ app_begin ] --START--
INFO: Run Behavior\ReadHtmlCacheBehavior [ RunTime:0.002363s ]
INFO: [ app_begin ] --END-- [ RunTime:0.004099s ]
INFO: [ view_parse ] --START--
INFO: [ template_filter ] --START--
INFO: Run Behavior\ContentReplaceBehavior [ RunTime:0.001468s ]
INFO: [ template_filter ] --END-- [ RunTime:0.003510s ]
INFO: Run Behavior\ParseTemplateBehavior [ RunTime:0.060905s ]
INFO: [ view_parse ] --END-- [ RunTime:0.062647s ]
INFO: [ view_filter ] --START--
INFO: Run Behavior\WriteHtmlCacheBehavior [ RunTime:0.002328s ]
INFO: [ view_filter ] --END-- [ RunTime:0.003550s ]
INFO: [ app_end ] --START--
INFO: Run Behavior\ShowPageTraceBehavior [ RunTime:0.001830s ]
INFO: [ app_end ] --END-- [ RunTime:0.002960s ]

[ 2016-04-16T22:00:33+08:00 ] ::1 /blog/index.php/Admin/Photo/delete
INFO: [ app_init ] --START--
INFO: Run Behavior\BuildLiteBehavior [ RunTime:0.000280s ]
INFO: [ app_init ] --END-- [ RunTime:0.003428s ]
INFO: [ app_begin ] --START--
INFO: Run Behavior\ReadHtmlCacheBehavior [ RunTime:0.001390s ]
INFO: [ app_begin ] --END-- [ RunTime:0.002482s ]
SQL: SHOW COLUMNS FROM `blog_photo` [ RunTime:0.1002s ]
SQL: SELECT * FROM `blog_photo` WHERE `state` = 0  [ RunTime:0.0401s ]
INFO: [ view_parse ] --START--
INFO: [ template_filter ] --START--
INFO: Run Behavior\ContentReplaceBehavior [ RunTime:0.000558s ]
INFO: [ template_filter ] --END-- [ RunTime:0.001666s ]
INFO: Run Behavior\ParseTemplateBehavior [ RunTime:0.303041s ]
INFO: [ view_parse ] --END-- [ RunTime:0.304445s ]
INFO: [ view_filter ] --START--
INFO: Run Behavior\WriteHtmlCacheBehavior [ RunTime:0.001553s ]
INFO: [ view_filter ] --END-- [ RunTime:0.003511s ]
INFO: [ app_end ] --START--
INFO: Run Behavior\ShowPageTraceBehavior [ RunTime:0.002549s ]
INFO: [ app_end ] --END-- [ RunTime:0.003899s ]

[ 2016-04-16T22:00:33+08:00 ] ::1 /blog/index.php/Admin/Photo/__ROOT_/Public/js/nav.js
INFO: [ app_init ] --START--
INFO: Run Behavior\BuildLiteBehavior [ RunTime:0.000374s ]
INFO: [ app_init ] --END-- [ RunTime:0.046364s ]
INFO: [ app_begin ] --START--
INFO: Run Behavior\ReadHtmlCacheBehavior [ RunTime:0.001473s ]
INFO: [ app_begin ] --END-- [ RunTime:0.002597s ]
ERR: 非法操作:__ROOT_
NOTIC: [2] Cannot modify header information - headers already sent by (output started at F:\PHP\WWW\blog\ThinkPHP\Common\functions.php:102) F:\PHP\WWW\blog\ThinkPHP\Library\Think\Think.class.php 第 229 行.
NOTIC: [2] Cannot modify header information - headers already sent by (output started at F:\PHP\WWW\blog\ThinkPHP\Common\functions.php:102) F:\PHP\WWW\blog\ThinkPHP\Library\Think\Think.class.php 第 230 行.

[ 2016-04-16T23:05:22+08:00 ] ::1 /blog/index.php/Admin/data_init
INFO: [ app_init ] --START--
INFO: Run Behavior\BuildLiteBehavior [ RunTime:0.000203s ]
INFO: [ app_init ] --END-- [ RunTime:0.002085s ]
INFO: [ app_begin ] --START--
INFO: Run Behavior\ReadHtmlCacheBehavior [ RunTime:0.002304s ]
INFO: [ app_begin ] --END-- [ RunTime:0.003995s ]
ERR: 无法加载控制器:Data_init

[ 2016-04-16T23:05:35+08:00 ] ::1 /blog/index.php/Admin/Article/data_init
INFO: [ app_init ] --START--
INFO: Run Behavior\BuildLiteBehavior [ RunTime:0.000207s ]
INFO: [ app_init ] --END-- [ RunTime:0.002610s ]
INFO: [ app_begin ] --START--
INFO: Run Behavior\ReadHtmlCacheBehavior [ RunTime:0.002095s ]
INFO: [ app_begin ] --END-- [ RunTime:0.004092s ]

[ 2016-04-16T23:05:45+08:00 ] ::1 /blog/index.php/Admin/Article/data_init
INFO: [ app_init ] --START--
INFO: Run Behavior\BuildLiteBehavior [ RunTime:0.000421s ]
INFO: [ app_init ] --END-- [ RunTime:0.004290s ]
INFO: [ app_begin ] --START--
INFO: Run Behavior\ReadHtmlCacheBehavior [ RunTime:0.001623s ]
INFO: [ app_begin ] --END-- [ RunTime:0.002771s ]

[ 2016-04-16T23:05:59+08:00 ] ::1 /blog/index.php/Admin/Article/data_init
INFO: [ app_init ] --START--
INFO: Run Behavior\BuildLiteBehavior [ RunTime:0.000335s ]
INFO: [ app_init ] --END-- [ RunTime:0.003429s ]
INFO: [ app_begin ] --START--
INFO: Run Behavior\ReadHtmlCacheBehavior [ RunTime:0.003330s ]
INFO: [ app_begin ] --END-- [ RunTime:0.005489s ]

[ 2016-04-16T23:06:01+08:00 ] ::1 /blog/index.php/Admin/Article/data_init
INFO: [ app_init ] --START--
INFO: Run Behavior\BuildLiteBehavior [ RunTime:0.000571s ]
INFO: [ app_init ] --END-- [ RunTime:0.004805s ]
INFO: [ app_begin ] --START--
INFO: Run Behavior\ReadHtmlCacheBehavior [ RunTime:0.003754s ]
INFO: [ app_begin ] --END-- [ RunTime:0.006660s ]

[ 2016-04-16T23:06:56+08:00 ] ::1 /blog/index.php/Admin/Article/data_init
INFO: [ app_init ] --START--
INFO: Run Behavior\BuildLiteBehavior [ RunTime:0.000202s ]
INFO: [ app_init ] --END-- [ RunTime:0.002060s ]
INFO: [ app_begin ] --START--
INFO: Run Behavior\ReadHtmlCacheBehavior [ RunTime:0.002844s ]
INFO: [ app_begin ] --END-- [ RunTime:0.003978s ]

[ 2016-04-16T23:08:20+08:00 ] ::1 /blog/index.php/Admin/Article/data_init
INFO: [ app_init ] --START--
INFO: Run Behavior\BuildLiteBehavior [ RunTime:0.000223s ]
INFO: [ app_init ] --END-- [ RunTime:0.003646s ]
INFO: [ app_begin ] --START--
INFO: Run Behavior\ReadHtmlCacheBehavior [ RunTime:0.003014s ]
INFO: [ app_begin ] --END-- [ RunTime:0.004350s ]

[ 2016-04-16T23:09:00+08:00 ] ::1 /blog/index.php/Admin/Article/data_init
INFO: [ app_init ] --START--
INFO: Run Behavior\BuildLiteBehavior [ RunTime:0.000393s ]
INFO: [ app_init ] --END-- [ RunTime:0.003287s ]
INFO: [ app_begin ] --START--
INFO: Run Behavior\ReadHtmlCacheBehavior [ RunTime:0.001929s ]
INFO: [ app_begin ] --END-- [ RunTime:0.003688s ]

[ 2016-04-16T23:09:01+08:00 ] ::1 /blog/index.php/Admin/Article/data_init
INFO: [ app_init ] --START--
INFO: Run Behavior\BuildLiteBehavior [ RunTime:0.000477s ]
INFO: [ app_init ] --END-- [ RunTime:0.002769s ]
INFO: [ app_begin ] --START--
INFO: Run Behavior\ReadHtmlCacheBehavior [ RunTime:0.001550s ]
INFO: [ app_begin ] --END-- [ RunTime:0.004132s ]

[ 2016-04-16T23:09:02+08:00 ] ::1 /blog/index.php/Admin/Article/data_init
INFO: [ app_init ] --START--
INFO: Run Behavior\BuildLiteBehavior [ RunTime:0.000205s ]
INFO: [ app_init ] --END-- [ RunTime:0.002302s ]
INFO: [ app_begin ] --START--
INFO: Run Behavior\ReadHtmlCacheBehavior [ RunTime:0.001395s ]
INFO: [ app_begin ] --END-- [ RunTime:0.002739s ]

[ 2016-04-16T23:09:02+08:00 ] ::1 /blog/index.php/Admin/Article/data_init
INFO: [ app_init ] --START--
INFO: Run Behavior\BuildLiteBehavior [ RunTime:0.000339s ]
INFO: [ app_init ] --END-- [ RunTime:0.003080s ]
INFO: [ app_begin ] --START--
INFO: Run Behavior\ReadHtmlCacheBehavior [ RunTime:0.002265s ]
INFO: [ app_begin ] --END-- [ RunTime:0.004128s ]

[ 2016-04-16T23:09:03+08:00 ] ::1 /blog/index.php/Admin/Article/data_init
INFO: [ app_init ] --START--
INFO: Run Behavior\BuildLiteBehavior [ RunTime:0.000483s ]
INFO: [ app_init ] --END-- [ RunTime:0.005528s ]
INFO: [ app_begin ] --START--
INFO: Run Behavior\ReadHtmlCacheBehavior [ RunTime:0.001689s ]
INFO: [ app_begin ] --END-- [ RunTime:0.002774s ]

[ 2016-04-16T23:09:21+08:00 ] ::1 /blog/index.php/Admin/Article/index
INFO: [ app_init ] --START--
INFO: Run Behavior\BuildLiteBehavior [ RunTime:0.000205s ]
INFO: [ app_init ] --END-- [ RunTime:0.002917s ]
INFO: [ app_begin ] --START--
INFO: Run Behavior\ReadHtmlCacheBehavior [ RunTime:0.002549s ]
INFO: [ app_begin ] --END-- [ RunTime:0.003711s ]

[ 2016-04-16T23:09:34+08:00 ] ::1 /blog/index.php/Admin/Index/index
INFO: [ app_init ] --START--
INFO: Run Behavior\BuildLiteBehavior [ RunTime:0.000216s ]
INFO: [ app_init ] --END-- [ RunTime:0.003285s ]
INFO: [ app_begin ] --START--
INFO: Run Behavior\ReadHtmlCacheBehavior [ RunTime:0.001804s ]
INFO: [ app_begin ] --END-- [ RunTime:0.003065s ]
INFO: [ view_parse ] --START--
INFO: [ template_filter ] --START--
INFO: Run Behavior\ContentReplaceBehavior [ RunTime:0.001140s ]
INFO: [ template_filter ] --END-- [ RunTime:0.002480s ]
INFO: Run Behavior\ParseTemplateBehavior [ RunTime:0.217165s ]
INFO: [ view_parse ] --END-- [ RunTime:0.218768s ]
INFO: [ view_filter ] --START--
INFO: Run Behavior\WriteHtmlCacheBehavior [ RunTime:0.001484s ]
INFO: [ view_filter ] --END-- [ RunTime:0.002659s ]
INFO: [ app_end ] --START--
INFO: Run Behavior\ShowPageTraceBehavior [ RunTime:0.003670s ]
INFO: [ app_end ] --END-- [ RunTime:0.005817s ]

[ 2016-04-16T23:09:35+08:00 ] ::1 /blog/index.php/Admin/Welcome/index
INFO: [ app_init ] --START--
INFO: Run Behavior\BuildLiteBehavior [ RunTime:0.000200s ]
INFO: [ app_init ] --END-- [ RunTime:0.001907s ]
INFO: [ app_begin ] --START--
INFO: Run Behavior\ReadHtmlCacheBehavior [ RunTime:0.002928s ]
INFO: [ app_begin ] --END-- [ RunTime:0.005742s ]
INFO: [ view_parse ] --START--
INFO: [ template_filter ] --START--
INFO: Run Behavior\ContentReplaceBehavior [ RunTime:0.001053s ]
INFO: [ template_filter ] --END-- [ RunTime:0.003196s ]
INFO: Run Behavior\ParseTemplateBehavior [ RunTime:0.039702s ]
INFO: [ view_parse ] --END-- [ RunTime:0.041874s ]
INFO: [ view_filter ] --START--
INFO: Run Behavior\WriteHtmlCacheBehavior [ RunTime:0.008611s ]
INFO: [ view_filter ] --END-- [ RunTime:0.020643s ]
INFO: [ app_end ] --START--
INFO: Run Behavior\ShowPageTraceBehavior [ RunTime:0.002270s ]
INFO: [ app_end ] --END-- [ RunTime:0.004291s ]

[ 2016-04-16T23:09:48+08:00 ] ::1 /blog/index.php/Admin/Article/index
INFO: [ app_init ] --START--
INFO: Run Behavior\BuildLiteBehavior [ RunTime:0.000334s ]
INFO: [ app_init ] --END-- [ RunTime:0.002903s ]
INFO: [ app_begin ] --START--
INFO: Run Behavior\ReadHtmlCacheBehavior [ RunTime:0.001657s ]
INFO: [ app_begin ] --END-- [ RunTime:0.002732s ]

[ 2016-04-16T23:12:05+08:00 ] ::1 /blog/index.php/Admin/Article/data_init
INFO: [ app_init ] --START--
INFO: Run Behavior\BuildLiteBehavior [ RunTime:0.000212s ]
INFO: [ app_init ] --END-- [ RunTime:0.003035s ]
INFO: [ app_begin ] --START--
INFO: Run Behavior\ReadHtmlCacheBehavior [ RunTime:0.002111s ]
INFO: [ app_begin ] --END-- [ RunTime:0.003605s ]
SQL: SHOW COLUMNS FROM `blog_article` [ RunTime:0.0191s ]
SQL: SELECT * FROM `blog_article`  [ RunTime:0.0024s ]
INFO: [ app_end ] --START--
INFO: Run Behavior\ShowPageTraceBehavior [ RunTime:0.002989s ]
INFO: [ app_end ] --END-- [ RunTime:0.005844s ]

[ 2016-04-16T23:18:31+08:00 ] ::1 /blog/index.php/Admin/Article/data_init
INFO: [ app_init ] --START--
INFO: Run Behavior\BuildLiteBehavior [ RunTime:0.000269s ]
INFO: [ app_init ] --END-- [ RunTime:0.003620s ]
INFO: [ app_begin ] --START--
INFO: Run Behavior\ReadHtmlCacheBehavior [ RunTime:0.003148s ]
INFO: [ app_begin ] --END-- [ RunTime:0.005317s ]
SQL: SHOW COLUMNS FROM `blog_article` [ RunTime:0.0239s ]
SQL: SELECT * FROM `blog_article`  [ RunTime:0.0012s ]
INFO: [ app_end ] --START--
INFO: Run Behavior\ShowPageTraceBehavior [ RunTime:0.001845s ]
INFO: [ app_end ] --END-- [ RunTime:0.002986s ]

[ 2016-04-16T23:18:33+08:00 ] ::1 /blog/index.php/Admin/Article/data_init
INFO: [ app_init ] --START--
INFO: Run Behavior\BuildLiteBehavior [ RunTime:0.000355s ]
INFO: [ app_init ] --END-- [ RunTime:0.002759s ]
INFO: [ app_begin ] --START--
INFO: Run Behavior\ReadHtmlCacheBehavior [ RunTime:0.003524s ]
INFO: [ app_begin ] --END-- [ RunTime:0.004926s ]
SQL: SHOW COLUMNS FROM `blog_article` [ RunTime:0.0526s ]
SQL: SELECT * FROM `blog_article`  [ RunTime:0.0008s ]
INFO: [ app_end ] --START--
INFO: Run Behavior\ShowPageTraceBehavior [ RunTime:0.002148s ]
INFO: [ app_end ] --END-- [ RunTime:0.003726s ]

[ 2016-04-16T23:18:52+08:00 ] ::1 /blog/index.php/Admin/Article/data_init
INFO: [ app_init ] --START--
INFO: Run Behavior\BuildLiteBehavior [ RunTime:0.000334s ]
INFO: [ app_init ] --END-- [ RunTime:0.002798s ]
INFO: [ app_begin ] --START--
INFO: Run Behavior\ReadHtmlCacheBehavior [ RunTime:0.003482s ]
INFO: [ app_begin ] --END-- [ RunTime:0.006107s ]
SQL: SHOW COLUMNS FROM `blog_article` [ RunTime:0.0186s ]
SQL: SELECT * FROM `blog_article`  [ RunTime:0.0008s ]

[ 2016-04-16T23:19:10+08:00 ] ::1 /blog/index.php/Admin/Article/data_init
INFO: [ app_init ] --START--
INFO: Run Behavior\BuildLiteBehavior [ RunTime:0.000200s ]
INFO: [ app_init ] --END-- [ RunTime:0.001901s ]
INFO: [ app_begin ] --START--
INFO: Run Behavior\ReadHtmlCacheBehavior [ RunTime:0.001633s ]
INFO: [ app_begin ] --END-- [ RunTime:0.002746s ]
SQL: SHOW COLUMNS FROM `blog_article` [ RunTime:0.0493s ]
SQL: SELECT * FROM `blog_article`  [ RunTime:0.0009s ]

[ 2016-04-16T23:19:23+08:00 ] ::1 /blog/index.php/Admin/Article/data_init
INFO: [ app_init ] --START--
INFO: Run Behavior\BuildLiteBehavior [ RunTime:0.000202s ]
INFO: [ app_init ] --END-- [ RunTime:0.001950s ]
INFO: [ app_begin ] --START--
INFO: Run Behavior\ReadHtmlCacheBehavior [ RunTime:0.002468s ]
INFO: [ app_begin ] --END-- [ RunTime:0.004442s ]
SQL: SHOW COLUMNS FROM `blog_article` [ RunTime:0.0245s ]
SQL: SELECT * FROM `blog_article`  [ RunTime:0.0006s ]

[ 2016-04-16T23:20:05+08:00 ] ::1 /blog/index.php/Admin/Article/data_init
INFO: [ app_init ] --START--
INFO: Run Behavior\BuildLiteBehavior [ RunTime:0.000410s ]
INFO: [ app_init ] --END-- [ RunTime:0.002893s ]
INFO: [ app_begin ] --START--
INFO: Run Behavior\ReadHtmlCacheBehavior [ RunTime:0.002427s ]
INFO: [ app_begin ] --END-- [ RunTime:0.004666s ]
SQL: SHOW COLUMNS FROM `blog_article` [ RunTime:0.0154s ]
SQL: SELECT * FROM `blog_article`  [ RunTime:0.0006s ]

[ 2016-04-16T23:25:57+08:00 ] ::1 /blog/index.php/Admin/Article/data_init
INFO: [ app_init ] --START--
INFO: Run Behavior\BuildLiteBehavior [ RunTime:0.000199s ]
INFO: [ app_init ] --END-- [ RunTime:0.002000s ]
INFO: [ app_begin ] --START--
INFO: Run Behavior\ReadHtmlCacheBehavior [ RunTime:0.001708s ]
INFO: [ app_begin ] --END-- [ RunTime:0.002788s ]
SQL: SHOW COLUMNS FROM `blog_article` [ RunTime:0.0245s ]
SQL: SELECT * FROM `blog_article` INNER JOIN blog_user ON blog_article.user_id=blog_user.id   [ RunTime:0.0187s ]

[ 2016-04-16T23:26:18+08:00 ] ::1 /blog/index.php/Admin/Article/data_init
INFO: [ app_init ] --START--
INFO: Run Behavior\BuildLiteBehavior [ RunTime:0.000201s ]
INFO: [ app_init ] --END-- [ RunTime:0.002114s ]
INFO: [ app_begin ] --START--
INFO: Run Behavior\ReadHtmlCacheBehavior [ RunTime:0.001828s ]
INFO: [ app_begin ] --END-- [ RunTime:0.002967s ]
SQL: SHOW COLUMNS FROM `blog_article` [ RunTime:0.0369s ]
SQL: SELECT * FROM `blog_article` INNER JOIN blog_user ON blog_article.user_id=blog_user.id   [ RunTime:0.0008s ]

[ 2016-04-16T23:28:50+08:00 ] ::1 /blog/index.php/Admin/Article/index
INFO: [ app_init ] --START--
INFO: Run Behavior\BuildLiteBehavior [ RunTime:0.000224s ]
INFO: [ app_init ] --END-- [ RunTime:0.002380s ]
INFO: [ app_begin ] --START--
INFO: Run Behavior\ReadHtmlCacheBehavior [ RunTime:0.001828s ]
INFO: [ app_begin ] --END-- [ RunTime:0.002961s ]
INFO: [ view_parse ] --START--
INFO: [ template_filter ] --START--
INFO: Run Behavior\ContentReplaceBehavior [ RunTime:0.000637s ]
INFO: [ template_filter ] --END-- [ RunTime:0.001927s ]
INFO: Run Behavior\ParseTemplateBehavior [ RunTime:0.037355s ]
INFO: [ view_parse ] --END-- [ RunTime:0.038492s ]
INFO: [ view_filter ] --START--
INFO: Run Behavior\WriteHtmlCacheBehavior [ RunTime:0.001667s ]
INFO: [ view_filter ] --END-- [ RunTime:0.002893s ]
INFO: [ app_end ] --START--
INFO: Run Behavior\ShowPageTraceBehavior [ RunTime:0.001870s ]
INFO: [ app_end ] --END-- [ RunTime:0.003160s ]

[ 2016-04-16T23:28:51+08:00 ] ::1 /blog/Admin/Article/data_init
INFO: [ app_init ] --START--
INFO: Run Behavior\BuildLiteBehavior [ RunTime:0.000222s ]
INFO: [ app_init ] --END-- [ RunTime:0.002381s ]
INFO: [ app_begin ] --START--
INFO: Run Behavior\ReadHtmlCacheBehavior [ RunTime:0.001654s ]
INFO: [ app_begin ] --END-- [ RunTime:0.002570s ]
SQL: SHOW COLUMNS FROM `blog_article` [ RunTime:0.0123s ]
SQL: SELECT * FROM `blog_article` INNER JOIN blog_user ON blog_article.user_id=blog_user.id   [ RunTime:0.0008s ]

[ 2016-04-16T23:29:06+08:00 ] ::1 /blog/index.php/Admin/Article/index
INFO: [ app_init ] --START--
INFO: Run Behavior\BuildLiteBehavior [ RunTime:0.000292s ]
INFO: [ app_init ] --END-- [ RunTime:0.003054s ]
INFO: [ app_begin ] --START--
INFO: Run Behavior\ReadHtmlCacheBehavior [ RunTime:0.003467s ]
INFO: [ app_begin ] --END-- [ RunTime:0.011911s ]
INFO: [ view_parse ] --START--
INFO: [ template_filter ] --START--
INFO: Run Behavior\ContentReplaceBehavior [ RunTime:0.000615s ]
INFO: [ template_filter ] --END-- [ RunTime:0.001756s ]
INFO: Run Behavior\ParseTemplateBehavior [ RunTime:0.028113s ]
INFO: [ view_parse ] --END-- [ RunTime:0.029216s ]
INFO: [ view_filter ] --START--
INFO: Run Behavior\WriteHtmlCacheBehavior [ RunTime:0.001330s ]
INFO: [ view_filter ] --END-- [ RunTime:0.002402s ]
INFO: [ app_end ] --START--
INFO: Run Behavior\ShowPageTraceBehavior [ RunTime:0.001653s ]
INFO: [ app_end ] --END-- [ RunTime:0.002724s ]

[ 2016-04-16T23:29:07+08:00 ] ::1 /blog/Admin/Article/data_init
INFO: [ app_init ] --START--
INFO: Run Behavior\BuildLiteBehavior [ RunTime:0.000199s ]
INFO: [ app_init ] --END-- [ RunTime:0.001964s ]
INFO: [ app_begin ] --START--
INFO: Run Behavior\ReadHtmlCacheBehavior [ RunTime:0.001619s ]
INFO: [ app_begin ] --END-- [ RunTime:0.002488s ]
SQL: SHOW COLUMNS FROM `blog_article` [ RunTime:0.0137s ]
SQL: SELECT * FROM `blog_article` INNER JOIN blog_user ON blog_article.user_id=blog_user.id   [ RunTime:0.0009s ]

[ 2016-04-16T23:31:39+08:00 ] ::1 /blog/index.php/Admin/Article/index
INFO: [ app_init ] --START--
INFO: Run Behavior\BuildLiteBehavior [ RunTime:0.000211s ]
INFO: [ app_init ] --END-- [ RunTime:0.002244s ]
INFO: [ app_begin ] --START--
INFO: Run Behavior\ReadHtmlCacheBehavior [ RunTime:0.001686s ]
INFO: [ app_begin ] --END-- [ RunTime:0.002766s ]

[ 2016-04-16T23:31:48+08:00 ] ::1 /blog/index.php/Admin/Article/index
INFO: [ app_init ] --START--
INFO: Run Behavior\BuildLiteBehavior [ RunTime:0.000201s ]
INFO: [ app_init ] --END-- [ RunTime:0.002049s ]
INFO: [ app_begin ] --START--
INFO: Run Behavior\ReadHtmlCacheBehavior [ RunTime:0.001745s ]
INFO: [ app_begin ] --END-- [ RunTime:0.002892s ]
INFO: [ view_parse ] --START--
INFO: [ template_filter ] --START--
INFO: Run Behavior\ContentReplaceBehavior [ RunTime:0.000627s ]
INFO: [ template_filter ] --END-- [ RunTime:0.001849s ]
INFO: Run Behavior\ParseTemplateBehavior [ RunTime:0.029882s ]
INFO: [ view_parse ] --END-- [ RunTime:0.030999s ]
INFO: [ view_filter ] --START--
INFO: Run Behavior\WriteHtmlCacheBehavior [ RunTime:0.002252s ]
INFO: [ view_filter ] --END-- [ RunTime:0.003364s ]
INFO: [ app_end ] --START--
INFO: Run Behavior\ShowPageTraceBehavior [ RunTime:0.001882s ]
INFO: [ app_end ] --END-- [ RunTime:0.002973s ]

[ 2016-04-16T23:31:49+08:00 ] ::1 /blog/Admin/Article/data_init
INFO: [ app_init ] --START--
INFO: Run Behavior\BuildLiteBehavior [ RunTime:0.000243s ]
INFO: [ app_init ] --END-- [ RunTime:0.002665s ]
INFO: [ app_begin ] --START--
INFO: Run Behavior\ReadHtmlCacheBehavior [ RunTime:0.001621s ]
INFO: [ app_begin ] --END-- [ RunTime:0.002478s ]
SQL: SHOW COLUMNS FROM `blog_article` [ RunTime:0.0781s ]
SQL: SELECT * FROM `blog_article` INNER JOIN blog_user ON blog_article.user_id=blog_user.id   [ RunTime:0.0009s ]
NOTIC: [8] Undefined index: title F:\PHP\WWW\blog\Application\Admin\Controller\ArticleController.class.php 第 17 行.

[ 2016-04-16T23:33:05+08:00 ] ::1 /blog/index.php/Admin/Article/data_init
INFO: [ app_init ] --START--
INFO: Run Behavior\BuildLiteBehavior [ RunTime:0.000682s ]
INFO: [ app_init ] --END-- [ RunTime:0.004014s ]
INFO: [ app_begin ] --START--
INFO: Run Behavior\ReadHtmlCacheBehavior [ RunTime:0.001858s ]
INFO: [ app_begin ] --END-- [ RunTime:0.002989s ]
SQL: SHOW COLUMNS FROM `blog_article` [ RunTime:0.0147s ]
SQL: SELECT * FROM `blog_article` INNER JOIN blog_user ON blog_article.user_id=blog_user.id   [ RunTime:0.0009s ]
NOTIC: [8] Undefined index: title F:\PHP\WWW\blog\Application\Admin\Controller\ArticleController.class.php 第 14 行.

[ 2016-04-16T23:33:43+08:00 ] ::1 /blog/index.php/Admin/Article/data_init
INFO: [ app_init ] --START--
INFO: Run Behavior\BuildLiteBehavior [ RunTime:0.000216s ]
INFO: [ app_init ] --END-- [ RunTime:0.002022s ]
INFO: [ app_begin ] --START--
INFO: Run Behavior\ReadHtmlCacheBehavior [ RunTime:0.002962s ]
INFO: [ app_begin ] --END-- [ RunTime:0.004303s ]
SQL: SHOW COLUMNS FROM `blog_article` [ RunTime:0.0128s ]
SQL: SELECT * FROM `blog_article` INNER JOIN blog_user ON blog_article.user_id=blog_user.id   [ RunTime:0.0008s ]

[ 2016-04-16T23:33:58+08:00 ] ::1 /blog/index.php/Admin/Article/data_init
INFO: [ app_init ] --START--
INFO: Run Behavior\BuildLiteBehavior [ RunTime:0.000200s ]
INFO: [ app_init ] --END-- [ RunTime:0.002189s ]
INFO: [ app_begin ] --START--
INFO: Run Behavior\ReadHtmlCacheBehavior [ RunTime:0.001788s ]
INFO: [ app_begin ] --END-- [ RunTime:0.002898s ]
SQL: SHOW COLUMNS FROM `blog_article` [ RunTime:0.0135s ]
SQL: SELECT * FROM `blog_article` INNER JOIN blog_user ON blog_article.user_id=blog_user.id   [ RunTime:0.0008s ]

[ 2016-04-16T23:38:03+08:00 ] ::1 /blog/index.php/Admin/Article/data_init
INFO: [ app_init ] --START--
INFO: Run Behavior\BuildLiteBehavior [ RunTime:0.000209s ]
INFO: [ app_init ] --END-- [ RunTime:0.002815s ]
INFO: [ app_begin ] --START--
INFO: Run Behavior\ReadHtmlCacheBehavior [ RunTime:0.002511s ]
INFO: [ app_begin ] --END-- [ RunTime:0.004470s ]
SQL: SHOW COLUMNS FROM `blog_article` [ RunTime:0.0362s ]
SQL: SELECT * FROM `blog_article` INNER JOIN blog_user ON blog_article.user_id=blog_user.id   [ RunTime:0.0013s ]

[ 2016-04-16T23:38:16+08:00 ] ::1 /blog/index.php/Admin/Article/data_init
INFO: [ app_init ] --START--
INFO: Run Behavior\BuildLiteBehavior [ RunTime:0.000380s ]
INFO: [ app_init ] --END-- [ RunTime:0.003585s ]
INFO: [ app_begin ] --START--
INFO: Run Behavior\ReadHtmlCacheBehavior [ RunTime:0.002168s ]
INFO: [ app_begin ] --END-- [ RunTime:0.003932s ]
SQL: SHOW COLUMNS FROM `blog_article` [ RunTime:0.0214s ]
SQL: SELECT * FROM `blog_article` INNER JOIN blog_user ON blog_article.user_id=blog_user.id   [ RunTime:0.0532s ]

[ 2016-04-16T23:39:21+08:00 ] ::1 /blog/index.php/Admin/Article/data_init
INFO: [ app_init ] --START--
INFO: Run Behavior\BuildLiteBehavior [ RunTime:0.000207s ]
INFO: [ app_init ] --END-- [ RunTime:0.002834s ]
INFO: [ app_begin ] --START--
INFO: Run Behavior\ReadHtmlCacheBehavior [ RunTime:0.001848s ]
INFO: [ app_begin ] --END-- [ RunTime:0.003445s ]
SQL: SHOW COLUMNS FROM `blog_article` [ RunTime:0.0228s ]
SQL: SELECT * FROM `blog_article` INNER JOIN blog_user ON blog_article.user_id=blog_user.id   [ RunTime:0.0009s ]

[ 2016-04-16T23:41:24+08:00 ] ::1 /blog/index.php/Admin/Article/data_init
INFO: [ app_init ] --START--
INFO: Run Behavior\BuildLiteBehavior [ RunTime:0.000200s ]
INFO: [ app_init ] --END-- [ RunTime:0.002001s ]
INFO: [ app_begin ] --START--
INFO: Run Behavior\ReadHtmlCacheBehavior [ RunTime:0.001935s ]
INFO: [ app_begin ] --END-- [ RunTime:0.003228s ]
SQL: SHOW COLUMNS FROM `blog_article` [ RunTime:0.0120s ]
SQL: SELECT * FROM `blog_article` INNER JOIN blog_user ON blog_article.user_id=blog_user.id   [ RunTime:0.0008s ]

[ 2016-04-16T23:41:46+08:00 ] ::1 /blog/index.php/Admin/Article/data_init
INFO: [ app_init ] --START--
INFO: Run Behavior\BuildLiteBehavior [ RunTime:0.000293s ]
INFO: [ app_init ] --END-- [ RunTime:0.003466s ]
INFO: [ app_begin ] --START--
INFO: Run Behavior\ReadHtmlCacheBehavior [ RunTime:0.002859s ]
INFO: [ app_begin ] --END-- [ RunTime:0.004464s ]
SQL: SHOW COLUMNS FROM `blog_article` [ RunTime:0.0147s ]
SQL: SELECT * FROM `blog_article` INNER JOIN blog_user ON blog_article.user_id=blog_user.id   [ RunTime:0.0009s ]

[ 2016-04-16T23:42:17+08:00 ] ::1 /blog/index.php/Admin/Article/data_init
INFO: [ app_init ] --START--
INFO: Run Behavior\BuildLiteBehavior [ RunTime:0.000372s ]
INFO: [ app_init ] --END-- [ RunTime:0.004382s ]
INFO: [ app_begin ] --START--
INFO: Run Behavior\ReadHtmlCacheBehavior [ RunTime:0.002423s ]
INFO: [ app_begin ] --END-- [ RunTime:0.003760s ]
SQL: SHOW COLUMNS FROM `blog_article` [ RunTime:0.0143s ]
SQL: SELECT * FROM `blog_article` INNER JOIN blog_user ON blog_article.user_id=blog_user.id   [ RunTime:0.0011s ]

[ 2016-04-16T23:42:18+08:00 ] ::1 /blog/index.php/Admin/Article/data_init
INFO: [ app_init ] --START--
INFO: Run Behavior\BuildLiteBehavior [ RunTime:0.000201s ]
INFO: [ app_init ] --END-- [ RunTime:0.001981s ]
INFO: [ app_begin ] --START--
INFO: Run Behavior\ReadHtmlCacheBehavior [ RunTime:0.002330s ]
INFO: [ app_begin ] --END-- [ RunTime:0.003870s ]
SQL: SHOW COLUMNS FROM `blog_article` [ RunTime:0.0141s ]
SQL: SELECT * FROM `blog_article` INNER JOIN blog_user ON blog_article.user_id=blog_user.id   [ RunTime:0.0010s ]

[ 2016-04-16T23:43:28+08:00 ] ::1 /blog/index.php/Admin/Article/data_init
INFO: [ app_init ] --START--
INFO: Run Behavior\BuildLiteBehavior [ RunTime:0.000213s ]
INFO: [ app_init ] --END-- [ RunTime:0.002375s ]
INFO: [ app_begin ] --START--
INFO: Run Behavior\ReadHtmlCacheBehavior [ RunTime:0.002898s ]
INFO: [ app_begin ] --END-- [ RunTime:0.004770s ]
SQL: SHOW COLUMNS FROM `blog_article` [ RunTime:0.0876s ]
SQL: SELECT * FROM `blog_article` INNER JOIN blog_user ON blog_article.user_id=blog_user.id   [ RunTime:0.0008s ]

[ 2016-04-16T23:43:44+08:00 ] ::1 /blog/index.php/Admin/Article/data_init
INFO: [ app_init ] --START--
INFO: Run Behavior\BuildLiteBehavior [ RunTime:0.000202s ]
INFO: [ app_init ] --END-- [ RunTime:0.002109s ]
INFO: [ app_begin ] --START--
INFO: Run Behavior\ReadHtmlCacheBehavior [ RunTime:0.001789s ]
INFO: [ app_begin ] --END-- [ RunTime:0.002867s ]
SQL: SHOW COLUMNS FROM `blog_article` [ RunTime:0.0143s ]
SQL: SELECT * FROM `blog_article` INNER JOIN blog_user ON blog_article.user_id=blog_user.id   [ RunTime:0.0008s ]

[ 2016-04-16T23:54:22+08:00 ] ::1 /blog/index.php/Admin/Article/index
INFO: [ app_init ] --START--
INFO: Run Behavior\BuildLiteBehavior [ RunTime:0.000209s ]
INFO: [ app_init ] --END-- [ RunTime:0.003018s ]
INFO: [ app_begin ] --START--
INFO: Run Behavior\ReadHtmlCacheBehavior [ RunTime:0.002683s ]
INFO: [ app_begin ] --END-- [ RunTime:0.004415s ]
INFO: [ view_parse ] --START--
INFO: [ template_filter ] --START--
INFO: Run Behavior\ContentReplaceBehavior [ RunTime:0.000675s ]
INFO: [ template_filter ] --END-- [ RunTime:0.002148s ]
INFO: Run Behavior\ParseTemplateBehavior [ RunTime:0.060266s ]
INFO: [ view_parse ] --END-- [ RunTime:0.061728s ]
INFO: [ view_filter ] --START--
INFO: Run Behavior\WriteHtmlCacheBehavior [ RunTime:0.001438s ]
INFO: [ view_filter ] --END-- [ RunTime:0.002675s ]
INFO: [ app_end ] --START--
INFO: Run Behavior\ShowPageTraceBehavior [ RunTime:0.001626s ]
INFO: [ app_end ] --END-- [ RunTime:0.002847s ]

[ 2016-04-16T23:54:22+08:00 ] ::1 /blog/Admin/Article/data_init
INFO: [ app_init ] --START--
INFO: Run Behavior\BuildLiteBehavior [ RunTime:0.000215s ]
INFO: [ app_init ] --END-- [ RunTime:0.002050s ]
INFO: [ app_begin ] --START--
INFO: Run Behavior\ReadHtmlCacheBehavior [ RunTime:0.004111s ]
INFO: [ app_begin ] --END-- [ RunTime:0.006009s ]
SQL: SHOW COLUMNS FROM `blog_article` [ RunTime:0.0262s ]
SQL: SELECT * FROM `blog_article` INNER JOIN blog_user ON blog_article.user_id=blog_user.id   [ RunTime:0.0008s ]
NOTIC: [8] Undefined index: title F:\PHP\WWW\blog\Application\Admin\Controller\ArticleController.class.php 第 17 行.
NOTIC: [8] Undefined index: content F:\PHP\WWW\blog\Application\Admin\Controller\ArticleController.class.php 第 21 行.

[ 2016-04-16T23:54:26+08:00 ] ::1 /blog/index.php/Admin/Article/index
INFO: [ app_init ] --START--
INFO: Run Behavior\BuildLiteBehavior [ RunTime:0.000331s ]
INFO: [ app_init ] --END-- [ RunTime:0.003197s ]
INFO: [ app_begin ] --START--
INFO: Run Behavior\ReadHtmlCacheBehavior [ RunTime:0.001695s ]
INFO: [ app_begin ] --END-- [ RunTime:0.002883s ]
INFO: [ view_parse ] --START--
INFO: [ template_filter ] --START--
INFO: Run Behavior\ContentReplaceBehavior [ RunTime:0.000634s ]
INFO: [ template_filter ] --END-- [ RunTime:0.002137s ]
INFO: Run Behavior\ParseTemplateBehavior [ RunTime:0.037869s ]
INFO: [ view_parse ] --END-- [ RunTime:0.039337s ]
INFO: [ view_filter ] --START--
INFO: Run Behavior\WriteHtmlCacheBehavior [ RunTime:0.001698s ]
INFO: [ view_filter ] --END-- [ RunTime:0.003108s ]
INFO: [ app_end ] --START--
INFO: Run Behavior\ShowPageTraceBehavior [ RunTime:0.003767s ]
INFO: [ app_end ] --END-- [ RunTime:0.012385s ]

[ 2016-04-16T23:54:27+08:00 ] ::1 /blog/Admin/Article/data_init
INFO: [ app_init ] --START--
INFO: Run Behavior\BuildLiteBehavior [ RunTime:0.000212s ]
INFO: [ app_init ] --END-- [ RunTime:0.002765s ]
INFO: [ app_begin ] --START--
INFO: Run Behavior\ReadHtmlCacheBehavior [ RunTime:0.001639s ]
INFO: [ app_begin ] --END-- [ RunTime:0.002553s ]
SQL: SHOW COLUMNS FROM `blog_article` [ RunTime:0.0132s ]
SQL: SELECT * FROM `blog_article` INNER JOIN blog_user ON blog_article.user_id=blog_user.id   [ RunTime:0.0016s ]
NOTIC: [8] Undefined index: title F:\PHP\WWW\blog\Application\Admin\Controller\ArticleController.class.php 第 17 行.
NOTIC: [8] Undefined index: content F:\PHP\WWW\blog\Application\Admin\Controller\ArticleController.class.php 第 21 行.

[ 2016-04-16T23:54:48+08:00 ] ::1 /blog/index.php/Admin/Article/index
INFO: [ app_init ] --START--
INFO: Run Behavior\BuildLiteBehavior [ RunTime:0.000202s ]
INFO: [ app_init ] --END-- [ RunTime:0.002058s ]
INFO: [ app_begin ] --START--
INFO: Run Behavior\ReadHtmlCacheBehavior [ RunTime:0.005055s ]
INFO: [ app_begin ] --END-- [ RunTime:0.007470s ]
INFO: [ view_parse ] --START--
INFO: [ template_filter ] --START--
INFO: Run Behavior\ContentReplaceBehavior [ RunTime:0.000693s ]
INFO: [ template_filter ] --END-- [ RunTime:0.002308s ]
INFO: Run Behavior\ParseTemplateBehavior [ RunTime:0.083063s ]
INFO: [ view_parse ] --END-- [ RunTime:0.085052s ]
INFO: [ view_filter ] --START--
INFO: Run Behavior\WriteHtmlCacheBehavior [ RunTime:0.002089s ]
INFO: [ view_filter ] --END-- [ RunTime:0.003381s ]
INFO: [ app_end ] --START--
INFO: Run Behavior\ShowPageTraceBehavior [ RunTime:0.001831s ]
INFO: [ app_end ] --END-- [ RunTime:0.003364s ]

[ 2016-04-16T23:54:49+08:00 ] ::1 /blog/Admin/Article/data_init
INFO: [ app_init ] --START--
INFO: Run Behavior\BuildLiteBehavior [ RunTime:0.000438s ]
INFO: [ app_init ] --END-- [ RunTime:0.009390s ]
INFO: [ app_begin ] --START--
INFO: Run Behavior\ReadHtmlCacheBehavior [ RunTime:0.004969s ]
INFO: [ app_begin ] --END-- [ RunTime:0.007702s ]
SQL: SHOW COLUMNS FROM `blog_article` [ RunTime:0.0412s ]
SQL: SELECT * FROM `blog_article` INNER JOIN blog_user ON blog_article.user_id=blog_user.id   [ RunTime:0.0008s ]
NOTIC: [8] Undefined index: title F:\PHP\WWW\blog\Application\Admin\Controller\ArticleController.class.php 第 17 行.
NOTIC: [8] Undefined index: content F:\PHP\WWW\blog\Application\Admin\Controller\ArticleController.class.php 第 21 行.

