[ 2016-05-28T11:20:40+08:00 ] ::1 /blog/index.php/Admin/Index/index.html
INFO: [ app_init ] --START--
INFO: Run Behavior\BuildLiteBehavior [ RunTime:0.000566s ]
INFO: [ app_init ] --END-- [ RunTime:0.041383s ]
INFO: [ app_begin ] --START--
INFO: Run Behavior\ReadHtmlCacheBehavior [ RunTime:0.083695s ]
INFO: [ app_begin ] --END-- [ RunTime:0.086183s ]
NOTIC: [8] Undefined index: username F:\PHP\WWW\blog\Application\Admin\Controller\IndexController.class.php 第 6 行.

[ 2016-05-28T11:20:42+08:00 ] ::1 /blog/index.php/Admin/Login/index.html
INFO: [ app_init ] --START--
INFO: Run Behavior\BuildLiteBehavior [ RunTime:0.000250s ]
INFO: [ app_init ] --END-- [ RunTime:0.002470s ]
INFO: [ app_begin ] --START--
INFO: Run Behavior\ReadHtmlCacheBehavior [ RunTime:0.001749s ]
INFO: [ app_begin ] --END-- [ RunTime:0.003134s ]
INFO: [ view_parse ] --START--
INFO: [ template_filter ] --START--
INFO: Run Behavior\ContentReplaceBehavior [ RunTime:0.000789s ]
INFO: [ template_filter ] --END-- [ RunTime:0.002535s ]
INFO: Run Behavior\ParseTemplateBehavior [ RunTime:0.511901s ]
INFO: [ view_parse ] --END-- [ RunTime:0.514399s ]
INFO: [ view_filter ] --START--
INFO: Run Behavior\WriteHtmlCacheBehavior [ RunTime:0.138656s ]
INFO: [ view_filter ] --END-- [ RunTime:0.140106s ]
INFO: [ app_end ] --START--
INFO: Run Behavior\ShowPageTraceBehavior [ RunTime:0.187568s ]
INFO: [ app_end ] --END-- [ RunTime:0.188901s ]

[ 2016-05-28T11:21:05+08:00 ] ::1 /blog/index.php/Admin/Login/check
INFO: [ app_init ] --START--
INFO: Run Behavior\BuildLiteBehavior [ RunTime:0.000293s ]
INFO: [ app_init ] --END-- [ RunTime:0.002820s ]
INFO: [ app_begin ] --START--
INFO: Run Behavior\ReadHtmlCacheBehavior [ RunTime:0.001219s ]
INFO: [ app_begin ] --END-- [ RunTime:0.002354s ]
SQL: SHOW COLUMNS FROM `blog_user` [ RunTime:0.0351s ]
SQL: SELECT * FROM `blog_user` WHERE `username` = 'young' AND `password` = 'c33367701511b4f6020ec61ded352059' AND `identity` = 2  [ RunTime:0.0011s ]

[ 2016-05-28T11:21:08+08:00 ] ::1 /blog/index.php/Admin/Index/index.html
INFO: [ app_init ] --START--
INFO: Run Behavior\BuildLiteBehavior [ RunTime:0.000349s ]
INFO: [ app_init ] --END-- [ RunTime:0.003373s ]
INFO: [ app_begin ] --START--
INFO: Run Behavior\ReadHtmlCacheBehavior [ RunTime:0.002394s ]
INFO: [ app_begin ] --END-- [ RunTime:0.004325s ]
INFO: [ view_parse ] --START--
INFO: [ template_filter ] --START--
INFO: Run Behavior\ContentReplaceBehavior [ RunTime:0.001597s ]
INFO: [ template_filter ] --END-- [ RunTime:0.004157s ]
INFO: Run Behavior\ParseTemplateBehavior [ RunTime:1.547293s ]
INFO: [ view_parse ] --END-- [ RunTime:1.549463s ]
INFO: [ view_filter ] --START--
INFO: Run Behavior\WriteHtmlCacheBehavior [ RunTime:0.001390s ]
INFO: [ view_filter ] --END-- [ RunTime:0.003071s ]
INFO: [ app_end ] --START--
INFO: Run Behavior\ShowPageTraceBehavior [ RunTime:0.002169s ]
INFO: [ app_end ] --END-- [ RunTime:0.006287s ]

[ 2016-05-28T11:21:11+08:00 ] ::1 /blog/index.php/Admin/Welcome/index
INFO: [ app_init ] --START--
INFO: Run Behavior\BuildLiteBehavior [ RunTime:0.000258s ]
INFO: [ app_init ] --END-- [ RunTime:0.002791s ]
INFO: [ app_begin ] --START--
INFO: Run Behavior\ReadHtmlCacheBehavior [ RunTime:0.001460s ]
INFO: [ app_begin ] --END-- [ RunTime:0.002626s ]
INFO: [ view_parse ] --START--
INFO: [ template_filter ] --START--
INFO: Run Behavior\ContentReplaceBehavior [ RunTime:0.000689s ]
INFO: [ template_filter ] --END-- [ RunTime:0.002131s ]
INFO: Run Behavior\ParseTemplateBehavior [ RunTime:0.062191s ]
INFO: [ view_parse ] --END-- [ RunTime:0.064021s ]
INFO: [ view_filter ] --START--
INFO: Run Behavior\WriteHtmlCacheBehavior [ RunTime:0.001947s ]
INFO: [ view_filter ] --END-- [ RunTime:0.003663s ]
INFO: [ app_end ] --START--
INFO: Run Behavior\ShowPageTraceBehavior [ RunTime:0.002145s ]
INFO: [ app_end ] --END-- [ RunTime:0.003856s ]

[ 2016-05-28T11:24:11+08:00 ] ::1 /blog/index.php/Admin/Article/index
INFO: [ app_init ] --START--
INFO: Run Behavior\BuildLiteBehavior [ RunTime:0.000561s ]
INFO: [ app_init ] --END-- [ RunTime:0.003746s ]
INFO: [ app_begin ] --START--
INFO: Run Behavior\ReadHtmlCacheBehavior [ RunTime:0.001620s ]
INFO: [ app_begin ] --END-- [ RunTime:0.002965s ]
INFO: [ view_parse ] --START--
INFO: [ template_filter ] --START--
INFO: Run Behavior\ContentReplaceBehavior [ RunTime:0.000627s ]
INFO: [ template_filter ] --END-- [ RunTime:0.001736s ]
INFO: Run Behavior\ParseTemplateBehavior [ RunTime:0.060805s ]
INFO: [ view_parse ] --END-- [ RunTime:0.062087s ]
INFO: [ view_filter ] --START--
INFO: Run Behavior\WriteHtmlCacheBehavior [ RunTime:0.001335s ]
INFO: [ view_filter ] --END-- [ RunTime:0.002437s ]
INFO: [ app_end ] --START--
INFO: Run Behavior\ShowPageTraceBehavior [ RunTime:0.001497s ]
INFO: [ app_end ] --END-- [ RunTime:0.002552s ]

[ 2016-05-28T11:24:12+08:00 ] ::1 /blog/index.php/Admin/Article/data_init
INFO: [ app_init ] --START--
INFO: Run Behavior\BuildLiteBehavior [ RunTime:0.000202s ]
INFO: [ app_init ] --END-- [ RunTime:0.002014s ]
INFO: [ app_begin ] --START--
INFO: Run Behavior\ReadHtmlCacheBehavior [ RunTime:0.001261s ]
INFO: [ app_begin ] --END-- [ RunTime:0.002184s ]
SQL: SHOW COLUMNS FROM `blog_article` [ RunTime:0.0587s ]
SQL: SELECT blog_article.*,blog_user.username FROM `blog_article` INNER JOIN blog_user ON blog_article.user_id=blog_user.id   [ RunTime:0.0017s ]

[ 2016-05-28T14:31:38+08:00 ] ::1 /blog/index.php/Admin/Index/index.html
INFO: [ app_init ] --START--
INFO: Run Behavior\BuildLiteBehavior [ RunTime:0.000221s ]
INFO: [ app_init ] --END-- [ RunTime:0.002272s ]
INFO: [ app_begin ] --START--
INFO: Run Behavior\ReadHtmlCacheBehavior [ RunTime:0.002046s ]
INFO: [ app_begin ] --END-- [ RunTime:0.003306s ]
INFO: [ view_parse ] --START--
INFO: [ template_filter ] --START--
INFO: Run Behavior\ContentReplaceBehavior [ RunTime:0.000984s ]
INFO: [ template_filter ] --END-- [ RunTime:0.002080s ]
INFO: Run Behavior\ParseTemplateBehavior [ RunTime:0.421364s ]
INFO: [ view_parse ] --END-- [ RunTime:0.423698s ]
INFO: [ view_filter ] --START--
INFO: Run Behavior\WriteHtmlCacheBehavior [ RunTime:0.002189s ]
INFO: [ view_filter ] --END-- [ RunTime:0.003769s ]
INFO: [ app_end ] --START--
INFO: Run Behavior\ShowPageTraceBehavior [ RunTime:0.002998s ]
INFO: [ app_end ] --END-- [ RunTime:0.005489s ]

[ 2016-05-28T14:31:39+08:00 ] ::1 /blog/index.php/Admin/Welcome/index
INFO: [ app_init ] --START--
INFO: Run Behavior\BuildLiteBehavior [ RunTime:0.000365s ]
INFO: [ app_init ] --END-- [ RunTime:0.004726s ]
INFO: [ app_begin ] --START--
INFO: Run Behavior\ReadHtmlCacheBehavior [ RunTime:0.001500s ]
INFO: [ app_begin ] --END-- [ RunTime:0.002592s ]
INFO: [ view_parse ] --START--
INFO: [ template_filter ] --START--
INFO: Run Behavior\ContentReplaceBehavior [ RunTime:0.000887s ]
INFO: [ template_filter ] --END-- [ RunTime:0.002871s ]
INFO: Run Behavior\ParseTemplateBehavior [ RunTime:0.023838s ]
INFO: [ view_parse ] --END-- [ RunTime:0.024943s ]
INFO: [ view_filter ] --START--
INFO: Run Behavior\WriteHtmlCacheBehavior [ RunTime:0.001125s ]
INFO: [ view_filter ] --END-- [ RunTime:0.002195s ]
INFO: [ app_end ] --START--
INFO: Run Behavior\ShowPageTraceBehavior [ RunTime:0.001638s ]
INFO: [ app_end ] --END-- [ RunTime:0.002978s ]

[ 2016-05-28T14:31:44+08:00 ] ::1 /blog/index.php/Admin/Article/index
INFO: [ app_init ] --START--
INFO: Run Behavior\BuildLiteBehavior [ RunTime:0.000332s ]
INFO: [ app_init ] --END-- [ RunTime:0.003425s ]
INFO: [ app_begin ] --START--
INFO: Run Behavior\ReadHtmlCacheBehavior [ RunTime:0.001443s ]
INFO: [ app_begin ] --END-- [ RunTime:0.002583s ]
INFO: [ view_parse ] --START--
INFO: [ template_filter ] --START--
INFO: Run Behavior\ContentReplaceBehavior [ RunTime:0.000615s ]
INFO: [ template_filter ] --END-- [ RunTime:0.001728s ]
INFO: Run Behavior\ParseTemplateBehavior [ RunTime:0.033361s ]
INFO: [ view_parse ] --END-- [ RunTime:0.034578s ]
INFO: [ view_filter ] --START--
INFO: Run Behavior\WriteHtmlCacheBehavior [ RunTime:0.001277s ]
INFO: [ view_filter ] --END-- [ RunTime:0.002398s ]
INFO: [ app_end ] --START--
INFO: Run Behavior\ShowPageTraceBehavior [ RunTime:0.001574s ]
INFO: [ app_end ] --END-- [ RunTime:0.002641s ]

[ 2016-05-28T14:31:44+08:00 ] ::1 /blog/index.php/Admin/Article/data_init
INFO: [ app_init ] --START--
INFO: Run Behavior\BuildLiteBehavior [ RunTime:0.000245s ]
INFO: [ app_init ] --END-- [ RunTime:0.002060s ]
INFO: [ app_begin ] --START--
INFO: Run Behavior\ReadHtmlCacheBehavior [ RunTime:0.001317s ]
INFO: [ app_begin ] --END-- [ RunTime:0.002198s ]
SQL: SHOW COLUMNS FROM `blog_article` [ RunTime:0.0836s ]
SQL: SELECT blog_article.*,blog_user.username FROM `blog_article` INNER JOIN blog_user ON blog_article.user_id=blog_user.id   [ RunTime:0.0015s ]

[ 2016-05-28T14:33:15+08:00 ] ::1 /blog/index.php/Admin/Liuyan/index
INFO: [ app_init ] --START--
INFO: Run Behavior\BuildLiteBehavior [ RunTime:0.000262s ]
INFO: [ app_init ] --END-- [ RunTime:0.002633s ]
INFO: [ app_begin ] --START--
INFO: Run Behavior\ReadHtmlCacheBehavior [ RunTime:0.001493s ]
INFO: [ app_begin ] --END-- [ RunTime:0.002577s ]
INFO: [ view_parse ] --START--
INFO: [ template_filter ] --START--
INFO: Run Behavior\ContentReplaceBehavior [ RunTime:0.000952s ]
INFO: [ template_filter ] --END-- [ RunTime:0.002892s ]
INFO: Run Behavior\ParseTemplateBehavior [ RunTime:0.163789s ]
INFO: [ view_parse ] --END-- [ RunTime:0.165257s ]
INFO: [ view_filter ] --START--
INFO: Run Behavior\WriteHtmlCacheBehavior [ RunTime:0.001417s ]
INFO: [ view_filter ] --END-- [ RunTime:0.003404s ]
INFO: [ app_end ] --START--
INFO: Run Behavior\ShowPageTraceBehavior [ RunTime:0.001659s ]
INFO: [ app_end ] --END-- [ RunTime:0.003012s ]

[ 2016-05-28T14:33:16+08:00 ] ::1 /blog/index.php/Admin/Liuyan/data_init
INFO: [ app_init ] --START--
INFO: Run Behavior\BuildLiteBehavior [ RunTime:0.000217s ]
INFO: [ app_init ] --END-- [ RunTime:0.002068s ]
INFO: [ app_begin ] --START--
INFO: Run Behavior\ReadHtmlCacheBehavior [ RunTime:0.001381s ]
INFO: [ app_begin ] --END-- [ RunTime:0.002375s ]
SQL: SHOW COLUMNS FROM `blog_wish` [ RunTime:0.0248s ]
SQL: SELECT * FROM `blog_wish`  [ RunTime:0.0437s ]

[ 2016-05-28T14:33:56+08:00 ] ::1 /blog/index.php/Admin/Article/index
INFO: [ app_init ] --START--
INFO: Run Behavior\BuildLiteBehavior [ RunTime:0.000203s ]
INFO: [ app_init ] --END-- [ RunTime:0.002506s ]
INFO: [ app_begin ] --START--
INFO: Run Behavior\ReadHtmlCacheBehavior [ RunTime:0.001393s ]
INFO: [ app_begin ] --END-- [ RunTime:0.002465s ]
INFO: [ view_parse ] --START--
INFO: [ template_filter ] --START--
INFO: Run Behavior\ContentReplaceBehavior [ RunTime:0.000638s ]
INFO: [ template_filter ] --END-- [ RunTime:0.001714s ]
INFO: Run Behavior\ParseTemplateBehavior [ RunTime:0.032794s ]
INFO: [ view_parse ] --END-- [ RunTime:0.033896s ]
INFO: [ view_filter ] --START--
INFO: Run Behavior\WriteHtmlCacheBehavior [ RunTime:0.001310s ]
INFO: [ view_filter ] --END-- [ RunTime:0.002377s ]
INFO: [ app_end ] --START--
INFO: Run Behavior\ShowPageTraceBehavior [ RunTime:0.001576s ]
INFO: [ app_end ] --END-- [ RunTime:0.002639s ]

[ 2016-05-28T14:33:57+08:00 ] ::1 /blog/index.php/Admin/Article/data_init
INFO: [ app_init ] --START--
INFO: Run Behavior\BuildLiteBehavior [ RunTime:0.000282s ]
INFO: [ app_init ] --END-- [ RunTime:0.002678s ]
INFO: [ app_begin ] --START--
INFO: Run Behavior\ReadHtmlCacheBehavior [ RunTime:0.001632s ]
INFO: [ app_begin ] --END-- [ RunTime:0.002810s ]
SQL: SHOW COLUMNS FROM `blog_article` [ RunTime:0.0242s ]
SQL: SELECT blog_article.*,blog_user.username FROM `blog_article` INNER JOIN blog_user ON blog_article.user_id=blog_user.id   [ RunTime:0.0010s ]

[ 2016-05-28T14:34:53+08:00 ] ::1 /blog/index.php/Admin/Index/index.html
INFO: [ app_init ] --START--
INFO: Run Behavior\BuildLiteBehavior [ RunTime:0.000290s ]
INFO: [ app_init ] --END-- [ RunTime:0.002792s ]
INFO: [ app_begin ] --START--
INFO: Run Behavior\ReadHtmlCacheBehavior [ RunTime:0.001591s ]
INFO: [ app_begin ] --END-- [ RunTime:0.002684s ]
INFO: [ view_parse ] --START--
INFO: [ template_filter ] --START--
INFO: Run Behavior\ContentReplaceBehavior [ RunTime:0.000991s ]
INFO: [ template_filter ] --END-- [ RunTime:0.002380s ]
INFO: Run Behavior\ParseTemplateBehavior [ RunTime:0.078109s ]
INFO: [ view_parse ] --END-- [ RunTime:0.079760s ]
INFO: [ view_filter ] --START--
INFO: Run Behavior\WriteHtmlCacheBehavior [ RunTime:0.001880s ]
INFO: [ view_filter ] --END-- [ RunTime:0.003402s ]
INFO: [ app_end ] --START--
INFO: Run Behavior\ShowPageTraceBehavior [ RunTime:0.001773s ]
INFO: [ app_end ] --END-- [ RunTime:0.007066s ]

[ 2016-05-28T14:34:54+08:00 ] ::1 /blog/index.php/Admin/Welcome/index
INFO: [ app_init ] --START--
INFO: Run Behavior\BuildLiteBehavior [ RunTime:0.000433s ]
INFO: [ app_init ] --END-- [ RunTime:0.003910s ]
INFO: [ app_begin ] --START--
INFO: Run Behavior\ReadHtmlCacheBehavior [ RunTime:0.002977s ]
INFO: [ app_begin ] --END-- [ RunTime:0.007564s ]
INFO: [ view_parse ] --START--
INFO: [ template_filter ] --START--
INFO: Run Behavior\ContentReplaceBehavior [ RunTime:0.000794s ]
INFO: [ template_filter ] --END-- [ RunTime:0.002669s ]
INFO: Run Behavior\ParseTemplateBehavior [ RunTime:0.033210s ]
INFO: [ view_parse ] --END-- [ RunTime:0.034356s ]
INFO: [ view_filter ] --START--
INFO: Run Behavior\WriteHtmlCacheBehavior [ RunTime:0.002075s ]
INFO: [ view_filter ] --END-- [ RunTime:0.003761s ]
INFO: [ app_end ] --START--
INFO: Run Behavior\ShowPageTraceBehavior [ RunTime:0.001761s ]
INFO: [ app_end ] --END-- [ RunTime:0.002963s ]

[ 2016-05-28T14:35:01+08:00 ] ::1 /blog/index.php/Admin/Article/index
INFO: [ app_init ] --START--
INFO: Run Behavior\BuildLiteBehavior [ RunTime:0.000311s ]
INFO: [ app_init ] --END-- [ RunTime:0.003098s ]
INFO: [ app_begin ] --START--
INFO: Run Behavior\ReadHtmlCacheBehavior [ RunTime:0.001761s ]
INFO: [ app_begin ] --END-- [ RunTime:0.002848s ]
INFO: [ view_parse ] --START--
INFO: [ template_filter ] --START--
INFO: Run Behavior\ContentReplaceBehavior [ RunTime:0.000630s ]
INFO: [ template_filter ] --END-- [ RunTime:0.002041s ]
INFO: Run Behavior\ParseTemplateBehavior [ RunTime:0.027041s ]
INFO: [ view_parse ] --END-- [ RunTime:0.028150s ]
INFO: [ view_filter ] --START--
INFO: Run Behavior\WriteHtmlCacheBehavior [ RunTime:0.001444s ]
INFO: [ view_filter ] --END-- [ RunTime:0.002532s ]
INFO: [ app_end ] --START--
INFO: Run Behavior\ShowPageTraceBehavior [ RunTime:0.001719s ]
INFO: [ app_end ] --END-- [ RunTime:0.002811s ]

[ 2016-05-28T14:35:01+08:00 ] ::1 /blog/index.php/Admin/Article/data_init
INFO: [ app_init ] --START--
INFO: Run Behavior\BuildLiteBehavior [ RunTime:0.000203s ]
INFO: [ app_init ] --END-- [ RunTime:0.002031s ]
INFO: [ app_begin ] --START--
INFO: Run Behavior\ReadHtmlCacheBehavior [ RunTime:0.002608s ]
INFO: [ app_begin ] --END-- [ RunTime:0.004222s ]
SQL: SHOW COLUMNS FROM `blog_article` [ RunTime:0.0140s ]
SQL: SELECT blog_article.*,blog_user.username FROM `blog_article` INNER JOIN blog_user ON blog_article.user_id=blog_user.id   [ RunTime:0.0012s ]

[ 2016-05-28T14:35:07+08:00 ] ::1 /blog/index.php/Admin/Article/edit
INFO: [ app_init ] --START--
INFO: Run Behavior\BuildLiteBehavior [ RunTime:0.000204s ]
INFO: [ app_init ] --END-- [ RunTime:0.002031s ]
INFO: [ app_begin ] --START--
INFO: Run Behavior\ReadHtmlCacheBehavior [ RunTime:0.001512s ]
INFO: [ app_begin ] --END-- [ RunTime:0.002374s ]

[ 2016-05-28T14:36:08+08:00 ] ::1 /blog/index.php/Admin/Index/index.html
INFO: [ app_init ] --START--
INFO: Run Behavior\BuildLiteBehavior [ RunTime:0.000314s ]
INFO: [ app_init ] --END-- [ RunTime:0.003182s ]
INFO: [ app_begin ] --START--
INFO: Run Behavior\ReadHtmlCacheBehavior [ RunTime:0.002116s ]
INFO: [ app_begin ] --END-- [ RunTime:0.003501s ]
INFO: [ view_parse ] --START--
INFO: [ template_filter ] --START--
INFO: Run Behavior\ContentReplaceBehavior [ RunTime:0.001014s ]
INFO: [ template_filter ] --END-- [ RunTime:0.002228s ]
INFO: Run Behavior\ParseTemplateBehavior [ RunTime:0.077817s ]
INFO: [ view_parse ] --END-- [ RunTime:0.078938s ]
INFO: [ view_filter ] --START--
INFO: Run Behavior\WriteHtmlCacheBehavior [ RunTime:0.001510s ]
INFO: [ view_filter ] --END-- [ RunTime:0.002591s ]
INFO: [ app_end ] --START--
INFO: Run Behavior\ShowPageTraceBehavior [ RunTime:0.002270s ]
INFO: [ app_end ] --END-- [ RunTime:0.004234s ]

[ 2016-05-28T14:36:08+08:00 ] ::1 /blog/index.php/Admin/Welcome/index
INFO: [ app_init ] --START--
INFO: Run Behavior\BuildLiteBehavior [ RunTime:0.000220s ]
INFO: [ app_init ] --END-- [ RunTime:0.002048s ]
INFO: [ app_begin ] --START--
INFO: Run Behavior\ReadHtmlCacheBehavior [ RunTime:0.002555s ]
INFO: [ app_begin ] --END-- [ RunTime:0.004413s ]
INFO: [ view_parse ] --START--
INFO: [ template_filter ] --START--
INFO: Run Behavior\ContentReplaceBehavior [ RunTime:0.000975s ]
INFO: [ template_filter ] --END-- [ RunTime:0.002829s ]
INFO: Run Behavior\ParseTemplateBehavior [ RunTime:0.032000s ]
INFO: [ view_parse ] --END-- [ RunTime:0.034338s ]
INFO: [ view_filter ] --START--
INFO: Run Behavior\WriteHtmlCacheBehavior [ RunTime:0.001594s ]
INFO: [ view_filter ] --END-- [ RunTime:0.003639s ]
INFO: [ app_end ] --START--
INFO: Run Behavior\ShowPageTraceBehavior [ RunTime:0.002531s ]
INFO: [ app_end ] --END-- [ RunTime:0.004563s ]

[ 2016-05-28T14:36:41+08:00 ] ::1 /blog/index.php/Admin/Index/index.html
INFO: [ app_init ] --START--
INFO: Run Behavior\BuildLiteBehavior [ RunTime:0.000238s ]
INFO: [ app_init ] --END-- [ RunTime:0.002403s ]
INFO: [ app_begin ] --START--
INFO: Run Behavior\ReadHtmlCacheBehavior [ RunTime:0.001873s ]
INFO: [ app_begin ] --END-- [ RunTime:0.003160s ]
INFO: [ view_parse ] --START--
INFO: [ template_filter ] --START--
INFO: Run Behavior\ContentReplaceBehavior [ RunTime:0.001404s ]
INFO: [ template_filter ] --END-- [ RunTime:0.002778s ]
INFO: Run Behavior\ParseTemplateBehavior [ RunTime:0.079296s ]
INFO: [ view_parse ] --END-- [ RunTime:0.080505s ]
INFO: [ view_filter ] --START--
INFO: Run Behavior\WriteHtmlCacheBehavior [ RunTime:0.001192s ]
INFO: [ view_filter ] --END-- [ RunTime:0.002258s ]
INFO: [ app_end ] --START--
INFO: Run Behavior\ShowPageTraceBehavior [ RunTime:0.001685s ]
INFO: [ app_end ] --END-- [ RunTime:0.003070s ]

[ 2016-05-28T14:36:41+08:00 ] ::1 /blog/index.php/Admin/Welcome/index
INFO: [ app_init ] --START--
INFO: Run Behavior\BuildLiteBehavior [ RunTime:0.000421s ]
INFO: [ app_init ] --END-- [ RunTime:0.003720s ]
INFO: [ app_begin ] --START--
INFO: Run Behavior\ReadHtmlCacheBehavior [ RunTime:0.002952s ]
INFO: [ app_begin ] --END-- [ RunTime:0.005042s ]
INFO: [ view_parse ] --START--
INFO: [ template_filter ] --START--
INFO: Run Behavior\ContentReplaceBehavior [ RunTime:0.000502s ]
INFO: [ template_filter ] --END-- [ RunTime:0.002038s ]
INFO: Run Behavior\ParseTemplateBehavior [ RunTime:0.032813s ]
INFO: [ view_parse ] --END-- [ RunTime:0.034497s ]
INFO: [ view_filter ] --START--
INFO: Run Behavior\WriteHtmlCacheBehavior [ RunTime:0.002562s ]
INFO: [ view_filter ] --END-- [ RunTime:0.004748s ]
INFO: [ app_end ] --START--
INFO: Run Behavior\ShowPageTraceBehavior [ RunTime:0.002409s ]
INFO: [ app_end ] --END-- [ RunTime:0.004486s ]

[ 2016-05-28T14:37:11+08:00 ] ::1 /blog/index.php/Admin/Article/index
INFO: [ app_init ] --START--
INFO: Run Behavior\BuildLiteBehavior [ RunTime:0.000237s ]
INFO: [ app_init ] --END-- [ RunTime:0.002466s ]
INFO: [ app_begin ] --START--
INFO: Run Behavior\ReadHtmlCacheBehavior [ RunTime:0.001908s ]
INFO: [ app_begin ] --END-- [ RunTime:0.003179s ]
INFO: [ view_parse ] --START--
INFO: [ template_filter ] --START--
INFO: Run Behavior\ContentReplaceBehavior [ RunTime:0.000617s ]
INFO: [ template_filter ] --END-- [ RunTime:0.001704s ]
INFO: Run Behavior\ParseTemplateBehavior [ RunTime:0.034345s ]
INFO: [ view_parse ] --END-- [ RunTime:0.035454s ]
INFO: [ view_filter ] --START--
INFO: Run Behavior\WriteHtmlCacheBehavior [ RunTime:0.001330s ]
INFO: [ view_filter ] --END-- [ RunTime:0.002391s ]
INFO: [ app_end ] --START--
INFO: Run Behavior\ShowPageTraceBehavior [ RunTime:0.001606s ]
INFO: [ app_end ] --END-- [ RunTime:0.002659s ]

[ 2016-05-28T14:37:12+08:00 ] ::1 /blog/index.php/Admin/Article/data_init
INFO: [ app_init ] --START--
INFO: Run Behavior\BuildLiteBehavior [ RunTime:0.000295s ]
INFO: [ app_init ] --END-- [ RunTime:0.003114s ]
INFO: [ app_begin ] --START--
INFO: Run Behavior\ReadHtmlCacheBehavior [ RunTime:0.001621s ]
INFO: [ app_begin ] --END-- [ RunTime:0.002787s ]
SQL: SHOW COLUMNS FROM `blog_article` [ RunTime:0.0374s ]
SQL: SELECT blog_article.*,blog_user.username FROM `blog_article` INNER JOIN blog_user ON blog_article.user_id=blog_user.id   [ RunTime:0.0015s ]

[ 2016-05-28T14:37:15+08:00 ] ::1 /blog/index.php/Admin/Article/edit
INFO: [ app_init ] --START--
INFO: Run Behavior\BuildLiteBehavior [ RunTime:0.000203s ]
INFO: [ app_init ] --END-- [ RunTime:0.002121s ]
INFO: [ app_begin ] --START--
INFO: Run Behavior\ReadHtmlCacheBehavior [ RunTime:0.001506s ]
INFO: [ app_begin ] --END-- [ RunTime:0.002380s ]

[ 2016-05-28T14:52:30+08:00 ] ::1 /blog/index.php/Admin/Index/index.html
INFO: [ app_init ] --START--
INFO: Run Behavior\BuildLiteBehavior [ RunTime:0.000238s ]
INFO: [ app_init ] --END-- [ RunTime:0.002425s ]
INFO: [ app_begin ] --START--
INFO: Run Behavior\ReadHtmlCacheBehavior [ RunTime:0.001774s ]
INFO: [ app_begin ] --END-- [ RunTime:0.002887s ]
INFO: [ view_parse ] --START--
INFO: [ template_filter ] --START--
INFO: Run Behavior\ContentReplaceBehavior [ RunTime:0.000984s ]
INFO: [ template_filter ] --END-- [ RunTime:0.002081s ]
INFO: Run Behavior\ParseTemplateBehavior [ RunTime:0.306510s ]
INFO: [ view_parse ] --END-- [ RunTime:0.310426s ]
INFO: [ view_filter ] --START--
INFO: Run Behavior\WriteHtmlCacheBehavior [ RunTime:0.004195s ]
INFO: [ view_filter ] --END-- [ RunTime:0.007246s ]
INFO: [ app_end ] --START--
INFO: Run Behavior\ShowPageTraceBehavior [ RunTime:0.005576s ]
INFO: [ app_end ] --END-- [ RunTime:0.014012s ]

[ 2016-05-28T14:52:31+08:00 ] ::1 /blog/index.php/Admin/Welcome/index
INFO: [ app_init ] --START--
INFO: Run Behavior\BuildLiteBehavior [ RunTime:0.000270s ]
INFO: [ app_init ] --END-- [ RunTime:0.002359s ]
INFO: [ app_begin ] --START--
INFO: Run Behavior\ReadHtmlCacheBehavior [ RunTime:0.002171s ]
INFO: [ app_begin ] --END-- [ RunTime:0.003638s ]
INFO: [ view_parse ] --START--
INFO: [ template_filter ] --START--
INFO: Run Behavior\ContentReplaceBehavior [ RunTime:0.000499s ]
INFO: [ template_filter ] --END-- [ RunTime:0.001655s ]
INFO: Run Behavior\ParseTemplateBehavior [ RunTime:0.024091s ]
INFO: [ view_parse ] --END-- [ RunTime:0.025268s ]
INFO: [ view_filter ] --START--
INFO: Run Behavior\WriteHtmlCacheBehavior [ RunTime:0.001355s ]
INFO: [ view_filter ] --END-- [ RunTime:0.002512s ]
INFO: [ app_end ] --START--
INFO: Run Behavior\ShowPageTraceBehavior [ RunTime:0.001671s ]
INFO: [ app_end ] --END-- [ RunTime:0.002751s ]

[ 2016-05-28T14:52:37+08:00 ] ::1 /blog/index.php/Admin/Article/index
INFO: [ app_init ] --START--
INFO: Run Behavior\BuildLiteBehavior [ RunTime:0.000205s ]
INFO: [ app_init ] --END-- [ RunTime:0.001995s ]
INFO: [ app_begin ] --START--
INFO: Run Behavior\ReadHtmlCacheBehavior [ RunTime:0.001928s ]
INFO: [ app_begin ] --END-- [ RunTime:0.003038s ]
INFO: [ view_parse ] --START--
INFO: [ template_filter ] --START--
INFO: Run Behavior\ContentReplaceBehavior [ RunTime:0.000639s ]
INFO: [ template_filter ] --END-- [ RunTime:0.002121s ]
INFO: Run Behavior\ParseTemplateBehavior [ RunTime:0.028203s ]
INFO: [ view_parse ] --END-- [ RunTime:0.029310s ]
INFO: [ view_filter ] --START--
INFO: Run Behavior\WriteHtmlCacheBehavior [ RunTime:0.001365s ]
INFO: [ view_filter ] --END-- [ RunTime:0.002431s ]
INFO: [ app_end ] --START--
INFO: Run Behavior\ShowPageTraceBehavior [ RunTime:0.001704s ]
INFO: [ app_end ] --END-- [ RunTime:0.002783s ]

[ 2016-05-28T14:52:37+08:00 ] ::1 /blog/index.php/Admin/Article/data_init
INFO: [ app_init ] --START--
INFO: Run Behavior\BuildLiteBehavior [ RunTime:0.000225s ]
INFO: [ app_init ] --END-- [ RunTime:0.002363s ]
INFO: [ app_begin ] --START--
INFO: Run Behavior\ReadHtmlCacheBehavior [ RunTime:0.001633s ]
INFO: [ app_begin ] --END-- [ RunTime:0.002639s ]
SQL: SHOW COLUMNS FROM `blog_article` [ RunTime:0.0120s ]
SQL: SELECT blog_article.*,blog_user.username FROM `blog_article` INNER JOIN blog_user ON blog_article.user_id=blog_user.id   [ RunTime:0.0010s ]

[ 2016-05-28T14:53:34+08:00 ] ::1 /blog/index.php/Admin/Index/index.html
INFO: [ app_init ] --START--
INFO: Run Behavior\BuildLiteBehavior [ RunTime:0.000201s ]
INFO: [ app_init ] --END-- [ RunTime:0.002048s ]
INFO: [ app_begin ] --START--
INFO: Run Behavior\ReadHtmlCacheBehavior [ RunTime:0.001601s ]
INFO: [ app_begin ] --END-- [ RunTime:0.002672s ]
INFO: [ view_parse ] --START--
INFO: [ template_filter ] --START--
INFO: Run Behavior\ContentReplaceBehavior [ RunTime:0.001103s ]
INFO: [ template_filter ] --END-- [ RunTime:0.002567s ]
INFO: Run Behavior\ParseTemplateBehavior [ RunTime:0.085322s ]
INFO: [ view_parse ] --END-- [ RunTime:0.086608s ]
INFO: [ view_filter ] --START--
INFO: Run Behavior\WriteHtmlCacheBehavior [ RunTime:0.001374s ]
INFO: [ view_filter ] --END-- [ RunTime:0.002496s ]
INFO: [ app_end ] --START--
INFO: Run Behavior\ShowPageTraceBehavior [ RunTime:0.003805s ]
INFO: [ app_end ] --END-- [ RunTime:0.006052s ]

[ 2016-05-28T14:53:35+08:00 ] ::1 /blog/index.php/Admin/Welcome/index
INFO: [ app_init ] --START--
INFO: Run Behavior\BuildLiteBehavior [ RunTime:0.000204s ]
INFO: [ app_init ] --END-- [ RunTime:0.001973s ]
INFO: [ app_begin ] --START--
INFO: Run Behavior\ReadHtmlCacheBehavior [ RunTime:0.001548s ]
INFO: [ app_begin ] --END-- [ RunTime:0.002673s ]
INFO: [ view_parse ] --START--
INFO: [ template_filter ] --START--
INFO: Run Behavior\ContentReplaceBehavior [ RunTime:0.000497s ]
INFO: [ template_filter ] --END-- [ RunTime:0.001611s ]
INFO: Run Behavior\ParseTemplateBehavior [ RunTime:0.021088s ]
INFO: [ view_parse ] --END-- [ RunTime:0.022188s ]
INFO: [ view_filter ] --START--
INFO: Run Behavior\WriteHtmlCacheBehavior [ RunTime:0.001292s ]
INFO: [ view_filter ] --END-- [ RunTime:0.002752s ]
INFO: [ app_end ] --START--
INFO: Run Behavior\ShowPageTraceBehavior [ RunTime:0.001531s ]
INFO: [ app_end ] --END-- [ RunTime:0.002671s ]

[ 2016-05-28T14:53:37+08:00 ] ::1 /blog/index.php/Admin/Article/index
INFO: [ app_init ] --START--
INFO: Run Behavior\BuildLiteBehavior [ RunTime:0.000202s ]
INFO: [ app_init ] --END-- [ RunTime:0.001884s ]
INFO: [ app_begin ] --START--
INFO: Run Behavior\ReadHtmlCacheBehavior [ RunTime:0.001411s ]
INFO: [ app_begin ] --END-- [ RunTime:0.002528s ]
INFO: [ view_parse ] --START--
INFO: [ template_filter ] --START--
INFO: Run Behavior\ContentReplaceBehavior [ RunTime:0.000616s ]
INFO: [ template_filter ] --END-- [ RunTime:0.001715s ]
INFO: Run Behavior\ParseTemplateBehavior [ RunTime:0.032441s ]
INFO: [ view_parse ] --END-- [ RunTime:0.033543s ]
INFO: [ view_filter ] --START--
INFO: Run Behavior\WriteHtmlCacheBehavior [ RunTime:0.001239s ]
INFO: [ view_filter ] --END-- [ RunTime:0.002416s ]
INFO: [ app_end ] --START--
INFO: Run Behavior\ShowPageTraceBehavior [ RunTime:0.001358s ]
INFO: [ app_end ] --END-- [ RunTime:0.002425s ]

[ 2016-05-28T14:53:38+08:00 ] ::1 /blog/index.php/Admin/Article/data_init
INFO: [ app_init ] --START--
INFO: Run Behavior\BuildLiteBehavior [ RunTime:0.000247s ]
INFO: [ app_init ] --END-- [ RunTime:0.002350s ]
INFO: [ app_begin ] --START--
INFO: Run Behavior\ReadHtmlCacheBehavior [ RunTime:0.001389s ]
INFO: [ app_begin ] --END-- [ RunTime:0.002342s ]
SQL: SHOW COLUMNS FROM `blog_article` [ RunTime:0.0362s ]
SQL: SELECT blog_article.*,blog_user.username FROM `blog_article` INNER JOIN blog_user ON blog_article.user_id=blog_user.id   [ RunTime:0.0016s ]

[ 2016-05-28T14:53:44+08:00 ] ::1 /blog/index.php/Admin/Article/edit
INFO: [ app_init ] --START--
INFO: Run Behavior\BuildLiteBehavior [ RunTime:0.000258s ]
INFO: [ app_init ] --END-- [ RunTime:0.002425s ]
INFO: [ app_begin ] --START--
INFO: Run Behavior\ReadHtmlCacheBehavior [ RunTime:0.001392s ]
INFO: [ app_begin ] --END-- [ RunTime:0.002253s ]
SQL: SHOW COLUMNS FROM `blog_article` [ RunTime:0.0223s ]
SQL: UPDATE `blog_article` SET `state`='2' WHERE `id` = 2 [ RunTime:0.3845s ]

[ 2016-05-28T14:53:45+08:00 ] ::1 /blog/index.php/Admin/Article/index
INFO: [ app_init ] --START--
INFO: Run Behavior\BuildLiteBehavior [ RunTime:0.000234s ]
INFO: [ app_init ] --END-- [ RunTime:0.002305s ]
INFO: [ app_begin ] --START--
INFO: Run Behavior\ReadHtmlCacheBehavior [ RunTime:0.001683s ]
INFO: [ app_begin ] --END-- [ RunTime:0.002857s ]
INFO: [ view_parse ] --START--
INFO: [ template_filter ] --START--
INFO: Run Behavior\ContentReplaceBehavior [ RunTime:0.000612s ]
INFO: [ template_filter ] --END-- [ RunTime:0.001691s ]
INFO: Run Behavior\ParseTemplateBehavior [ RunTime:0.024816s ]
INFO: [ view_parse ] --END-- [ RunTime:0.025938s ]
INFO: [ view_filter ] --START--
INFO: Run Behavior\WriteHtmlCacheBehavior [ RunTime:0.001014s ]
INFO: [ view_filter ] --END-- [ RunTime:0.002072s ]
INFO: [ app_end ] --START--
INFO: Run Behavior\ShowPageTraceBehavior [ RunTime:0.001353s ]
INFO: [ app_end ] --END-- [ RunTime:0.002410s ]

[ 2016-05-28T14:53:47+08:00 ] ::1 /blog/index.php/Admin/Article/data_init
INFO: [ app_init ] --START--
INFO: Run Behavior\BuildLiteBehavior [ RunTime:0.000285s ]
INFO: [ app_init ] --END-- [ RunTime:0.002807s ]
INFO: [ app_begin ] --START--
INFO: Run Behavior\ReadHtmlCacheBehavior [ RunTime:0.001794s ]
INFO: [ app_begin ] --END-- [ RunTime:0.002810s ]
SQL: SHOW COLUMNS FROM `blog_article` [ RunTime:0.0145s ]
SQL: SELECT blog_article.*,blog_user.username FROM `blog_article` INNER JOIN blog_user ON blog_article.user_id=blog_user.id   [ RunTime:0.0014s ]

[ 2016-05-28T14:54:30+08:00 ] ::1 /blog/index.php/Admin/Permission/index
INFO: [ app_init ] --START--
INFO: Run Behavior\BuildLiteBehavior [ RunTime:0.000263s ]
INFO: [ app_init ] --END-- [ RunTime:0.002746s ]
INFO: [ app_begin ] --START--
INFO: Run Behavior\ReadHtmlCacheBehavior [ RunTime:0.001377s ]
INFO: [ app_begin ] --END-- [ RunTime:0.002463s ]
INFO: [ view_parse ] --START--
INFO: [ template_filter ] --START--
INFO: Run Behavior\ContentReplaceBehavior [ RunTime:0.001152s ]
INFO: [ template_filter ] --END-- [ RunTime:0.003058s ]
INFO: Run Behavior\ParseTemplateBehavior [ RunTime:0.131582s ]
INFO: [ view_parse ] --END-- [ RunTime:0.133749s ]
INFO: [ view_filter ] --START--
INFO: Run Behavior\WriteHtmlCacheBehavior [ RunTime:0.003539s ]
INFO: [ view_filter ] --END-- [ RunTime:0.006466s ]
INFO: [ app_end ] --START--
INFO: Run Behavior\ShowPageTraceBehavior [ RunTime:0.004214s ]
INFO: [ app_end ] --END-- [ RunTime:0.007193s ]

[ 2016-05-28T14:54:31+08:00 ] ::1 /blog/index.php/Admin/Permission/data_init
INFO: [ app_init ] --START--
INFO: Run Behavior\BuildLiteBehavior [ RunTime:0.000261s ]
INFO: [ app_init ] --END-- [ RunTime:0.002389s ]
INFO: [ app_begin ] --START--
INFO: Run Behavior\ReadHtmlCacheBehavior [ RunTime:0.001250s ]
INFO: [ app_begin ] --END-- [ RunTime:0.002113s ]
SQL: SHOW COLUMNS FROM `blog_user` [ RunTime:0.0165s ]
SQL: SELECT * FROM `blog_user`  [ RunTime:0.0021s ]

[ 2016-05-28T14:55:53+08:00 ] ::1 /blog/index.php/Admin/Permission/index
INFO: [ app_init ] --START--
INFO: Run Behavior\BuildLiteBehavior [ RunTime:0.000326s ]
INFO: [ app_init ] --END-- [ RunTime:0.003709s ]
INFO: [ app_begin ] --START--
INFO: Run Behavior\ReadHtmlCacheBehavior [ RunTime:0.002428s ]
INFO: [ app_begin ] --END-- [ RunTime:0.004145s ]
INFO: [ view_parse ] --START--
INFO: [ template_filter ] --START--
INFO: Run Behavior\ContentReplaceBehavior [ RunTime:0.000658s ]
INFO: [ template_filter ] --END-- [ RunTime:0.001791s ]
INFO: Run Behavior\ParseTemplateBehavior [ RunTime:0.028398s ]
INFO: [ view_parse ] --END-- [ RunTime:0.029630s ]
INFO: [ view_filter ] --START--
INFO: Run Behavior\WriteHtmlCacheBehavior [ RunTime:0.001139s ]
INFO: [ view_filter ] --END-- [ RunTime:0.002193s ]
INFO: [ app_end ] --START--
INFO: Run Behavior\ShowPageTraceBehavior [ RunTime:0.001226s ]
INFO: [ app_end ] --END-- [ RunTime:0.002273s ]

[ 2016-05-28T14:55:53+08:00 ] ::1 /blog/index.php/Admin/Permission/data_init
INFO: [ app_init ] --START--
INFO: Run Behavior\BuildLiteBehavior [ RunTime:0.000221s ]
INFO: [ app_init ] --END-- [ RunTime:0.002191s ]
INFO: [ app_begin ] --START--
INFO: Run Behavior\ReadHtmlCacheBehavior [ RunTime:0.001359s ]
INFO: [ app_begin ] --END-- [ RunTime:0.002301s ]
SQL: SHOW COLUMNS FROM `blog_user` [ RunTime:0.0125s ]
SQL: SELECT * FROM `blog_user`  [ RunTime:0.0008s ]

[ 2016-05-28T14:57:30+08:00 ] ::1 /blog/index.php/Admin/Article/index
INFO: [ app_init ] --START--
INFO: Run Behavior\BuildLiteBehavior [ RunTime:0.000223s ]
INFO: [ app_init ] --END-- [ RunTime:0.002317s ]
INFO: [ app_begin ] --START--
INFO: Run Behavior\ReadHtmlCacheBehavior [ RunTime:0.001579s ]
INFO: [ app_begin ] --END-- [ RunTime:0.002793s ]
INFO: [ view_parse ] --START--
INFO: [ template_filter ] --START--
INFO: Run Behavior\ContentReplaceBehavior [ RunTime:0.000732s ]
INFO: [ template_filter ] --END-- [ RunTime:0.001921s ]
INFO: Run Behavior\ParseTemplateBehavior [ RunTime:0.035033s ]
INFO: [ view_parse ] --END-- [ RunTime:0.036152s ]
INFO: [ view_filter ] --START--
INFO: Run Behavior\WriteHtmlCacheBehavior [ RunTime:0.001211s ]
INFO: [ view_filter ] --END-- [ RunTime:0.002323s ]
INFO: [ app_end ] --START--
INFO: Run Behavior\ShowPageTraceBehavior [ RunTime:0.001474s ]
INFO: [ app_end ] --END-- [ RunTime:0.002543s ]

[ 2016-05-28T14:57:30+08:00 ] ::1 /blog/index.php/Admin/Article/data_init
INFO: [ app_init ] --START--
INFO: Run Behavior\BuildLiteBehavior [ RunTime:0.000210s ]
INFO: [ app_init ] --END-- [ RunTime:0.002060s ]
INFO: [ app_begin ] --START--
INFO: Run Behavior\ReadHtmlCacheBehavior [ RunTime:0.001382s ]
INFO: [ app_begin ] --END-- [ RunTime:0.002285s ]
SQL: SHOW COLUMNS FROM `blog_article` [ RunTime:0.0277s ]
SQL: SELECT blog_article.*,blog_user.username FROM `blog_article` INNER JOIN blog_user ON blog_article.user_id=blog_user.id   [ RunTime:0.0013s ]

[ 2016-05-28T14:58:07+08:00 ] ::1 /blog/index.php/Admin/Article/index
INFO: [ app_init ] --START--
INFO: Run Behavior\BuildLiteBehavior [ RunTime:0.000232s ]
INFO: [ app_init ] --END-- [ RunTime:0.002267s ]
INFO: [ app_begin ] --START--
INFO: Run Behavior\ReadHtmlCacheBehavior [ RunTime:0.001567s ]
INFO: [ app_begin ] --END-- [ RunTime:0.002662s ]
INFO: [ view_parse ] --START--
INFO: [ template_filter ] --START--
INFO: Run Behavior\ContentReplaceBehavior [ RunTime:0.000636s ]
INFO: [ template_filter ] --END-- [ RunTime:0.001777s ]
INFO: Run Behavior\ParseTemplateBehavior [ RunTime:0.034137s ]
INFO: [ view_parse ] --END-- [ RunTime:0.035241s ]
INFO: [ view_filter ] --START--
INFO: Run Behavior\WriteHtmlCacheBehavior [ RunTime:0.001237s ]
INFO: [ view_filter ] --END-- [ RunTime:0.002332s ]
INFO: [ app_end ] --START--
INFO: Run Behavior\ShowPageTraceBehavior [ RunTime:0.001452s ]
INFO: [ app_end ] --END-- [ RunTime:0.002509s ]

[ 2016-05-28T14:58:08+08:00 ] ::1 /blog/index.php/Admin/Article/data_init
INFO: [ app_init ] --START--
INFO: Run Behavior\BuildLiteBehavior [ RunTime:0.000229s ]
INFO: [ app_init ] --END-- [ RunTime:0.002276s ]
INFO: [ app_begin ] --START--
INFO: Run Behavior\ReadHtmlCacheBehavior [ RunTime:0.001448s ]
INFO: [ app_begin ] --END-- [ RunTime:0.002467s ]
SQL: SHOW COLUMNS FROM `blog_article` [ RunTime:0.0333s ]
SQL: SELECT blog_article.*,blog_user.username FROM `blog_article` INNER JOIN blog_user ON blog_article.user_id=blog_user.id   [ RunTime:0.0017s ]

[ 2016-05-28T14:58:26+08:00 ] ::1 /blog/index.php/Admin/Index/index.html
INFO: [ app_init ] --START--
INFO: Run Behavior\BuildLiteBehavior [ RunTime:0.000204s ]
INFO: [ app_init ] --END-- [ RunTime:0.002033s ]
INFO: [ app_begin ] --START--
INFO: Run Behavior\ReadHtmlCacheBehavior [ RunTime:0.001332s ]
INFO: [ app_begin ] --END-- [ RunTime:0.002420s ]
INFO: [ view_parse ] --START--
INFO: [ template_filter ] --START--
INFO: Run Behavior\ContentReplaceBehavior [ RunTime:0.001038s ]
INFO: [ template_filter ] --END-- [ RunTime:0.002186s ]
INFO: Run Behavior\ParseTemplateBehavior [ RunTime:0.168123s ]
INFO: [ view_parse ] --END-- [ RunTime:0.169490s ]
INFO: [ view_filter ] --START--
INFO: Run Behavior\WriteHtmlCacheBehavior [ RunTime:0.001580s ]
INFO: [ view_filter ] --END-- [ RunTime:0.002934s ]
INFO: [ app_end ] --START--
INFO: Run Behavior\ShowPageTraceBehavior [ RunTime:0.001774s ]
INFO: [ app_end ] --END-- [ RunTime:0.003673s ]

[ 2016-05-28T14:58:27+08:00 ] ::1 /blog/index.php/Admin/Welcome/index
INFO: [ app_init ] --START--
INFO: Run Behavior\BuildLiteBehavior [ RunTime:0.000207s ]
INFO: [ app_init ] --END-- [ RunTime:0.002021s ]
INFO: [ app_begin ] --START--
INFO: Run Behavior\ReadHtmlCacheBehavior [ RunTime:0.001881s ]
INFO: [ app_begin ] --END-- [ RunTime:0.002995s ]
INFO: [ view_parse ] --START--
INFO: [ template_filter ] --START--
INFO: Run Behavior\ContentReplaceBehavior [ RunTime:0.000514s ]
INFO: [ template_filter ] --END-- [ RunTime:0.001622s ]
INFO: Run Behavior\ParseTemplateBehavior [ RunTime:0.022689s ]
INFO: [ view_parse ] --END-- [ RunTime:0.023819s ]
INFO: [ view_filter ] --START--
INFO: Run Behavior\WriteHtmlCacheBehavior [ RunTime:0.001432s ]
INFO: [ view_filter ] --END-- [ RunTime:0.002522s ]
INFO: [ app_end ] --START--
INFO: Run Behavior\ShowPageTraceBehavior [ RunTime:0.001893s ]
INFO: [ app_end ] --END-- [ RunTime:0.003271s ]

[ 2016-05-28T14:58:30+08:00 ] ::1 /blog/index.php/Admin/Article/index
INFO: [ app_init ] --START--
INFO: Run Behavior\BuildLiteBehavior [ RunTime:0.000219s ]
INFO: [ app_init ] --END-- [ RunTime:0.002341s ]
INFO: [ app_begin ] --START--
INFO: Run Behavior\ReadHtmlCacheBehavior [ RunTime:0.001701s ]
INFO: [ app_begin ] --END-- [ RunTime:0.002798s ]
INFO: [ view_parse ] --START--
INFO: [ template_filter ] --START--
INFO: Run Behavior\ContentReplaceBehavior [ RunTime:0.000627s ]
INFO: [ template_filter ] --END-- [ RunTime:0.001721s ]
INFO: Run Behavior\ParseTemplateBehavior [ RunTime:0.026166s ]
INFO: [ view_parse ] --END-- [ RunTime:0.027280s ]
INFO: [ view_filter ] --START--
INFO: Run Behavior\WriteHtmlCacheBehavior [ RunTime:0.001333s ]
INFO: [ view_filter ] --END-- [ RunTime:0.002416s ]
INFO: [ app_end ] --START--
INFO: Run Behavior\ShowPageTraceBehavior [ RunTime:0.001713s ]
INFO: [ app_end ] --END-- [ RunTime:0.003000s ]

[ 2016-05-28T14:58:30+08:00 ] ::1 /blog/index.php/Admin/Article/data_init
INFO: [ app_init ] --START--
INFO: Run Behavior\BuildLiteBehavior [ RunTime:0.000218s ]
INFO: [ app_init ] --END-- [ RunTime:0.002201s ]
INFO: [ app_begin ] --START--
INFO: Run Behavior\ReadHtmlCacheBehavior [ RunTime:0.001672s ]
INFO: [ app_begin ] --END-- [ RunTime:0.002590s ]
SQL: SHOW COLUMNS FROM `blog_article` [ RunTime:0.0117s ]
SQL: SELECT blog_article.*,blog_user.username FROM `blog_article` INNER JOIN blog_user ON blog_article.user_id=blog_user.id   [ RunTime:0.0009s ]

[ 2016-05-28T14:58:53+08:00 ] ::1 /blog/index.php/Admin/Index/index.html
INFO: [ app_init ] --START--
INFO: Run Behavior\BuildLiteBehavior [ RunTime:0.000209s ]
INFO: [ app_init ] --END-- [ RunTime:0.002128s ]
INFO: [ app_begin ] --START--
INFO: Run Behavior\ReadHtmlCacheBehavior [ RunTime:0.001727s ]
INFO: [ app_begin ] --END-- [ RunTime:0.002835s ]
INFO: [ view_parse ] --START--
INFO: [ template_filter ] --START--
INFO: Run Behavior\ContentReplaceBehavior [ RunTime:0.001026s ]
INFO: [ template_filter ] --END-- [ RunTime:0.002209s ]
INFO: Run Behavior\ParseTemplateBehavior [ RunTime:0.077792s ]
INFO: [ view_parse ] --END-- [ RunTime:0.079008s ]
INFO: [ view_filter ] --START--
INFO: Run Behavior\WriteHtmlCacheBehavior [ RunTime:0.001341s ]
INFO: [ view_filter ] --END-- [ RunTime:0.002421s ]
INFO: [ app_end ] --START--
INFO: Run Behavior\ShowPageTraceBehavior [ RunTime:0.002655s ]
INFO: [ app_end ] --END-- [ RunTime:0.004871s ]

[ 2016-05-28T14:58:54+08:00 ] ::1 /blog/index.php/Admin/Welcome/index
INFO: [ app_init ] --START--
INFO: Run Behavior\BuildLiteBehavior [ RunTime:0.000209s ]
INFO: [ app_init ] --END-- [ RunTime:0.002187s ]
INFO: [ app_begin ] --START--
INFO: Run Behavior\ReadHtmlCacheBehavior [ RunTime:0.001780s ]
INFO: [ app_begin ] --END-- [ RunTime:0.002872s ]
INFO: [ view_parse ] --START--
INFO: [ template_filter ] --START--
INFO: Run Behavior\ContentReplaceBehavior [ RunTime:0.000494s ]
INFO: [ template_filter ] --END-- [ RunTime:0.001599s ]
INFO: Run Behavior\ParseTemplateBehavior [ RunTime:0.021563s ]
INFO: [ view_parse ] --END-- [ RunTime:0.022798s ]
INFO: [ view_filter ] --START--
INFO: Run Behavior\WriteHtmlCacheBehavior [ RunTime:0.001839s ]
INFO: [ view_filter ] --END-- [ RunTime:0.003087s ]
INFO: [ app_end ] --START--
INFO: Run Behavior\ShowPageTraceBehavior [ RunTime:0.001748s ]
INFO: [ app_end ] --END-- [ RunTime:0.002823s ]

[ 2016-05-28T14:58:57+08:00 ] ::1 /blog/index.php/Admin/Article/index
INFO: [ app_init ] --START--
INFO: Run Behavior\BuildLiteBehavior [ RunTime:0.000275s ]
INFO: [ app_init ] --END-- [ RunTime:0.002784s ]
INFO: [ app_begin ] --START--
INFO: Run Behavior\ReadHtmlCacheBehavior [ RunTime:0.001843s ]
INFO: [ app_begin ] --END-- [ RunTime:0.003032s ]
INFO: [ view_parse ] --START--
INFO: [ template_filter ] --START--
INFO: Run Behavior\ContentReplaceBehavior [ RunTime:0.000628s ]
INFO: [ template_filter ] --END-- [ RunTime:0.001781s ]
INFO: Run Behavior\ParseTemplateBehavior [ RunTime:0.034952s ]
INFO: [ view_parse ] --END-- [ RunTime:0.036299s ]
INFO: [ view_filter ] --START--
INFO: Run Behavior\WriteHtmlCacheBehavior [ RunTime:0.001474s ]
INFO: [ view_filter ] --END-- [ RunTime:0.002548s ]
INFO: [ app_end ] --START--
INFO: Run Behavior\ShowPageTraceBehavior [ RunTime:0.001782s ]
INFO: [ app_end ] --END-- [ RunTime:0.002855s ]

[ 2016-05-28T14:58:58+08:00 ] ::1 /blog/index.php/Admin/Article/data_init
INFO: [ app_init ] --START--
INFO: Run Behavior\BuildLiteBehavior [ RunTime:0.000205s ]
INFO: [ app_init ] --END-- [ RunTime:0.002075s ]
INFO: [ app_begin ] --START--
INFO: Run Behavior\ReadHtmlCacheBehavior [ RunTime:0.001484s ]
INFO: [ app_begin ] --END-- [ RunTime:0.002346s ]
SQL: SHOW COLUMNS FROM `blog_article` [ RunTime:0.0300s ]
SQL: SELECT blog_article.*,blog_user.username FROM `blog_article` INNER JOIN blog_user ON blog_article.user_id=blog_user.id   [ RunTime:0.0014s ]

[ 2016-05-28T14:59:20+08:00 ] ::1 /blog/index.php/Admin/Index/index.html
INFO: [ app_init ] --START--
INFO: Run Behavior\BuildLiteBehavior [ RunTime:0.000264s ]
INFO: [ app_init ] --END-- [ RunTime:0.002454s ]
INFO: [ app_begin ] --START--
INFO: Run Behavior\ReadHtmlCacheBehavior [ RunTime:0.001927s ]
INFO: [ app_begin ] --END-- [ RunTime:0.003238s ]
INFO: [ view_parse ] --START--
INFO: [ template_filter ] --START--
INFO: Run Behavior\ContentReplaceBehavior [ RunTime:0.001105s ]
INFO: [ template_filter ] --END-- [ RunTime:0.002408s ]
INFO: Run Behavior\ParseTemplateBehavior [ RunTime:0.085701s ]
INFO: [ view_parse ] --END-- [ RunTime:0.087239s ]
INFO: [ view_filter ] --START--
INFO: Run Behavior\WriteHtmlCacheBehavior [ RunTime:0.001309s ]
INFO: [ view_filter ] --END-- [ RunTime:0.002379s ]
INFO: [ app_end ] --START--
INFO: Run Behavior\ShowPageTraceBehavior [ RunTime:0.002587s ]
INFO: [ app_end ] --END-- [ RunTime:0.004452s ]

[ 2016-05-28T14:59:21+08:00 ] ::1 /blog/index.php/Admin/Welcome/index
INFO: [ app_init ] --START--
INFO: Run Behavior\BuildLiteBehavior [ RunTime:0.000391s ]
INFO: [ app_init ] --END-- [ RunTime:0.003026s ]
INFO: [ app_begin ] --START--
INFO: Run Behavior\ReadHtmlCacheBehavior [ RunTime:0.001930s ]
INFO: [ app_begin ] --END-- [ RunTime:0.003308s ]
INFO: [ view_parse ] --START--
INFO: [ template_filter ] --START--
INFO: Run Behavior\ContentReplaceBehavior [ RunTime:0.000584s ]
INFO: [ template_filter ] --END-- [ RunTime:0.001904s ]
INFO: Run Behavior\ParseTemplateBehavior [ RunTime:0.075547s ]
INFO: [ view_parse ] --END-- [ RunTime:0.077487s ]
INFO: [ view_filter ] --START--
INFO: Run Behavior\WriteHtmlCacheBehavior [ RunTime:0.001657s ]
INFO: [ view_filter ] --END-- [ RunTime:0.002888s ]
INFO: [ app_end ] --START--
INFO: Run Behavior\ShowPageTraceBehavior [ RunTime:0.001978s ]
INFO: [ app_end ] --END-- [ RunTime:0.003360s ]

[ 2016-05-28T14:59:23+08:00 ] ::1 /blog/index.php/Admin/Article/index
INFO: [ app_init ] --START--
INFO: Run Behavior\BuildLiteBehavior [ RunTime:0.000231s ]
INFO: [ app_init ] --END-- [ RunTime:0.002102s ]
INFO: [ app_begin ] --START--
INFO: Run Behavior\ReadHtmlCacheBehavior [ RunTime:0.001802s ]
INFO: [ app_begin ] --END-- [ RunTime:0.002975s ]
INFO: [ view_parse ] --START--
INFO: [ template_filter ] --START--
INFO: Run Behavior\ContentReplaceBehavior [ RunTime:0.000720s ]
INFO: [ template_filter ] --END-- [ RunTime:0.002223s ]
INFO: Run Behavior\ParseTemplateBehavior [ RunTime:0.047338s ]
INFO: [ view_parse ] --END-- [ RunTime:0.048780s ]
INFO: [ view_filter ] --START--
INFO: Run Behavior\WriteHtmlCacheBehavior [ RunTime:0.001614s ]
INFO: [ view_filter ] --END-- [ RunTime:0.003262s ]
INFO: [ app_end ] --START--
INFO: Run Behavior\ShowPageTraceBehavior [ RunTime:0.002721s ]
INFO: [ app_end ] --END-- [ RunTime:0.004704s ]

[ 2016-05-28T14:59:23+08:00 ] ::1 /blog/index.php/Admin/Article/data_init
INFO: [ app_init ] --START--
INFO: Run Behavior\BuildLiteBehavior [ RunTime:0.000256s ]
INFO: [ app_init ] --END-- [ RunTime:0.002588s ]
INFO: [ app_begin ] --START--
INFO: Run Behavior\ReadHtmlCacheBehavior [ RunTime:0.001763s ]
INFO: [ app_begin ] --END-- [ RunTime:0.002735s ]
SQL: SHOW COLUMNS FROM `blog_article` [ RunTime:0.0120s ]
SQL: SELECT blog_article.*,blog_user.username FROM `blog_article` INNER JOIN blog_user ON blog_article.user_id=blog_user.id   [ RunTime:0.0009s ]

[ 2016-05-28T15:04:47+08:00 ] ::1 /blog/index.php/Admin/Index/index.html
INFO: [ app_init ] --START--
INFO: Run Behavior\BuildLiteBehavior [ RunTime:0.000379s ]
INFO: [ app_init ] --END-- [ RunTime:0.003055s ]
INFO: [ app_begin ] --START--
INFO: Run Behavior\ReadHtmlCacheBehavior [ RunTime:0.002273s ]
INFO: [ app_begin ] --END-- [ RunTime:0.003569s ]
INFO: [ view_parse ] --START--
INFO: [ template_filter ] --START--
INFO: Run Behavior\ContentReplaceBehavior [ RunTime:0.000972s ]
INFO: [ template_filter ] --END-- [ RunTime:0.002050s ]
INFO: Run Behavior\ParseTemplateBehavior [ RunTime:0.089519s ]
INFO: [ view_parse ] --END-- [ RunTime:0.091060s ]
INFO: [ view_filter ] --START--
INFO: Run Behavior\WriteHtmlCacheBehavior [ RunTime:0.001349s ]
INFO: [ view_filter ] --END-- [ RunTime:0.002406s ]
INFO: [ app_end ] --START--
INFO: Run Behavior\ShowPageTraceBehavior [ RunTime:0.002665s ]
INFO: [ app_end ] --END-- [ RunTime:0.004327s ]

[ 2016-05-28T15:04:48+08:00 ] ::1 /blog/index.php/Admin/Welcome/index
INFO: [ app_init ] --START--
INFO: Run Behavior\BuildLiteBehavior [ RunTime:0.000336s ]
INFO: [ app_init ] --END-- [ RunTime:0.003406s ]
INFO: [ app_begin ] --START--
INFO: Run Behavior\ReadHtmlCacheBehavior [ RunTime:0.003400s ]
INFO: [ app_begin ] --END-- [ RunTime:0.004990s ]
INFO: [ view_parse ] --START--
INFO: [ template_filter ] --START--
INFO: Run Behavior\ContentReplaceBehavior [ RunTime:0.000906s ]
INFO: [ template_filter ] --END-- [ RunTime:0.002949s ]
INFO: Run Behavior\ParseTemplateBehavior [ RunTime:0.048032s ]
INFO: [ view_parse ] --END-- [ RunTime:0.049430s ]
INFO: [ view_filter ] --START--
INFO: Run Behavior\WriteHtmlCacheBehavior [ RunTime:0.001584s ]
INFO: [ view_filter ] --END-- [ RunTime:0.003005s ]
INFO: [ app_end ] --START--
INFO: Run Behavior\ShowPageTraceBehavior [ RunTime:0.001978s ]
INFO: [ app_end ] --END-- [ RunTime:0.003396s ]

[ 2016-05-28T15:04:51+08:00 ] ::1 /blog/index.php/Admin/Article/index
INFO: [ app_init ] --START--
INFO: Run Behavior\BuildLiteBehavior [ RunTime:0.000243s ]
INFO: [ app_init ] --END-- [ RunTime:0.002500s ]
INFO: [ app_begin ] --START--
INFO: Run Behavior\ReadHtmlCacheBehavior [ RunTime:0.002297s ]
INFO: [ app_begin ] --END-- [ RunTime:0.004040s ]
INFO: [ view_parse ] --START--
INFO: [ template_filter ] --START--
INFO: Run Behavior\ContentReplaceBehavior [ RunTime:0.000861s ]
INFO: [ template_filter ] --END-- [ RunTime:0.002240s ]
INFO: Run Behavior\ParseTemplateBehavior [ RunTime:0.045174s ]
INFO: [ view_parse ] --END-- [ RunTime:0.046780s ]
INFO: [ view_filter ] --START--
INFO: Run Behavior\WriteHtmlCacheBehavior [ RunTime:0.001545s ]
INFO: [ view_filter ] --END-- [ RunTime:0.002807s ]
INFO: [ app_end ] --START--
INFO: Run Behavior\ShowPageTraceBehavior [ RunTime:0.001894s ]
INFO: [ app_end ] --END-- [ RunTime:0.003182s ]

[ 2016-05-28T15:04:51+08:00 ] ::1 /blog/index.php/Admin/Article/data_init
INFO: [ app_init ] --START--
INFO: Run Behavior\BuildLiteBehavior [ RunTime:0.000200s ]
INFO: [ app_init ] --END-- [ RunTime:0.001904s ]
INFO: [ app_begin ] --START--
INFO: Run Behavior\ReadHtmlCacheBehavior [ RunTime:0.001468s ]
INFO: [ app_begin ] --END-- [ RunTime:0.002332s ]
SQL: SHOW COLUMNS FROM `blog_article` [ RunTime:0.0125s ]
SQL: SELECT blog_article.*,blog_user.username FROM `blog_article` INNER JOIN blog_user ON blog_article.user_id=blog_user.id   [ RunTime:0.0010s ]

[ 2016-05-28T15:04:56+08:00 ] ::1 /blog/index.php/Admin/Article/edit
INFO: [ app_init ] --START--
INFO: Run Behavior\BuildLiteBehavior [ RunTime:0.000321s ]
INFO: [ app_init ] --END-- [ RunTime:0.003373s ]
INFO: [ app_begin ] --START--
INFO: Run Behavior\ReadHtmlCacheBehavior [ RunTime:0.001640s ]
INFO: [ app_begin ] --END-- [ RunTime:0.002531s ]
SQL: SHOW COLUMNS FROM `blog_article` [ RunTime:0.0308s ]
SQL: UPDATE `blog_article` SET `state`='2' WHERE `id` = 3 [ RunTime:0.0764s ]

[ 2016-05-28T15:04:57+08:00 ] ::1 /blog/index.php/Admin/Article/index
INFO: [ app_init ] --START--
INFO: Run Behavior\BuildLiteBehavior [ RunTime:0.000349s ]
INFO: [ app_init ] --END-- [ RunTime:0.003551s ]
INFO: [ app_begin ] --START--
INFO: Run Behavior\ReadHtmlCacheBehavior [ RunTime:0.001695s ]
INFO: [ app_begin ] --END-- [ RunTime:0.002859s ]
INFO: [ view_parse ] --START--
INFO: [ template_filter ] --START--
INFO: Run Behavior\ContentReplaceBehavior [ RunTime:0.000639s ]
INFO: [ template_filter ] --END-- [ RunTime:0.001744s ]
INFO: Run Behavior\ParseTemplateBehavior [ RunTime:0.026889s ]
INFO: [ view_parse ] --END-- [ RunTime:0.028033s ]
INFO: [ view_filter ] --START--
INFO: Run Behavior\WriteHtmlCacheBehavior [ RunTime:0.001477s ]
INFO: [ view_filter ] --END-- [ RunTime:0.002581s ]
INFO: [ app_end ] --START--
INFO: Run Behavior\ShowPageTraceBehavior [ RunTime:0.001737s ]
INFO: [ app_end ] --END-- [ RunTime:0.002827s ]

[ 2016-05-28T15:04:58+08:00 ] ::1 /blog/index.php/Admin/Article/data_init
INFO: [ app_init ] --START--
INFO: Run Behavior\BuildLiteBehavior [ RunTime:0.000251s ]
INFO: [ app_init ] --END-- [ RunTime:0.002503s ]
INFO: [ app_begin ] --START--
INFO: Run Behavior\ReadHtmlCacheBehavior [ RunTime:0.001947s ]
INFO: [ app_begin ] --END-- [ RunTime:0.003015s ]
SQL: SHOW COLUMNS FROM `blog_article` [ RunTime:0.0123s ]
SQL: SELECT blog_article.*,blog_user.username FROM `blog_article` INNER JOIN blog_user ON blog_article.user_id=blog_user.id   [ RunTime:0.0009s ]

[ 2016-05-28T15:10:40+08:00 ] ::1 /blog/index.php/Admin/Index/index.html
INFO: [ app_init ] --START--
INFO: Run Behavior\BuildLiteBehavior [ RunTime:0.000264s ]
INFO: [ app_init ] --END-- [ RunTime:0.002641s ]
INFO: [ app_begin ] --START--
INFO: Run Behavior\ReadHtmlCacheBehavior [ RunTime:0.001752s ]
INFO: [ app_begin ] --END-- [ RunTime:0.002859s ]
INFO: [ view_parse ] --START--
INFO: [ template_filter ] --START--
INFO: Run Behavior\ContentReplaceBehavior [ RunTime:0.000976s ]
INFO: [ template_filter ] --END-- [ RunTime:0.002101s ]
INFO: Run Behavior\ParseTemplateBehavior [ RunTime:0.400443s ]
INFO: [ view_parse ] --END-- [ RunTime:0.403075s ]
INFO: [ view_filter ] --START--
INFO: Run Behavior\WriteHtmlCacheBehavior [ RunTime:0.003911s ]
INFO: [ view_filter ] --END-- [ RunTime:0.006915s ]
INFO: [ app_end ] --START--
INFO: Run Behavior\ShowPageTraceBehavior [ RunTime:0.003093s ]
INFO: [ app_end ] --END-- [ RunTime:0.006667s ]

[ 2016-05-28T15:10:40+08:00 ] ::1 /blog/index.php/Admin/Welcome/index
INFO: [ app_init ] --START--
INFO: Run Behavior\BuildLiteBehavior [ RunTime:0.000210s ]
INFO: [ app_init ] --END-- [ RunTime:0.002407s ]
INFO: [ app_begin ] --START--
INFO: Run Behavior\ReadHtmlCacheBehavior [ RunTime:0.001761s ]
INFO: [ app_begin ] --END-- [ RunTime:0.002856s ]
INFO: [ view_parse ] --START--
INFO: [ template_filter ] --START--
INFO: Run Behavior\ContentReplaceBehavior [ RunTime:0.000501s ]
INFO: [ template_filter ] --END-- [ RunTime:0.001613s ]
INFO: Run Behavior\ParseTemplateBehavior [ RunTime:0.021531s ]
INFO: [ view_parse ] --END-- [ RunTime:0.022647s ]
INFO: [ view_filter ] --START--
INFO: Run Behavior\WriteHtmlCacheBehavior [ RunTime:0.001318s ]
INFO: [ view_filter ] --END-- [ RunTime:0.002385s ]
INFO: [ app_end ] --START--
INFO: Run Behavior\ShowPageTraceBehavior [ RunTime:0.001655s ]
INFO: [ app_end ] --END-- [ RunTime:0.002716s ]

[ 2016-05-28T15:10:43+08:00 ] ::1 /blog/index.php/Admin/Permission/index
INFO: [ app_init ] --START--
INFO: Run Behavior\BuildLiteBehavior [ RunTime:0.000267s ]
INFO: [ app_init ] --END-- [ RunTime:0.002715s ]
INFO: [ app_begin ] --START--
INFO: Run Behavior\ReadHtmlCacheBehavior [ RunTime:0.001776s ]
INFO: [ app_begin ] --END-- [ RunTime:0.002881s ]
INFO: [ view_parse ] --START--
INFO: [ template_filter ] --START--
INFO: Run Behavior\ContentReplaceBehavior [ RunTime:0.000655s ]
INFO: [ template_filter ] --END-- [ RunTime:0.001804s ]
INFO: Run Behavior\ParseTemplateBehavior [ RunTime:0.028328s ]
INFO: [ view_parse ] --END-- [ RunTime:0.029467s ]
INFO: [ view_filter ] --START--
INFO: Run Behavior\WriteHtmlCacheBehavior [ RunTime:0.001380s ]
INFO: [ view_filter ] --END-- [ RunTime:0.002462s ]
INFO: [ app_end ] --START--
INFO: Run Behavior\ShowPageTraceBehavior [ RunTime:0.001665s ]
INFO: [ app_end ] --END-- [ RunTime:0.002747s ]

[ 2016-05-28T15:10:44+08:00 ] ::1 /blog/index.php/Admin/Permission/data_init
INFO: [ app_init ] --START--
INFO: Run Behavior\BuildLiteBehavior [ RunTime:0.000271s ]
INFO: [ app_init ] --END-- [ RunTime:0.002880s ]
INFO: [ app_begin ] --START--
INFO: Run Behavior\ReadHtmlCacheBehavior [ RunTime:0.001562s ]
INFO: [ app_begin ] --END-- [ RunTime:0.002445s ]
SQL: SHOW COLUMNS FROM `blog_user` [ RunTime:0.0313s ]
SQL: SELECT * FROM `blog_user`  [ RunTime:0.0021s ]

[ 2016-05-28T15:10:45+08:00 ] ::1 /blog/index.php/Admin/Article/index
INFO: [ app_init ] --START--
INFO: Run Behavior\BuildLiteBehavior [ RunTime:0.000207s ]
INFO: [ app_init ] --END-- [ RunTime:0.002123s ]
INFO: [ app_begin ] --START--
INFO: Run Behavior\ReadHtmlCacheBehavior [ RunTime:0.001600s ]
INFO: [ app_begin ] --END-- [ RunTime:0.002684s ]
INFO: [ view_parse ] --START--
INFO: [ template_filter ] --START--
INFO: Run Behavior\ContentReplaceBehavior [ RunTime:0.000641s ]
INFO: [ template_filter ] --END-- [ RunTime:0.001795s ]
INFO: Run Behavior\ParseTemplateBehavior [ RunTime:0.035327s ]
INFO: [ view_parse ] --END-- [ RunTime:0.036465s ]
INFO: [ view_filter ] --START--
INFO: Run Behavior\WriteHtmlCacheBehavior [ RunTime:0.001473s ]
INFO: [ view_filter ] --END-- [ RunTime:0.002711s ]
INFO: [ app_end ] --START--
INFO: Run Behavior\ShowPageTraceBehavior [ RunTime:0.001780s ]
INFO: [ app_end ] --END-- [ RunTime:0.002860s ]

[ 2016-05-28T15:10:46+08:00 ] ::1 /blog/index.php/Admin/Article/data_init
INFO: [ app_init ] --START--
INFO: Run Behavior\BuildLiteBehavior [ RunTime:0.000287s ]
INFO: [ app_init ] --END-- [ RunTime:0.002834s ]
INFO: [ app_begin ] --START--
INFO: Run Behavior\ReadHtmlCacheBehavior [ RunTime:0.001628s ]
INFO: [ app_begin ] --END-- [ RunTime:0.002619s ]
SQL: SHOW COLUMNS FROM `blog_article` [ RunTime:0.0165s ]
SQL: SELECT blog_article.*,blog_user.username FROM `blog_article` INNER JOIN blog_user ON blog_article.user_id=blog_user.id   [ RunTime:0.0014s ]

[ 2016-05-28T15:10:53+08:00 ] ::1 /blog/index.php/Admin/Article/close_comment
INFO: [ app_init ] --START--
INFO: Run Behavior\BuildLiteBehavior [ RunTime:0.000283s ]
INFO: [ app_init ] --END-- [ RunTime:0.002760s ]
INFO: [ app_begin ] --START--
INFO: Run Behavior\ReadHtmlCacheBehavior [ RunTime:0.001849s ]
INFO: [ app_begin ] --END-- [ RunTime:0.002934s ]
SQL: SHOW COLUMNS FROM `blog_article` [ RunTime:0.0306s ]
SQL: UPDATE `blog_article` SET `close_comment`='1' WHERE `id` = 2 [ RunTime:0.0809s ]

[ 2016-05-28T15:10:55+08:00 ] ::1 /blog/index.php/Admin/Article/index
INFO: [ app_init ] --START--
INFO: Run Behavior\BuildLiteBehavior [ RunTime:0.000259s ]
INFO: [ app_init ] --END-- [ RunTime:0.002601s ]
INFO: [ app_begin ] --START--
INFO: Run Behavior\ReadHtmlCacheBehavior [ RunTime:0.001714s ]
INFO: [ app_begin ] --END-- [ RunTime:0.002801s ]
INFO: [ view_parse ] --START--
INFO: [ template_filter ] --START--
INFO: Run Behavior\ContentReplaceBehavior [ RunTime:0.000668s ]
INFO: [ template_filter ] --END-- [ RunTime:0.001770s ]
INFO: Run Behavior\ParseTemplateBehavior [ RunTime:0.028253s ]
INFO: [ view_parse ] --END-- [ RunTime:0.029381s ]
INFO: [ view_filter ] --START--
INFO: Run Behavior\WriteHtmlCacheBehavior [ RunTime:0.001564s ]
INFO: [ view_filter ] --END-- [ RunTime:0.002662s ]
INFO: [ app_end ] --START--
INFO: Run Behavior\ShowPageTraceBehavior [ RunTime:0.001790s ]
INFO: [ app_end ] --END-- [ RunTime:0.002891s ]

[ 2016-05-28T15:10:55+08:00 ] ::1 /blog/index.php/Admin/Article/data_init
INFO: [ app_init ] --START--
INFO: Run Behavior\BuildLiteBehavior [ RunTime:0.000268s ]
INFO: [ app_init ] --END-- [ RunTime:0.002768s ]
INFO: [ app_begin ] --START--
INFO: Run Behavior\ReadHtmlCacheBehavior [ RunTime:0.001477s ]
INFO: [ app_begin ] --END-- [ RunTime:0.002361s ]
SQL: SHOW COLUMNS FROM `blog_article` [ RunTime:0.0279s ]
SQL: SELECT blog_article.*,blog_user.username FROM `blog_article` INNER JOIN blog_user ON blog_article.user_id=blog_user.id   [ RunTime:0.0026s ]

[ 2016-05-28T15:20:01+08:00 ] ::1 /blog/index.php/Admin/Index/index.html
INFO: [ app_init ] --START--
INFO: Run Behavior\BuildLiteBehavior [ RunTime:0.000204s ]
INFO: [ app_init ] --END-- [ RunTime:0.002040s ]
INFO: [ app_begin ] --START--
INFO: Run Behavior\ReadHtmlCacheBehavior [ RunTime:0.002043s ]
INFO: [ app_begin ] --END-- [ RunTime:0.003579s ]
INFO: [ view_parse ] --START--
INFO: [ template_filter ] --START--
INFO: Run Behavior\ContentReplaceBehavior [ RunTime:0.001022s ]
INFO: [ template_filter ] --END-- [ RunTime:0.002344s ]
INFO: Run Behavior\ParseTemplateBehavior [ RunTime:0.610753s ]
INFO: [ view_parse ] --END-- [ RunTime:0.612952s ]
INFO: [ view_filter ] --START--
INFO: Run Behavior\WriteHtmlCacheBehavior [ RunTime:0.003609s ]
INFO: [ view_filter ] --END-- [ RunTime:0.007106s ]
INFO: [ app_end ] --START--
INFO: Run Behavior\ShowPageTraceBehavior [ RunTime:0.005401s ]
INFO: [ app_end ] --END-- [ RunTime:0.009895s ]

[ 2016-05-28T15:20:02+08:00 ] ::1 /blog/index.php/Admin/Welcome/index
INFO: [ app_init ] --START--
INFO: Run Behavior\BuildLiteBehavior [ RunTime:0.000249s ]
INFO: [ app_init ] --END-- [ RunTime:0.002366s ]
INFO: [ app_begin ] --START--
INFO: Run Behavior\ReadHtmlCacheBehavior [ RunTime:0.001435s ]
INFO: [ app_begin ] --END-- [ RunTime:0.002682s ]
INFO: [ view_parse ] --START--
INFO: [ template_filter ] --START--
INFO: Run Behavior\ContentReplaceBehavior [ RunTime:0.000738s ]
INFO: [ template_filter ] --END-- [ RunTime:0.002057s ]
INFO: Run Behavior\ParseTemplateBehavior [ RunTime:0.022122s ]
INFO: [ view_parse ] --END-- [ RunTime:0.023248s ]
INFO: [ view_filter ] --START--
INFO: Run Behavior\WriteHtmlCacheBehavior [ RunTime:0.001390s ]
INFO: [ view_filter ] --END-- [ RunTime:0.002580s ]
INFO: [ app_end ] --START--
INFO: Run Behavior\ShowPageTraceBehavior [ RunTime:0.001639s ]
INFO: [ app_end ] --END-- [ RunTime:0.003019s ]

[ 2016-05-28T15:20:06+08:00 ] ::1 /blog/index.php/Admin/Article/index
INFO: [ app_init ] --START--
INFO: Run Behavior\BuildLiteBehavior [ RunTime:0.000235s ]
INFO: [ app_init ] --END-- [ RunTime:0.002462s ]
INFO: [ app_begin ] --START--
INFO: Run Behavior\ReadHtmlCacheBehavior [ RunTime:0.001674s ]
INFO: [ app_begin ] --END-- [ RunTime:0.003243s ]
INFO: [ view_parse ] --START--
INFO: [ template_filter ] --START--
INFO: Run Behavior\ContentReplaceBehavior [ RunTime:0.000679s ]
INFO: [ template_filter ] --END-- [ RunTime:0.001929s ]
INFO: Run Behavior\ParseTemplateBehavior [ RunTime:0.028026s ]
INFO: [ view_parse ] --END-- [ RunTime:0.029234s ]
INFO: [ view_filter ] --START--
INFO: Run Behavior\WriteHtmlCacheBehavior [ RunTime:0.000992s ]
INFO: [ view_filter ] --END-- [ RunTime:0.002061s ]
INFO: [ app_end ] --START--
INFO: Run Behavior\ShowPageTraceBehavior [ RunTime:0.001268s ]
INFO: [ app_end ] --END-- [ RunTime:0.002346s ]

[ 2016-05-28T15:20:06+08:00 ] ::1 /blog/index.php/Admin/Article/data_init
INFO: [ app_init ] --START--
INFO: Run Behavior\BuildLiteBehavior [ RunTime:0.000219s ]
INFO: [ app_init ] --END-- [ RunTime:0.002327s ]
INFO: [ app_begin ] --START--
INFO: Run Behavior\ReadHtmlCacheBehavior [ RunTime:0.001204s ]
INFO: [ app_begin ] --END-- [ RunTime:0.002096s ]
SQL: SHOW COLUMNS FROM `blog_article` [ RunTime:0.0123s ]
SQL: SELECT blog_article.*,blog_user.username FROM `blog_article` INNER JOIN blog_user ON blog_article.user_id=blog_user.id   [ RunTime:0.0010s ]

[ 2016-05-28T15:21:09+08:00 ] ::1 /blog/index.php/Admin/Index/index.html
INFO: [ app_init ] --START--
INFO: Run Behavior\BuildLiteBehavior [ RunTime:0.000215s ]
INFO: [ app_init ] --END-- [ RunTime:0.002109s ]
INFO: [ app_begin ] --START--
INFO: Run Behavior\ReadHtmlCacheBehavior [ RunTime:0.001594s ]
INFO: [ app_begin ] --END-- [ RunTime:0.002822s ]
INFO: [ view_parse ] --START--
INFO: [ template_filter ] --START--
INFO: Run Behavior\ContentReplaceBehavior [ RunTime:0.000990s ]
INFO: [ template_filter ] --END-- [ RunTime:0.002142s ]
INFO: Run Behavior\ParseTemplateBehavior [ RunTime:0.077414s ]
INFO: [ view_parse ] --END-- [ RunTime:0.078548s ]
INFO: [ view_filter ] --START--
INFO: Run Behavior\WriteHtmlCacheBehavior [ RunTime:0.001029s ]
INFO: [ view_filter ] --END-- [ RunTime:0.002112s ]
INFO: [ app_end ] --START--
INFO: Run Behavior\ShowPageTraceBehavior [ RunTime:0.001691s ]
INFO: [ app_end ] --END-- [ RunTime:0.003451s ]

[ 2016-05-28T15:21:10+08:00 ] ::1 /blog/index.php/Admin/Welcome/index
INFO: [ app_init ] --START--
INFO: Run Behavior\BuildLiteBehavior [ RunTime:0.000242s ]
INFO: [ app_init ] --END-- [ RunTime:0.002163s ]
INFO: [ app_begin ] --START--
INFO: Run Behavior\ReadHtmlCacheBehavior [ RunTime:0.001675s ]
INFO: [ app_begin ] --END-- [ RunTime:0.002950s ]
INFO: [ view_parse ] --START--
INFO: [ template_filter ] --START--
INFO: Run Behavior\ContentReplaceBehavior [ RunTime:0.000992s ]
INFO: [ template_filter ] --END-- [ RunTime:0.003387s ]
INFO: Run Behavior\ParseTemplateBehavior [ RunTime:0.025887s ]
INFO: [ view_parse ] --END-- [ RunTime:0.027201s ]
INFO: [ view_filter ] --START--
INFO: Run Behavior\WriteHtmlCacheBehavior [ RunTime:0.001130s ]
INFO: [ view_filter ] --END-- [ RunTime:0.002453s ]
INFO: [ app_end ] --START--
INFO: Run Behavior\ShowPageTraceBehavior [ RunTime:0.001738s ]
INFO: [ app_end ] --END-- [ RunTime:0.003289s ]

[ 2016-05-28T15:21:13+08:00 ] ::1 /blog/index.php/Admin/Article/index
INFO: [ app_init ] --START--
INFO: Run Behavior\BuildLiteBehavior [ RunTime:0.000204s ]
INFO: [ app_init ] --END-- [ RunTime:0.002019s ]
INFO: [ app_begin ] --START--
INFO: Run Behavior\ReadHtmlCacheBehavior [ RunTime:0.001567s ]
INFO: [ app_begin ] --END-- [ RunTime:0.002971s ]
INFO: [ view_parse ] --START--
INFO: [ template_filter ] --START--
INFO: Run Behavior\ContentReplaceBehavior [ RunTime:0.000795s ]
INFO: [ template_filter ] --END-- [ RunTime:0.002412s ]
INFO: Run Behavior\ParseTemplateBehavior [ RunTime:0.035734s ]
INFO: [ view_parse ] --END-- [ RunTime:0.037514s ]
INFO: [ view_filter ] --START--
INFO: Run Behavior\WriteHtmlCacheBehavior [ RunTime:0.001760s ]
INFO: [ view_filter ] --END-- [ RunTime:0.003537s ]
INFO: [ app_end ] --START--
INFO: Run Behavior\ShowPageTraceBehavior [ RunTime:0.001876s ]
INFO: [ app_end ] --END-- [ RunTime:0.003752s ]

[ 2016-05-28T15:21:13+08:00 ] ::1 /blog/index.php/Admin/Article/data_init
INFO: [ app_init ] --START--
INFO: Run Behavior\BuildLiteBehavior [ RunTime:0.000200s ]
INFO: [ app_init ] --END-- [ RunTime:0.001878s ]
INFO: [ app_begin ] --START--
INFO: Run Behavior\ReadHtmlCacheBehavior [ RunTime:0.001142s ]
INFO: [ app_begin ] --END-- [ RunTime:0.002008s ]
SQL: SHOW COLUMNS FROM `blog_article` [ RunTime:0.0120s ]
SQL: SELECT blog_article.*,blog_user.username FROM `blog_article` INNER JOIN blog_user ON blog_article.user_id=blog_user.id   [ RunTime:0.0010s ]

[ 2016-05-28T15:27:32+08:00 ] ::1 /blog/index.php/Admin/Index/index.html
INFO: [ app_init ] --START--
INFO: Run Behavior\BuildLiteBehavior [ RunTime:0.000204s ]
INFO: [ app_init ] --END-- [ RunTime:0.002220s ]
INFO: [ app_begin ] --START--
INFO: Run Behavior\ReadHtmlCacheBehavior [ RunTime:0.002446s ]
INFO: [ app_begin ] --END-- [ RunTime:0.004486s ]
INFO: [ view_parse ] --START--
INFO: [ template_filter ] --START--
INFO: Run Behavior\ContentReplaceBehavior [ RunTime:0.001533s ]
INFO: [ template_filter ] --END-- [ RunTime:0.003432s ]
INFO: Run Behavior\ParseTemplateBehavior [ RunTime:0.094840s ]
INFO: [ view_parse ] --END-- [ RunTime:0.096492s ]
INFO: [ view_filter ] --START--
INFO: Run Behavior\WriteHtmlCacheBehavior [ RunTime:0.001261s ]
INFO: [ view_filter ] --END-- [ RunTime:0.002399s ]
INFO: [ app_end ] --START--
INFO: Run Behavior\ShowPageTraceBehavior [ RunTime:0.002619s ]
INFO: [ app_end ] --END-- [ RunTime:0.005661s ]

[ 2016-05-28T15:27:33+08:00 ] ::1 /blog/index.php/Admin/Welcome/index
INFO: [ app_init ] --START--
INFO: Run Behavior\BuildLiteBehavior [ RunTime:0.000390s ]
INFO: [ app_init ] --END-- [ RunTime:0.003004s ]
INFO: [ app_begin ] --START--
INFO: Run Behavior\ReadHtmlCacheBehavior [ RunTime:0.001426s ]
INFO: [ app_begin ] --END-- [ RunTime:0.002621s ]
INFO: [ view_parse ] --START--
INFO: [ template_filter ] --START--
INFO: Run Behavior\ContentReplaceBehavior [ RunTime:0.000513s ]
INFO: [ template_filter ] --END-- [ RunTime:0.001654s ]
INFO: Run Behavior\ParseTemplateBehavior [ RunTime:0.021271s ]
INFO: [ view_parse ] --END-- [ RunTime:0.022376s ]
INFO: [ view_filter ] --START--
INFO: Run Behavior\WriteHtmlCacheBehavior [ RunTime:0.001109s ]
INFO: [ view_filter ] --END-- [ RunTime:0.002333s ]
INFO: [ app_end ] --START--
INFO: Run Behavior\ShowPageTraceBehavior [ RunTime:0.001290s ]
INFO: [ app_end ] --END-- [ RunTime:0.002448s ]

[ 2016-05-28T15:27:35+08:00 ] ::1 /blog/index.php/Admin/Article/index
INFO: [ app_init ] --START--
INFO: Run Behavior\BuildLiteBehavior [ RunTime:0.000204s ]
INFO: [ app_init ] --END-- [ RunTime:0.002450s ]
INFO: [ app_begin ] --START--
INFO: Run Behavior\ReadHtmlCacheBehavior [ RunTime:0.001292s ]
INFO: [ app_begin ] --END-- [ RunTime:0.002384s ]
INFO: [ view_parse ] --START--
INFO: [ template_filter ] --START--
INFO: Run Behavior\ContentReplaceBehavior [ RunTime:0.000659s ]
INFO: [ template_filter ] --END-- [ RunTime:0.002156s ]
INFO: Run Behavior\ParseTemplateBehavior [ RunTime:0.035261s ]
INFO: [ view_parse ] --END-- [ RunTime:0.036359s ]
INFO: [ view_filter ] --START--
INFO: Run Behavior\WriteHtmlCacheBehavior [ RunTime:0.001000s ]
INFO: [ view_filter ] --END-- [ RunTime:0.002055s ]
INFO: [ app_end ] --START--
INFO: Run Behavior\ShowPageTraceBehavior [ RunTime:0.001518s ]
INFO: [ app_end ] --END-- [ RunTime:0.003370s ]

[ 2016-05-28T15:27:35+08:00 ] ::1 /blog/index.php/Admin/Article/data_init
INFO: [ app_init ] --START--
INFO: Run Behavior\BuildLiteBehavior [ RunTime:0.000205s ]
INFO: [ app_init ] --END-- [ RunTime:0.002021s ]
INFO: [ app_begin ] --START--
INFO: Run Behavior\ReadHtmlCacheBehavior [ RunTime:0.001214s ]
INFO: [ app_begin ] --END-- [ RunTime:0.002096s ]
SQL: SHOW COLUMNS FROM `blog_article` [ RunTime:0.0623s ]
SQL: SELECT blog_article.*,blog_user.username FROM `blog_article` INNER JOIN blog_user ON blog_article.user_id=blog_user.id   [ RunTime:0.0027s ]

[ 2016-05-28T15:28:26+08:00 ] ::1 /blog/index.php/Admin/Index/index.html
INFO: [ app_init ] --START--
INFO: Run Behavior\BuildLiteBehavior [ RunTime:0.000344s ]
INFO: [ app_init ] --END-- [ RunTime:0.003734s ]
INFO: [ app_begin ] --START--
INFO: Run Behavior\ReadHtmlCacheBehavior [ RunTime:0.002559s ]
INFO: [ app_begin ] --END-- [ RunTime:0.004486s ]
INFO: [ view_parse ] --START--
INFO: [ template_filter ] --START--
INFO: Run Behavior\ContentReplaceBehavior [ RunTime:0.001061s ]
INFO: [ template_filter ] --END-- [ RunTime:0.002275s ]
INFO: Run Behavior\ParseTemplateBehavior [ RunTime:0.421404s ]
INFO: [ view_parse ] --END-- [ RunTime:0.423131s ]
INFO: [ view_filter ] --START--
INFO: Run Behavior\WriteHtmlCacheBehavior [ RunTime:0.001549s ]
INFO: [ view_filter ] --END-- [ RunTime:0.003033s ]
INFO: [ app_end ] --START--
INFO: Run Behavior\ShowPageTraceBehavior [ RunTime:0.002985s ]
INFO: [ app_end ] --END-- [ RunTime:0.005858s ]

[ 2016-05-28T15:28:27+08:00 ] ::1 /blog/index.php/Admin/Welcome/index
INFO: [ app_init ] --START--
INFO: Run Behavior\BuildLiteBehavior [ RunTime:0.000215s ]
INFO: [ app_init ] --END-- [ RunTime:0.002239s ]
INFO: [ app_begin ] --START--
INFO: Run Behavior\ReadHtmlCacheBehavior [ RunTime:0.001687s ]
INFO: [ app_begin ] --END-- [ RunTime:0.002797s ]
INFO: [ view_parse ] --START--
INFO: [ template_filter ] --START--
INFO: Run Behavior\ContentReplaceBehavior [ RunTime:0.000568s ]
INFO: [ template_filter ] --END-- [ RunTime:0.001773s ]
INFO: Run Behavior\ParseTemplateBehavior [ RunTime:0.023250s ]
INFO: [ view_parse ] --END-- [ RunTime:0.024389s ]
INFO: [ view_filter ] --START--
INFO: Run Behavior\WriteHtmlCacheBehavior [ RunTime:0.001962s ]
INFO: [ view_filter ] --END-- [ RunTime:0.003106s ]
INFO: [ app_end ] --START--
INFO: Run Behavior\ShowPageTraceBehavior [ RunTime:0.001747s ]
INFO: [ app_end ] --END-- [ RunTime:0.002836s ]

[ 2016-05-28T15:28:29+08:00 ] ::1 /blog/index.php/Admin/Article/index
INFO: [ app_init ] --START--
INFO: Run Behavior\BuildLiteBehavior [ RunTime:0.000206s ]
INFO: [ app_init ] --END-- [ RunTime:0.002006s ]
INFO: [ app_begin ] --START--
INFO: Run Behavior\ReadHtmlCacheBehavior [ RunTime:0.001714s ]
INFO: [ app_begin ] --END-- [ RunTime:0.002810s ]
INFO: [ view_parse ] --START--
INFO: [ template_filter ] --START--
INFO: Run Behavior\ContentReplaceBehavior [ RunTime:0.000644s ]
INFO: [ template_filter ] --END-- [ RunTime:0.001731s ]
INFO: Run Behavior\ParseTemplateBehavior [ RunTime:0.035402s ]
INFO: [ view_parse ] --END-- [ RunTime:0.036553s ]
INFO: [ view_filter ] --START--
INFO: Run Behavior\WriteHtmlCacheBehavior [ RunTime:0.001487s ]
INFO: [ view_filter ] --END-- [ RunTime:0.002598s ]
INFO: [ app_end ] --START--
INFO: Run Behavior\ShowPageTraceBehavior [ RunTime:0.001882s ]
INFO: [ app_end ] --END-- [ RunTime:0.003188s ]

[ 2016-05-28T15:28:30+08:00 ] ::1 /blog/index.php/Admin/Article/data_init
INFO: [ app_init ] --START--
INFO: Run Behavior\BuildLiteBehavior [ RunTime:0.000215s ]
INFO: [ app_init ] --END-- [ RunTime:0.002115s ]
INFO: [ app_begin ] --START--
INFO: Run Behavior\ReadHtmlCacheBehavior [ RunTime:0.001667s ]
INFO: [ app_begin ] --END-- [ RunTime:0.002567s ]
SQL: SHOW COLUMNS FROM `blog_article` [ RunTime:0.0120s ]
SQL: SELECT blog_article.*,blog_user.username FROM `blog_article` INNER JOIN blog_user ON blog_article.user_id=blog_user.id   [ RunTime:0.0010s ]

[ 2016-05-28T15:28:50+08:00 ] ::1 /blog/index.php/Admin/Index/index.html
INFO: [ app_init ] --START--
INFO: Run Behavior\BuildLiteBehavior [ RunTime:0.000203s ]
INFO: [ app_init ] --END-- [ RunTime:0.001928s ]
INFO: [ app_begin ] --START--
INFO: Run Behavior\ReadHtmlCacheBehavior [ RunTime:0.001704s ]
INFO: [ app_begin ] --END-- [ RunTime:0.002805s ]
INFO: [ view_parse ] --START--
INFO: [ template_filter ] --START--
INFO: Run Behavior\ContentReplaceBehavior [ RunTime:0.001625s ]
INFO: [ template_filter ] --END-- [ RunTime:0.003806s ]
INFO: Run Behavior\ParseTemplateBehavior [ RunTime:0.100522s ]
INFO: [ view_parse ] --END-- [ RunTime:0.101751s ]
INFO: [ view_filter ] --START--
INFO: Run Behavior\WriteHtmlCacheBehavior [ RunTime:0.001526s ]
INFO: [ view_filter ] --END-- [ RunTime:0.002774s ]
INFO: [ app_end ] --START--
INFO: Run Behavior\ShowPageTraceBehavior [ RunTime:0.003099s ]
INFO: [ app_end ] --END-- [ RunTime:0.005094s ]

[ 2016-05-28T15:28:51+08:00 ] ::1 /blog/index.php/Admin/Welcome/index
INFO: [ app_init ] --START--
INFO: Run Behavior\BuildLiteBehavior [ RunTime:0.000201s ]
INFO: [ app_init ] --END-- [ RunTime:0.001901s ]
INFO: [ app_begin ] --START--
INFO: Run Behavior\ReadHtmlCacheBehavior [ RunTime:0.001607s ]
INFO: [ app_begin ] --END-- [ RunTime:0.002767s ]
INFO: [ view_parse ] --START--
INFO: [ template_filter ] --START--
INFO: Run Behavior\ContentReplaceBehavior [ RunTime:0.001102s ]
INFO: [ template_filter ] --END-- [ RunTime:0.003015s ]
INFO: Run Behavior\ParseTemplateBehavior [ RunTime:0.023919s ]
INFO: [ view_parse ] --END-- [ RunTime:0.025438s ]
INFO: [ view_filter ] --START--
INFO: Run Behavior\WriteHtmlCacheBehavior [ RunTime:0.005335s ]
INFO: [ view_filter ] --END-- [ RunTime:0.007206s ]
INFO: [ app_end ] --START--
INFO: Run Behavior\ShowPageTraceBehavior [ RunTime:0.002797s ]
INFO: [ app_end ] --END-- [ RunTime:0.004821s ]

[ 2016-05-28T15:28:53+08:00 ] ::1 /blog/index.php/Admin/Article/index
INFO: [ app_init ] --START--
INFO: Run Behavior\BuildLiteBehavior [ RunTime:0.000470s ]
INFO: [ app_init ] --END-- [ RunTime:0.003922s ]
INFO: [ app_begin ] --START--
INFO: Run Behavior\ReadHtmlCacheBehavior [ RunTime:0.001797s ]
INFO: [ app_begin ] --END-- [ RunTime:0.003414s ]
INFO: [ view_parse ] --START--
INFO: [ template_filter ] --START--
INFO: Run Behavior\ContentReplaceBehavior [ RunTime:0.000844s ]
INFO: [ template_filter ] --END-- [ RunTime:0.002413s ]
INFO: Run Behavior\ParseTemplateBehavior [ RunTime:0.047129s ]
INFO: [ view_parse ] --END-- [ RunTime:0.048399s ]
INFO: [ view_filter ] --START--
INFO: Run Behavior\WriteHtmlCacheBehavior [ RunTime:0.001339s ]
INFO: [ view_filter ] --END-- [ RunTime:0.002554s ]
INFO: [ app_end ] --START--
INFO: Run Behavior\ShowPageTraceBehavior [ RunTime:0.001961s ]
INFO: [ app_end ] --END-- [ RunTime:0.003720s ]

[ 2016-05-28T15:28:54+08:00 ] ::1 /blog/index.php/Admin/Article/data_init
INFO: [ app_init ] --START--
INFO: Run Behavior\BuildLiteBehavior [ RunTime:0.000356s ]
INFO: [ app_init ] --END-- [ RunTime:0.003782s ]
INFO: [ app_begin ] --START--
INFO: Run Behavior\ReadHtmlCacheBehavior [ RunTime:0.001217s ]
INFO: [ app_begin ] --END-- [ RunTime:0.002086s ]
SQL: SHOW COLUMNS FROM `blog_article` [ RunTime:0.0320s ]
SQL: SELECT blog_article.*,blog_user.username FROM `blog_article` INNER JOIN blog_user ON blog_article.user_id=blog_user.id   [ RunTime:0.0015s ]

[ 2016-05-28T15:40:16+08:00 ] ::1 /blog/index.php/Admin/Article/detail
INFO: [ app_init ] --START--
INFO: Run Behavior\BuildLiteBehavior [ RunTime:0.000238s ]
INFO: [ app_init ] --END-- [ RunTime:0.002023s ]
INFO: [ app_begin ] --START--
INFO: Run Behavior\ReadHtmlCacheBehavior [ RunTime:0.001979s ]
INFO: [ app_begin ] --END-- [ RunTime:0.003696s ]
SQL: SHOW COLUMNS FROM `blog_article` [ RunTime:0.0123s ]
SQL: SELECT * FROM `blog_article` WHERE `id` = 1  [ RunTime:0.0007s ]

[ 2016-05-28T15:40:36+08:00 ] ::1 /blog/index.php/Admin/Article/detail
INFO: [ app_init ] --START--
INFO: Run Behavior\BuildLiteBehavior [ RunTime:0.000267s ]
INFO: [ app_init ] --END-- [ RunTime:0.002321s ]
INFO: [ app_begin ] --START--
INFO: Run Behavior\ReadHtmlCacheBehavior [ RunTime:0.002030s ]
INFO: [ app_begin ] --END-- [ RunTime:0.003458s ]
SQL: SHOW COLUMNS FROM `blog_article` [ RunTime:0.0310s ]
SQL: SELECT * FROM `blog_article` WHERE `id` = 1  [ RunTime:0.0011s ]

[ 2016-05-28T15:43:20+08:00 ] ::1 /blog/index.php/Admin/Index/index.html
INFO: [ app_init ] --START--
INFO: Run Behavior\BuildLiteBehavior [ RunTime:0.000203s ]
INFO: [ app_init ] --END-- [ RunTime:0.002074s ]
INFO: [ app_begin ] --START--
INFO: Run Behavior\ReadHtmlCacheBehavior [ RunTime:0.001589s ]
INFO: [ app_begin ] --END-- [ RunTime:0.002689s ]
INFO: [ view_parse ] --START--
INFO: [ template_filter ] --START--
INFO: Run Behavior\ContentReplaceBehavior [ RunTime:0.001135s ]
INFO: [ template_filter ] --END-- [ RunTime:0.002284s ]
INFO: Run Behavior\ParseTemplateBehavior [ RunTime:0.190715s ]
INFO: [ view_parse ] --END-- [ RunTime:0.192218s ]
INFO: [ view_filter ] --START--
INFO: Run Behavior\WriteHtmlCacheBehavior [ RunTime:0.001277s ]
INFO: [ view_filter ] --END-- [ RunTime:0.002357s ]
INFO: [ app_end ] --START--
INFO: Run Behavior\ShowPageTraceBehavior [ RunTime:0.002656s ]
INFO: [ app_end ] --END-- [ RunTime:0.004970s ]

[ 2016-05-28T15:43:21+08:00 ] ::1 /blog/index.php/Admin/Welcome/index
INFO: [ app_init ] --START--
INFO: Run Behavior\BuildLiteBehavior [ RunTime:0.000204s ]
INFO: [ app_init ] --END-- [ RunTime:0.002195s ]
INFO: [ app_begin ] --START--
INFO: Run Behavior\ReadHtmlCacheBehavior [ RunTime:0.001568s ]
INFO: [ app_begin ] --END-- [ RunTime:0.002674s ]
INFO: [ view_parse ] --START--
INFO: [ template_filter ] --START--
INFO: Run Behavior\ContentReplaceBehavior [ RunTime:0.000611s ]
INFO: [ template_filter ] --END-- [ RunTime:0.001889s ]
INFO: Run Behavior\ParseTemplateBehavior [ RunTime:0.022574s ]
INFO: [ view_parse ] --END-- [ RunTime:0.024191s ]
INFO: [ view_filter ] --START--
INFO: Run Behavior\WriteHtmlCacheBehavior [ RunTime:0.001231s ]
INFO: [ view_filter ] --END-- [ RunTime:0.002361s ]
INFO: [ app_end ] --START--
INFO: Run Behavior\ShowPageTraceBehavior [ RunTime:0.001552s ]
INFO: [ app_end ] --END-- [ RunTime:0.002627s ]

[ 2016-05-28T15:43:24+08:00 ] ::1 /blog/index.php/Admin/Article/index
INFO: [ app_init ] --START--
INFO: Run Behavior\BuildLiteBehavior [ RunTime:0.000203s ]
INFO: [ app_init ] --END-- [ RunTime:0.002070s ]
INFO: [ app_begin ] --START--
INFO: Run Behavior\ReadHtmlCacheBehavior [ RunTime:0.001359s ]
INFO: [ app_begin ] --END-- [ RunTime:0.002440s ]
INFO: [ view_parse ] --START--
INFO: [ template_filter ] --START--
INFO: Run Behavior\ContentReplaceBehavior [ RunTime:0.000655s ]
INFO: [ template_filter ] --END-- [ RunTime:0.001772s ]
INFO: Run Behavior\ParseTemplateBehavior [ RunTime:0.036125s ]
INFO: [ view_parse ] --END-- [ RunTime:0.037262s ]
INFO: [ view_filter ] --START--
INFO: Run Behavior\WriteHtmlCacheBehavior [ RunTime:0.001081s ]
INFO: [ view_filter ] --END-- [ RunTime:0.002154s ]
INFO: [ app_end ] --START--
INFO: Run Behavior\ShowPageTraceBehavior [ RunTime:0.002090s ]
INFO: [ app_end ] --END-- [ RunTime:0.004405s ]

[ 2016-05-28T15:43:24+08:00 ] ::1 /blog/index.php/Admin/Article/data_init
INFO: [ app_init ] --START--
INFO: Run Behavior\BuildLiteBehavior [ RunTime:0.000379s ]
INFO: [ app_init ] --END-- [ RunTime:0.003308s ]
INFO: [ app_begin ] --START--
INFO: Run Behavior\ReadHtmlCacheBehavior [ RunTime:0.001249s ]
INFO: [ app_begin ] --END-- [ RunTime:0.002206s ]
SQL: SHOW COLUMNS FROM `blog_article` [ RunTime:0.0121s ]
SQL: SELECT blog_article.*,blog_user.username FROM `blog_article` INNER JOIN blog_user ON blog_article.user_id=blog_user.id   [ RunTime:0.0010s ]

[ 2016-05-28T15:43:25+08:00 ] ::1 /blog/index.php/Admin/Article/detail
INFO: [ app_init ] --START--
INFO: Run Behavior\BuildLiteBehavior [ RunTime:0.000357s ]
INFO: [ app_init ] --END-- [ RunTime:0.002804s ]
INFO: [ app_begin ] --START--
INFO: Run Behavior\ReadHtmlCacheBehavior [ RunTime:0.001204s ]
INFO: [ app_begin ] --END-- [ RunTime:0.002078s ]
SQL: SHOW COLUMNS FROM `blog_article` [ RunTime:0.0141s ]
SQL: SELECT `title`,`content` FROM `blog_article` WHERE `id` = 1  [ RunTime:0.0007s ]

[ 2016-05-28T15:44:15+08:00 ] ::1 /blog/index.php/Admin/Index/index.html
INFO: [ app_init ] --START--
INFO: Run Behavior\BuildLiteBehavior [ RunTime:0.000233s ]
INFO: [ app_init ] --END-- [ RunTime:0.002244s ]
INFO: [ app_begin ] --START--
INFO: Run Behavior\ReadHtmlCacheBehavior [ RunTime:0.001476s ]
INFO: [ app_begin ] --END-- [ RunTime:0.002614s ]
INFO: [ view_parse ] --START--
INFO: [ template_filter ] --START--
INFO: Run Behavior\ContentReplaceBehavior [ RunTime:0.000995s ]
INFO: [ template_filter ] --END-- [ RunTime:0.002102s ]
INFO: Run Behavior\ParseTemplateBehavior [ RunTime:0.076669s ]
INFO: [ view_parse ] --END-- [ RunTime:0.077933s ]
INFO: [ view_filter ] --START--
INFO: Run Behavior\WriteHtmlCacheBehavior [ RunTime:0.001123s ]
INFO: [ view_filter ] --END-- [ RunTime:0.002224s ]
INFO: [ app_end ] --START--
INFO: Run Behavior\ShowPageTraceBehavior [ RunTime:0.002165s ]
INFO: [ app_end ] --END-- [ RunTime:0.003729s ]

[ 2016-05-28T15:44:15+08:00 ] ::1 /blog/index.php/Admin/Welcome/index
INFO: [ app_init ] --START--
INFO: Run Behavior\BuildLiteBehavior [ RunTime:0.000554s ]
INFO: [ app_init ] --END-- [ RunTime:0.004616s ]
INFO: [ app_begin ] --START--
INFO: Run Behavior\ReadHtmlCacheBehavior [ RunTime:0.002090s ]
INFO: [ app_begin ] --END-- [ RunTime:0.003545s ]
INFO: [ view_parse ] --START--
INFO: [ template_filter ] --START--
INFO: Run Behavior\ContentReplaceBehavior [ RunTime:0.000499s ]
INFO: [ template_filter ] --END-- [ RunTime:0.001635s ]
INFO: Run Behavior\ParseTemplateBehavior [ RunTime:0.023860s ]
INFO: [ view_parse ] --END-- [ RunTime:0.024967s ]
INFO: [ view_filter ] --START--
INFO: Run Behavior\WriteHtmlCacheBehavior [ RunTime:0.001359s ]
INFO: [ view_filter ] --END-- [ RunTime:0.002418s ]
INFO: [ app_end ] --START--
INFO: Run Behavior\ShowPageTraceBehavior [ RunTime:0.001760s ]
INFO: [ app_end ] --END-- [ RunTime:0.002846s ]

[ 2016-05-28T15:44:17+08:00 ] ::1 /blog/index.php/Admin/Article/index
INFO: [ app_init ] --START--
INFO: Run Behavior\BuildLiteBehavior [ RunTime:0.000215s ]
INFO: [ app_init ] --END-- [ RunTime:0.002095s ]
INFO: [ app_begin ] --START--
INFO: Run Behavior\ReadHtmlCacheBehavior [ RunTime:0.001687s ]
INFO: [ app_begin ] --END-- [ RunTime:0.002775s ]
INFO: [ view_parse ] --START--
INFO: [ template_filter ] --START--
INFO: Run Behavior\ContentReplaceBehavior [ RunTime:0.000649s ]
INFO: [ template_filter ] --END-- [ RunTime:0.001748s ]
INFO: Run Behavior\ParseTemplateBehavior [ RunTime:0.036435s ]
INFO: [ view_parse ] --END-- [ RunTime:0.037544s ]
INFO: [ view_filter ] --START--
INFO: Run Behavior\WriteHtmlCacheBehavior [ RunTime:0.001429s ]
INFO: [ view_filter ] --END-- [ RunTime:0.002541s ]
INFO: [ app_end ] --START--
INFO: Run Behavior\ShowPageTraceBehavior [ RunTime:0.002408s ]
INFO: [ app_end ] --END-- [ RunTime:0.004303s ]

[ 2016-05-28T15:44:18+08:00 ] ::1 /blog/index.php/Admin/Article/data_init
INFO: [ app_init ] --START--
INFO: Run Behavior\BuildLiteBehavior [ RunTime:0.000298s ]
INFO: [ app_init ] --END-- [ RunTime:0.002977s ]
INFO: [ app_begin ] --START--
INFO: Run Behavior\ReadHtmlCacheBehavior [ RunTime:0.002260s ]
INFO: [ app_begin ] --END-- [ RunTime:0.003539s ]
SQL: SHOW COLUMNS FROM `blog_article` [ RunTime:0.0225s ]
SQL: SELECT blog_article.*,blog_user.username FROM `blog_article` INNER JOIN blog_user ON blog_article.user_id=blog_user.id   [ RunTime:0.0027s ]

[ 2016-05-28T15:44:19+08:00 ] ::1 /blog/index.php/Admin/Article/detail
INFO: [ app_init ] --START--
INFO: Run Behavior\BuildLiteBehavior [ RunTime:0.000360s ]
INFO: [ app_init ] --END-- [ RunTime:0.002954s ]
INFO: [ app_begin ] --START--
INFO: Run Behavior\ReadHtmlCacheBehavior [ RunTime:0.002726s ]
INFO: [ app_begin ] --END-- [ RunTime:0.004179s ]
SQL: SHOW COLUMNS FROM `blog_article` [ RunTime:0.0120s ]
SQL: SELECT `title`,`content` FROM `blog_article` WHERE `id` = 1  [ RunTime:0.0005s ]

[ 2016-05-28T15:44:43+08:00 ] ::1 /blog/index.php/Admin/Index/index.html
INFO: [ app_init ] --START--
INFO: Run Behavior\BuildLiteBehavior [ RunTime:0.000236s ]
INFO: [ app_init ] --END-- [ RunTime:0.002278s ]
INFO: [ app_begin ] --START--
INFO: Run Behavior\ReadHtmlCacheBehavior [ RunTime:0.001964s ]
INFO: [ app_begin ] --END-- [ RunTime:0.003198s ]
INFO: [ view_parse ] --START--
INFO: [ template_filter ] --START--
INFO: Run Behavior\ContentReplaceBehavior [ RunTime:0.000978s ]
INFO: [ template_filter ] --END-- [ RunTime:0.002074s ]
INFO: Run Behavior\ParseTemplateBehavior [ RunTime:0.079618s ]
INFO: [ view_parse ] --END-- [ RunTime:0.080727s ]
INFO: [ view_filter ] --START--
INFO: Run Behavior\WriteHtmlCacheBehavior [ RunTime:0.001353s ]
INFO: [ view_filter ] --END-- [ RunTime:0.002434s ]
INFO: [ app_end ] --START--
INFO: Run Behavior\ShowPageTraceBehavior [ RunTime:0.002941s ]
INFO: [ app_end ] --END-- [ RunTime:0.004580s ]

[ 2016-05-28T15:44:43+08:00 ] ::1 /blog/index.php/Admin/Welcome/index
INFO: [ app_init ] --START--
INFO: Run Behavior\BuildLiteBehavior [ RunTime:0.000204s ]
INFO: [ app_init ] --END-- [ RunTime:0.002038s ]
INFO: [ app_begin ] --START--
INFO: Run Behavior\ReadHtmlCacheBehavior [ RunTime:0.001675s ]
INFO: [ app_begin ] --END-- [ RunTime:0.002768s ]
INFO: [ view_parse ] --START--
INFO: [ template_filter ] --START--
INFO: Run Behavior\ContentReplaceBehavior [ RunTime:0.000606s ]
INFO: [ template_filter ] --END-- [ RunTime:0.001872s ]
INFO: Run Behavior\ParseTemplateBehavior [ RunTime:0.022261s ]
INFO: [ view_parse ] --END-- [ RunTime:0.023365s ]
INFO: [ view_filter ] --START--
INFO: Run Behavior\WriteHtmlCacheBehavior [ RunTime:0.001485s ]
INFO: [ view_filter ] --END-- [ RunTime:0.002662s ]
INFO: [ app_end ] --START--
INFO: Run Behavior\ShowPageTraceBehavior [ RunTime:0.001926s ]
INFO: [ app_end ] --END-- [ RunTime:0.003159s ]

[ 2016-05-28T15:44:46+08:00 ] ::1 /blog/index.php/Admin/Article/index
INFO: [ app_init ] --START--
INFO: Run Behavior\BuildLiteBehavior [ RunTime:0.000202s ]
INFO: [ app_init ] --END-- [ RunTime:0.002104s ]
INFO: [ app_begin ] --START--
INFO: Run Behavior\ReadHtmlCacheBehavior [ RunTime:0.001724s ]
INFO: [ app_begin ] --END-- [ RunTime:0.002821s ]
INFO: [ view_parse ] --START--
INFO: [ template_filter ] --START--
INFO: Run Behavior\ContentReplaceBehavior [ RunTime:0.000644s ]
INFO: [ template_filter ] --END-- [ RunTime:0.001749s ]
INFO: Run Behavior\ParseTemplateBehavior [ RunTime:0.036381s ]
INFO: [ view_parse ] --END-- [ RunTime:0.037491s ]
INFO: [ view_filter ] --START--
INFO: Run Behavior\WriteHtmlCacheBehavior [ RunTime:0.001499s ]
INFO: [ view_filter ] --END-- [ RunTime:0.002585s ]
INFO: [ app_end ] --START--
INFO: Run Behavior\ShowPageTraceBehavior [ RunTime:0.001833s ]
INFO: [ app_end ] --END-- [ RunTime:0.003086s ]

[ 2016-05-28T15:44:46+08:00 ] ::1 /blog/index.php/Admin/Article/data_init
INFO: [ app_init ] --START--
INFO: Run Behavior\BuildLiteBehavior [ RunTime:0.000274s ]
INFO: [ app_init ] --END-- [ RunTime:0.002729s ]
INFO: [ app_begin ] --START--
INFO: Run Behavior\ReadHtmlCacheBehavior [ RunTime:0.001640s ]
INFO: [ app_begin ] --END-- [ RunTime:0.002516s ]
SQL: SHOW COLUMNS FROM `blog_article` [ RunTime:0.0136s ]
SQL: SELECT blog_article.*,blog_user.username FROM `blog_article` INNER JOIN blog_user ON blog_article.user_id=blog_user.id   [ RunTime:0.0014s ]

[ 2016-05-28T15:44:48+08:00 ] ::1 /blog/index.php/Admin/Article/detail
INFO: [ app_init ] --START--
INFO: Run Behavior\BuildLiteBehavior [ RunTime:0.000203s ]
INFO: [ app_init ] --END-- [ RunTime:0.002025s ]
INFO: [ app_begin ] --START--
INFO: Run Behavior\ReadHtmlCacheBehavior [ RunTime:0.001652s ]
INFO: [ app_begin ] --END-- [ RunTime:0.002554s ]
SQL: SHOW COLUMNS FROM `blog_article` [ RunTime:0.0126s ]
SQL: SELECT `title`,`content` FROM `blog_article` WHERE `id` = 1  [ RunTime:0.0006s ]

[ 2016-05-28T15:44:51+08:00 ] ::1 /blog/index.php/Admin/Article/detail
INFO: [ app_init ] --START--
INFO: Run Behavior\BuildLiteBehavior [ RunTime:0.000235s ]
INFO: [ app_init ] --END-- [ RunTime:0.002093s ]
INFO: [ app_begin ] --START--
INFO: Run Behavior\ReadHtmlCacheBehavior [ RunTime:0.001733s ]
INFO: [ app_begin ] --END-- [ RunTime:0.002684s ]
SQL: SHOW COLUMNS FROM `blog_article` [ RunTime:0.0117s ]
SQL: SELECT `title`,`content` FROM `blog_article` WHERE `id` = 2  [ RunTime:0.0006s ]

[ 2016-05-28T15:44:59+08:00 ] ::1 /blog/index.php/Admin/Article/detail
INFO: [ app_init ] --START--
INFO: Run Behavior\BuildLiteBehavior [ RunTime:0.000227s ]
INFO: [ app_init ] --END-- [ RunTime:0.002462s ]
INFO: [ app_begin ] --START--
INFO: Run Behavior\ReadHtmlCacheBehavior [ RunTime:0.001791s ]
INFO: [ app_begin ] --END-- [ RunTime:0.002801s ]
SQL: SHOW COLUMNS FROM `blog_article` [ RunTime:0.0127s ]
SQL: SELECT `title`,`content` FROM `blog_article` WHERE `id` = 1  [ RunTime:0.0006s ]

