[ 2016-04-07T20:00:37+08:00 ] ::1 /blog/Public/js/skin/layer.css
INFO: [ app_init ] --START--
INFO: Run Behavior\BuildLiteBehavior [ RunTime:0.000340s ]
INFO: [ app_init ] --END-- [ RunTime:0.003358s ]
ERR: 无法加载模块:Public

[ 2016-04-07T20:00:37+08:00 ] ::1 /blog/Public/css/images/top-icons.png
INFO: [ app_init ] --START--
INFO: Run Behavior\BuildLiteBehavior [ RunTime:0.000201s ]
INFO: [ app_init ] --END-- [ RunTime:0.001816s ]
ERR: 无法加载模块:Public

[ 2016-04-07T21:01:21+08:00 ] ::1 /blog/Public/css/images/top-icons.png
INFO: [ app_init ] --START--
INFO: Run Behavior\BuildLiteBehavior [ RunTime:0.000292s ]
INFO: [ app_init ] --END-- [ RunTime:0.002718s ]
ERR: 无法加载模块:Public

[ 2016-04-07T21:01:21+08:00 ] ::1 /blog/Public/js/skin/layer.css
INFO: [ app_init ] --START--
INFO: Run Behavior\BuildLiteBehavior [ RunTime:0.000190s ]
INFO: [ app_init ] --END-- [ RunTime:0.001946s ]
ERR: 无法加载模块:Public

[ 2016-04-07T21:01:23+08:00 ] ::1 /blog/Public/images/bodyBg.jpg
INFO: [ app_init ] --START--
INFO: Run Behavior\BuildLiteBehavior [ RunTime:0.000195s ]
INFO: [ app_init ] --END-- [ RunTime:0.001975s ]
ERR: 无法加载模块:Public

[ 2016-04-07T21:01:23+08:00 ] ::1 /blog/Public/images/bodyBg3.jpg
INFO: [ app_init ] --START--
INFO: Run Behavior\BuildLiteBehavior [ RunTime:0.000287s ]
INFO: [ app_init ] --END-- [ RunTime:0.002906s ]
ERR: 无法加载模块:Public

[ 2016-04-07T21:01:49+08:00 ] ::1 /blog/Public/js/skin/layer.css
INFO: [ app_init ] --START--
INFO: Run Behavior\BuildLiteBehavior [ RunTime:0.000375s ]
INFO: [ app_init ] --END-- [ RunTime:0.003478s ]
ERR: 无法加载模块:Public

[ 2016-04-07T21:01:50+08:00 ] ::1 /blog/Public/css/images/top-icons.png
INFO: [ app_init ] --START--
INFO: Run Behavior\BuildLiteBehavior [ RunTime:0.000196s ]
INFO: [ app_init ] --END-- [ RunTime:0.002435s ]
ERR: 无法加载模块:Public

[ 2016-04-07T21:01:53+08:00 ] ::1 /blog/Public/images/bodyBg.jpg
INFO: [ app_init ] --START--
INFO: Run Behavior\BuildLiteBehavior [ RunTime:0.000276s ]
INFO: [ app_init ] --END-- [ RunTime:0.002232s ]
ERR: 无法加载模块:Public

[ 2016-04-07T21:01:53+08:00 ] ::1 /blog/Public/images/bodyBg3.jpg
INFO: [ app_init ] --START--
INFO: Run Behavior\BuildLiteBehavior [ RunTime:0.000193s ]
INFO: [ app_init ] --END-- [ RunTime:0.001846s ]
ERR: 无法加载模块:Public

[ 2016-04-07T21:07:05+08:00 ] ::1 /blog/Public/js/skin/layer.css
INFO: [ app_init ] --START--
INFO: Run Behavior\BuildLiteBehavior [ RunTime:0.000295s ]
INFO: [ app_init ] --END-- [ RunTime:0.002793s ]
ERR: 无法加载模块:Public

[ 2016-04-07T21:07:05+08:00 ] ::1 /blog/Public/css/images/top-icons.png
INFO: [ app_init ] --START--
INFO: Run Behavior\BuildLiteBehavior [ RunTime:0.000191s ]
INFO: [ app_init ] --END-- [ RunTime:0.001802s ]
ERR: 无法加载模块:Public

[ 2016-04-07T21:07:15+08:00 ] ::1 /blog/Public/images/admin_photo/edit_white.png
INFO: [ app_init ] --START--
INFO: Run Behavior\BuildLiteBehavior [ RunTime:0.000331s ]
INFO: [ app_init ] --END-- [ RunTime:0.002934s ]
ERR: 无法加载模块:Public

[ 2016-04-07T21:09:20+08:00 ] ::1 /blog/Public/js/skin/layer.css
INFO: [ app_init ] --START--
INFO: Run Behavior\BuildLiteBehavior [ RunTime:0.000314s ]
INFO: [ app_init ] --END-- [ RunTime:0.002884s ]
ERR: 无法加载模块:Public

[ 2016-04-07T21:09:20+08:00 ] ::1 /blog/Public/css/images/top-icons.png
INFO: [ app_init ] --START--
INFO: Run Behavior\BuildLiteBehavior [ RunTime:0.000510s ]
INFO: [ app_init ] --END-- [ RunTime:0.003141s ]
ERR: 无法加载模块:Public

[ 2016-04-07T21:09:28+08:00 ] ::1 /blog/Public/images/admin_photo/edit_white.png
INFO: [ app_init ] --START--
INFO: Run Behavior\BuildLiteBehavior [ RunTime:0.000343s ]
INFO: [ app_init ] --END-- [ RunTime:0.003379s ]
ERR: 无法加载模块:Public

[ 2016-04-07T21:12:15+08:00 ] ::1 /blog/Public/js/skin/layer.css
INFO: [ app_init ] --START--
INFO: Run Behavior\BuildLiteBehavior [ RunTime:0.000542s ]
INFO: [ app_init ] --END-- [ RunTime:0.003888s ]
ERR: 无法加载模块:Public

[ 2016-04-07T21:12:15+08:00 ] ::1 /blog/Public/css/images/top-icons.png
INFO: [ app_init ] --START--
INFO: Run Behavior\BuildLiteBehavior [ RunTime:0.000193s ]
INFO: [ app_init ] --END-- [ RunTime:0.002082s ]
ERR: 无法加载模块:Public

[ 2016-04-07T21:12:23+08:00 ] ::1 /blog/Public/images/admin_photo/edit_white.png
INFO: [ app_init ] --START--
INFO: Run Behavior\BuildLiteBehavior [ RunTime:0.000289s ]
INFO: [ app_init ] --END-- [ RunTime:0.002882s ]
ERR: 无法加载模块:Public

[ 2016-04-07T21:17:39+08:00 ] ::1 /blog/Public/js/skin/layer.css
INFO: [ app_init ] --START--
INFO: Run Behavior\BuildLiteBehavior [ RunTime:0.000295s ]
INFO: [ app_init ] --END-- [ RunTime:0.003009s ]
ERR: 无法加载模块:Public

[ 2016-04-07T21:17:39+08:00 ] ::1 /blog/Public/css/images/top-icons.png
INFO: [ app_init ] --START--
INFO: Run Behavior\BuildLiteBehavior [ RunTime:0.000195s ]
INFO: [ app_init ] --END-- [ RunTime:0.002227s ]
ERR: 无法加载模块:Public

[ 2016-04-07T21:17:46+08:00 ] ::1 /blog/Public/images/admin_photo/edit_white.png
INFO: [ app_init ] --START--
INFO: Run Behavior\BuildLiteBehavior [ RunTime:0.000194s ]
INFO: [ app_init ] --END-- [ RunTime:0.002118s ]
ERR: 无法加载模块:Public

[ 2016-04-07T21:20:02+08:00 ] ::1 /blog/Public/js/skin/layer.css
INFO: [ app_init ] --START--
INFO: Run Behavior\BuildLiteBehavior [ RunTime:0.000342s ]
INFO: [ app_init ] --END-- [ RunTime:0.003292s ]
ERR: 无法加载模块:Public

[ 2016-04-07T21:20:03+08:00 ] ::1 /blog/Public/css/images/top-icons.png
INFO: [ app_init ] --START--
INFO: Run Behavior\BuildLiteBehavior [ RunTime:0.000215s ]
INFO: [ app_init ] --END-- [ RunTime:0.002115s ]
ERR: 无法加载模块:Public

[ 2016-04-07T21:20:10+08:00 ] ::1 /blog/Public/images/admin_photo/edit_white.png
INFO: [ app_init ] --START--
INFO: Run Behavior\BuildLiteBehavior [ RunTime:0.000194s ]
INFO: [ app_init ] --END-- [ RunTime:0.001860s ]
ERR: 无法加载模块:Public

[ 2016-04-07T21:21:28+08:00 ] ::1 /blog/Public/js/skin/layer.css
INFO: [ app_init ] --START--
INFO: Run Behavior\BuildLiteBehavior [ RunTime:0.000374s ]
INFO: [ app_init ] --END-- [ RunTime:0.003623s ]
ERR: 无法加载模块:Public

[ 2016-04-07T21:21:29+08:00 ] ::1 /blog/Public/css/images/top-icons.png
INFO: [ app_init ] --START--
INFO: Run Behavior\BuildLiteBehavior [ RunTime:0.000195s ]
INFO: [ app_init ] --END-- [ RunTime:0.002359s ]
ERR: 无法加载模块:Public

[ 2016-04-07T21:21:37+08:00 ] ::1 /blog/Public/images/admin_photo/edit_white.png
INFO: [ app_init ] --START--
INFO: Run Behavior\BuildLiteBehavior [ RunTime:0.000343s ]
INFO: [ app_init ] --END-- [ RunTime:0.003296s ]
ERR: 无法加载模块:Public

[ 2016-04-07T21:23:52+08:00 ] ::1 /blog/Public/js/skin/layer.css
INFO: [ app_init ] --START--
INFO: Run Behavior\BuildLiteBehavior [ RunTime:0.000344s ]
INFO: [ app_init ] --END-- [ RunTime:0.003258s ]
ERR: 无法加载模块:Public

[ 2016-04-07T21:23:52+08:00 ] ::1 /blog/Public/css/images/top-icons.png
INFO: [ app_init ] --START--
INFO: Run Behavior\BuildLiteBehavior [ RunTime:0.000194s ]
INFO: [ app_init ] --END-- [ RunTime:0.001944s ]
ERR: 无法加载模块:Public

[ 2016-04-07T21:24:39+08:00 ] ::1 /blog/Public/js/skin/layer.css
INFO: [ app_init ] --START--
INFO: Run Behavior\BuildLiteBehavior [ RunTime:0.000351s ]
INFO: [ app_init ] --END-- [ RunTime:0.003276s ]
ERR: 无法加载模块:Public

[ 2016-04-07T21:24:40+08:00 ] ::1 /blog/Public/css/images/top-icons.png
INFO: [ app_init ] --START--
INFO: Run Behavior\BuildLiteBehavior [ RunTime:0.000293s ]
INFO: [ app_init ] --END-- [ RunTime:0.002599s ]
ERR: 无法加载模块:Public

[ 2016-04-07T21:26:22+08:00 ] ::1 /blog/Public/js/skin/layer.css
INFO: [ app_init ] --START--
INFO: Run Behavior\BuildLiteBehavior [ RunTime:0.000331s ]
INFO: [ app_init ] --END-- [ RunTime:0.003145s ]
ERR: 无法加载模块:Public

[ 2016-04-07T21:26:22+08:00 ] ::1 /blog/Public/css/images/top-icons.png
INFO: [ app_init ] --START--
INFO: Run Behavior\BuildLiteBehavior [ RunTime:0.000321s ]
INFO: [ app_init ] --END-- [ RunTime:0.002333s ]
ERR: 无法加载模块:Public

[ 2016-04-07T21:35:19+08:00 ] ::1 /blog/Public/css/moodlist/style.css
INFO: [ app_init ] --START--
INFO: Run Behavior\BuildLiteBehavior [ RunTime:0.000214s ]
INFO: [ app_init ] --END-- [ RunTime:0.001948s ]
ERR: 无法加载模块:Public

[ 2016-04-07T21:37:30+08:00 ] ::1 /blog/Public/css/img/1.jpg
INFO: [ app_init ] --START--
INFO: Run Behavior\BuildLiteBehavior [ RunTime:0.000406s ]
INFO: [ app_init ] --END-- [ RunTime:0.012949s ]
ERR: 无法加载模块:Public

[ 2016-04-07T21:37:30+08:00 ] ::1 /blog/Public/css/img/4.jpg
INFO: [ app_init ] --START--
INFO: Run Behavior\BuildLiteBehavior [ RunTime:0.000381s ]
INFO: [ app_init ] --END-- [ RunTime:0.003340s ]
ERR: 无法加载模块:Public

[ 2016-04-07T21:37:30+08:00 ] ::1 /blog/Public/css/img/5.jpg
INFO: [ app_init ] --START--
INFO: Run Behavior\BuildLiteBehavior [ RunTime:0.000344s ]
INFO: [ app_init ] --END-- [ RunTime:0.003327s ]
ERR: 无法加载模块:Public

[ 2016-04-07T21:37:30+08:00 ] ::1 /blog/Public/css/img/2.jpg
INFO: [ app_init ] --START--
INFO: Run Behavior\BuildLiteBehavior [ RunTime:0.000374s ]
INFO: [ app_init ] --END-- [ RunTime:0.003579s ]
ERR: 无法加载模块:Public

[ 2016-04-07T21:37:30+08:00 ] ::1 /blog/Public/css/img/3.jpg
INFO: [ app_init ] --START--
INFO: Run Behavior\BuildLiteBehavior [ RunTime:0.000417s ]
INFO: [ app_init ] --END-- [ RunTime:0.011992s ]
ERR: 无法加载模块:Public

[ 2016-04-07T21:38:11+08:00 ] ::1 /blog/Public/css/img/1.jpg
INFO: [ app_init ] --START--
INFO: Run Behavior\BuildLiteBehavior [ RunTime:0.000668s ]
INFO: [ app_init ] --END-- [ RunTime:0.009969s ]
ERR: 无法加载模块:Public

[ 2016-04-07T21:38:11+08:00 ] ::1 /blog/Public/css/img/2.jpg
INFO: [ app_init ] --START--
INFO: Run Behavior\BuildLiteBehavior [ RunTime:0.000343s ]
INFO: [ app_init ] --END-- [ RunTime:0.017480s ]
ERR: 无法加载模块:Public

[ 2016-04-07T21:38:11+08:00 ] ::1 /blog/Public/css/img/5.jpg
INFO: [ app_init ] --START--
INFO: Run Behavior\BuildLiteBehavior [ RunTime:0.000355s ]
INFO: [ app_init ] --END-- [ RunTime:0.010790s ]
ERR: 无法加载模块:Public

[ 2016-04-07T21:38:11+08:00 ] ::1 /blog/Public/css/img/4.jpg
INFO: [ app_init ] --START--
INFO: Run Behavior\BuildLiteBehavior [ RunTime:0.000345s ]
INFO: [ app_init ] --END-- [ RunTime:0.003346s ]
ERR: 无法加载模块:Public

[ 2016-04-07T21:38:11+08:00 ] ::1 /blog/Public/css/img/3.jpg
INFO: [ app_init ] --START--
INFO: Run Behavior\BuildLiteBehavior [ RunTime:0.000335s ]
INFO: [ app_init ] --END-- [ RunTime:0.003149s ]
ERR: 无法加载模块:Public

[ 2016-04-07T21:39:35+08:00 ] ::1 /blog/Public/css/img/2.jpg
INFO: [ app_init ] --START--
INFO: Run Behavior\BuildLiteBehavior [ RunTime:0.000383s ]
INFO: [ app_init ] --END-- [ RunTime:0.003479s ]
ERR: 无法加载模块:Public

[ 2016-04-07T21:39:35+08:00 ] ::1 /blog/Public/css/img/5.jpg
INFO: [ app_init ] --START--
INFO: Run Behavior\BuildLiteBehavior [ RunTime:0.000364s ]
INFO: [ app_init ] --END-- [ RunTime:0.005402s ]
ERR: 无法加载模块:Public

[ 2016-04-07T21:39:35+08:00 ] ::1 /blog/Public/images/moodlist/1.jpg
INFO: [ app_init ] --START--
INFO: Run Behavior\BuildLiteBehavior [ RunTime:0.000472s ]
INFO: [ app_init ] --END-- [ RunTime:0.008520s ]
ERR: 无法加载模块:Public

[ 2016-04-07T21:39:35+08:00 ] ::1 /blog/Public/css/img/3.jpg
INFO: [ app_init ] --START--
INFO: Run Behavior\BuildLiteBehavior [ RunTime:0.000213s ]
INFO: [ app_init ] --END-- [ RunTime:0.002687s ]
ERR: 无法加载模块:Public

[ 2016-04-07T21:39:35+08:00 ] ::1 /blog/Public/css/img/4.jpg
INFO: [ app_init ] --START--
INFO: Run Behavior\BuildLiteBehavior [ RunTime:0.000346s ]
INFO: [ app_init ] --END-- [ RunTime:0.003691s ]
ERR: 无法加载模块:Public

[ 2016-04-07T21:39:44+08:00 ] ::1 /blog/Public/images/moodlist/1.jpg
INFO: [ app_init ] --START--
INFO: Run Behavior\BuildLiteBehavior [ RunTime:0.000326s ]
INFO: [ app_init ] --END-- [ RunTime:0.002189s ]
ERR: 无法加载模块:Public

[ 2016-04-07T21:39:58+08:00 ] ::1 /blog/Public/css/images/moodlist/1.jpg
INFO: [ app_init ] --START--
INFO: Run Behavior\BuildLiteBehavior [ RunTime:0.000870s ]
INFO: [ app_init ] --END-- [ RunTime:0.004938s ]
ERR: 无法加载模块:Public

[ 2016-04-07T21:39:58+08:00 ] ::1 /blog/Public/css/img/3.jpg
INFO: [ app_init ] --START--
INFO: Run Behavior\BuildLiteBehavior [ RunTime:0.000376s ]
INFO: [ app_init ] --END-- [ RunTime:0.003627s ]
ERR: 无法加载模块:Public

[ 2016-04-07T21:39:58+08:00 ] ::1 /blog/Public/css/img/2.jpg
INFO: [ app_init ] --START--
INFO: Run Behavior\BuildLiteBehavior [ RunTime:0.000388s ]
INFO: [ app_init ] --END-- [ RunTime:0.014624s ]
ERR: 无法加载模块:Public

[ 2016-04-07T21:39:58+08:00 ] ::1 /blog/Public/css/img/5.jpg
INFO: [ app_init ] --START--
INFO: Run Behavior\BuildLiteBehavior [ RunTime:0.000308s ]
INFO: [ app_init ] --END-- [ RunTime:0.002750s ]
ERR: 无法加载模块:Public

[ 2016-04-07T21:39:58+08:00 ] ::1 /blog/Public/css/img/4.jpg
INFO: [ app_init ] --START--
INFO: Run Behavior\BuildLiteBehavior [ RunTime:0.000388s ]
INFO: [ app_init ] --END-- [ RunTime:0.003406s ]
ERR: 无法加载模块:Public

[ 2016-04-07T21:40:51+08:00 ] ::1 /blog/Public/css/images/moodlist/1.jpg
INFO: [ app_init ] --START--
INFO: Run Behavior\BuildLiteBehavior [ RunTime:0.000372s ]
INFO: [ app_init ] --END-- [ RunTime:0.003241s ]
ERR: 无法加载模块:Public

[ 2016-04-07T21:40:51+08:00 ] ::1 /blog/Public/css/img/5.jpg
INFO: [ app_init ] --START--
INFO: Run Behavior\BuildLiteBehavior [ RunTime:0.000654s ]
INFO: [ app_init ] --END-- [ RunTime:0.003556s ]
ERR: 无法加载模块:Public

[ 2016-04-07T21:40:51+08:00 ] ::1 /blog/Public/css/img/2.jpg
INFO: [ app_init ] --START--
INFO: Run Behavior\BuildLiteBehavior [ RunTime:0.000348s ]
INFO: [ app_init ] --END-- [ RunTime:0.003024s ]
ERR: 无法加载模块:Public

[ 2016-04-07T21:40:51+08:00 ] ::1 /blog/Public/css/img/3.jpg
INFO: [ app_init ] --START--
INFO: Run Behavior\BuildLiteBehavior [ RunTime:0.000424s ]
INFO: [ app_init ] --END-- [ RunTime:0.010509s ]
ERR: 无法加载模块:Public

[ 2016-04-07T21:40:51+08:00 ] ::1 /blog/Public/css/img/4.jpg
INFO: [ app_init ] --START--
INFO: Run Behavior\BuildLiteBehavior [ RunTime:0.000309s ]
INFO: [ app_init ] --END-- [ RunTime:0.002837s ]
ERR: 无法加载模块:Public

[ 2016-04-07T21:41:04+08:00 ] ::1 /blog/Public/css/img/4.jpg
INFO: [ app_init ] --START--
INFO: Run Behavior\BuildLiteBehavior [ RunTime:0.000360s ]
INFO: [ app_init ] --END-- [ RunTime:0.003204s ]
ERR: 无法加载模块:Public

[ 2016-04-07T21:41:04+08:00 ] ::1 /blog/Public/css/img/5.jpg
INFO: [ app_init ] --START--
INFO: Run Behavior\BuildLiteBehavior [ RunTime:0.000343s ]
INFO: [ app_init ] --END-- [ RunTime:0.005296s ]
ERR: 无法加载模块:Public

[ 2016-04-07T21:41:04+08:00 ] ::1 /blog/Public/css/img/2.jpg
INFO: [ app_init ] --START--
INFO: Run Behavior\BuildLiteBehavior [ RunTime:0.000335s ]
INFO: [ app_init ] --END-- [ RunTime:0.003168s ]
ERR: 无法加载模块:Public

[ 2016-04-07T21:41:04+08:00 ] ::1 /blog/Public/css/img/3.jpg
INFO: [ app_init ] --START--
INFO: Run Behavior\BuildLiteBehavior [ RunTime:0.000360s ]
INFO: [ app_init ] --END-- [ RunTime:0.003670s ]
ERR: 无法加载模块:Public

