[ 2016-04-13T20:30:52+08:00 ] ::1 /blog/Public/js/skin/layer.css
INFO: [ app_init ] --START--
INFO: Run Behavior\BuildLiteBehavior [ RunTime:0.000343s ]
INFO: [ app_init ] --END-- [ RunTime:0.003456s ]
ERR: 无法加载模块:Public

[ 2016-04-13T20:30:53+08:00 ] ::1 /blog/Public/css/images/top-icons.png
INFO: [ app_init ] --START--
INFO: Run Behavior\BuildLiteBehavior [ RunTime:0.000376s ]
INFO: [ app_init ] --END-- [ RunTime:0.003563s ]
ERR: 无法加载模块:Public

[ 2016-04-13T20:32:02+08:00 ] ::1 /blog/Public/js/skin/layer.css
INFO: [ app_init ] --START--
INFO: Run Behavior\BuildLiteBehavior [ RunTime:0.000202s ]
INFO: [ app_init ] --END-- [ RunTime:0.002291s ]
ERR: 无法加载模块:Public

[ 2016-04-13T20:32:03+08:00 ] ::1 /blog/Public/css/images/top-icons.png
INFO: [ app_init ] --START--
INFO: Run Behavior\BuildLiteBehavior [ RunTime:0.000209s ]
INFO: [ app_init ] --END-- [ RunTime:0.002380s ]
ERR: 无法加载模块:Public

[ 2016-04-13T20:39:49+08:00 ] ::1 /blog/Public/js/skin/layer.css
INFO: [ app_init ] --START--
INFO: Run Behavior\BuildLiteBehavior [ RunTime:0.000372s ]
INFO: [ app_init ] --END-- [ RunTime:0.003506s ]
ERR: 无法加载模块:Public

[ 2016-04-13T20:39:49+08:00 ] ::1 /blog/Public/css/images/top-icons.png
INFO: [ app_init ] --START--
INFO: Run Behavior\BuildLiteBehavior [ RunTime:0.000202s ]
INFO: [ app_init ] --END-- [ RunTime:0.002070s ]
ERR: 无法加载模块:Public

[ 2016-04-13T20:41:04+08:00 ] ::1 /blog/Public/js/skin/layer.css
INFO: [ app_init ] --START--
INFO: Run Behavior\BuildLiteBehavior [ RunTime:0.000418s ]
INFO: [ app_init ] --END-- [ RunTime:0.005119s ]
ERR: 无法加载模块:Public

[ 2016-04-13T20:41:04+08:00 ] ::1 /blog/Public/css/images/top-icons.png
INFO: [ app_init ] --START--
INFO: Run Behavior\BuildLiteBehavior [ RunTime:0.000245s ]
INFO: [ app_init ] --END-- [ RunTime:0.002190s ]
ERR: 无法加载模块:Public

[ 2016-04-13T20:41:54+08:00 ] ::1 /blog/Public/js/skin/layer.css
INFO: [ app_init ] --START--
INFO: Run Behavior\BuildLiteBehavior [ RunTime:0.000464s ]
INFO: [ app_init ] --END-- [ RunTime:0.004415s ]
ERR: 无法加载模块:Public

[ 2016-04-13T20:43:22+08:00 ] ::1 /blog/Public/js/skin/layer.css
INFO: [ app_init ] --START--
INFO: Run Behavior\BuildLiteBehavior [ RunTime:0.000200s ]
INFO: [ app_init ] --END-- [ RunTime:0.002007s ]
ERR: 无法加载模块:Public

[ 2016-04-13T20:43:22+08:00 ] ::1 /blog/Public/css/images/top-icons.png
INFO: [ app_init ] --START--
INFO: Run Behavior\BuildLiteBehavior [ RunTime:0.000208s ]
INFO: [ app_init ] --END-- [ RunTime:0.002504s ]
ERR: 无法加载模块:Public

[ 2016-04-13T21:23:56+08:00 ] ::1 /blog/Public/js/skin/layer.css
INFO: [ app_init ] --START--
INFO: Run Behavior\BuildLiteBehavior [ RunTime:0.000358s ]
INFO: [ app_init ] --END-- [ RunTime:0.004770s ]
ERR: 无法加载模块:Public

[ 2016-04-13T21:23:57+08:00 ] ::1 /blog/Public/css/images/top-icons.png
INFO: [ app_init ] --START--
INFO: Run Behavior\BuildLiteBehavior [ RunTime:0.000414s ]
INFO: [ app_init ] --END-- [ RunTime:0.003713s ]
ERR: 无法加载模块:Public

[ 2016-04-13T22:13:04+08:00 ] ::1 /blog/Public/js/skin/layer.css
INFO: [ app_init ] --START--
INFO: Run Behavior\BuildLiteBehavior [ RunTime:0.000427s ]
INFO: [ app_init ] --END-- [ RunTime:0.004034s ]
ERR: 无法加载模块:Public

[ 2016-04-13T22:13:05+08:00 ] ::1 /blog/Public/css/images/top-icons.png
INFO: [ app_init ] --START--
INFO: Run Behavior\BuildLiteBehavior [ RunTime:0.000208s ]
INFO: [ app_init ] --END-- [ RunTime:0.002507s ]
ERR: 无法加载模块:Public

[ 2016-04-13T22:25:04+08:00 ] ::1 /blog/Public/js/skin/layer.css
INFO: [ app_init ] --START--
INFO: Run Behavior\BuildLiteBehavior [ RunTime:0.000438s ]
INFO: [ app_init ] --END-- [ RunTime:0.003548s ]
ERR: 无法加载模块:Public

[ 2016-04-13T22:25:05+08:00 ] ::1 /blog/Public/css/images/top-icons.png
INFO: [ app_init ] --START--
INFO: Run Behavior\BuildLiteBehavior [ RunTime:0.000233s ]
INFO: [ app_init ] --END-- [ RunTime:0.001975s ]
ERR: 无法加载模块:Public

[ 2016-04-13T23:07:21+08:00 ] ::1 /blog/Public/js/skin/layer.css
INFO: [ app_init ] --START--
INFO: Run Behavior\BuildLiteBehavior [ RunTime:0.000468s ]
INFO: [ app_init ] --END-- [ RunTime:0.003740s ]
ERR: 无法加载模块:Public

[ 2016-04-13T23:07:22+08:00 ] ::1 /blog/Public/css/images/top-icons.png
INFO: [ app_init ] --START--
INFO: Run Behavior\BuildLiteBehavior [ RunTime:0.000286s ]
INFO: [ app_init ] --END-- [ RunTime:0.002654s ]
ERR: 无法加载模块:Public

