[ 2016-04-10T13:09:16+08:00 ] ::1 /blog/Public/js/skin/layer.css
INFO: [ app_init ] --START--
INFO: Run Behavior\BuildLiteBehavior [ RunTime:0.000240s ]
INFO: [ app_init ] --END-- [ RunTime:0.002747s ]
ERR: 无法加载模块:Public

[ 2016-04-10T13:09:21+08:00 ] ::1 /blog/Public/css/images/top-icons.png
INFO: [ app_init ] --START--
INFO: Run Behavior\BuildLiteBehavior [ RunTime:0.000699s ]
INFO: [ app_init ] --END-- [ RunTime:0.004022s ]
ERR: 无法加载模块:Public

[ 2016-04-10T13:30:55+08:00 ] ::1 /blog/Public/js/skin/layer.css
INFO: [ app_init ] --START--
INFO: Run Behavior\BuildLiteBehavior [ RunTime:0.000411s ]
INFO: [ app_init ] --END-- [ RunTime:0.003856s ]
ERR: 无法加载模块:Public

[ 2016-04-10T13:30:56+08:00 ] ::1 /blog/Public/css/images/top-icons.png
INFO: [ app_init ] --START--
INFO: Run Behavior\BuildLiteBehavior [ RunTime:0.000194s ]
INFO: [ app_init ] --END-- [ RunTime:0.001925s ]
ERR: 无法加载模块:Public

[ 2016-04-10T13:35:18+08:00 ] ::1 /blog/Public/js/skin/layer.css
INFO: [ app_init ] --START--
INFO: Run Behavior\BuildLiteBehavior [ RunTime:0.000355s ]
INFO: [ app_init ] --END-- [ RunTime:0.010871s ]
ERR: 无法加载模块:Public

[ 2016-04-10T13:35:18+08:00 ] ::1 /blog/Public/css/images/top-icons.png
INFO: [ app_init ] --START--
INFO: Run Behavior\BuildLiteBehavior [ RunTime:0.000300s ]
INFO: [ app_init ] --END-- [ RunTime:0.002372s ]
ERR: 无法加载模块:Public

[ 2016-04-10T13:36:20+08:00 ] ::1 /blog/Public/js/skin/layer.css
INFO: [ app_init ] --START--
INFO: Run Behavior\BuildLiteBehavior [ RunTime:0.000372s ]
INFO: [ app_init ] --END-- [ RunTime:0.005425s ]
ERR: 无法加载模块:Public

[ 2016-04-10T13:36:20+08:00 ] ::1 /blog/Public/css/images/top-icons.png
INFO: [ app_init ] --START--
INFO: Run Behavior\BuildLiteBehavior [ RunTime:0.000194s ]
INFO: [ app_init ] --END-- [ RunTime:0.001807s ]
ERR: 无法加载模块:Public

[ 2016-04-10T13:37:41+08:00 ] ::1 /blog/Public/js/skin/layer.css
INFO: [ app_init ] --START--
INFO: Run Behavior\BuildLiteBehavior [ RunTime:0.000343s ]
INFO: [ app_init ] --END-- [ RunTime:0.003272s ]
ERR: 无法加载模块:Public

[ 2016-04-10T13:37:41+08:00 ] ::1 /blog/Public/css/images/top-icons.png
INFO: [ app_init ] --START--
INFO: Run Behavior\BuildLiteBehavior [ RunTime:0.000200s ]
INFO: [ app_init ] --END-- [ RunTime:0.002474s ]
ERR: 无法加载模块:Public

[ 2016-04-10T13:38:36+08:00 ] ::1 /blog/Public/js/skin/layer.css
INFO: [ app_init ] --START--
INFO: Run Behavior\BuildLiteBehavior [ RunTime:0.000305s ]
INFO: [ app_init ] --END-- [ RunTime:0.002690s ]
ERR: 无法加载模块:Public

[ 2016-04-10T13:38:36+08:00 ] ::1 /blog/Public/css/images/top-icons.png
INFO: [ app_init ] --START--
INFO: Run Behavior\BuildLiteBehavior [ RunTime:0.000294s ]
INFO: [ app_init ] --END-- [ RunTime:0.002871s ]
ERR: 无法加载模块:Public

[ 2016-04-10T13:39:25+08:00 ] ::1 /blog/Public/js/skin/layer.css
INFO: [ app_init ] --START--
INFO: Run Behavior\BuildLiteBehavior [ RunTime:0.000353s ]
INFO: [ app_init ] --END-- [ RunTime:0.003387s ]
ERR: 无法加载模块:Public

[ 2016-04-10T13:39:26+08:00 ] ::1 /blog/Public/css/images/top-icons.png
INFO: [ app_init ] --START--
INFO: Run Behavior\BuildLiteBehavior [ RunTime:0.000311s ]
INFO: [ app_init ] --END-- [ RunTime:0.002357s ]
ERR: 无法加载模块:Public

[ 2016-04-10T13:39:49+08:00 ] ::1 /blog/Public/js/skin/layer.css
INFO: [ app_init ] --START--
INFO: Run Behavior\BuildLiteBehavior [ RunTime:0.000516s ]
INFO: [ app_init ] --END-- [ RunTime:0.003718s ]
ERR: 无法加载模块:Public

[ 2016-04-10T13:39:49+08:00 ] ::1 /blog/Public/css/images/top-icons.png
INFO: [ app_init ] --START--
INFO: Run Behavior\BuildLiteBehavior [ RunTime:0.000266s ]
INFO: [ app_init ] --END-- [ RunTime:0.001997s ]
ERR: 无法加载模块:Public

[ 2016-04-10T13:40:20+08:00 ] ::1 /blog/Public/js/skin/layer.css
INFO: [ app_init ] --START--
INFO: Run Behavior\BuildLiteBehavior [ RunTime:0.000355s ]
INFO: [ app_init ] --END-- [ RunTime:0.003370s ]
ERR: 无法加载模块:Public

[ 2016-04-10T13:40:21+08:00 ] ::1 /blog/Public/css/images/top-icons.png
INFO: [ app_init ] --START--
INFO: Run Behavior\BuildLiteBehavior [ RunTime:0.000198s ]
INFO: [ app_init ] --END-- [ RunTime:0.001909s ]
ERR: 无法加载模块:Public

[ 2016-04-10T13:40:36+08:00 ] ::1 /blog/Public/js/skin/layer.css
INFO: [ app_init ] --START--
INFO: Run Behavior\BuildLiteBehavior [ RunTime:0.000383s ]
INFO: [ app_init ] --END-- [ RunTime:0.003473s ]
ERR: 无法加载模块:Public

[ 2016-04-10T13:40:36+08:00 ] ::1 /blog/Public/css/images/top-icons.png
INFO: [ app_init ] --START--
INFO: Run Behavior\BuildLiteBehavior [ RunTime:0.000197s ]
INFO: [ app_init ] --END-- [ RunTime:0.001819s ]
ERR: 无法加载模块:Public

[ 2016-04-10T13:41:12+08:00 ] ::1 /blog/Public/js/skin/layer.css
INFO: [ app_init ] --START--
INFO: Run Behavior\BuildLiteBehavior [ RunTime:0.000349s ]
INFO: [ app_init ] --END-- [ RunTime:0.004251s ]
ERR: 无法加载模块:Public

[ 2016-04-10T13:41:13+08:00 ] ::1 /blog/Public/css/images/top-icons.png
INFO: [ app_init ] --START--
INFO: Run Behavior\BuildLiteBehavior [ RunTime:0.000200s ]
INFO: [ app_init ] --END-- [ RunTime:0.002086s ]
ERR: 无法加载模块:Public

[ 2016-04-10T13:41:58+08:00 ] ::1 /blog/Public/js/skin/layer.css
INFO: [ app_init ] --START--
INFO: Run Behavior\BuildLiteBehavior [ RunTime:0.000351s ]
INFO: [ app_init ] --END-- [ RunTime:0.003414s ]
ERR: 无法加载模块:Public

[ 2016-04-10T13:42:00+08:00 ] ::1 /blog/Public/css/images/top-icons.png
INFO: [ app_init ] --START--
INFO: Run Behavior\BuildLiteBehavior [ RunTime:0.000213s ]
INFO: [ app_init ] --END-- [ RunTime:0.002057s ]
ERR: 无法加载模块:Public

[ 2016-04-10T13:42:41+08:00 ] ::1 /blog/Public/js/skin/layer.css
INFO: [ app_init ] --START--
INFO: Run Behavior\BuildLiteBehavior [ RunTime:0.000211s ]
INFO: [ app_init ] --END-- [ RunTime:0.002404s ]
ERR: 无法加载模块:Public

[ 2016-04-10T13:42:41+08:00 ] ::1 /blog/Public/css/images/top-icons.png
INFO: [ app_init ] --START--
INFO: Run Behavior\BuildLiteBehavior [ RunTime:0.000213s ]
INFO: [ app_init ] --END-- [ RunTime:0.002565s ]
ERR: 无法加载模块:Public

[ 2016-04-10T13:48:05+08:00 ] ::1 /blog/Public/js/skin/layer.css
INFO: [ app_init ] --START--
INFO: Run Behavior\BuildLiteBehavior [ RunTime:0.000386s ]
INFO: [ app_init ] --END-- [ RunTime:0.003358s ]
ERR: 无法加载模块:Public

[ 2016-04-10T13:48:06+08:00 ] ::1 /blog/Public/css/images/top-icons.png
INFO: [ app_init ] --START--
INFO: Run Behavior\BuildLiteBehavior [ RunTime:0.000194s ]
INFO: [ app_init ] --END-- [ RunTime:0.002015s ]
ERR: 无法加载模块:Public

[ 2016-04-10T13:49:38+08:00 ] ::1 /blog/Public/js/skin/layer.css
INFO: [ app_init ] --START--
INFO: Run Behavior\BuildLiteBehavior [ RunTime:0.000336s ]
INFO: [ app_init ] --END-- [ RunTime:0.003220s ]
ERR: 无法加载模块:Public

[ 2016-04-10T13:49:38+08:00 ] ::1 /blog/Public/css/images/top-icons.png
INFO: [ app_init ] --START--
INFO: Run Behavior\BuildLiteBehavior [ RunTime:0.000211s ]
INFO: [ app_init ] --END-- [ RunTime:0.001941s ]
ERR: 无法加载模块:Public

[ 2016-04-10T13:52:08+08:00 ] ::1 /blog/Public/js/skin/layer.css
INFO: [ app_init ] --START--
INFO: Run Behavior\BuildLiteBehavior [ RunTime:0.000357s ]
INFO: [ app_init ] --END-- [ RunTime:0.003339s ]
ERR: 无法加载模块:Public

[ 2016-04-10T13:52:08+08:00 ] ::1 /blog/Public/css/images/top-icons.png
INFO: [ app_init ] --START--
INFO: Run Behavior\BuildLiteBehavior [ RunTime:0.000202s ]
INFO: [ app_init ] --END-- [ RunTime:0.002676s ]
ERR: 无法加载模块:Public

[ 2016-04-10T13:55:20+08:00 ] ::1 /blog/Public/js/skin/layer.css
INFO: [ app_init ] --START--
INFO: Run Behavior\BuildLiteBehavior [ RunTime:0.000447s ]
INFO: [ app_init ] --END-- [ RunTime:0.003950s ]
ERR: 无法加载模块:Public

[ 2016-04-10T13:55:20+08:00 ] ::1 /blog/Public/css/images/top-icons.png
INFO: [ app_init ] --START--
INFO: Run Behavior\BuildLiteBehavior [ RunTime:0.000198s ]
INFO: [ app_init ] --END-- [ RunTime:0.002220s ]
ERR: 无法加载模块:Public

[ 2016-04-10T13:57:00+08:00 ] ::1 /blog/Public/js/skin/layer.css
INFO: [ app_init ] --START--
INFO: Run Behavior\BuildLiteBehavior [ RunTime:0.000282s ]
INFO: [ app_init ] --END-- [ RunTime:0.002701s ]
ERR: 无法加载模块:Public

[ 2016-04-10T13:57:01+08:00 ] ::1 /blog/Public/css/images/top-icons.png
INFO: [ app_init ] --START--
INFO: Run Behavior\BuildLiteBehavior [ RunTime:0.000196s ]
INFO: [ app_init ] --END-- [ RunTime:0.002222s ]
ERR: 无法加载模块:Public

[ 2016-04-10T13:58:24+08:00 ] ::1 /blog/Public/js/skin/layer.css
INFO: [ app_init ] --START--
INFO: Run Behavior\BuildLiteBehavior [ RunTime:0.000299s ]
INFO: [ app_init ] --END-- [ RunTime:0.002957s ]
ERR: 无法加载模块:Public

[ 2016-04-10T13:58:25+08:00 ] ::1 /blog/Public/css/images/top-icons.png
INFO: [ app_init ] --START--
INFO: Run Behavior\BuildLiteBehavior [ RunTime:0.000205s ]
INFO: [ app_init ] --END-- [ RunTime:0.002047s ]
ERR: 无法加载模块:Public

[ 2016-04-10T14:02:27+08:00 ] ::1 /blog/Public/js/skin/layer.css
INFO: [ app_init ] --START--
INFO: Run Behavior\BuildLiteBehavior [ RunTime:0.000489s ]
INFO: [ app_init ] --END-- [ RunTime:0.003473s ]
ERR: 无法加载模块:Public

[ 2016-04-10T14:02:27+08:00 ] ::1 /blog/Public/css/images/top-icons.png
INFO: [ app_init ] --START--
INFO: Run Behavior\BuildLiteBehavior [ RunTime:0.000300s ]
INFO: [ app_init ] --END-- [ RunTime:0.002895s ]
ERR: 无法加载模块:Public

[ 2016-04-10T14:03:34+08:00 ] ::1 /blog/Public/js/skin/layer.css
INFO: [ app_init ] --START--
INFO: Run Behavior\BuildLiteBehavior [ RunTime:0.000342s ]
INFO: [ app_init ] --END-- [ RunTime:0.003466s ]
ERR: 无法加载模块:Public

[ 2016-04-10T14:03:35+08:00 ] ::1 /blog/Public/css/images/top-icons.png
INFO: [ app_init ] --START--
INFO: Run Behavior\BuildLiteBehavior [ RunTime:0.000191s ]
INFO: [ app_init ] --END-- [ RunTime:0.001847s ]
ERR: 无法加载模块:Public

[ 2016-04-10T14:04:44+08:00 ] ::1 /blog/Public/js/skin/layer.css
INFO: [ app_init ] --START--
INFO: Run Behavior\BuildLiteBehavior [ RunTime:0.000362s ]
INFO: [ app_init ] --END-- [ RunTime:0.003508s ]
ERR: 无法加载模块:Public

[ 2016-04-10T14:04:45+08:00 ] ::1 /blog/Public/css/images/top-icons.png
INFO: [ app_init ] --START--
INFO: Run Behavior\BuildLiteBehavior [ RunTime:0.000194s ]
INFO: [ app_init ] --END-- [ RunTime:0.002019s ]
ERR: 无法加载模块:Public

[ 2016-04-10T14:05:22+08:00 ] ::1 /blog/Public/js/skin/layer.css
INFO: [ app_init ] --START--
INFO: Run Behavior\BuildLiteBehavior [ RunTime:0.000322s ]
INFO: [ app_init ] --END-- [ RunTime:0.003225s ]
ERR: 无法加载模块:Public

[ 2016-04-10T14:05:22+08:00 ] ::1 /blog/Public/css/images/top-icons.png
INFO: [ app_init ] --START--
INFO: Run Behavior\BuildLiteBehavior [ RunTime:0.000292s ]
INFO: [ app_init ] --END-- [ RunTime:0.002849s ]
ERR: 无法加载模块:Public

[ 2016-04-10T14:06:27+08:00 ] ::1 /blog/Public/js/skin/layer.css
INFO: [ app_init ] --START--
INFO: Run Behavior\BuildLiteBehavior [ RunTime:0.000315s ]
INFO: [ app_init ] --END-- [ RunTime:0.003341s ]
ERR: 无法加载模块:Public

[ 2016-04-10T14:06:27+08:00 ] ::1 /blog/Public/css/images/top-icons.png
INFO: [ app_init ] --START--
INFO: Run Behavior\BuildLiteBehavior [ RunTime:0.000193s ]
INFO: [ app_init ] --END-- [ RunTime:0.001920s ]
ERR: 无法加载模块:Public

[ 2016-04-10T14:07:40+08:00 ] ::1 /blog/Public/js/skin/layer.css
INFO: [ app_init ] --START--
INFO: Run Behavior\BuildLiteBehavior [ RunTime:0.000295s ]
INFO: [ app_init ] --END-- [ RunTime:0.022315s ]
ERR: 无法加载模块:Public

[ 2016-04-10T14:07:41+08:00 ] ::1 /blog/Public/css/images/top-icons.png
INFO: [ app_init ] --START--
INFO: Run Behavior\BuildLiteBehavior [ RunTime:0.000200s ]
INFO: [ app_init ] --END-- [ RunTime:0.001991s ]
ERR: 无法加载模块:Public

[ 2016-04-10T14:11:12+08:00 ] ::1 /blog/Public/js/skin/layer.css
INFO: [ app_init ] --START--
INFO: Run Behavior\BuildLiteBehavior [ RunTime:0.000373s ]
INFO: [ app_init ] --END-- [ RunTime:0.003865s ]
ERR: 无法加载模块:Public

[ 2016-04-10T14:11:12+08:00 ] ::1 /blog/Public/css/images/top-icons.png
INFO: [ app_init ] --START--
INFO: Run Behavior\BuildLiteBehavior [ RunTime:0.000288s ]
INFO: [ app_init ] --END-- [ RunTime:0.002685s ]
ERR: 无法加载模块:Public

[ 2016-04-10T14:12:25+08:00 ] ::1 /blog/Public/js/skin/layer.css
INFO: [ app_init ] --START--
INFO: Run Behavior\BuildLiteBehavior [ RunTime:0.000296s ]
INFO: [ app_init ] --END-- [ RunTime:0.003181s ]
ERR: 无法加载模块:Public

[ 2016-04-10T14:12:26+08:00 ] ::1 /blog/Public/css/images/top-icons.png
INFO: [ app_init ] --START--
INFO: Run Behavior\BuildLiteBehavior [ RunTime:0.000198s ]
INFO: [ app_init ] --END-- [ RunTime:0.001900s ]
ERR: 无法加载模块:Public

[ 2016-04-10T14:17:22+08:00 ] ::1 /blog/Public/js/skin/layer.css
INFO: [ app_init ] --START--
INFO: Run Behavior\BuildLiteBehavior [ RunTime:0.000291s ]
INFO: [ app_init ] --END-- [ RunTime:0.003139s ]
ERR: 无法加载模块:Public

[ 2016-04-10T14:17:23+08:00 ] ::1 /blog/Public/css/images/top-icons.png
INFO: [ app_init ] --START--
INFO: Run Behavior\BuildLiteBehavior [ RunTime:0.000201s ]
INFO: [ app_init ] --END-- [ RunTime:0.001903s ]
ERR: 无法加载模块:Public

[ 2016-04-10T14:18:37+08:00 ] ::1 /blog/Public/js/skin/layer.css
INFO: [ app_init ] --START--
INFO: Run Behavior\BuildLiteBehavior [ RunTime:0.000352s ]
INFO: [ app_init ] --END-- [ RunTime:0.003312s ]
ERR: 无法加载模块:Public

[ 2016-04-10T14:18:37+08:00 ] ::1 /blog/Public/css/images/top-icons.png
INFO: [ app_init ] --START--
INFO: Run Behavior\BuildLiteBehavior [ RunTime:0.000401s ]
INFO: [ app_init ] --END-- [ RunTime:0.002655s ]
ERR: 无法加载模块:Public

[ 2016-04-10T14:19:32+08:00 ] ::1 /blog/Public/js/skin/layer.css
INFO: [ app_init ] --START--
INFO: Run Behavior\BuildLiteBehavior [ RunTime:0.000351s ]
INFO: [ app_init ] --END-- [ RunTime:0.003115s ]
ERR: 无法加载模块:Public

[ 2016-04-10T14:19:32+08:00 ] ::1 /blog/Public/css/images/top-icons.png
INFO: [ app_init ] --START--
INFO: Run Behavior\BuildLiteBehavior [ RunTime:0.000338s ]
INFO: [ app_init ] --END-- [ RunTime:0.002605s ]
ERR: 无法加载模块:Public

[ 2016-04-10T14:19:54+08:00 ] ::1 /blog/Public/js/skin/layer.css
INFO: [ app_init ] --START--
INFO: Run Behavior\BuildLiteBehavior [ RunTime:0.000309s ]
INFO: [ app_init ] --END-- [ RunTime:0.002946s ]
ERR: 无法加载模块:Public

[ 2016-04-10T14:19:56+08:00 ] ::1 /blog/Public/css/images/top-icons.png
INFO: [ app_init ] --START--
INFO: Run Behavior\BuildLiteBehavior [ RunTime:0.000193s ]
INFO: [ app_init ] --END-- [ RunTime:0.001889s ]
ERR: 无法加载模块:Public

[ 2016-04-10T14:20:18+08:00 ] ::1 /blog/Public/js/skin/layer.css
INFO: [ app_init ] --START--
INFO: Run Behavior\BuildLiteBehavior [ RunTime:0.000293s ]
INFO: [ app_init ] --END-- [ RunTime:0.003021s ]
ERR: 无法加载模块:Public

[ 2016-04-10T14:20:18+08:00 ] ::1 /blog/Public/css/images/top-icons.png
INFO: [ app_init ] --START--
INFO: Run Behavior\BuildLiteBehavior [ RunTime:0.000317s ]
INFO: [ app_init ] --END-- [ RunTime:0.002648s ]
ERR: 无法加载模块:Public

[ 2016-04-10T14:20:52+08:00 ] ::1 /blog/Public/js/skin/layer.css
INFO: [ app_init ] --START--
INFO: Run Behavior\BuildLiteBehavior [ RunTime:0.000345s ]
INFO: [ app_init ] --END-- [ RunTime:0.003421s ]
ERR: 无法加载模块:Public

[ 2016-04-10T14:20:53+08:00 ] ::1 /blog/Public/css/images/top-icons.png
INFO: [ app_init ] --START--
INFO: Run Behavior\BuildLiteBehavior [ RunTime:0.000193s ]
INFO: [ app_init ] --END-- [ RunTime:0.002335s ]
ERR: 无法加载模块:Public

[ 2016-04-10T14:21:23+08:00 ] ::1 /blog/Public/js/skin/layer.css
INFO: [ app_init ] --START--
INFO: Run Behavior\BuildLiteBehavior [ RunTime:0.000353s ]
INFO: [ app_init ] --END-- [ RunTime:0.003391s ]
ERR: 无法加载模块:Public

[ 2016-04-10T14:21:24+08:00 ] ::1 /blog/Public/css/images/top-icons.png
INFO: [ app_init ] --START--
INFO: Run Behavior\BuildLiteBehavior [ RunTime:0.000255s ]
INFO: [ app_init ] --END-- [ RunTime:0.002957s ]
ERR: 无法加载模块:Public

[ 2016-04-10T14:21:41+08:00 ] ::1 /blog/Public/js/skin/layer.css
INFO: [ app_init ] --START--
INFO: Run Behavior\BuildLiteBehavior [ RunTime:0.000371s ]
INFO: [ app_init ] --END-- [ RunTime:0.003212s ]
ERR: 无法加载模块:Public

[ 2016-04-10T14:21:41+08:00 ] ::1 /blog/Public/css/images/top-icons.png
INFO: [ app_init ] --START--
INFO: Run Behavior\BuildLiteBehavior [ RunTime:0.000200s ]
INFO: [ app_init ] --END-- [ RunTime:0.002401s ]
ERR: 无法加载模块:Public

[ 2016-04-10T14:22:00+08:00 ] ::1 /blog/Public/js/skin/layer.css
INFO: [ app_init ] --START--
INFO: Run Behavior\BuildLiteBehavior [ RunTime:0.000337s ]
INFO: [ app_init ] --END-- [ RunTime:0.003150s ]
ERR: 无法加载模块:Public

[ 2016-04-10T14:22:01+08:00 ] ::1 /blog/Public/css/images/top-icons.png
INFO: [ app_init ] --START--
INFO: Run Behavior\BuildLiteBehavior [ RunTime:0.000203s ]
INFO: [ app_init ] --END-- [ RunTime:0.002127s ]
ERR: 无法加载模块:Public

[ 2016-04-10T14:58:17+08:00 ] ::1 /blog/Public/js/skin/layer.css
INFO: [ app_init ] --START--
INFO: Run Behavior\BuildLiteBehavior [ RunTime:0.000289s ]
INFO: [ app_init ] --END-- [ RunTime:0.002811s ]
ERR: 无法加载模块:Public

[ 2016-04-10T14:58:18+08:00 ] ::1 /blog/Public/css/images/top-icons.png
INFO: [ app_init ] --START--
INFO: Run Behavior\BuildLiteBehavior [ RunTime:0.000318s ]
INFO: [ app_init ] --END-- [ RunTime:0.002199s ]
ERR: 无法加载模块:Public

[ 2016-04-10T15:08:26+08:00 ] ::1 /blog/Public/js/skin/layer.css
INFO: [ app_init ] --START--
INFO: Run Behavior\BuildLiteBehavior [ RunTime:0.000470s ]
INFO: [ app_init ] --END-- [ RunTime:0.004926s ]
ERR: 无法加载模块:Public

[ 2016-04-10T15:08:26+08:00 ] ::1 /blog/Public/css/images/top-icons.png
INFO: [ app_init ] --START--
INFO: Run Behavior\BuildLiteBehavior [ RunTime:0.000201s ]
INFO: [ app_init ] --END-- [ RunTime:0.002204s ]
ERR: 无法加载模块:Public

[ 2016-04-10T15:12:49+08:00 ] ::1 /blog/Public/js/skin/layer.css
INFO: [ app_init ] --START--
INFO: Run Behavior\BuildLiteBehavior [ RunTime:0.000352s ]
INFO: [ app_init ] --END-- [ RunTime:0.002958s ]
ERR: 无法加载模块:Public

[ 2016-04-10T15:12:50+08:00 ] ::1 /blog/Public/css/images/top-icons.png
INFO: [ app_init ] --START--
INFO: Run Behavior\BuildLiteBehavior [ RunTime:0.000201s ]
INFO: [ app_init ] --END-- [ RunTime:0.002213s ]
ERR: 无法加载模块:Public

[ 2016-04-10T15:13:56+08:00 ] ::1 /blog/Public/js/skin/layer.css
INFO: [ app_init ] --START--
INFO: Run Behavior\BuildLiteBehavior [ RunTime:0.000305s ]
INFO: [ app_init ] --END-- [ RunTime:0.003093s ]
ERR: 无法加载模块:Public

[ 2016-04-10T15:13:56+08:00 ] ::1 /blog/Public/css/images/top-icons.png
INFO: [ app_init ] --START--
INFO: Run Behavior\BuildLiteBehavior [ RunTime:0.000196s ]
INFO: [ app_init ] --END-- [ RunTime:0.002030s ]
ERR: 无法加载模块:Public

[ 2016-04-10T15:15:18+08:00 ] ::1 /blog/Public/js/skin/layer.css
INFO: [ app_init ] --START--
INFO: Run Behavior\BuildLiteBehavior [ RunTime:0.000287s ]
INFO: [ app_init ] --END-- [ RunTime:0.002717s ]
ERR: 无法加载模块:Public

[ 2016-04-10T15:15:19+08:00 ] ::1 /blog/Public/css/images/top-icons.png
INFO: [ app_init ] --START--
INFO: Run Behavior\BuildLiteBehavior [ RunTime:0.000197s ]
INFO: [ app_init ] --END-- [ RunTime:0.002204s ]
ERR: 无法加载模块:Public

[ 2016-04-10T16:14:13+08:00 ] ::1 /blog/Public/js/skin/layer.css
INFO: [ app_init ] --START--
INFO: Run Behavior\BuildLiteBehavior [ RunTime:0.000425s ]
INFO: [ app_init ] --END-- [ RunTime:0.003700s ]
ERR: 无法加载模块:Public

[ 2016-04-10T16:14:13+08:00 ] ::1 /blog/Public/css/images/top-icons.png
INFO: [ app_init ] --START--
INFO: Run Behavior\BuildLiteBehavior [ RunTime:0.000284s ]
INFO: [ app_init ] --END-- [ RunTime:0.002947s ]
ERR: 无法加载模块:Public

[ 2016-04-10T16:16:36+08:00 ] ::1 /blog/Public/js/skin/layer.css
INFO: [ app_init ] --START--
INFO: Run Behavior\BuildLiteBehavior [ RunTime:0.000195s ]
INFO: [ app_init ] --END-- [ RunTime:0.002246s ]
ERR: 无法加载模块:Public

[ 2016-04-10T16:16:37+08:00 ] ::1 /blog/Public/css/images/top-icons.png
INFO: [ app_init ] --START--
INFO: Run Behavior\BuildLiteBehavior [ RunTime:0.000377s ]
INFO: [ app_init ] --END-- [ RunTime:0.003082s ]
ERR: 无法加载模块:Public

[ 2016-04-10T16:16:57+08:00 ] ::1 /blog/Public/js/skin/layer.css
INFO: [ app_init ] --START--
INFO: Run Behavior\BuildLiteBehavior [ RunTime:0.000332s ]
INFO: [ app_init ] --END-- [ RunTime:0.002794s ]
ERR: 无法加载模块:Public

[ 2016-04-10T16:16:58+08:00 ] ::1 /blog/Public/css/images/top-icons.png
INFO: [ app_init ] --START--
INFO: Run Behavior\BuildLiteBehavior [ RunTime:0.000259s ]
INFO: [ app_init ] --END-- [ RunTime:0.002486s ]
ERR: 无法加载模块:Public

[ 2016-04-10T16:21:40+08:00 ] ::1 /blog/Public/js/skin/layer.css
INFO: [ app_init ] --START--
INFO: Run Behavior\BuildLiteBehavior [ RunTime:0.000199s ]
INFO: [ app_init ] --END-- [ RunTime:0.002225s ]
ERR: 无法加载模块:Public

[ 2016-04-10T16:21:41+08:00 ] ::1 /blog/Public/css/images/top-icons.png
INFO: [ app_init ] --START--
INFO: Run Behavior\BuildLiteBehavior [ RunTime:0.000207s ]
INFO: [ app_init ] --END-- [ RunTime:0.002615s ]
ERR: 无法加载模块:Public

[ 2016-04-10T16:26:02+08:00 ] ::1 /blog/Public/js/skin/layer.css
INFO: [ app_init ] --START--
INFO: Run Behavior\BuildLiteBehavior [ RunTime:0.000237s ]
INFO: [ app_init ] --END-- [ RunTime:0.018329s ]
ERR: 无法加载模块:Public

[ 2016-04-10T16:26:03+08:00 ] ::1 /blog/Public/css/images/top-icons.png
INFO: [ app_init ] --START--
INFO: Run Behavior\BuildLiteBehavior [ RunTime:0.000197s ]
INFO: [ app_init ] --END-- [ RunTime:0.002335s ]
ERR: 无法加载模块:Public

[ 2016-04-10T16:26:24+08:00 ] ::1 /blog/Public/js/skin/layer.css
INFO: [ app_init ] --START--
INFO: Run Behavior\BuildLiteBehavior [ RunTime:0.000350s ]
INFO: [ app_init ] --END-- [ RunTime:0.003179s ]
ERR: 无法加载模块:Public

[ 2016-04-10T16:26:24+08:00 ] ::1 /blog/Public/css/images/top-icons.png
INFO: [ app_init ] --START--
INFO: Run Behavior\BuildLiteBehavior [ RunTime:0.000200s ]
INFO: [ app_init ] --END-- [ RunTime:0.002112s ]
ERR: 无法加载模块:Public

[ 2016-04-10T16:43:58+08:00 ] ::1 /blog/Public/js/skin/layer.css
INFO: [ app_init ] --START--
INFO: Run Behavior\BuildLiteBehavior [ RunTime:0.000327s ]
INFO: [ app_init ] --END-- [ RunTime:0.003294s ]
ERR: 无法加载模块:Public

[ 2016-04-10T16:43:59+08:00 ] ::1 /blog/Public/css/images/top-icons.png
INFO: [ app_init ] --START--
INFO: Run Behavior\BuildLiteBehavior [ RunTime:0.000357s ]
INFO: [ app_init ] --END-- [ RunTime:0.003067s ]
ERR: 无法加载模块:Public

[ 2016-04-10T16:44:18+08:00 ] ::1 /blog/Public/js/skin/layer.css
INFO: [ app_init ] --START--
INFO: Run Behavior\BuildLiteBehavior [ RunTime:0.000398s ]
INFO: [ app_init ] --END-- [ RunTime:0.003326s ]
ERR: 无法加载模块:Public

[ 2016-04-10T16:44:18+08:00 ] ::1 /blog/Public/css/images/top-icons.png
INFO: [ app_init ] --START--
INFO: Run Behavior\BuildLiteBehavior [ RunTime:0.000344s ]
INFO: [ app_init ] --END-- [ RunTime:0.003288s ]
ERR: 无法加载模块:Public

[ 2016-04-10T16:49:02+08:00 ] ::1 /blog/Public/js/skin/layer.css
INFO: [ app_init ] --START--
INFO: Run Behavior\BuildLiteBehavior [ RunTime:0.000298s ]
INFO: [ app_init ] --END-- [ RunTime:0.003136s ]
ERR: 无法加载模块:Public

[ 2016-04-10T16:49:03+08:00 ] ::1 /blog/Public/css/images/top-icons.png
INFO: [ app_init ] --START--
INFO: Run Behavior\BuildLiteBehavior [ RunTime:0.000292s ]
INFO: [ app_init ] --END-- [ RunTime:0.003056s ]
ERR: 无法加载模块:Public

[ 2016-04-10T16:49:07+08:00 ] ::1 /blog/Public/css/images/bg.png
INFO: [ app_init ] --START--
INFO: Run Behavior\BuildLiteBehavior [ RunTime:0.000193s ]
INFO: [ app_init ] --END-- [ RunTime:0.002065s ]
ERR: 无法加载模块:Public

[ 2016-04-10T16:50:58+08:00 ] ::1 /blog/Public/js/skin/layer.css
INFO: [ app_init ] --START--
INFO: Run Behavior\BuildLiteBehavior [ RunTime:0.000339s ]
INFO: [ app_init ] --END-- [ RunTime:0.004196s ]
ERR: 无法加载模块:Public

[ 2016-04-10T16:50:59+08:00 ] ::1 /blog/Public/css/images/top-icons.png
INFO: [ app_init ] --START--
INFO: Run Behavior\BuildLiteBehavior [ RunTime:0.000336s ]
INFO: [ app_init ] --END-- [ RunTime:0.003153s ]
ERR: 无法加载模块:Public

[ 2016-04-10T16:51:04+08:00 ] ::1 /blog/Public/js/skin/layer.css
INFO: [ app_init ] --START--
INFO: Run Behavior\BuildLiteBehavior [ RunTime:0.000367s ]
INFO: [ app_init ] --END-- [ RunTime:0.003469s ]
ERR: 无法加载模块:Public

[ 2016-04-10T16:51:05+08:00 ] ::1 /blog/Public/css/images/top-icons.png
INFO: [ app_init ] --START--
INFO: Run Behavior\BuildLiteBehavior [ RunTime:0.000290s ]
INFO: [ app_init ] --END-- [ RunTime:0.002796s ]
ERR: 无法加载模块:Public

[ 2016-04-10T16:51:09+08:00 ] ::1 /blog/Public/css/images/bg.png
INFO: [ app_init ] --START--
INFO: Run Behavior\BuildLiteBehavior [ RunTime:0.000333s ]
INFO: [ app_init ] --END-- [ RunTime:0.002817s ]
ERR: 无法加载模块:Public

[ 2016-04-10T16:51:29+08:00 ] ::1 /blog/Public/css/images/bg.png
INFO: [ app_init ] --START--
INFO: Run Behavior\BuildLiteBehavior [ RunTime:0.000292s ]
INFO: [ app_init ] --END-- [ RunTime:0.002576s ]
ERR: 无法加载模块:Public

[ 2016-04-10T16:51:54+08:00 ] ::1 /blog/Public/css/images/bg.png
INFO: [ app_init ] --START--
INFO: Run Behavior\BuildLiteBehavior [ RunTime:0.000319s ]
INFO: [ app_init ] --END-- [ RunTime:0.002244s ]
ERR: 无法加载模块:Public

[ 2016-04-10T16:51:54+08:00 ] ::1 /blog/Public/css/images/bg.png
INFO: [ app_init ] --START--
INFO: Run Behavior\BuildLiteBehavior [ RunTime:0.000342s ]
INFO: [ app_init ] --END-- [ RunTime:0.002581s ]
ERR: 无法加载模块:Public

[ 2016-04-10T16:52:01+08:00 ] ::1 /blog/Public/images/bg.png
INFO: [ app_init ] --START--
INFO: Run Behavior\BuildLiteBehavior [ RunTime:0.000193s ]
INFO: [ app_init ] --END-- [ RunTime:0.002017s ]
ERR: 无法加载模块:Public

[ 2016-04-10T16:52:04+08:00 ] ::1 /blog/Public/images/pbg.png
INFO: [ app_init ] --START--
INFO: Run Behavior\BuildLiteBehavior [ RunTime:0.000284s ]
INFO: [ app_init ] --END-- [ RunTime:0.002748s ]
ERR: 无法加载模块:Public

[ 2016-04-10T16:52:05+08:00 ] ::1 /blog/Public/images/pabg.png
INFO: [ app_init ] --START--
INFO: Run Behavior\BuildLiteBehavior [ RunTime:0.000324s ]
INFO: [ app_init ] --END-- [ RunTime:0.003058s ]
ERR: 无法加载模块:Public

[ 2016-04-10T16:52:06+08:00 ] ::1 /blog/Public/images/pagbg.png
INFO: [ app_init ] --START--
INFO: Run Behavior\BuildLiteBehavior [ RunTime:0.000284s ]
INFO: [ app_init ] --END-- [ RunTime:0.002634s ]
ERR: 无法加载模块:Public

[ 2016-04-10T16:52:06+08:00 ] ::1 /blog/Public/images/pagebg.png
INFO: [ app_init ] --START--
INFO: Run Behavior\BuildLiteBehavior [ RunTime:0.000333s ]
INFO: [ app_init ] --END-- [ RunTime:0.002569s ]
ERR: 无法加载模块:Public

[ 2016-04-10T16:52:06+08:00 ] ::1 /blog/Public/images/pagerbg.png
INFO: [ app_init ] --START--
INFO: Run Behavior\BuildLiteBehavior [ RunTime:0.000293s ]
INFO: [ app_init ] --END-- [ RunTime:0.002955s ]
ERR: 无法加载模块:Public

[ 2016-04-10T16:52:45+08:00 ] ::1 /blog/Public/js/skin/layer.css
INFO: [ app_init ] --START--
INFO: Run Behavior\BuildLiteBehavior [ RunTime:0.000408s ]
INFO: [ app_init ] --END-- [ RunTime:0.003650s ]
ERR: 无法加载模块:Public

[ 2016-04-10T16:52:46+08:00 ] ::1 /blog/Public/css/images/top-icons.png
INFO: [ app_init ] --START--
INFO: Run Behavior\BuildLiteBehavior [ RunTime:0.000196s ]
INFO: [ app_init ] --END-- [ RunTime:0.002017s ]
ERR: 无法加载模块:Public

[ 2016-04-10T16:52:48+08:00 ] ::1 /blog/Public/css/images/bg.png
INFO: [ app_init ] --START--
INFO: Run Behavior\BuildLiteBehavior [ RunTime:0.000197s ]
INFO: [ app_init ] --END-- [ RunTime:0.002061s ]
ERR: 无法加载模块:Public

[ 2016-04-10T16:53:50+08:00 ] ::1 /blog/Public/js/skin/layer.css
INFO: [ app_init ] --START--
INFO: Run Behavior\BuildLiteBehavior [ RunTime:0.000293s ]
INFO: [ app_init ] --END-- [ RunTime:0.003078s ]
ERR: 无法加载模块:Public

[ 2016-04-10T16:53:50+08:00 ] ::1 /blog/Public/css/images/top-icons.png
INFO: [ app_init ] --START--
INFO: Run Behavior\BuildLiteBehavior [ RunTime:0.000210s ]
INFO: [ app_init ] --END-- [ RunTime:0.002215s ]
ERR: 无法加载模块:Public

[ 2016-04-10T18:51:30+08:00 ] ::1 /blog/Public/js/skin/layer.css
INFO: [ app_init ] --START--
INFO: Run Behavior\BuildLiteBehavior [ RunTime:0.000333s ]
INFO: [ app_init ] --END-- [ RunTime:0.003746s ]
ERR: 无法加载模块:Public

[ 2016-04-10T18:51:31+08:00 ] ::1 /blog/Public/css/images/top-icons.png
INFO: [ app_init ] --START--
INFO: Run Behavior\BuildLiteBehavior [ RunTime:0.000245s ]
INFO: [ app_init ] --END-- [ RunTime:0.002496s ]
ERR: 无法加载模块:Public

[ 2016-04-10T19:24:31+08:00 ] ::1 /blog/Public/js/skin/layer.css
INFO: [ app_init ] --START--
INFO: Run Behavior\BuildLiteBehavior [ RunTime:0.000411s ]
INFO: [ app_init ] --END-- [ RunTime:0.003471s ]
ERR: 无法加载模块:Public

[ 2016-04-10T19:24:32+08:00 ] ::1 /blog/Public/css/images/top-icons.png
INFO: [ app_init ] --START--
INFO: Run Behavior\BuildLiteBehavior [ RunTime:0.000353s ]
INFO: [ app_init ] --END-- [ RunTime:0.003223s ]
ERR: 无法加载模块:Public

[ 2016-04-10T19:43:11+08:00 ] ::1 /blog/Public/js/skin/layer.css
INFO: [ app_init ] --START--
INFO: Run Behavior\BuildLiteBehavior [ RunTime:0.000389s ]
INFO: [ app_init ] --END-- [ RunTime:0.003813s ]
ERR: 无法加载模块:Public

[ 2016-04-10T19:43:12+08:00 ] ::1 /blog/Public/css/images/top-icons.png
INFO: [ app_init ] --START--
INFO: Run Behavior\BuildLiteBehavior [ RunTime:0.000325s ]
INFO: [ app_init ] --END-- [ RunTime:0.003259s ]
ERR: 无法加载模块:Public

[ 2016-04-10T19:43:49+08:00 ] ::1 /blog/Public/js/skin/layer.css
INFO: [ app_init ] --START--
INFO: Run Behavior\BuildLiteBehavior [ RunTime:0.000406s ]
INFO: [ app_init ] --END-- [ RunTime:0.003393s ]
ERR: 无法加载模块:Public

[ 2016-04-10T19:43:50+08:00 ] ::1 /blog/Public/css/images/top-icons.png
INFO: [ app_init ] --START--
INFO: Run Behavior\BuildLiteBehavior [ RunTime:0.000359s ]
INFO: [ app_init ] --END-- [ RunTime:0.003133s ]
ERR: 无法加载模块:Public

[ 2016-04-10T19:44:40+08:00 ] ::1 /blog/Public/js/skin/layer.css
INFO: [ app_init ] --START--
INFO: Run Behavior\BuildLiteBehavior [ RunTime:0.000713s ]
INFO: [ app_init ] --END-- [ RunTime:0.003901s ]
ERR: 无法加载模块:Public

[ 2016-04-10T19:44:41+08:00 ] ::1 /blog/Public/css/images/top-icons.png
INFO: [ app_init ] --START--
INFO: Run Behavior\BuildLiteBehavior [ RunTime:0.000361s ]
INFO: [ app_init ] --END-- [ RunTime:0.004897s ]
ERR: 无法加载模块:Public

[ 2016-04-10T20:12:37+08:00 ] ::1 /blog/Public/css/images/top-icons.png
INFO: [ app_init ] --START--
INFO: Run Behavior\BuildLiteBehavior [ RunTime:0.000431s ]
INFO: [ app_init ] --END-- [ RunTime:0.003701s ]
ERR: 无法加载模块:Public

[ 2016-04-10T20:12:37+08:00 ] ::1 /blog/Public/js/skin/layer.css
INFO: [ app_init ] --START--
INFO: Run Behavior\BuildLiteBehavior [ RunTime:0.000278s ]
INFO: [ app_init ] --END-- [ RunTime:0.002468s ]
ERR: 无法加载模块:Public

[ 2016-04-10T20:28:41+08:00 ] ::1 /blog/Public/js/skin/layer.css
INFO: [ app_init ] --START--
INFO: Run Behavior\BuildLiteBehavior [ RunTime:0.000523s ]
INFO: [ app_init ] --END-- [ RunTime:0.003820s ]
ERR: 无法加载模块:Public

[ 2016-04-10T20:28:41+08:00 ] ::1 /blog/Public/css/images/top-icons.png
INFO: [ app_init ] --START--
INFO: Run Behavior\BuildLiteBehavior [ RunTime:0.000207s ]
INFO: [ app_init ] --END-- [ RunTime:0.002366s ]
ERR: 无法加载模块:Public

[ 2016-04-10T20:41:22+08:00 ] ::1 /blog/Public/js/skin/layer.css
INFO: [ app_init ] --START--
INFO: Run Behavior\BuildLiteBehavior [ RunTime:0.000396s ]
INFO: [ app_init ] --END-- [ RunTime:0.003584s ]
ERR: 无法加载模块:Public

[ 2016-04-10T20:41:22+08:00 ] ::1 /blog/Public/css/images/top-icons.png
INFO: [ app_init ] --START--
INFO: Run Behavior\BuildLiteBehavior [ RunTime:0.000203s ]
INFO: [ app_init ] --END-- [ RunTime:0.001956s ]
ERR: 无法加载模块:Public

[ 2016-04-10T20:41:47+08:00 ] ::1 /blog/Public/js/skin/layer.css
INFO: [ app_init ] --START--
INFO: Run Behavior\BuildLiteBehavior [ RunTime:0.000307s ]
INFO: [ app_init ] --END-- [ RunTime:0.003018s ]
ERR: 无法加载模块:Public

[ 2016-04-10T20:41:48+08:00 ] ::1 /blog/Public/css/images/top-icons.png
INFO: [ app_init ] --START--
INFO: Run Behavior\BuildLiteBehavior [ RunTime:0.000305s ]
INFO: [ app_init ] --END-- [ RunTime:0.002981s ]
ERR: 无法加载模块:Public

[ 2016-04-10T20:45:55+08:00 ] ::1 /blog/Public/js/skin/layer.css
INFO: [ app_init ] --START--
INFO: Run Behavior\BuildLiteBehavior [ RunTime:0.000234s ]
INFO: [ app_init ] --END-- [ RunTime:0.002558s ]
ERR: 无法加载模块:Public

[ 2016-04-10T20:45:56+08:00 ] ::1 /blog/Public/css/images/top-icons.png
INFO: [ app_init ] --START--
INFO: Run Behavior\BuildLiteBehavior [ RunTime:0.000207s ]
INFO: [ app_init ] --END-- [ RunTime:0.002394s ]
ERR: 无法加载模块:Public

[ 2016-04-10T20:46:23+08:00 ] ::1 /blog/Public/js/skin/layer.css
INFO: [ app_init ] --START--
INFO: Run Behavior\BuildLiteBehavior [ RunTime:0.000414s ]
INFO: [ app_init ] --END-- [ RunTime:0.003653s ]
ERR: 无法加载模块:Public

[ 2016-04-10T20:46:24+08:00 ] ::1 /blog/Public/css/images/top-icons.png
INFO: [ app_init ] --START--
INFO: Run Behavior\BuildLiteBehavior [ RunTime:0.000206s ]
INFO: [ app_init ] --END-- [ RunTime:0.002031s ]
ERR: 无法加载模块:Public

[ 2016-04-10T20:48:17+08:00 ] ::1 /blog/Public/js/skin/layer.css
INFO: [ app_init ] --START--
INFO: Run Behavior\BuildLiteBehavior [ RunTime:0.000329s ]
INFO: [ app_init ] --END-- [ RunTime:0.003122s ]
ERR: 无法加载模块:Public

[ 2016-04-10T20:48:17+08:00 ] ::1 /blog/Public/css/images/top-icons.png
INFO: [ app_init ] --START--
INFO: Run Behavior\BuildLiteBehavior [ RunTime:0.000208s ]
INFO: [ app_init ] --END-- [ RunTime:0.002350s ]
ERR: 无法加载模块:Public

[ 2016-04-10T20:49:07+08:00 ] ::1 /blog/Public/js/skin/layer.css
INFO: [ app_init ] --START--
INFO: Run Behavior\BuildLiteBehavior [ RunTime:0.000388s ]
INFO: [ app_init ] --END-- [ RunTime:0.003405s ]
ERR: 无法加载模块:Public

[ 2016-04-10T20:49:08+08:00 ] ::1 /blog/Public/css/images/top-icons.png
INFO: [ app_init ] --START--
INFO: Run Behavior\BuildLiteBehavior [ RunTime:0.000358s ]
INFO: [ app_init ] --END-- [ RunTime:0.003388s ]
ERR: 无法加载模块:Public

[ 2016-04-10T21:01:50+08:00 ] ::1 /blog/Public/js/skin/layer.css
INFO: [ app_init ] --START--
INFO: Run Behavior\BuildLiteBehavior [ RunTime:0.000307s ]
INFO: [ app_init ] --END-- [ RunTime:0.003111s ]
ERR: 无法加载模块:Public

[ 2016-04-10T21:01:51+08:00 ] ::1 /blog/Public/css/images/top-icons.png
INFO: [ app_init ] --START--
INFO: Run Behavior\BuildLiteBehavior [ RunTime:0.000205s ]
INFO: [ app_init ] --END-- [ RunTime:0.002012s ]
ERR: 无法加载模块:Public

[ 2016-04-10T21:02:19+08:00 ] ::1 /blog/Public/js/skin/layer.css
INFO: [ app_init ] --START--
INFO: Run Behavior\BuildLiteBehavior [ RunTime:0.000405s ]
INFO: [ app_init ] --END-- [ RunTime:0.003763s ]
ERR: 无法加载模块:Public

[ 2016-04-10T21:02:19+08:00 ] ::1 /blog/Public/css/images/top-icons.png
INFO: [ app_init ] --START--
INFO: Run Behavior\BuildLiteBehavior [ RunTime:0.000366s ]
INFO: [ app_init ] --END-- [ RunTime:0.003300s ]
ERR: 无法加载模块:Public

[ 2016-04-10T21:05:18+08:00 ] ::1 /blog/Public/js/skin/layer.css
INFO: [ app_init ] --START--
INFO: Run Behavior\BuildLiteBehavior [ RunTime:0.000299s ]
INFO: [ app_init ] --END-- [ RunTime:0.003199s ]
ERR: 无法加载模块:Public

[ 2016-04-10T21:05:19+08:00 ] ::1 /blog/Public/css/images/top-icons.png
INFO: [ app_init ] --START--
INFO: Run Behavior\BuildLiteBehavior [ RunTime:0.000376s ]
INFO: [ app_init ] --END-- [ RunTime:0.003801s ]
ERR: 无法加载模块:Public

[ 2016-04-10T21:07:50+08:00 ] ::1 /blog/Public/js/skin/layer.css
INFO: [ app_init ] --START--
INFO: Run Behavior\BuildLiteBehavior [ RunTime:0.000362s ]
INFO: [ app_init ] --END-- [ RunTime:0.003563s ]
ERR: 无法加载模块:Public

[ 2016-04-10T21:07:51+08:00 ] ::1 /blog/Public/css/images/top-icons.png
INFO: [ app_init ] --START--
INFO: Run Behavior\BuildLiteBehavior [ RunTime:0.000375s ]
INFO: [ app_init ] --END-- [ RunTime:0.003355s ]
ERR: 无法加载模块:Public

[ 2016-04-10T21:08:21+08:00 ] ::1 /blog/Public/js/skin/layer.css
INFO: [ app_init ] --START--
INFO: Run Behavior\BuildLiteBehavior [ RunTime:0.000375s ]
INFO: [ app_init ] --END-- [ RunTime:0.003071s ]
ERR: 无法加载模块:Public

[ 2016-04-10T21:08:22+08:00 ] ::1 /blog/Public/css/images/top-icons.png
INFO: [ app_init ] --START--
INFO: Run Behavior\BuildLiteBehavior [ RunTime:0.000204s ]
INFO: [ app_init ] --END-- [ RunTime:0.002175s ]
ERR: 无法加载模块:Public

[ 2016-04-10T21:10:49+08:00 ] ::1 /blog/Public/js/skin/layer.css
INFO: [ app_init ] --START--
INFO: Run Behavior\BuildLiteBehavior [ RunTime:0.000314s ]
INFO: [ app_init ] --END-- [ RunTime:0.003297s ]
ERR: 无法加载模块:Public

[ 2016-04-10T21:11:18+08:00 ] ::1 /blog/Public/css/assets/js/jquery.min.map
INFO: [ app_init ] --START--
INFO: Run Behavior\BuildLiteBehavior [ RunTime:0.000287s ]
INFO: [ app_init ] --END-- [ RunTime:0.002477s ]
ERR: 无法加载模块:Public

[ 2016-04-10T21:11:55+08:00 ] ::1 /blog/Public/js/skin/layer.css
INFO: [ app_init ] --START--
INFO: Run Behavior\BuildLiteBehavior [ RunTime:0.000299s ]
INFO: [ app_init ] --END-- [ RunTime:0.002890s ]
ERR: 无法加载模块:Public

[ 2016-04-10T21:11:55+08:00 ] ::1 /blog/Public/css/assets/js/jquery.min.map
INFO: [ app_init ] --START--
INFO: Run Behavior\BuildLiteBehavior [ RunTime:0.000361s ]
INFO: [ app_init ] --END-- [ RunTime:0.004024s ]
ERR: 无法加载模块:Public

[ 2016-04-10T21:11:57+08:00 ] ::1 /blog/Public/css/images/top-icons.png
INFO: [ app_init ] --START--
INFO: Run Behavior\BuildLiteBehavior [ RunTime:0.000351s ]
INFO: [ app_init ] --END-- [ RunTime:0.003276s ]
ERR: 无法加载模块:Public

[ 2016-04-10T21:25:50+08:00 ] ::1 /blog/Public/js/skin/layer.css
INFO: [ app_init ] --START--
INFO: Run Behavior\BuildLiteBehavior [ RunTime:0.000372s ]
INFO: [ app_init ] --END-- [ RunTime:0.003976s ]
ERR: 无法加载模块:Public

[ 2016-04-10T21:25:52+08:00 ] ::1 /blog/Public/css/images/top-icons.png
INFO: [ app_init ] --START--
INFO: Run Behavior\BuildLiteBehavior [ RunTime:0.000422s ]
INFO: [ app_init ] --END-- [ RunTime:0.004701s ]
ERR: 无法加载模块:Public

[ 2016-04-10T21:26:52+08:00 ] ::1 /blog/Public/js/skin/layer.css
INFO: [ app_init ] --START--
INFO: Run Behavior\BuildLiteBehavior [ RunTime:0.000415s ]
INFO: [ app_init ] --END-- [ RunTime:0.003943s ]
ERR: 无法加载模块:Public

[ 2016-04-10T21:26:52+08:00 ] ::1 /blog/Public/css/images/top-icons.png
INFO: [ app_init ] --START--
INFO: Run Behavior\BuildLiteBehavior [ RunTime:0.000360s ]
INFO: [ app_init ] --END-- [ RunTime:0.003617s ]
ERR: 无法加载模块:Public

[ 2016-04-10T21:31:38+08:00 ] ::1 /blog/Public/js/skin/layer.css
INFO: [ app_init ] --START--
INFO: Run Behavior\BuildLiteBehavior [ RunTime:0.000394s ]
INFO: [ app_init ] --END-- [ RunTime:0.003617s ]
ERR: 无法加载模块:Public

[ 2016-04-10T21:31:39+08:00 ] ::1 /blog/Public/css/images/top-icons.png
INFO: [ app_init ] --START--
INFO: Run Behavior\BuildLiteBehavior [ RunTime:0.000341s ]
INFO: [ app_init ] --END-- [ RunTime:0.003253s ]
ERR: 无法加载模块:Public

[ 2016-04-10T21:33:07+08:00 ] ::1 /blog/Public/js/skin/layer.css
INFO: [ app_init ] --START--
INFO: Run Behavior\BuildLiteBehavior [ RunTime:0.000376s ]
INFO: [ app_init ] --END-- [ RunTime:0.006082s ]
ERR: 无法加载模块:Public

[ 2016-04-10T21:33:08+08:00 ] ::1 /blog/Public/css/images/top-icons.png
INFO: [ app_init ] --START--
INFO: Run Behavior\BuildLiteBehavior [ RunTime:0.000205s ]
INFO: [ app_init ] --END-- [ RunTime:0.002008s ]
ERR: 无法加载模块:Public

[ 2016-04-10T21:33:48+08:00 ] ::1 /blog/Public/js/skin/layer.css
INFO: [ app_init ] --START--
INFO: Run Behavior\BuildLiteBehavior [ RunTime:0.000377s ]
INFO: [ app_init ] --END-- [ RunTime:0.003707s ]
ERR: 无法加载模块:Public

[ 2016-04-10T21:33:49+08:00 ] ::1 /blog/Public/css/images/top-icons.png
INFO: [ app_init ] --START--
INFO: Run Behavior\BuildLiteBehavior [ RunTime:0.000474s ]
INFO: [ app_init ] --END-- [ RunTime:0.004254s ]
ERR: 无法加载模块:Public

[ 2016-04-10T21:36:01+08:00 ] ::1 /blog/Public/js/skin/layer.css
INFO: [ app_init ] --START--
INFO: Run Behavior\BuildLiteBehavior [ RunTime:0.000351s ]
INFO: [ app_init ] --END-- [ RunTime:0.005809s ]
ERR: 无法加载模块:Public

[ 2016-04-10T21:36:01+08:00 ] ::1 /blog/Public/css/images/top-icons.png
INFO: [ app_init ] --START--
INFO: Run Behavior\BuildLiteBehavior [ RunTime:0.000306s ]
INFO: [ app_init ] --END-- [ RunTime:0.003130s ]
ERR: 无法加载模块:Public

[ 2016-04-10T21:37:01+08:00 ] ::1 /blog/Public/js/skin/layer.css
INFO: [ app_init ] --START--
INFO: Run Behavior\BuildLiteBehavior [ RunTime:0.000376s ]
INFO: [ app_init ] --END-- [ RunTime:0.003749s ]
ERR: 无法加载模块:Public

[ 2016-04-10T21:37:01+08:00 ] ::1 /blog/Public/css/images/top-icons.png
INFO: [ app_init ] --START--
INFO: Run Behavior\BuildLiteBehavior [ RunTime:0.000212s ]
INFO: [ app_init ] --END-- [ RunTime:0.002344s ]
ERR: 无法加载模块:Public

[ 2016-04-10T21:39:31+08:00 ] ::1 /blog/Public/js/skin/layer.css
INFO: [ app_init ] --START--
INFO: Run Behavior\BuildLiteBehavior [ RunTime:0.000434s ]
INFO: [ app_init ] --END-- [ RunTime:0.007962s ]
ERR: 无法加载模块:Public

[ 2016-04-10T21:39:31+08:00 ] ::1 /blog/Public/css/images/top-icons.png
INFO: [ app_init ] --START--
INFO: Run Behavior\BuildLiteBehavior [ RunTime:0.000360s ]
INFO: [ app_init ] --END-- [ RunTime:0.005671s ]
ERR: 无法加载模块:Public

[ 2016-04-10T21:47:29+08:00 ] ::1 /blog/index.php/Upload/moodlist/2016-04-10/14602859477612.jpg
INFO: [ app_init ] --START--
INFO: Run Behavior\BuildLiteBehavior [ RunTime:0.000420s ]
INFO: [ app_init ] --END-- [ RunTime:0.003511s ]
ERR: 无法加载模块:Upload

[ 2016-04-10T21:47:47+08:00 ] ::1 /blog/Public/js/skin/layer.css
INFO: [ app_init ] --START--
INFO: Run Behavior\BuildLiteBehavior [ RunTime:0.000557s ]
INFO: [ app_init ] --END-- [ RunTime:0.004750s ]
ERR: 无法加载模块:Public

[ 2016-04-10T21:47:49+08:00 ] ::1 /blog/Public/css/images/top-icons.png
INFO: [ app_init ] --START--
INFO: Run Behavior\BuildLiteBehavior [ RunTime:0.000334s ]
INFO: [ app_init ] --END-- [ RunTime:0.003003s ]
ERR: 无法加载模块:Public

