[ 2016-04-16T21:59:42+08:00 ] ::1 /blog/Public/js/skin/layer.css
INFO: [ app_init ] --START--
INFO: Run Behavior\BuildLiteBehavior [ RunTime:0.000262s ]
INFO: [ app_init ] --END-- [ RunTime:0.002879s ]
ERR: 无法加载模块:Public

[ 2016-04-16T21:59:43+08:00 ] ::1 /blog/Public/css/images/top-icons.png
INFO: [ app_init ] --START--
INFO: Run Behavior\BuildLiteBehavior [ RunTime:0.000344s ]
INFO: [ app_init ] --END-- [ RunTime:0.013226s ]
ERR: 无法加载模块:Public

[ 2016-04-16T22:00:17+08:00 ] ::1 /blog/Public/js/skin/layer.css
INFO: [ app_init ] --START--
INFO: Run Behavior\BuildLiteBehavior [ RunTime:0.000205s ]
INFO: [ app_init ] --END-- [ RunTime:0.002223s ]
ERR: 无法加载模块:Public

[ 2016-04-16T23:09:35+08:00 ] ::1 /blog/Public/js/skin/layer.css
INFO: [ app_init ] --START--
INFO: Run Behavior\BuildLiteBehavior [ RunTime:0.000348s ]
INFO: [ app_init ] --END-- [ RunTime:0.003164s ]
ERR: 无法加载模块:Public

[ 2016-04-16T23:09:36+08:00 ] ::1 /blog/Public/css/images/top-icons.png
INFO: [ app_init ] --START--
INFO: Run Behavior\BuildLiteBehavior [ RunTime:0.000204s ]
INFO: [ app_init ] --END-- [ RunTime:0.002474s ]
ERR: 无法加载模块:Public

