[ 2016-03-20T13:07:29+08:00 ] ::1 /blog/Public/Images/bg_main.jpg
INFO: [ app_init ] --START--
INFO: Run Behavior\BuildLiteBehavior [ RunTime:0.000312s ]
INFO: [ app_init ] --END-- [ RunTime:0.002993s ]
ERR: 无法加载模块:Public

[ 2016-03-20T13:07:29+08:00 ] ::1 /blog/Public/Images/top.jpg
INFO: [ app_init ] --START--
INFO: Run Behavior\BuildLiteBehavior [ RunTime:0.000204s ]
INFO: [ app_init ] --END-- [ RunTime:0.002296s ]
ERR: 无法加载模块:Public

[ 2016-03-20T13:07:29+08:00 ] ::1 /blog/Public/Images/send.png
INFO: [ app_init ] --START--
INFO: Run Behavior\BuildLiteBehavior [ RunTime:0.000355s ]
INFO: [ app_init ] --END-- [ RunTime:0.003129s ]
ERR: 无法加载模块:Public

[ 2016-03-20T13:08:25+08:00 ] ::1 /blog/Public/Images/bg_main.jpg
INFO: [ app_init ] --START--
INFO: Run Behavior\BuildLiteBehavior [ RunTime:0.000203s ]
INFO: [ app_init ] --END-- [ RunTime:0.002163s ]
ERR: 无法加载模块:Public

[ 2016-03-20T13:08:25+08:00 ] ::1 /blog/Public/Images/send.png
INFO: [ app_init ] --START--
INFO: Run Behavior\BuildLiteBehavior [ RunTime:0.000201s ]
INFO: [ app_init ] --END-- [ RunTime:0.002485s ]
ERR: 无法加载模块:Public

[ 2016-03-20T13:08:25+08:00 ] ::1 /blog/Public/Images/top.jpg
INFO: [ app_init ] --START--
INFO: Run Behavior\BuildLiteBehavior [ RunTime:0.000199s ]
INFO: [ app_init ] --END-- [ RunTime:0.001887s ]
ERR: 无法加载模块:Public

[ 2016-03-20T13:09:15+08:00 ] ::1 /blog/Public/Images/bg_main.jpg
INFO: [ app_init ] --START--
INFO: Run Behavior\BuildLiteBehavior [ RunTime:0.000199s ]
INFO: [ app_init ] --END-- [ RunTime:0.001966s ]
ERR: 无法加载模块:Public

[ 2016-03-20T13:09:15+08:00 ] ::1 /blog/Public/Images/top.jpg
INFO: [ app_init ] --START--
INFO: Run Behavior\BuildLiteBehavior [ RunTime:0.000202s ]
INFO: [ app_init ] --END-- [ RunTime:0.002048s ]
ERR: 无法加载模块:Public

[ 2016-03-20T13:09:20+08:00 ] ::1 /blog/Public/Images/send.png
INFO: [ app_init ] --START--
INFO: Run Behavior\BuildLiteBehavior [ RunTime:0.000295s ]
INFO: [ app_init ] --END-- [ RunTime:0.002735s ]
ERR: 无法加载模块:Public

[ 2016-03-20T13:10:27+08:00 ] ::1 /blog/Public/Images/bg_main.jpg
INFO: [ app_init ] --START--
INFO: Run Behavior\BuildLiteBehavior [ RunTime:0.000204s ]
INFO: [ app_init ] --END-- [ RunTime:0.002223s ]
ERR: 无法加载模块:Public

[ 2016-03-20T13:10:27+08:00 ] ::1 /blog/Public/Images/send.png
INFO: [ app_init ] --START--
INFO: Run Behavior\BuildLiteBehavior [ RunTime:0.000208s ]
INFO: [ app_init ] --END-- [ RunTime:0.001976s ]
ERR: 无法加载模块:Public

[ 2016-03-20T13:10:27+08:00 ] ::1 /blog/Public/Images/top.jpg
INFO: [ app_init ] --START--
INFO: Run Behavior\BuildLiteBehavior [ RunTime:0.000202s ]
INFO: [ app_init ] --END-- [ RunTime:0.002190s ]
ERR: 无法加载模块:Public

[ 2016-03-20T13:10:32+08:00 ] ::1 /blog/Public/Images/bg_main.jpg
INFO: [ app_init ] --START--
INFO: Run Behavior\BuildLiteBehavior [ RunTime:0.000200s ]
INFO: [ app_init ] --END-- [ RunTime:0.001813s ]
ERR: 无法加载模块:Public

[ 2016-03-20T13:10:32+08:00 ] ::1 /blog/Public/Images/send.png
INFO: [ app_init ] --START--
INFO: Run Behavior\BuildLiteBehavior [ RunTime:0.000333s ]
INFO: [ app_init ] --END-- [ RunTime:0.002800s ]
ERR: 无法加载模块:Public

[ 2016-03-20T13:10:32+08:00 ] ::1 /blog/Public/Images/top.jpg
INFO: [ app_init ] --START--
INFO: Run Behavior\BuildLiteBehavior [ RunTime:0.000214s ]
INFO: [ app_init ] --END-- [ RunTime:0.002136s ]
ERR: 无法加载模块:Public

[ 2016-03-20T13:10:36+08:00 ] ::1 /blog/Public/Images/bg_main.jpg
INFO: [ app_init ] --START--
INFO: Run Behavior\BuildLiteBehavior [ RunTime:0.000199s ]
INFO: [ app_init ] --END-- [ RunTime:0.001984s ]
ERR: 无法加载模块:Public

[ 2016-03-20T13:10:36+08:00 ] ::1 /blog/Public/Images/send.png
INFO: [ app_init ] --START--
INFO: Run Behavior\BuildLiteBehavior [ RunTime:0.000198s ]
INFO: [ app_init ] --END-- [ RunTime:0.001911s ]
ERR: 无法加载模块:Public

[ 2016-03-20T13:10:37+08:00 ] ::1 /blog/Public/Images/top.jpg
INFO: [ app_init ] --START--
INFO: Run Behavior\BuildLiteBehavior [ RunTime:0.000201s ]
INFO: [ app_init ] --END-- [ RunTime:0.002013s ]
ERR: 无法加载模块:Public

[ 2016-03-20T13:11:34+08:00 ] ::1 /blog/Public/Images/bg_main.jpg
INFO: [ app_init ] --START--
INFO: Run Behavior\BuildLiteBehavior [ RunTime:0.000204s ]
INFO: [ app_init ] --END-- [ RunTime:0.002434s ]
ERR: 无法加载模块:Public

[ 2016-03-20T13:11:34+08:00 ] ::1 /blog/Public/Images/top.jpg
INFO: [ app_init ] --START--
INFO: Run Behavior\BuildLiteBehavior [ RunTime:0.000201s ]
INFO: [ app_init ] --END-- [ RunTime:0.002036s ]
ERR: 无法加载模块:Public

[ 2016-03-20T13:11:34+08:00 ] ::1 /blog/Public/Images/send.png
INFO: [ app_init ] --START--
INFO: Run Behavior\BuildLiteBehavior [ RunTime:0.000349s ]
INFO: [ app_init ] --END-- [ RunTime:0.003093s ]
ERR: 无法加载模块:Public

[ 2016-03-20T13:11:35+08:00 ] ::1 /blog/Public/Images/bg_main.jpg
INFO: [ app_init ] --START--
INFO: Run Behavior\BuildLiteBehavior [ RunTime:0.000198s ]
INFO: [ app_init ] --END-- [ RunTime:0.002016s ]
ERR: 无法加载模块:Public

[ 2016-03-20T13:11:35+08:00 ] ::1 /blog/Public/Images/top.jpg
INFO: [ app_init ] --START--
INFO: Run Behavior\BuildLiteBehavior [ RunTime:0.000328s ]
INFO: [ app_init ] --END-- [ RunTime:0.002868s ]
ERR: 无法加载模块:Public

[ 2016-03-20T13:11:36+08:00 ] ::1 /blog/Public/Images/send.png
INFO: [ app_init ] --START--
INFO: Run Behavior\BuildLiteBehavior [ RunTime:0.000214s ]
INFO: [ app_init ] --END-- [ RunTime:0.002085s ]
ERR: 无法加载模块:Public

[ 2016-03-20T13:11:36+08:00 ] ::1 /blog/Public/Images/bg_main.jpg
INFO: [ app_init ] --START--
INFO: Run Behavior\BuildLiteBehavior [ RunTime:0.000218s ]
INFO: [ app_init ] --END-- [ RunTime:0.002074s ]
ERR: 无法加载模块:Public

[ 2016-03-20T13:11:36+08:00 ] ::1 /blog/Public/Images/send.png
INFO: [ app_init ] --START--
INFO: Run Behavior\BuildLiteBehavior [ RunTime:0.000196s ]
INFO: [ app_init ] --END-- [ RunTime:0.001794s ]
ERR: 无法加载模块:Public

[ 2016-03-20T13:11:37+08:00 ] ::1 /blog/Public/Images/top.jpg
INFO: [ app_init ] --START--
INFO: Run Behavior\BuildLiteBehavior [ RunTime:0.000315s ]
INFO: [ app_init ] --END-- [ RunTime:0.003041s ]
ERR: 无法加载模块:Public

[ 2016-03-20T13:14:05+08:00 ] ::1 /blog/Public/Images/bg_main.jpg
INFO: [ app_init ] --START--
INFO: Run Behavior\BuildLiteBehavior [ RunTime:0.000334s ]
INFO: [ app_init ] --END-- [ RunTime:0.003380s ]
ERR: 无法加载模块:Public

[ 2016-03-20T13:14:05+08:00 ] ::1 /blog/Public/Images/top.jpg
INFO: [ app_init ] --START--
INFO: Run Behavior\BuildLiteBehavior [ RunTime:0.000235s ]
INFO: [ app_init ] --END-- [ RunTime:0.002108s ]
ERR: 无法加载模块:Public

[ 2016-03-20T13:14:05+08:00 ] ::1 /blog/Public/Images/send.png
INFO: [ app_init ] --START--
INFO: Run Behavior\BuildLiteBehavior [ RunTime:0.000337s ]
INFO: [ app_init ] --END-- [ RunTime:0.003265s ]
ERR: 无法加载模块:Public

[ 2016-03-20T13:16:37+08:00 ] ::1 /blog/Public/Images/send.png
INFO: [ app_init ] --START--
INFO: Run Behavior\BuildLiteBehavior [ RunTime:0.000201s ]
INFO: [ app_init ] --END-- [ RunTime:0.001993s ]
ERR: 无法加载模块:Public

[ 2016-03-20T13:16:37+08:00 ] ::1 /blog/Public/Images/top.jpg
INFO: [ app_init ] --START--
INFO: Run Behavior\BuildLiteBehavior [ RunTime:0.000199s ]
INFO: [ app_init ] --END-- [ RunTime:0.001954s ]
ERR: 无法加载模块:Public

[ 2016-03-20T13:16:38+08:00 ] ::1 /blog/Public/Images/bg_main.jpg
INFO: [ app_init ] --START--
INFO: Run Behavior\BuildLiteBehavior [ RunTime:0.000227s ]
INFO: [ app_init ] --END-- [ RunTime:0.002164s ]
ERR: 无法加载模块:Public

[ 2016-03-20T13:16:57+08:00 ] ::1 /blog/Public/Images/bg_main.jpg
INFO: [ app_init ] --START--
INFO: Run Behavior\BuildLiteBehavior [ RunTime:0.000199s ]
INFO: [ app_init ] --END-- [ RunTime:0.002092s ]
ERR: 无法加载模块:Public

[ 2016-03-20T13:16:57+08:00 ] ::1 /blog/Public/Images/top.jpg
INFO: [ app_init ] --START--
INFO: Run Behavior\BuildLiteBehavior [ RunTime:0.000201s ]
INFO: [ app_init ] --END-- [ RunTime:0.001933s ]
ERR: 无法加载模块:Public

[ 2016-03-20T13:17:02+08:00 ] ::1 /blog/Public/Images/send.png
INFO: [ app_init ] --START--
INFO: Run Behavior\BuildLiteBehavior [ RunTime:0.000197s ]
INFO: [ app_init ] --END-- [ RunTime:0.001893s ]
ERR: 无法加载模块:Public

[ 2016-03-20T13:18:50+08:00 ] ::1 /blog/Public/Images/top.jpg
INFO: [ app_init ] --START--
INFO: Run Behavior\BuildLiteBehavior [ RunTime:0.000202s ]
INFO: [ app_init ] --END-- [ RunTime:0.002258s ]
ERR: 无法加载模块:Public

[ 2016-03-20T13:18:50+08:00 ] ::1 /blog/Public/Images/send.png
INFO: [ app_init ] --START--
INFO: Run Behavior\BuildLiteBehavior [ RunTime:0.000204s ]
INFO: [ app_init ] --END-- [ RunTime:0.002009s ]
ERR: 无法加载模块:Public

[ 2016-03-20T13:18:50+08:00 ] ::1 /blog/Public/Images/bg_main.jpg
INFO: [ app_init ] --START--
INFO: Run Behavior\BuildLiteBehavior [ RunTime:0.000333s ]
INFO: [ app_init ] --END-- [ RunTime:0.003226s ]
ERR: 无法加载模块:Public

[ 2016-03-20T13:19:31+08:00 ] ::1 /blog/Public/Images/bg_main.jpg
INFO: [ app_init ] --START--
INFO: Run Behavior\BuildLiteBehavior [ RunTime:0.000200s ]
INFO: [ app_init ] --END-- [ RunTime:0.002045s ]
ERR: 无法加载模块:Public

[ 2016-03-20T13:20:32+08:00 ] ::1 /blog/Public/Images/top.jpg
INFO: [ app_init ] --START--
INFO: Run Behavior\BuildLiteBehavior [ RunTime:0.000204s ]
INFO: [ app_init ] --END-- [ RunTime:0.002032s ]
ERR: 无法加载模块:Public

[ 2016-03-20T13:20:32+08:00 ] ::1 /blog/Public/Images/bg_main.jpg
INFO: [ app_init ] --START--
INFO: Run Behavior\BuildLiteBehavior [ RunTime:0.000202s ]
INFO: [ app_init ] --END-- [ RunTime:0.002176s ]
ERR: 无法加载模块:Public

[ 2016-03-20T13:20:32+08:00 ] ::1 /blog/Public/Images/send.png
INFO: [ app_init ] --START--
INFO: Run Behavior\BuildLiteBehavior [ RunTime:0.000200s ]
INFO: [ app_init ] --END-- [ RunTime:0.002152s ]
ERR: 无法加载模块:Public

[ 2016-03-20T13:20:34+08:00 ] ::1 /blog/Public/Images/bg_main.jpg
INFO: [ app_init ] --START--
INFO: Run Behavior\BuildLiteBehavior [ RunTime:0.000247s ]
INFO: [ app_init ] --END-- [ RunTime:0.002947s ]
ERR: 无法加载模块:Public

[ 2016-03-20T13:20:34+08:00 ] ::1 /blog/Public/Images/close.png
INFO: [ app_init ] --START--
INFO: Run Behavior\BuildLiteBehavior [ RunTime:0.000226s ]
INFO: [ app_init ] --END-- [ RunTime:0.002293s ]
ERR: 无法加载模块:Public

[ 2016-03-20T13:20:35+08:00 ] ::1 /blog/Public/Images/send-btn.png
INFO: [ app_init ] --START--
INFO: Run Behavior\BuildLiteBehavior [ RunTime:0.000195s ]
INFO: [ app_init ] --END-- [ RunTime:0.001841s ]
ERR: 无法加载模块:Public

[ 2016-03-20T13:26:57+08:00 ] ::1 /blog/Public/Js/index.js
INFO: [ app_init ] --START--
INFO: Run Behavior\BuildLiteBehavior [ RunTime:0.000201s ]
INFO: [ app_init ] --END-- [ RunTime:0.002209s ]
ERR: 无法加载模块:Public

[ 2016-03-20T13:26:58+08:00 ] ::1 /blog/Public/Images/top.jpg
INFO: [ app_init ] --START--
INFO: Run Behavior\BuildLiteBehavior [ RunTime:0.000362s ]
INFO: [ app_init ] --END-- [ RunTime:0.003729s ]
ERR: 无法加载模块:Public

[ 2016-03-20T13:26:58+08:00 ] ::1 /blog/Public/Images/bg_main.jpg
INFO: [ app_init ] --START--
INFO: Run Behavior\BuildLiteBehavior [ RunTime:0.000209s ]
INFO: [ app_init ] --END-- [ RunTime:0.001978s ]
ERR: 无法加载模块:Public

[ 2016-03-20T13:26:58+08:00 ] ::1 /blog/Public/Images/a1_1.gif
INFO: [ app_init ] --START--
INFO: Run Behavior\BuildLiteBehavior [ RunTime:0.000206s ]
INFO: [ app_init ] --END-- [ RunTime:0.002427s ]
ERR: 无法加载模块:Public

[ 2016-03-20T13:26:58+08:00 ] ::1 /blog/Public/Images/a1_3.gif
INFO: [ app_init ] --START--
INFO: Run Behavior\BuildLiteBehavior [ RunTime:0.000203s ]
INFO: [ app_init ] --END-- [ RunTime:0.002169s ]
ERR: 无法加载模块:Public

[ 2016-03-20T13:26:58+08:00 ] ::1 /blog/Public/Images/send.png
INFO: [ app_init ] --START--
INFO: Run Behavior\BuildLiteBehavior [ RunTime:0.000199s ]
INFO: [ app_init ] --END-- [ RunTime:0.001948s ]
ERR: 无法加载模块:Public

[ 2016-03-20T13:26:58+08:00 ] ::1 /blog/Public/Images/close.png
INFO: [ app_init ] --START--
INFO: Run Behavior\BuildLiteBehavior [ RunTime:0.000208s ]
INFO: [ app_init ] --END-- [ RunTime:0.002110s ]
ERR: 无法加载模块:Public

[ 2016-03-20T13:26:58+08:00 ] ::1 /blog/Public/Images/a1_2.gif
INFO: [ app_init ] --START--
INFO: Run Behavior\BuildLiteBehavior [ RunTime:0.000211s ]
INFO: [ app_init ] --END-- [ RunTime:0.001909s ]
ERR: 无法加载模块:Public

[ 2016-03-20T13:26:58+08:00 ] ::1 /blog/Public/Images/a2_1.gif
INFO: [ app_init ] --START--
INFO: Run Behavior\BuildLiteBehavior [ RunTime:0.000211s ]
INFO: [ app_init ] --END-- [ RunTime:0.001961s ]
ERR: 无法加载模块:Public

[ 2016-03-20T13:26:59+08:00 ] ::1 /blog/Public/Images/a2_2.gif
INFO: [ app_init ] --START--
INFO: Run Behavior\BuildLiteBehavior [ RunTime:0.000234s ]
INFO: [ app_init ] --END-- [ RunTime:0.003211s ]
ERR: 无法加载模块:Public

[ 2016-03-20T13:26:59+08:00 ] ::1 /blog/Public/Images/a2_3.gif
INFO: [ app_init ] --START--
INFO: Run Behavior\BuildLiteBehavior [ RunTime:0.000206s ]
INFO: [ app_init ] --END-- [ RunTime:0.002663s ]
ERR: 无法加载模块:Public

[ 2016-03-20T13:26:59+08:00 ] ::1 /blog/Public/Images/a3_1.gif
INFO: [ app_init ] --START--
INFO: Run Behavior\BuildLiteBehavior [ RunTime:0.000374s ]
INFO: [ app_init ] --END-- [ RunTime:0.003178s ]
ERR: 无法加载模块:Public

[ 2016-03-20T13:26:59+08:00 ] ::1 /blog/Public/Images/a3_2.gif
INFO: [ app_init ] --START--
INFO: Run Behavior\BuildLiteBehavior [ RunTime:0.000318s ]
INFO: [ app_init ] --END-- [ RunTime:0.002376s ]
ERR: 无法加载模块:Public

[ 2016-03-20T13:26:59+08:00 ] ::1 /blog/Public/Images/a3_3.gif
INFO: [ app_init ] --START--
INFO: Run Behavior\BuildLiteBehavior [ RunTime:0.000202s ]
INFO: [ app_init ] --END-- [ RunTime:0.002177s ]
ERR: 无法加载模块:Public

[ 2016-03-20T13:26:59+08:00 ] ::1 /blog/Public/Images/a4_1.gif
INFO: [ app_init ] --START--
INFO: Run Behavior\BuildLiteBehavior [ RunTime:0.000204s ]
INFO: [ app_init ] --END-- [ RunTime:0.002307s ]
ERR: 无法加载模块:Public

[ 2016-03-20T13:26:59+08:00 ] ::1 /blog/Public/Images/a4_3.gif
INFO: [ app_init ] --START--
INFO: Run Behavior\BuildLiteBehavior [ RunTime:0.000201s ]
INFO: [ app_init ] --END-- [ RunTime:0.001913s ]
ERR: 无法加载模块:Public

[ 2016-03-20T13:26:59+08:00 ] ::1 /blog/Public/Images/a4_2.gif
INFO: [ app_init ] --START--
INFO: Run Behavior\BuildLiteBehavior [ RunTime:0.000198s ]
INFO: [ app_init ] --END-- [ RunTime:0.001974s ]
ERR: 无法加载模块:Public

[ 2016-03-20T13:26:59+08:00 ] ::1 /blog/Public/Images/a5_1.gif
INFO: [ app_init ] --START--
INFO: Run Behavior\BuildLiteBehavior [ RunTime:0.000201s ]
INFO: [ app_init ] --END-- [ RunTime:0.001917s ]
ERR: 无法加载模块:Public

[ 2016-03-20T13:26:59+08:00 ] ::1 /blog/Public/Images/a5_2.gif
INFO: [ app_init ] --START--
INFO: Run Behavior\BuildLiteBehavior [ RunTime:0.000204s ]
INFO: [ app_init ] --END-- [ RunTime:0.003041s ]
ERR: 无法加载模块:Public

[ 2016-03-20T13:27:00+08:00 ] ::1 /blog/Public/Images/a5_3.gif
INFO: [ app_init ] --START--
INFO: Run Behavior\BuildLiteBehavior [ RunTime:0.000212s ]
INFO: [ app_init ] --END-- [ RunTime:0.002166s ]
ERR: 无法加载模块:Public

[ 2016-03-20T13:27:06+08:00 ] ::1 /blog/Public/Js/index.js
INFO: [ app_init ] --START--
INFO: Run Behavior\BuildLiteBehavior [ RunTime:0.000331s ]
INFO: [ app_init ] --END-- [ RunTime:0.003359s ]
ERR: 无法加载模块:Public

[ 2016-03-20T13:27:06+08:00 ] ::1 /blog/Public/Images/bg_main.jpg
INFO: [ app_init ] --START--
INFO: Run Behavior\BuildLiteBehavior [ RunTime:0.000374s ]
INFO: [ app_init ] --END-- [ RunTime:0.004883s ]
ERR: 无法加载模块:Public

[ 2016-03-20T13:27:06+08:00 ] ::1 /blog/Public/Images/a1_1.gif
INFO: [ app_init ] --START--
INFO: Run Behavior\BuildLiteBehavior [ RunTime:0.000384s ]
INFO: [ app_init ] --END-- [ RunTime:0.004613s ]
ERR: 无法加载模块:Public

[ 2016-03-20T13:27:06+08:00 ] ::1 /blog/Public/Images/top.jpg
INFO: [ app_init ] --START--
INFO: Run Behavior\BuildLiteBehavior [ RunTime:0.000369s ]
INFO: [ app_init ] --END-- [ RunTime:0.003272s ]
ERR: 无法加载模块:Public

[ 2016-03-20T13:27:06+08:00 ] ::1 /blog/Public/Images/send.png
INFO: [ app_init ] --START--
INFO: Run Behavior\BuildLiteBehavior [ RunTime:0.000369s ]
INFO: [ app_init ] --END-- [ RunTime:0.003382s ]
ERR: 无法加载模块:Public

[ 2016-03-20T13:27:06+08:00 ] ::1 /blog/Public/Images/a1_3.gif
INFO: [ app_init ] --START--
INFO: Run Behavior\BuildLiteBehavior [ RunTime:0.000342s ]
INFO: [ app_init ] --END-- [ RunTime:0.003356s ]
ERR: 无法加载模块:Public

[ 2016-03-20T13:27:06+08:00 ] ::1 /blog/Public/Images/a1_2.gif
INFO: [ app_init ] --START--
INFO: Run Behavior\BuildLiteBehavior [ RunTime:0.000337s ]
INFO: [ app_init ] --END-- [ RunTime:0.003252s ]
ERR: 无法加载模块:Public

[ 2016-03-20T13:27:07+08:00 ] ::1 /blog/Public/Images/a3_1.gif
INFO: [ app_init ] --START--
INFO: Run Behavior\BuildLiteBehavior [ RunTime:0.000199s ]
INFO: [ app_init ] --END-- [ RunTime:0.002011s ]
ERR: 无法加载模块:Public

[ 2016-03-20T13:27:07+08:00 ] ::1 /blog/Public/Images/a2_1.gif
INFO: [ app_init ] --START--
INFO: Run Behavior\BuildLiteBehavior [ RunTime:0.000334s ]
INFO: [ app_init ] --END-- [ RunTime:0.002973s ]
ERR: 无法加载模块:Public

[ 2016-03-20T13:27:07+08:00 ] ::1 /blog/Public/Images/a2_2.gif
INFO: [ app_init ] --START--
INFO: Run Behavior\BuildLiteBehavior [ RunTime:0.000330s ]
INFO: [ app_init ] --END-- [ RunTime:0.003125s ]
ERR: 无法加载模块:Public

[ 2016-03-20T13:27:07+08:00 ] ::1 /blog/Public/Images/close.png
INFO: [ app_init ] --START--
INFO: Run Behavior\BuildLiteBehavior [ RunTime:0.000624s ]
INFO: [ app_init ] --END-- [ RunTime:0.003465s ]
ERR: 无法加载模块:Public

[ 2016-03-20T13:27:07+08:00 ] ::1 /blog/Public/Images/a2_3.gif
INFO: [ app_init ] --START--
INFO: Run Behavior\BuildLiteBehavior [ RunTime:0.000327s ]
INFO: [ app_init ] --END-- [ RunTime:0.003238s ]
ERR: 无法加载模块:Public

[ 2016-03-20T13:27:07+08:00 ] ::1 /blog/Public/Images/a3_2.gif
INFO: [ app_init ] --START--
INFO: Run Behavior\BuildLiteBehavior [ RunTime:0.000198s ]
INFO: [ app_init ] --END-- [ RunTime:0.001888s ]
ERR: 无法加载模块:Public

[ 2016-03-20T13:27:07+08:00 ] ::1 /blog/Public/Images/a4_2.gif
INFO: [ app_init ] --START--
INFO: Run Behavior\BuildLiteBehavior [ RunTime:0.000361s ]
INFO: [ app_init ] --END-- [ RunTime:0.003269s ]
ERR: 无法加载模块:Public

[ 2016-03-20T13:27:07+08:00 ] ::1 /blog/Public/Images/a3_3.gif
INFO: [ app_init ] --START--
INFO: Run Behavior\BuildLiteBehavior [ RunTime:0.002088s ]
INFO: [ app_init ] --END-- [ RunTime:0.004990s ]
ERR: 无法加载模块:Public

[ 2016-03-20T13:27:07+08:00 ] ::1 /blog/Public/Images/a5_1.gif
INFO: [ app_init ] --START--
INFO: Run Behavior\BuildLiteBehavior [ RunTime:0.000384s ]
INFO: [ app_init ] --END-- [ RunTime:0.003498s ]
ERR: 无法加载模块:Public

[ 2016-03-20T13:27:07+08:00 ] ::1 /blog/Public/Images/a4_1.gif
INFO: [ app_init ] --START--
INFO: Run Behavior\BuildLiteBehavior [ RunTime:0.000350s ]
INFO: [ app_init ] --END-- [ RunTime:0.005145s ]
ERR: 无法加载模块:Public

[ 2016-03-20T13:27:07+08:00 ] ::1 /blog/Public/Images/a4_3.gif
INFO: [ app_init ] --START--
INFO: Run Behavior\BuildLiteBehavior [ RunTime:0.000212s ]
INFO: [ app_init ] --END-- [ RunTime:0.002374s ]
ERR: 无法加载模块:Public

[ 2016-03-20T13:27:07+08:00 ] ::1 /blog/Public/Images/a5_2.gif
INFO: [ app_init ] --START--
INFO: Run Behavior\BuildLiteBehavior [ RunTime:0.000195s ]
INFO: [ app_init ] --END-- [ RunTime:0.001989s ]
ERR: 无法加载模块:Public

[ 2016-03-20T13:27:08+08:00 ] ::1 /blog/Public/Images/a5_3.gif
INFO: [ app_init ] --START--
INFO: Run Behavior\BuildLiteBehavior [ RunTime:0.000228s ]
INFO: [ app_init ] --END-- [ RunTime:0.002369s ]
ERR: 无法加载模块:Public

[ 2016-03-20T13:27:44+08:00 ] ::1 /blog/Public/Images/top.jpg
INFO: [ app_init ] --START--
INFO: Run Behavior\BuildLiteBehavior [ RunTime:0.000353s ]
INFO: [ app_init ] --END-- [ RunTime:0.003270s ]
ERR: 无法加载模块:Public

[ 2016-03-20T13:27:44+08:00 ] ::1 /blog/Public/Images/send.png
INFO: [ app_init ] --START--
INFO: Run Behavior\BuildLiteBehavior [ RunTime:0.000349s ]
INFO: [ app_init ] --END-- [ RunTime:0.003251s ]
ERR: 无法加载模块:Public

[ 2016-03-20T13:27:44+08:00 ] ::1 /blog/Public/Images/a1_3.gif
INFO: [ app_init ] --START--
INFO: Run Behavior\BuildLiteBehavior [ RunTime:0.001964s ]
INFO: [ app_init ] --END-- [ RunTime:0.005362s ]
ERR: 无法加载模块:Public

[ 2016-03-20T13:27:44+08:00 ] ::1 /blog/Public/Images/bg_main.jpg
INFO: [ app_init ] --START--
INFO: Run Behavior\BuildLiteBehavior [ RunTime:0.000342s ]
INFO: [ app_init ] --END-- [ RunTime:0.003284s ]
ERR: 无法加载模块:Public

[ 2016-03-20T13:27:44+08:00 ] ::1 /blog/Public/Images/a1_1.gif
INFO: [ app_init ] --START--
INFO: Run Behavior\BuildLiteBehavior [ RunTime:0.000347s ]
INFO: [ app_init ] --END-- [ RunTime:0.003222s ]
ERR: 无法加载模块:Public

[ 2016-03-20T13:27:45+08:00 ] ::1 /blog/Public/Images/a2_3.gif
INFO: [ app_init ] --START--
INFO: Run Behavior\BuildLiteBehavior [ RunTime:0.000474s ]
INFO: [ app_init ] --END-- [ RunTime:0.003323s ]
ERR: 无法加载模块:Public

[ 2016-03-20T13:27:45+08:00 ] ::1 /blog/Public/Images/a2_1.gif
INFO: [ app_init ] --START--
INFO: Run Behavior\BuildLiteBehavior [ RunTime:0.000338s ]
INFO: [ app_init ] --END-- [ RunTime:0.003218s ]
ERR: 无法加载模块:Public

[ 2016-03-20T13:27:45+08:00 ] ::1 /blog/Public/Images/a3_1.gif
INFO: [ app_init ] --START--
INFO: Run Behavior\BuildLiteBehavior [ RunTime:0.000361s ]
INFO: [ app_init ] --END-- [ RunTime:0.003074s ]
ERR: 无法加载模块:Public

[ 2016-03-20T13:27:45+08:00 ] ::1 /blog/Public/Images/close.png
INFO: [ app_init ] --START--
INFO: Run Behavior\BuildLiteBehavior [ RunTime:0.000394s ]
INFO: [ app_init ] --END-- [ RunTime:0.003762s ]
ERR: 无法加载模块:Public

[ 2016-03-20T13:27:45+08:00 ] ::1 /blog/Public/Images/a3_2.gif
INFO: [ app_init ] --START--
INFO: Run Behavior\BuildLiteBehavior [ RunTime:0.000202s ]
INFO: [ app_init ] --END-- [ RunTime:0.002551s ]
ERR: 无法加载模块:Public

[ 2016-03-20T13:27:45+08:00 ] ::1 /blog/Public/Images/a2_2.gif
INFO: [ app_init ] --START--
INFO: Run Behavior\BuildLiteBehavior [ RunTime:0.000332s ]
INFO: [ app_init ] --END-- [ RunTime:0.002547s ]
ERR: 无法加载模块:Public

[ 2016-03-20T13:27:45+08:00 ] ::1 /blog/Public/Images/a4_2.gif
INFO: [ app_init ] --START--
INFO: Run Behavior\BuildLiteBehavior [ RunTime:0.000373s ]
INFO: [ app_init ] --END-- [ RunTime:0.003897s ]
ERR: 无法加载模块:Public

[ 2016-03-20T13:27:45+08:00 ] ::1 /blog/Public/Images/a5_1.gif
INFO: [ app_init ] --START--
INFO: Run Behavior\BuildLiteBehavior [ RunTime:0.000383s ]
INFO: [ app_init ] --END-- [ RunTime:0.003246s ]
ERR: 无法加载模块:Public

[ 2016-03-20T13:27:45+08:00 ] ::1 /blog/Public/Images/a5_2.gif
INFO: [ app_init ] --START--
INFO: Run Behavior\BuildLiteBehavior [ RunTime:0.000345s ]
INFO: [ app_init ] --END-- [ RunTime:0.006264s ]
ERR: 无法加载模块:Public

[ 2016-03-20T13:27:45+08:00 ] ::1 /blog/Public/Images/a3_3.gif
INFO: [ app_init ] --START--
INFO: Run Behavior\BuildLiteBehavior [ RunTime:0.000344s ]
INFO: [ app_init ] --END-- [ RunTime:0.003179s ]
ERR: 无法加载模块:Public

[ 2016-03-20T13:27:45+08:00 ] ::1 /blog/Public/Images/a4_3.gif
INFO: [ app_init ] --START--
INFO: Run Behavior\BuildLiteBehavior [ RunTime:0.000223s ]
INFO: [ app_init ] --END-- [ RunTime:0.002044s ]
ERR: 无法加载模块:Public

[ 2016-03-20T13:27:46+08:00 ] ::1 /blog/Public/Images/a5_3.gif
INFO: [ app_init ] --START--
INFO: Run Behavior\BuildLiteBehavior [ RunTime:0.000331s ]
INFO: [ app_init ] --END-- [ RunTime:0.003320s ]
ERR: 无法加载模块:Public

[ 2016-03-20T13:32:00+08:00 ] ::1 /blog/Public/Images/a1_3.gif
INFO: [ app_init ] --START--
INFO: Run Behavior\BuildLiteBehavior [ RunTime:0.000379s ]
INFO: [ app_init ] --END-- [ RunTime:0.003532s ]
ERR: 无法加载模块:Public

[ 2016-03-20T13:32:00+08:00 ] ::1 /blog/Public/Images/send.png
INFO: [ app_init ] --START--
INFO: Run Behavior\BuildLiteBehavior [ RunTime:0.000340s ]
INFO: [ app_init ] --END-- [ RunTime:0.003406s ]
ERR: 无法加载模块:Public

[ 2016-03-20T13:32:00+08:00 ] ::1 /blog/Public/Images/bg_main.jpg
INFO: [ app_init ] --START--
INFO: Run Behavior\BuildLiteBehavior [ RunTime:0.000343s ]
INFO: [ app_init ] --END-- [ RunTime:0.005182s ]
ERR: 无法加载模块:Public

[ 2016-03-20T13:32:00+08:00 ] ::1 /blog/Public/Images/a1_2.gif
INFO: [ app_init ] --START--
INFO: Run Behavior\BuildLiteBehavior [ RunTime:0.000367s ]
INFO: [ app_init ] --END-- [ RunTime:0.003530s ]
ERR: 无法加载模块:Public

[ 2016-03-20T13:32:00+08:00 ] ::1 /blog/Public/Images/top.jpg
INFO: [ app_init ] --START--
INFO: Run Behavior\BuildLiteBehavior [ RunTime:0.000321s ]
INFO: [ app_init ] --END-- [ RunTime:0.002388s ]
ERR: 无法加载模块:Public

[ 2016-03-20T13:32:00+08:00 ] ::1 /blog/Public/Images/a1_1.gif
INFO: [ app_init ] --START--
INFO: Run Behavior\BuildLiteBehavior [ RunTime:0.000257s ]
INFO: [ app_init ] --END-- [ RunTime:0.002480s ]
ERR: 无法加载模块:Public

[ 2016-03-20T13:32:00+08:00 ] ::1 /blog/Public/Images/a2_3.gif
INFO: [ app_init ] --START--
INFO: Run Behavior\BuildLiteBehavior [ RunTime:0.000415s ]
INFO: [ app_init ] --END-- [ RunTime:0.003404s ]
ERR: 无法加载模块:Public

[ 2016-03-20T13:32:00+08:00 ] ::1 /blog/Public/Images/a2_1.gif
INFO: [ app_init ] --START--
INFO: Run Behavior\BuildLiteBehavior [ RunTime:0.002086s ]
INFO: [ app_init ] --END-- [ RunTime:0.008034s ]
ERR: 无法加载模块:Public

[ 2016-03-20T13:32:00+08:00 ] ::1 /blog/Public/Images/close.png
INFO: [ app_init ] --START--
INFO: Run Behavior\BuildLiteBehavior [ RunTime:0.000360s ]
INFO: [ app_init ] --END-- [ RunTime:0.003827s ]
ERR: 无法加载模块:Public

[ 2016-03-20T13:32:00+08:00 ] ::1 /blog/Public/Images/a3_2.gif
INFO: [ app_init ] --START--
INFO: Run Behavior\BuildLiteBehavior [ RunTime:0.000337s ]
INFO: [ app_init ] --END-- [ RunTime:0.002838s ]
ERR: 无法加载模块:Public

[ 2016-03-20T13:32:00+08:00 ] ::1 /blog/Public/Images/a3_1.gif
INFO: [ app_init ] --START--
INFO: Run Behavior\BuildLiteBehavior [ RunTime:0.000210s ]
INFO: [ app_init ] --END-- [ RunTime:0.002088s ]
ERR: 无法加载模块:Public

[ 2016-03-20T13:32:00+08:00 ] ::1 /blog/Public/Images/a2_2.gif
INFO: [ app_init ] --START--
INFO: Run Behavior\BuildLiteBehavior [ RunTime:0.000328s ]
INFO: [ app_init ] --END-- [ RunTime:0.003114s ]
ERR: 无法加载模块:Public

[ 2016-03-20T13:32:01+08:00 ] ::1 /blog/Public/Images/a4_2.gif
INFO: [ app_init ] --START--
INFO: Run Behavior\BuildLiteBehavior [ RunTime:0.000404s ]
INFO: [ app_init ] --END-- [ RunTime:0.003675s ]
ERR: 无法加载模块:Public

[ 2016-03-20T13:32:01+08:00 ] ::1 /blog/Public/Images/a5_1.gif
INFO: [ app_init ] --START--
INFO: Run Behavior\BuildLiteBehavior [ RunTime:0.000345s ]
INFO: [ app_init ] --END-- [ RunTime:0.003694s ]
ERR: 无法加载模块:Public

[ 2016-03-20T13:32:01+08:00 ] ::1 /blog/Public/Images/a3_3.gif
INFO: [ app_init ] --START--
INFO: Run Behavior\BuildLiteBehavior [ RunTime:0.000353s ]
INFO: [ app_init ] --END-- [ RunTime:0.003262s ]
ERR: 无法加载模块:Public

[ 2016-03-20T13:32:01+08:00 ] ::1 /blog/Public/Images/a4_1.gif
INFO: [ app_init ] --START--
INFO: Run Behavior\BuildLiteBehavior [ RunTime:0.000344s ]
INFO: [ app_init ] --END-- [ RunTime:0.003577s ]
ERR: 无法加载模块:Public

[ 2016-03-20T13:32:01+08:00 ] ::1 /blog/Public/Images/a4_3.gif
INFO: [ app_init ] --START--
INFO: Run Behavior\BuildLiteBehavior [ RunTime:0.000207s ]
INFO: [ app_init ] --END-- [ RunTime:0.002520s ]
ERR: 无法加载模块:Public

[ 2016-03-20T13:32:01+08:00 ] ::1 /blog/Public/Images/a5_3.gif
INFO: [ app_init ] --START--
INFO: Run Behavior\BuildLiteBehavior [ RunTime:0.000192s ]
INFO: [ app_init ] --END-- [ RunTime:0.001923s ]
ERR: 无法加载模块:Public

[ 2016-03-20T13:32:48+08:00 ] ::1 /blog/Public/Images/bg_main.jpg
INFO: [ app_init ] --START--
INFO: Run Behavior\BuildLiteBehavior [ RunTime:0.000355s ]
INFO: [ app_init ] --END-- [ RunTime:0.003666s ]
ERR: 无法加载模块:Public

[ 2016-03-20T13:32:48+08:00 ] ::1 /blog/Public/Images/close.png
INFO: [ app_init ] --START--
INFO: Run Behavior\BuildLiteBehavior [ RunTime:0.000211s ]
INFO: [ app_init ] --END-- [ RunTime:0.002168s ]
ERR: 无法加载模块:Public

[ 2016-03-20T13:32:48+08:00 ] ::1 /blog/Public/Images/send-btn.png
INFO: [ app_init ] --START--
INFO: Run Behavior\BuildLiteBehavior [ RunTime:0.000450s ]
INFO: [ app_init ] --END-- [ RunTime:0.002617s ]
ERR: 无法加载模块:Public

[ 2016-03-20T13:35:35+08:00 ] ::1 /blog/Public/Images/send.png
INFO: [ app_init ] --START--
INFO: Run Behavior\BuildLiteBehavior [ RunTime:0.000355s ]
INFO: [ app_init ] --END-- [ RunTime:0.003167s ]
ERR: 无法加载模块:Public

[ 2016-03-20T13:35:35+08:00 ] ::1 /blog/Public/Images/bg_main.jpg
INFO: [ app_init ] --START--
INFO: Run Behavior\BuildLiteBehavior [ RunTime:0.000328s ]
INFO: [ app_init ] --END-- [ RunTime:0.003347s ]
ERR: 无法加载模块:Public

[ 2016-03-20T13:35:35+08:00 ] ::1 /blog/Public/Images/a1_1.gif
INFO: [ app_init ] --START--
INFO: Run Behavior\BuildLiteBehavior [ RunTime:0.000354s ]
INFO: [ app_init ] --END-- [ RunTime:0.003240s ]
ERR: 无法加载模块:Public

[ 2016-03-20T13:35:35+08:00 ] ::1 /blog/Public/Images/top.jpg
INFO: [ app_init ] --START--
INFO: Run Behavior\BuildLiteBehavior [ RunTime:0.000363s ]
INFO: [ app_init ] --END-- [ RunTime:0.003376s ]
ERR: 无法加载模块:Public

[ 2016-03-20T13:35:35+08:00 ] ::1 /blog/Public/Images/a1_3.gif
INFO: [ app_init ] --START--
INFO: Run Behavior\BuildLiteBehavior [ RunTime:0.000379s ]
INFO: [ app_init ] --END-- [ RunTime:0.003978s ]
ERR: 无法加载模块:Public

[ 2016-03-20T13:35:35+08:00 ] ::1 /blog/Public/Images/a1_2.gif
INFO: [ app_init ] --START--
INFO: Run Behavior\BuildLiteBehavior [ RunTime:0.000203s ]
INFO: [ app_init ] --END-- [ RunTime:0.002145s ]
ERR: 无法加载模块:Public

[ 2016-03-20T13:35:36+08:00 ] ::1 /blog/Public/Images/close.png
INFO: [ app_init ] --START--
INFO: Run Behavior\BuildLiteBehavior [ RunTime:0.000383s ]
INFO: [ app_init ] --END-- [ RunTime:0.003434s ]
ERR: 无法加载模块:Public

[ 2016-03-20T13:35:36+08:00 ] ::1 /blog/Public/Images/a2_2.gif
INFO: [ app_init ] --START--
INFO: Run Behavior\BuildLiteBehavior [ RunTime:0.000345s ]
INFO: [ app_init ] --END-- [ RunTime:0.003231s ]
ERR: 无法加载模块:Public

[ 2016-03-20T13:35:36+08:00 ] ::1 /blog/Public/Images/a2_3.gif
INFO: [ app_init ] --START--
INFO: Run Behavior\BuildLiteBehavior [ RunTime:0.000382s ]
INFO: [ app_init ] --END-- [ RunTime:0.003420s ]
ERR: 无法加载模块:Public

[ 2016-03-20T13:35:36+08:00 ] ::1 /blog/Public/Images/a3_1.gif
INFO: [ app_init ] --START--
INFO: Run Behavior\BuildLiteBehavior [ RunTime:0.000353s ]
INFO: [ app_init ] --END-- [ RunTime:0.003413s ]
ERR: 无法加载模块:Public

[ 2016-03-20T13:35:36+08:00 ] ::1 /blog/Public/Images/a2_1.gif
INFO: [ app_init ] --START--
INFO: Run Behavior\BuildLiteBehavior [ RunTime:0.000334s ]
INFO: [ app_init ] --END-- [ RunTime:0.003201s ]
ERR: 无法加载模块:Public

[ 2016-03-20T13:35:36+08:00 ] ::1 /blog/Public/Images/a3_2.gif
INFO: [ app_init ] --START--
INFO: Run Behavior\BuildLiteBehavior [ RunTime:0.000195s ]
INFO: [ app_init ] --END-- [ RunTime:0.001907s ]
ERR: 无法加载模块:Public

[ 2016-03-20T13:35:36+08:00 ] ::1 /blog/Public/Images/a3_3.gif
INFO: [ app_init ] --START--
INFO: Run Behavior\BuildLiteBehavior [ RunTime:0.000343s ]
INFO: [ app_init ] --END-- [ RunTime:0.003159s ]
ERR: 无法加载模块:Public

[ 2016-03-20T13:35:36+08:00 ] ::1 /blog/Public/Images/a4_2.gif
INFO: [ app_init ] --START--
INFO: Run Behavior\BuildLiteBehavior [ RunTime:0.000323s ]
INFO: [ app_init ] --END-- [ RunTime:0.002179s ]
ERR: 无法加载模块:Public

[ 2016-03-20T13:35:36+08:00 ] ::1 /blog/Public/Images/a4_1.gif
INFO: [ app_init ] --START--
INFO: Run Behavior\BuildLiteBehavior [ RunTime:0.000334s ]
INFO: [ app_init ] --END-- [ RunTime:0.003227s ]
ERR: 无法加载模块:Public

[ 2016-03-20T13:35:36+08:00 ] ::1 /blog/Public/Images/a4_3.gif
INFO: [ app_init ] --START--
INFO: Run Behavior\BuildLiteBehavior [ RunTime:0.000199s ]
INFO: [ app_init ] --END-- [ RunTime:0.002077s ]
ERR: 无法加载模块:Public

[ 2016-03-20T13:35:36+08:00 ] ::1 /blog/Public/Images/a5_1.gif
INFO: [ app_init ] --START--
INFO: Run Behavior\BuildLiteBehavior [ RunTime:0.000199s ]
INFO: [ app_init ] --END-- [ RunTime:0.001941s ]
ERR: 无法加载模块:Public

[ 2016-03-20T13:35:36+08:00 ] ::1 /blog/Public/Images/a5_2.gif
INFO: [ app_init ] --START--
INFO: Run Behavior\BuildLiteBehavior [ RunTime:0.000192s ]
INFO: [ app_init ] --END-- [ RunTime:0.002050s ]
ERR: 无法加载模块:Public

[ 2016-03-20T13:35:37+08:00 ] ::1 /blog/Public/Images/a5_3.gif
INFO: [ app_init ] --START--
INFO: Run Behavior\BuildLiteBehavior [ RunTime:0.000345s ]
INFO: [ app_init ] --END-- [ RunTime:0.003386s ]
ERR: 无法加载模块:Public

[ 2016-03-20T13:35:44+08:00 ] ::1 /blog/Public/Images/bg_main.jpg
INFO: [ app_init ] --START--
INFO: Run Behavior\BuildLiteBehavior [ RunTime:0.000273s ]
INFO: [ app_init ] --END-- [ RunTime:0.002957s ]
ERR: 无法加载模块:Public

[ 2016-03-20T13:35:50+08:00 ] ::1 /blog/Public/Pulic/images/wish/a1_1.gif
INFO: [ app_init ] --START--
INFO: Run Behavior\BuildLiteBehavior [ RunTime:0.000356s ]
INFO: [ app_init ] --END-- [ RunTime:0.003447s ]
ERR: 无法加载模块:Public

[ 2016-03-20T13:35:50+08:00 ] ::1 /blog/Public/Pulic/images/wish/top.jpg
INFO: [ app_init ] --START--
INFO: Run Behavior\BuildLiteBehavior [ RunTime:0.000375s ]
INFO: [ app_init ] --END-- [ RunTime:0.003321s ]
ERR: 无法加载模块:Public

[ 2016-03-20T13:35:50+08:00 ] ::1 /blog/Public/Pulic/images/wish/bg_main.jpg
INFO: [ app_init ] --START--
INFO: Run Behavior\BuildLiteBehavior [ RunTime:0.000432s ]
INFO: [ app_init ] --END-- [ RunTime:0.003537s ]
ERR: 无法加载模块:Public

[ 2016-03-20T13:35:50+08:00 ] ::1 /blog/Public/Pulic/images/wish/a1_2.gif
INFO: [ app_init ] --START--
INFO: Run Behavior\BuildLiteBehavior [ RunTime:0.000388s ]
INFO: [ app_init ] --END-- [ RunTime:0.003294s ]
ERR: 无法加载模块:Public

[ 2016-03-20T13:35:50+08:00 ] ::1 /blog/Public/Pulic/images/wish/a1_3.gif
INFO: [ app_init ] --START--
INFO: Run Behavior\BuildLiteBehavior [ RunTime:0.000336s ]
INFO: [ app_init ] --END-- [ RunTime:0.004967s ]
ERR: 无法加载模块:Public

[ 2016-03-20T13:35:50+08:00 ] ::1 /blog/Public/Pulic/images/wish/send.png
INFO: [ app_init ] --START--
INFO: Run Behavior\BuildLiteBehavior [ RunTime:0.000296s ]
INFO: [ app_init ] --END-- [ RunTime:0.001997s ]
ERR: 无法加载模块:Public

[ 2016-03-20T13:35:51+08:00 ] ::1 /blog/Public/Pulic/images/wish/close.png
INFO: [ app_init ] --START--
INFO: Run Behavior\BuildLiteBehavior [ RunTime:0.000357s ]
INFO: [ app_init ] --END-- [ RunTime:0.003074s ]
ERR: 无法加载模块:Public

[ 2016-03-20T13:35:51+08:00 ] ::1 /blog/Public/Pulic/images/wish/a2_1.gif
INFO: [ app_init ] --START--
INFO: Run Behavior\BuildLiteBehavior [ RunTime:0.000373s ]
INFO: [ app_init ] --END-- [ RunTime:0.003371s ]
ERR: 无法加载模块:Public

[ 2016-03-20T13:35:51+08:00 ] ::1 /blog/Public/Pulic/images/wish/a2_2.gif
INFO: [ app_init ] --START--
INFO: Run Behavior\BuildLiteBehavior [ RunTime:0.000372s ]
INFO: [ app_init ] --END-- [ RunTime:0.003297s ]
ERR: 无法加载模块:Public

[ 2016-03-20T13:35:51+08:00 ] ::1 /blog/Public/Pulic/images/wish/a2_3.gif
INFO: [ app_init ] --START--
INFO: Run Behavior\BuildLiteBehavior [ RunTime:0.000209s ]
INFO: [ app_init ] --END-- [ RunTime:0.002085s ]
ERR: 无法加载模块:Public

[ 2016-03-20T13:35:51+08:00 ] ::1 /blog/Public/Pulic/images/wish/a3_1.gif
INFO: [ app_init ] --START--
INFO: Run Behavior\BuildLiteBehavior [ RunTime:0.000197s ]
INFO: [ app_init ] --END-- [ RunTime:0.002172s ]
ERR: 无法加载模块:Public

[ 2016-03-20T13:35:51+08:00 ] ::1 /blog/Public/Pulic/images/wish/a3_2.gif
INFO: [ app_init ] --START--
INFO: Run Behavior\BuildLiteBehavior [ RunTime:0.000193s ]
INFO: [ app_init ] --END-- [ RunTime:0.001977s ]
ERR: 无法加载模块:Public

[ 2016-03-20T13:35:51+08:00 ] ::1 /blog/Public/Pulic/images/wish/a3_3.gif
INFO: [ app_init ] --START--
INFO: Run Behavior\BuildLiteBehavior [ RunTime:0.000354s ]
INFO: [ app_init ] --END-- [ RunTime:0.003255s ]
ERR: 无法加载模块:Public

[ 2016-03-20T13:35:51+08:00 ] ::1 /blog/Public/Pulic/images/wish/a4_1.gif
INFO: [ app_init ] --START--
INFO: Run Behavior\BuildLiteBehavior [ RunTime:0.000765s ]
INFO: [ app_init ] --END-- [ RunTime:0.003999s ]
ERR: 无法加载模块:Public

[ 2016-03-20T13:35:51+08:00 ] ::1 /blog/Public/Pulic/images/wish/a4_3.gif
INFO: [ app_init ] --START--
INFO: Run Behavior\BuildLiteBehavior [ RunTime:0.000214s ]
INFO: [ app_init ] --END-- [ RunTime:0.002186s ]
ERR: 无法加载模块:Public

[ 2016-03-20T13:35:51+08:00 ] ::1 /blog/Public/Pulic/images/wish/a4_2.gif
INFO: [ app_init ] --START--
INFO: Run Behavior\BuildLiteBehavior [ RunTime:0.000358s ]
INFO: [ app_init ] --END-- [ RunTime:0.003266s ]
ERR: 无法加载模块:Public

[ 2016-03-20T13:35:51+08:00 ] ::1 /blog/Public/Pulic/images/wish/a5_1.gif
INFO: [ app_init ] --START--
INFO: Run Behavior\BuildLiteBehavior [ RunTime:0.000192s ]
INFO: [ app_init ] --END-- [ RunTime:0.001867s ]
ERR: 无法加载模块:Public

[ 2016-03-20T13:35:51+08:00 ] ::1 /blog/Public/Pulic/images/wish/a5_2.gif
INFO: [ app_init ] --START--
INFO: Run Behavior\BuildLiteBehavior [ RunTime:0.000197s ]
INFO: [ app_init ] --END-- [ RunTime:0.002200s ]
ERR: 无法加载模块:Public

[ 2016-03-20T13:35:52+08:00 ] ::1 /blog/Public/Pulic/images/a5_3.gif
INFO: [ app_init ] --START--
INFO: Run Behavior\BuildLiteBehavior [ RunTime:0.000192s ]
INFO: [ app_init ] --END-- [ RunTime:0.001915s ]
ERR: 无法加载模块:Public

[ 2016-03-20T13:35:55+08:00 ] ::1 /blog/Public/Pulic/images/wish/bg_main.jpg
INFO: [ app_init ] --START--
INFO: Run Behavior\BuildLiteBehavior [ RunTime:0.000193s ]
INFO: [ app_init ] --END-- [ RunTime:0.001881s ]
ERR: 无法加载模块:Public

[ 2016-03-20T13:36:00+08:00 ] ::1 /blog/Public/Pulic/images/wish/bg_main.jpg
INFO: [ app_init ] --START--
INFO: Run Behavior\BuildLiteBehavior [ RunTime:0.000226s ]
INFO: [ app_init ] --END-- [ RunTime:0.002437s ]
ERR: 无法加载模块:Public

[ 2016-03-20T13:36:02+08:00 ] ::1 /blog/Public/Pulic/images/wish/bg_main.jpg
INFO: [ app_init ] --START--
INFO: Run Behavior\BuildLiteBehavior [ RunTime:0.000538s ]
INFO: [ app_init ] --END-- [ RunTime:0.005540s ]
ERR: 无法加载模块:Public

[ 2016-03-20T13:36:04+08:00 ] ::1 /blog/Public/Pulic/images/wish/bg_main.jpg
INFO: [ app_init ] --START--
INFO: Run Behavior\BuildLiteBehavior [ RunTime:0.000198s ]
INFO: [ app_init ] --END-- [ RunTime:0.001977s ]
ERR: 无法加载模块:Public

[ 2016-03-20T13:36:04+08:00 ] ::1 /blog/Public/Pulic/images/wish/bg_main.jpg
INFO: [ app_init ] --START--
INFO: Run Behavior\BuildLiteBehavior [ RunTime:0.000259s ]
INFO: [ app_init ] --END-- [ RunTime:0.002955s ]
ERR: 无法加载模块:Public

[ 2016-03-20T13:37:03+08:00 ] ::1 /blog/Public/Pulic/images/wish/a1_1.gif
INFO: [ app_init ] --START--
INFO: Run Behavior\BuildLiteBehavior [ RunTime:0.000370s ]
INFO: [ app_init ] --END-- [ RunTime:0.003301s ]
ERR: 无法加载模块:Public

[ 2016-03-20T13:37:03+08:00 ] ::1 /blog/Public/Css/__ROOT__/Pulic/images/wish/bg_main.jpg
INFO: [ app_init ] --START--
INFO: Run Behavior\BuildLiteBehavior [ RunTime:0.000367s ]
INFO: [ app_init ] --END-- [ RunTime:0.003710s ]
ERR: 无法加载模块:Public

[ 2016-03-20T13:37:03+08:00 ] ::1 /blog/Public/Pulic/images/wish/top.jpg
INFO: [ app_init ] --START--
INFO: Run Behavior\BuildLiteBehavior [ RunTime:0.000370s ]
INFO: [ app_init ] --END-- [ RunTime:0.003272s ]
ERR: 无法加载模块:Public

[ 2016-03-20T13:37:03+08:00 ] ::1 /blog/Public/Pulic/images/wish/a1_3.gif
INFO: [ app_init ] --START--
INFO: Run Behavior\BuildLiteBehavior [ RunTime:0.000360s ]
INFO: [ app_init ] --END-- [ RunTime:0.003363s ]
ERR: 无法加载模块:Public

[ 2016-03-20T13:37:03+08:00 ] ::1 /blog/Public/Pulic/images/wish/a1_2.gif
INFO: [ app_init ] --START--
INFO: Run Behavior\BuildLiteBehavior [ RunTime:0.000413s ]
INFO: [ app_init ] --END-- [ RunTime:0.003201s ]
ERR: 无法加载模块:Public

[ 2016-03-20T13:37:03+08:00 ] ::1 /blog/Public/Pulic/images/wish/send.png
INFO: [ app_init ] --START--
INFO: Run Behavior\BuildLiteBehavior [ RunTime:0.000218s ]
INFO: [ app_init ] --END-- [ RunTime:0.002016s ]
ERR: 无法加载模块:Public

[ 2016-03-20T13:37:04+08:00 ] ::1 /blog/Public/Pulic/images/wish/a2_1.gif
INFO: [ app_init ] --START--
INFO: Run Behavior\BuildLiteBehavior [ RunTime:0.000518s ]
INFO: [ app_init ] --END-- [ RunTime:0.006721s ]
ERR: 无法加载模块:Public

[ 2016-03-20T13:37:04+08:00 ] ::1 /blog/Public/Pulic/images/wish/a2_3.gif
INFO: [ app_init ] --START--
INFO: Run Behavior\BuildLiteBehavior [ RunTime:0.000371s ]
INFO: [ app_init ] --END-- [ RunTime:0.003529s ]
ERR: 无法加载模块:Public


[ 2016-03-20T13:37:04+08:00 ] ::1 /blog/Public/Pulic/images/wish/a2_2.gif
INFO: [ app_init ] --START--
INFO: Run Behavior\BuildLiteBehavior [ RunTime:0.001805s ]
INFO: [ app_init ] --END-- [ RunTime:0.023852s ]
ERR: 无法加载模块:Public

[ 2016-03-20T13:37:04+08:00 ] ::1 /blog/Public/Pulic/images/wish/a3_1.gif
INFO: [ app_init ] --START--
INFO: Run Behavior\BuildLiteBehavior [ RunTime:0.000348s ]
INFO: [ app_init ] --END-- [ RunTime:0.003175s ]
ERR: 无法加载模块:Public

[ 2016-03-20T13:37:04+08:00 ] ::1 /blog/Public/Pulic/images/wish/a3_2.gif
INFO: [ app_init ] --START--
INFO: Run Behavior\BuildLiteBehavior [ RunTime:0.000362s ]
INFO: [ app_init ] --END-- [ RunTime:0.003226s ]
ERR: 无法加载模块:Public

[ 2016-03-20T13:37:04+08:00 ] ::1 /blog/Public/Pulic/images/wish/a3_3.gif
INFO: [ app_init ] --START--
INFO: Run Behavior\BuildLiteBehavior [ RunTime:0.000383s ]
INFO: [ app_init ] --END-- [ RunTime:0.002948s ]
ERR: 无法加载模块:Public

[ 2016-03-20T13:37:04+08:00 ] ::1 /blog/Public/Pulic/images/wish/a4_1.gif
INFO: [ app_init ] --START--
INFO: Run Behavior\BuildLiteBehavior [ RunTime:0.000221s ]
INFO: [ app_init ] --END-- [ RunTime:0.002120s ]
ERR: 无法加载模块:Public

[ 2016-03-20T13:37:04+08:00 ] ::1 /blog/Public/Pulic/images/wish/a4_3.gif
INFO: [ app_init ] --START--
INFO: Run Behavior\BuildLiteBehavior [ RunTime:0.000363s ]
INFO: [ app_init ] --END-- [ RunTime:0.005724s ]
ERR: 无法加载模块:Public

[ 2016-03-20T13:37:04+08:00 ] ::1 /blog/Public/Pulic/images/wish/a5_1.gif
INFO: [ app_init ] --START--
INFO: Run Behavior\BuildLiteBehavior [ RunTime:0.000378s ]
INFO: [ app_init ] --END-- [ RunTime:0.003648s ]
ERR: 无法加载模块:Public

[ 2016-03-20T13:37:04+08:00 ] ::1 /blog/Public/Pulic/images/wish/a5_2.gif
INFO: [ app_init ] --START--
INFO: Run Behavior\BuildLiteBehavior [ RunTime:0.000194s ]
INFO: [ app_init ] --END-- [ RunTime:0.001917s ]
ERR: 无法加载模块:Public

[ 2016-03-20T13:37:04+08:00 ] ::1 /blog/Public/Pulic/images/wish/a4_2.gif
INFO: [ app_init ] --START--
INFO: Run Behavior\BuildLiteBehavior [ RunTime:0.000199s ]
INFO: [ app_init ] --END-- [ RunTime:0.002197s ]
ERR: 无法加载模块:Public

[ 2016-03-20T13:37:05+08:00 ] ::1 /blog/Public/Pulic/images/a5_3.gif
INFO: [ app_init ] --START--
INFO: Run Behavior\BuildLiteBehavior [ RunTime:0.000381s ]
INFO: [ app_init ] --END-- [ RunTime:0.002766s ]
ERR: 无法加载模块:Public

[ 2016-03-20T13:37:08+08:00 ] ::1 /blog/Public/Css/__ROOT__/Pulic/images/wish/bg_main.jpg
INFO: [ app_init ] --START--
INFO: Run Behavior\BuildLiteBehavior [ RunTime:0.000192s ]
INFO: [ app_init ] --END-- [ RunTime:0.002643s ]
ERR: 无法加载模块:Public

[ 2016-03-20T13:37:24+08:00 ] ::1 /blog/Public/Css/Pulic/images/wish/bg_main.jpg
INFO: [ app_init ] --START--
INFO: Run Behavior\BuildLiteBehavior [ RunTime:0.000197s ]
INFO: [ app_init ] --END-- [ RunTime:0.002017s ]
ERR: 无法加载模块:Public

[ 2016-03-20T13:37:24+08:00 ] ::1 /blog/Public/Pulic/images/wish/send.png
INFO: [ app_init ] --START--
INFO: Run Behavior\BuildLiteBehavior [ RunTime:0.000347s ]
INFO: [ app_init ] --END-- [ RunTime:0.003441s ]
ERR: 无法加载模块:Public

[ 2016-03-20T13:37:24+08:00 ] ::1 /blog/Public/Pulic/images/wish/top.jpg
INFO: [ app_init ] --START--
INFO: Run Behavior\BuildLiteBehavior [ RunTime:0.000345s ]
INFO: [ app_init ] --END-- [ RunTime:0.003211s ]
ERR: 无法加载模块:Public

[ 2016-03-20T13:37:24+08:00 ] ::1 /blog/Public/Pulic/images/wish/a1_2.gif
INFO: [ app_init ] --START--
INFO: Run Behavior\BuildLiteBehavior [ RunTime:0.000347s ]
INFO: [ app_init ] --END-- [ RunTime:0.003145s ]
ERR: 无法加载模块:Public

[ 2016-03-20T13:37:24+08:00 ] ::1 /blog/Public/Pulic/images/wish/a1_1.gif
INFO: [ app_init ] --START--
INFO: Run Behavior\BuildLiteBehavior [ RunTime:0.000337s ]
INFO: [ app_init ] --END-- [ RunTime:0.010168s ]
ERR: 无法加载模块:Public

[ 2016-03-20T13:37:24+08:00 ] ::1 /blog/Public/Pulic/images/wish/a1_3.gif
INFO: [ app_init ] --START--
INFO: Run Behavior\BuildLiteBehavior [ RunTime:0.000196s ]
INFO: [ app_init ] --END-- [ RunTime:0.002358s ]
ERR: 无法加载模块:Public

[ 2016-03-20T13:37:24+08:00 ] ::1 /blog/Public/Pulic/images/wish/close.png
INFO: [ app_init ] --START--
INFO: Run Behavior\BuildLiteBehavior [ RunTime:0.000194s ]
INFO: [ app_init ] --END-- [ RunTime:0.001984s ]
ERR: 无法加载模块:Public

[ 2016-03-20T13:37:25+08:00 ] ::1 /blog/Public/Pulic/images/wish/a2_2.gif
INFO: [ app_init ] --START--
INFO: Run Behavior\BuildLiteBehavior [ RunTime:0.000411s ]
INFO: [ app_init ] --END-- [ RunTime:0.007229s ]
ERR: 无法加载模块:Public

[ 2016-03-20T13:37:25+08:00 ] ::1 /blog/Public/Pulic/images/wish/a2_3.gif
INFO: [ app_init ] --START--
INFO: Run Behavior\BuildLiteBehavior [ RunTime:0.000376s ]
INFO: [ app_init ] --END-- [ RunTime:0.003375s ]
ERR: 无法加载模块:Public

[ 2016-03-20T13:37:25+08:00 ] ::1 /blog/Public/Pulic/images/wish/a2_1.gif
INFO: [ app_init ] --START--
INFO: Run Behavior\BuildLiteBehavior [ RunTime:0.000343s ]
INFO: [ app_init ] --END-- [ RunTime:0.016927s ]
ERR: 无法加载模块:Public

[ 2016-03-20T13:37:25+08:00 ] ::1 /blog/Public/Pulic/images/wish/a3_1.gif
INFO: [ app_init ] --START--
INFO: Run Behavior\BuildLiteBehavior [ RunTime:0.000397s ]
INFO: [ app_init ] --END-- [ RunTime:0.002797s ]
ERR: 无法加载模块:Public

[ 2016-03-20T13:37:25+08:00 ] ::1 /blog/Public/Pulic/images/wish/a3_2.gif
INFO: [ app_init ] --START--
INFO: Run Behavior\BuildLiteBehavior [ RunTime:0.000205s ]
INFO: [ app_init ] --END-- [ RunTime:0.001982s ]
ERR: 无法加载模块:Public

[ 2016-03-20T13:37:25+08:00 ] ::1 /blog/Public/Pulic/images/wish/a3_3.gif
INFO: [ app_init ] --START--
INFO: Run Behavior\BuildLiteBehavior [ RunTime:0.000193s ]
INFO: [ app_init ] --END-- [ RunTime:0.001933s ]
ERR: 无法加载模块:Public

[ 2016-03-20T13:37:25+08:00 ] ::1 /blog/Public/Pulic/images/wish/a4_3.gif
INFO: [ app_init ] --START--
INFO: Run Behavior\BuildLiteBehavior [ RunTime:0.000375s ]
INFO: [ app_init ] --END-- [ RunTime:0.003314s ]
ERR: 无法加载模块:Public

[ 2016-03-20T13:37:25+08:00 ] ::1 /blog/Public/Pulic/images/wish/a4_2.gif
INFO: [ app_init ] --START--
INFO: Run Behavior\BuildLiteBehavior [ RunTime:0.000345s ]
INFO: [ app_init ] --END-- [ RunTime:0.003208s ]
ERR: 无法加载模块:Public

[ 2016-03-20T13:37:25+08:00 ] ::1 /blog/Public/Pulic/images/wish/a4_1.gif
INFO: [ app_init ] --START--
INFO: Run Behavior\BuildLiteBehavior [ RunTime:0.000339s ]
INFO: [ app_init ] --END-- [ RunTime:0.003167s ]
ERR: 无法加载模块:Public

[ 2016-03-20T13:37:25+08:00 ] ::1 /blog/Public/Pulic/images/wish/a5_2.gif
INFO: [ app_init ] --START--
INFO: Run Behavior\BuildLiteBehavior [ RunTime:0.000350s ]
INFO: [ app_init ] --END-- [ RunTime:0.003319s ]
ERR: 无法加载模块:Public

[ 2016-03-20T13:37:25+08:00 ] ::1 /blog/Public/Pulic/images/wish/a5_1.gif
INFO: [ app_init ] --START--
INFO: Run Behavior\BuildLiteBehavior [ RunTime:0.000198s ]
INFO: [ app_init ] --END-- [ RunTime:0.001984s ]
ERR: 无法加载模块:Public

[ 2016-03-20T13:37:25+08:00 ] ::1 /blog/Public/Pulic/images/a5_3.gif
INFO: [ app_init ] --START--
INFO: Run Behavior\BuildLiteBehavior [ RunTime:0.000343s ]
INFO: [ app_init ] --END-- [ RunTime:0.001932s ]
ERR: 无法加载模块:Public

[ 2016-03-20T13:37:28+08:00 ] ::1 /blog/Public/Css/Pulic/images/wish/bg_main.jpg
INFO: [ app_init ] --START--
INFO: Run Behavior\BuildLiteBehavior [ RunTime:0.000286s ]
INFO: [ app_init ] --END-- [ RunTime:0.002995s ]
ERR: 无法加载模块:Public

[ 2016-03-20T13:37:57+08:00 ] ::1 /blog/Public/Pulic/images/wish/top.jpg
INFO: [ app_init ] --START--
INFO: Run Behavior\BuildLiteBehavior [ RunTime:0.000334s ]
INFO: [ app_init ] --END-- [ RunTime:0.003154s ]
ERR: 无法加载模块:Public

[ 2016-03-20T13:37:57+08:00 ] ::1 /blog/Public/Pulic/images/wish/send.png
INFO: [ app_init ] --START--
INFO: Run Behavior\BuildLiteBehavior [ RunTime:0.000430s ]
INFO: [ app_init ] --END-- [ RunTime:0.003400s ]
ERR: 无法加载模块:Public

[ 2016-03-20T13:37:57+08:00 ] ::1 /blog/Public/Pulic/images/wish/a1_3.gif
INFO: [ app_init ] --START--
INFO: Run Behavior\BuildLiteBehavior [ RunTime:0.000363s ]
INFO: [ app_init ] --END-- [ RunTime:0.003259s ]
ERR: 无法加载模块:Public

[ 2016-03-20T13:37:57+08:00 ] ::1 /blog/Pulic/images/wish/bg_main.jpg
INFO: [ app_init ] --START--
INFO: Run Behavior\BuildLiteBehavior [ RunTime:0.000366s ]
INFO: [ app_init ] --END-- [ RunTime:0.003420s ]
ERR: 无法加载模块:Pulic

[ 2016-03-20T13:37:57+08:00 ] ::1 /blog/Public/Pulic/images/wish/a1_1.gif
INFO: [ app_init ] --START--
INFO: Run Behavior\BuildLiteBehavior [ RunTime:0.000201s ]
INFO: [ app_init ] --END-- [ RunTime:0.002606s ]
ERR: 无法加载模块:Public

[ 2016-03-20T13:37:57+08:00 ] ::1 /blog/Public/Pulic/images/wish/a1_2.gif
INFO: [ app_init ] --START--
INFO: Run Behavior\BuildLiteBehavior [ RunTime:0.000212s ]
INFO: [ app_init ] --END-- [ RunTime:0.002299s ]
ERR: 无法加载模块:Public

[ 2016-03-20T13:37:58+08:00 ] ::1 /blog/Public/Pulic/images/wish/a2_3.gif
INFO: [ app_init ] --START--
INFO: Run Behavior\BuildLiteBehavior [ RunTime:0.000406s ]
INFO: [ app_init ] --END-- [ RunTime:0.004105s ]
ERR: 无法加载模块:Public

[ 2016-03-20T13:37:58+08:00 ] ::1 /blog/Public/Pulic/images/wish/a3_2.gif
INFO: [ app_init ] --START--
INFO: Run Behavior\BuildLiteBehavior [ RunTime:0.000366s ]
INFO: [ app_init ] --END-- [ RunTime:0.003565s ]
ERR: 无法加载模块:Public

[ 2016-03-20T13:37:58+08:00 ] ::1 /blog/Public/Pulic/images/wish/a2_2.gif
INFO: [ app_init ] --START--
INFO: Run Behavior\BuildLiteBehavior [ RunTime:0.000350s ]
INFO: [ app_init ] --END-- [ RunTime:0.003281s ]
ERR: 无法加载模块:Public

[ 2016-03-20T13:37:58+08:00 ] ::1 /blog/Public/Pulic/images/wish/a3_1.gif
INFO: [ app_init ] --START--
INFO: Run Behavior\BuildLiteBehavior [ RunTime:0.000215s ]
INFO: [ app_init ] --END-- [ RunTime:0.002795s ]
ERR: 无法加载模块:Public

[ 2016-03-20T13:37:58+08:00 ] ::1 /blog/Public/Pulic/images/wish/close.png
INFO: [ app_init ] --START--
INFO: Run Behavior\BuildLiteBehavior [ RunTime:0.000206s ]
INFO: [ app_init ] --END-- [ RunTime:0.001971s ]
ERR: 无法加载模块:Public

[ 2016-03-20T13:37:58+08:00 ] ::1 /blog/Public/Pulic/images/wish/a2_1.gif
INFO: [ app_init ] --START--
INFO: Run Behavior\BuildLiteBehavior [ RunTime:0.000342s ]
INFO: [ app_init ] --END-- [ RunTime:0.003614s ]
ERR: 无法加载模块:Public

[ 2016-03-20T13:37:58+08:00 ] ::1 /blog/Public/Pulic/images/wish/a4_1.gif
INFO: [ app_init ] --START--
INFO: Run Behavior\BuildLiteBehavior [ RunTime:0.000368s ]
INFO: [ app_init ] --END-- [ RunTime:0.003640s ]
ERR: 无法加载模块:Public

[ 2016-03-20T13:37:58+08:00 ] ::1 /blog/Public/Pulic/images/wish/a5_1.gif
INFO: [ app_init ] --START--
INFO: Run Behavior\BuildLiteBehavior [ RunTime:0.000498s ]
INFO: [ app_init ] --END-- [ RunTime:0.003312s ]
ERR: 无法加载模块:Public

[ 2016-03-20T13:37:58+08:00 ] ::1 /blog/Public/Pulic/images/wish/a3_3.gif
INFO: [ app_init ] --START--
INFO: Run Behavior\BuildLiteBehavior [ RunTime:0.000356s ]
INFO: [ app_init ] --END-- [ RunTime:0.005646s ]
ERR: 无法加载模块:Public

[ 2016-03-20T13:37:58+08:00 ] ::1 /blog/Public/Pulic/images/wish/a5_2.gif
INFO: [ app_init ] --START--
INFO: Run Behavior\BuildLiteBehavior [ RunTime:0.000195s ]
INFO: [ app_init ] --END-- [ RunTime:0.001868s ]
ERR: 无法加载模块:Public

[ 2016-03-20T13:37:58+08:00 ] ::1 /blog/Public/Pulic/images/wish/a4_2.gif
INFO: [ app_init ] --START--
INFO: Run Behavior\BuildLiteBehavior [ RunTime:0.000378s ]
INFO: [ app_init ] --END-- [ RunTime:0.003457s ]
ERR: 无法加载模块:Public

[ 2016-03-20T13:37:58+08:00 ] ::1 /blog/Public/Pulic/images/wish/a4_3.gif
INFO: [ app_init ] --START--
INFO: Run Behavior\BuildLiteBehavior [ RunTime:0.000364s ]
INFO: [ app_init ] --END-- [ RunTime:0.004100s ]
ERR: 无法加载模块:Public

[ 2016-03-20T13:37:59+08:00 ] ::1 /blog/Public/Pulic/images/a5_3.gif
INFO: [ app_init ] --START--
INFO: Run Behavior\BuildLiteBehavior [ RunTime:0.000299s ]
INFO: [ app_init ] --END-- [ RunTime:0.002171s ]
ERR: 无法加载模块:Public

[ 2016-03-20T13:38:01+08:00 ] ::1 /blog/Pulic/images/wish/bg_main.jpg
INFO: [ app_init ] --START--
INFO: Run Behavior\BuildLiteBehavior [ RunTime:0.000240s ]
INFO: [ app_init ] --END-- [ RunTime:0.002561s ]
ERR: 无法加载模块:Pulic

[ 2016-03-20T13:38:32+08:00 ] ::1 /blog/Public/Pulic/images/wish/a1_3.gif
INFO: [ app_init ] --START--
INFO: Run Behavior\BuildLiteBehavior [ RunTime:0.000361s ]
INFO: [ app_init ] --END-- [ RunTime:0.003355s ]
ERR: 无法加载模块:Public

[ 2016-03-20T13:38:32+08:00 ] ::1 /blog/Public/Pulic/images/wish/a1_2.gif
INFO: [ app_init ] --START--
INFO: Run Behavior\BuildLiteBehavior [ RunTime:0.000343s ]
INFO: [ app_init ] --END-- [ RunTime:0.003298s ]
ERR: 无法加载模块:Public

[ 2016-03-20T13:38:32+08:00 ] ::1 /blog/Public/Pulic/images/wish/top.jpg
INFO: [ app_init ] --START--
INFO: Run Behavior\BuildLiteBehavior [ RunTime:0.000380s ]
INFO: [ app_init ] --END-- [ RunTime:0.003797s ]
ERR: 无法加载模块:Public

[ 2016-03-20T13:38:32+08:00 ] ::1 /blog/Public/Pulic/images/wish/close.png
INFO: [ app_init ] --START--
INFO: Run Behavior\BuildLiteBehavior [ RunTime:0.000393s ]
INFO: [ app_init ] --END-- [ RunTime:0.003221s ]
ERR: 无法加载模块:Public

[ 2016-03-20T13:38:32+08:00 ] ::1 /blog/Public/Pulic/images/wish/a1_1.gif
INFO: [ app_init ] --START--
INFO: Run Behavior\BuildLiteBehavior [ RunTime:0.000338s ]
INFO: [ app_init ] --END-- [ RunTime:0.003327s ]
ERR: 无法加载模块:Public

[ 2016-03-20T13:38:32+08:00 ] ::1 /blog/Public/Pulic/images/wish/a2_1.gif
INFO: [ app_init ] --START--
INFO: Run Behavior\BuildLiteBehavior [ RunTime:0.000416s ]
INFO: [ app_init ] --END-- [ RunTime:0.003510s ]
ERR: 无法加载模块:Public

[ 2016-03-20T13:38:32+08:00 ] ::1 /blog/Public/Pulic/images/wish/a3_2.gif
INFO: [ app_init ] --START--
INFO: Run Behavior\BuildLiteBehavior [ RunTime:0.000360s ]
INFO: [ app_init ] --END-- [ RunTime:0.003444s ]
ERR: 无法加载模块:Public

[ 2016-03-20T13:38:32+08:00 ] ::1 /blog/Public/Pulic/images/wish/a3_1.gif
INFO: [ app_init ] --START--
INFO: Run Behavior\BuildLiteBehavior [ RunTime:0.000548s ]
INFO: [ app_init ] --END-- [ RunTime:0.003231s ]
ERR: 无法加载模块:Public

[ 2016-03-20T13:38:32+08:00 ] ::1 /blog/Public/Pulic/images/wish/a2_3.gif
INFO: [ app_init ] --START--
INFO: Run Behavior\BuildLiteBehavior [ RunTime:0.000370s ]
INFO: [ app_init ] --END-- [ RunTime:0.004354s ]
ERR: 无法加载模块:Public

[ 2016-03-20T13:38:32+08:00 ] ::1 /blog/Public/Pulic/images/wish/a2_2.gif
INFO: [ app_init ] --START--
INFO: Run Behavior\BuildLiteBehavior [ RunTime:0.000342s ]
INFO: [ app_init ] --END-- [ RunTime:0.010446s ]
ERR: 无法加载模块:Public

[ 2016-03-20T13:38:32+08:00 ] ::1 /blog/Public/Pulic/images/wish/a3_3.gif
INFO: [ app_init ] --START--
INFO: Run Behavior\BuildLiteBehavior [ RunTime:0.000358s ]
INFO: [ app_init ] --END-- [ RunTime:0.002852s ]
ERR: 无法加载模块:Public

[ 2016-03-20T13:38:33+08:00 ] ::1 /blog/Public/Pulic/images/wish/a4_1.gif
INFO: [ app_init ] --START--
INFO: Run Behavior\BuildLiteBehavior [ RunTime:0.000418s ]
INFO: [ app_init ] --END-- [ RunTime:0.003413s ]
ERR: 无法加载模块:Public

[ 2016-03-20T13:38:33+08:00 ] ::1 /blog/Public/Pulic/images/wish/a5_1.gif
INFO: [ app_init ] --START--
INFO: Run Behavior\BuildLiteBehavior [ RunTime:0.000340s ]
INFO: [ app_init ] --END-- [ RunTime:0.003261s ]
ERR: 无法加载模块:Public

[ 2016-03-20T13:38:33+08:00 ] ::1 /blog/Public/Pulic/images/wish/a4_2.gif
INFO: [ app_init ] --START--
INFO: Run Behavior\BuildLiteBehavior [ RunTime:0.000338s ]
INFO: [ app_init ] --END-- [ RunTime:0.003289s ]
ERR: 无法加载模块:Public

[ 2016-03-20T13:38:33+08:00 ] ::1 /blog/Public/Pulic/images/a5_3.gif
INFO: [ app_init ] --START--
INFO: Run Behavior\BuildLiteBehavior [ RunTime:0.000388s ]
INFO: [ app_init ] --END-- [ RunTime:0.003312s ]
ERR: 无法加载模块:Public

[ 2016-03-20T13:38:33+08:00 ] ::1 /blog/Public/Pulic/images/wish/a5_2.gif
INFO: [ app_init ] --START--
INFO: Run Behavior\BuildLiteBehavior [ RunTime:0.000200s ]
INFO: [ app_init ] --END-- [ RunTime:0.002017s ]
ERR: 无法加载模块:Public

[ 2016-03-20T13:38:33+08:00 ] ::1 /blog/Public/Pulic/images/wish/a4_3.gif
INFO: [ app_init ] --START--
INFO: Run Behavior\BuildLiteBehavior [ RunTime:0.000210s ]
INFO: [ app_init ] --END-- [ RunTime:0.002066s ]
ERR: 无法加载模块:Public

[ 2016-03-20T13:40:25+08:00 ] ::1 /blog/Public/images/a5_3.gif
INFO: [ app_init ] --START--
INFO: Run Behavior\BuildLiteBehavior [ RunTime:0.000268s ]
INFO: [ app_init ] --END-- [ RunTime:0.002996s ]
ERR: 无法加载模块:Public

[ 2016-03-20T22:06:28+08:00 ] ::1 /blog/index.php/About/index
INFO: [ app_init ] --START--
INFO: Run Behavior\BuildLiteBehavior [ RunTime:0.000430s ]
INFO: [ app_init ] --END-- [ RunTime:0.003141s ]
ERR: 无法加载模块:About

[ 2016-03-20T22:07:20+08:00 ] ::1 /blog/index.php/Index/index
INFO: [ app_init ] --START--
INFO: Run Behavior\BuildLiteBehavior [ RunTime:0.000199s ]
INFO: [ app_init ] --END-- [ RunTime:0.002254s ]
ERR: 无法加载模块:Index

[ 2016-03-20T22:07:31+08:00 ] ::1 /blog/index.php/Login/index
INFO: [ app_init ] --START--
INFO: Run Behavior\BuildLiteBehavior [ RunTime:0.000354s ]
INFO: [ app_init ] --END-- [ RunTime:0.003589s ]
ERR: 无法加载模块:Login

[ 2016-03-20T22:08:31+08:00 ] ::1 /blog/index.php/About/index
INFO: [ app_init ] --START--
INFO: Run Behavior\BuildLiteBehavior [ RunTime:0.000209s ]
INFO: [ app_init ] --END-- [ RunTime:0.002034s ]
ERR: 无法加载模块:About

[ 2016-03-20T22:09:34+08:00 ] ::1 /blog/index.php/Index/index
INFO: [ app_init ] --START--
INFO: Run Behavior\BuildLiteBehavior [ RunTime:0.000197s ]
INFO: [ app_init ] --END-- [ RunTime:0.001915s ]
ERR: 无法加载模块:Index

