[ 2016-04-14T22:15:47+08:00 ] ::1 /blog/Public/js/skin/layer.css
INFO: [ app_init ] --START--
INFO: Run Behavior\BuildLiteBehavior [ RunTime:0.000204s ]
INFO: [ app_init ] --END-- [ RunTime:0.002124s ]
ERR: 无法加载模块:Public

[ 2016-04-14T22:16:32+08:00 ] ::1 /blog/Public/js/skin/layer.css
INFO: [ app_init ] --START--
INFO: Run Behavior\BuildLiteBehavior [ RunTime:0.000406s ]
INFO: [ app_init ] --END-- [ RunTime:0.003696s ]
ERR: 无法加载模块:Public

[ 2016-04-14T22:16:35+08:00 ] ::1 /blog/Public/js/skin/layer.css
INFO: [ app_init ] --START--
INFO: Run Behavior\BuildLiteBehavior [ RunTime:0.000204s ]
INFO: [ app_init ] --END-- [ RunTime:0.002346s ]
ERR: 无法加载模块:Public

[ 2016-04-14T22:21:11+08:00 ] ::1 /blog/Public/js/skin/layer.css
INFO: [ app_init ] --START--
INFO: Run Behavior\BuildLiteBehavior [ RunTime:0.000369s ]
INFO: [ app_init ] --END-- [ RunTime:0.002910s ]
ERR: 无法加载模块:Public

[ 2016-04-14T22:21:13+08:00 ] ::1 /blog/Public/js/skin/layer.css
INFO: [ app_init ] --START--
INFO: Run Behavior\BuildLiteBehavior [ RunTime:0.000310s ]
INFO: [ app_init ] --END-- [ RunTime:0.002080s ]
ERR: 无法加载模块:Public

[ 2016-04-14T22:22:57+08:00 ] ::1 /blog/Public/js/skin/layer.css
INFO: [ app_init ] --START--
INFO: Run Behavior\BuildLiteBehavior [ RunTime:0.000201s ]
INFO: [ app_init ] --END-- [ RunTime:0.002101s ]
ERR: 无法加载模块:Public

[ 2016-04-14T22:23:53+08:00 ] ::1 /blog/Public/js/skin/layer.css
INFO: [ app_init ] --START--
INFO: Run Behavior\BuildLiteBehavior [ RunTime:0.000205s ]
INFO: [ app_init ] --END-- [ RunTime:0.002264s ]
ERR: 无法加载模块:Public

[ 2016-04-14T22:23:53+08:00 ] ::1 /blog/Public/css/default/icon.png
INFO: [ app_init ] --START--
INFO: Run Behavior\BuildLiteBehavior [ RunTime:0.000214s ]
INFO: [ app_init ] --END-- [ RunTime:0.002695s ]
ERR: 无法加载模块:Public

[ 2016-04-14T22:24:30+08:00 ] ::1 /blog/Public/js/skin/layer.css
INFO: [ app_init ] --START--
INFO: Run Behavior\BuildLiteBehavior [ RunTime:0.000202s ]
INFO: [ app_init ] --END-- [ RunTime:0.002105s ]
ERR: 无法加载模块:Public

[ 2016-04-14T22:24:32+08:00 ] ::1 /blog/Public/css/default/icon.png
INFO: [ app_init ] --START--
INFO: Run Behavior\BuildLiteBehavior [ RunTime:0.000201s ]
INFO: [ app_init ] --END-- [ RunTime:0.002076s ]
ERR: 无法加载模块:Public

[ 2016-04-14T22:25:03+08:00 ] ::1 /blog/Public/js/skin/layer.css
INFO: [ app_init ] --START--
INFO: Run Behavior\BuildLiteBehavior [ RunTime:0.000333s ]
INFO: [ app_init ] --END-- [ RunTime:0.003050s ]
ERR: 无法加载模块:Public

[ 2016-04-14T22:27:37+08:00 ] ::1 /blog/Public/js/skin/layer.css
INFO: [ app_init ] --START--
INFO: Run Behavior\BuildLiteBehavior [ RunTime:0.000433s ]
INFO: [ app_init ] --END-- [ RunTime:0.003863s ]
ERR: 无法加载模块:Public

[ 2016-04-14T22:29:29+08:00 ] ::1 /blog/Public/js/skin/layer.css
INFO: [ app_init ] --START--
INFO: Run Behavior\BuildLiteBehavior [ RunTime:0.000299s ]
INFO: [ app_init ] --END-- [ RunTime:0.003564s ]
ERR: 无法加载模块:Public

[ 2016-04-14T22:29:59+08:00 ] ::1 /blog/Public/js/skin/layer.css
INFO: [ app_init ] --START--
INFO: Run Behavior\BuildLiteBehavior [ RunTime:0.000224s ]
INFO: [ app_init ] --END-- [ RunTime:0.002281s ]
ERR: 无法加载模块:Public

[ 2016-04-14T22:30:36+08:00 ] ::1 /blog/Public/js/skin/layer.css
INFO: [ app_init ] --START--
INFO: Run Behavior\BuildLiteBehavior [ RunTime:0.000382s ]
INFO: [ app_init ] --END-- [ RunTime:0.004647s ]
ERR: 无法加载模块:Public

[ 2016-04-14T22:30:37+08:00 ] ::1 /blog/Public/css/images/top-icons.png
INFO: [ app_init ] --START--
INFO: Run Behavior\BuildLiteBehavior [ RunTime:0.000202s ]
INFO: [ app_init ] --END-- [ RunTime:0.002104s ]
ERR: 无法加载模块:Public

[ 2016-04-14T22:30:41+08:00 ] ::1 /blog/Public/js/skin/layer.css
INFO: [ app_init ] --START--
INFO: Run Behavior\BuildLiteBehavior [ RunTime:0.000300s ]
INFO: [ app_init ] --END-- [ RunTime:0.002727s ]
ERR: 无法加载模块:Public

[ 2016-04-14T22:32:03+08:00 ] ::1 /blog/Public/js/skin/layer.css
INFO: [ app_init ] --START--
INFO: Run Behavior\BuildLiteBehavior [ RunTime:0.000622s ]
INFO: [ app_init ] --END-- [ RunTime:0.003505s ]
ERR: 无法加载模块:Public

[ 2016-04-14T22:48:06+08:00 ] ::1 /blog/Public/js/skin/layer.css
INFO: [ app_init ] --START--
INFO: Run Behavior\BuildLiteBehavior [ RunTime:0.000205s ]
INFO: [ app_init ] --END-- [ RunTime:0.002551s ]
ERR: 无法加载模块:Public

[ 2016-04-14T22:50:05+08:00 ] ::1 /blog/Public/js/skin/layer.css
INFO: [ app_init ] --START--
INFO: Run Behavior\BuildLiteBehavior [ RunTime:0.000224s ]
INFO: [ app_init ] --END-- [ RunTime:0.002745s ]
ERR: 无法加载模块:Public

[ 2016-04-14T22:50:18+08:00 ] ::1 /blog/Public/js/skin/layer.css
INFO: [ app_init ] --START--
INFO: Run Behavior\BuildLiteBehavior [ RunTime:0.000204s ]
INFO: [ app_init ] --END-- [ RunTime:0.002416s ]
ERR: 无法加载模块:Public

[ 2016-04-14T22:52:43+08:00 ] ::1 /blog/Public/js/skin/layer.css
INFO: [ app_init ] --START--
INFO: Run Behavior\BuildLiteBehavior [ RunTime:0.000335s ]
INFO: [ app_init ] --END-- [ RunTime:0.002825s ]
ERR: 无法加载模块:Public

[ 2016-04-14T22:54:38+08:00 ] ::1 /blog/Public/js/skin/layer.css
INFO: [ app_init ] --START--
INFO: Run Behavior\BuildLiteBehavior [ RunTime:0.000381s ]
INFO: [ app_init ] --END-- [ RunTime:0.003586s ]
ERR: 无法加载模块:Public

[ 2016-04-14T22:54:47+08:00 ] ::1 /blog/Public/js/skin/layer.css
INFO: [ app_init ] --START--
INFO: Run Behavior\BuildLiteBehavior [ RunTime:0.000204s ]
INFO: [ app_init ] --END-- [ RunTime:0.002114s ]
ERR: 无法加载模块:Public

[ 2016-04-14T22:55:45+08:00 ] ::1 /blog/Public/js/skin/layer.css
INFO: [ app_init ] --START--
INFO: Run Behavior\BuildLiteBehavior [ RunTime:0.000203s ]
INFO: [ app_init ] --END-- [ RunTime:0.002080s ]
ERR: 无法加载模块:Public

[ 2016-04-14T23:12:00+08:00 ] ::1 /blog/Public/js/skin/layer.css
INFO: [ app_init ] --START--
INFO: Run Behavior\BuildLiteBehavior [ RunTime:0.000569s ]
INFO: [ app_init ] --END-- [ RunTime:0.004229s ]
ERR: 无法加载模块:Public

[ 2016-04-14T23:12:33+08:00 ] ::1 /blog/Public/js/skin/layer.css
INFO: [ app_init ] --START--
INFO: Run Behavior\BuildLiteBehavior [ RunTime:0.000348s ]
INFO: [ app_init ] --END-- [ RunTime:0.003080s ]
ERR: 无法加载模块:Public

[ 2016-04-14T23:13:01+08:00 ] ::1 /blog/Public/js/skin/layer.css
INFO: [ app_init ] --START--
INFO: Run Behavior\BuildLiteBehavior [ RunTime:0.000223s ]
INFO: [ app_init ] --END-- [ RunTime:0.002088s ]
ERR: 无法加载模块:Public

[ 2016-04-14T23:13:09+08:00 ] ::1 /blog/Public/js/skin/layer.css
INFO: [ app_init ] --START--
INFO: Run Behavior\BuildLiteBehavior [ RunTime:0.000371s ]
INFO: [ app_init ] --END-- [ RunTime:0.003250s ]
ERR: 无法加载模块:Public

[ 2016-04-14T23:13:20+08:00 ] ::1 /blog/Public/js/skin/layer.css
INFO: [ app_init ] --START--
INFO: Run Behavior\BuildLiteBehavior [ RunTime:0.000213s ]
INFO: [ app_init ] --END-- [ RunTime:0.002234s ]
ERR: 无法加载模块:Public

[ 2016-04-14T23:13:50+08:00 ] ::1 /blog/Public/js/skin/layer.css
INFO: [ app_init ] --START--
INFO: Run Behavior\BuildLiteBehavior [ RunTime:0.000204s ]
INFO: [ app_init ] --END-- [ RunTime:0.002161s ]
ERR: 无法加载模块:Public

[ 2016-04-14T23:14:22+08:00 ] ::1 /blog/Public/js/skin/layer.css
INFO: [ app_init ] --START--
INFO: Run Behavior\BuildLiteBehavior [ RunTime:0.000206s ]
INFO: [ app_init ] --END-- [ RunTime:0.002317s ]
ERR: 无法加载模块:Public

[ 2016-04-14T23:14:28+08:00 ] ::1 /blog/Public/js/skin/layer.css
INFO: [ app_init ] --START--
INFO: Run Behavior\BuildLiteBehavior [ RunTime:0.000390s ]
INFO: [ app_init ] --END-- [ RunTime:0.003624s ]
ERR: 无法加载模块:Public

[ 2016-04-14T23:14:53+08:00 ] ::1 /blog/Public/js/skin/layer.css
INFO: [ app_init ] --START--
INFO: Run Behavior\BuildLiteBehavior [ RunTime:0.000206s ]
INFO: [ app_init ] --END-- [ RunTime:0.002532s ]
ERR: 无法加载模块:Public

[ 2016-04-14T23:15:38+08:00 ] ::1 /blog/Public/js/skin/layer.css
INFO: [ app_init ] --START--
INFO: Run Behavior\BuildLiteBehavior [ RunTime:0.000404s ]
INFO: [ app_init ] --END-- [ RunTime:0.003680s ]
ERR: 无法加载模块:Public

[ 2016-04-14T23:25:32+08:00 ] ::1 /blog/Public/js/skin/layer.css
INFO: [ app_init ] --START--
INFO: Run Behavior\BuildLiteBehavior [ RunTime:0.000244s ]
INFO: [ app_init ] --END-- [ RunTime:0.002100s ]
ERR: 无法加载模块:Public

[ 2016-04-14T23:26:49+08:00 ] ::1 /blog/Public/js/skin/layer.css
INFO: [ app_init ] --START--
INFO: Run Behavior\BuildLiteBehavior [ RunTime:0.000206s ]
INFO: [ app_init ] --END-- [ RunTime:0.002302s ]
ERR: 无法加载模块:Public

[ 2016-04-14T23:27:01+08:00 ] ::1 /blog/Public/js/skin/layer.css
INFO: [ app_init ] --START--
INFO: Run Behavior\BuildLiteBehavior [ RunTime:0.000244s ]
INFO: [ app_init ] --END-- [ RunTime:0.002573s ]
ERR: 无法加载模块:Public

[ 2016-04-14T23:27:58+08:00 ] ::1 /blog/Public/js/skin/layer.css
INFO: [ app_init ] --START--
INFO: Run Behavior\BuildLiteBehavior [ RunTime:0.000205s ]
INFO: [ app_init ] --END-- [ RunTime:0.002031s ]
ERR: 无法加载模块:Public

[ 2016-04-14T23:28:18+08:00 ] ::1 /blog/Public/js/skin/layer.css
INFO: [ app_init ] --START--
INFO: Run Behavior\BuildLiteBehavior [ RunTime:0.000202s ]
INFO: [ app_init ] --END-- [ RunTime:0.002447s ]
ERR: 无法加载模块:Public

[ 2016-04-14T23:28:38+08:00 ] ::1 /blog/Public/js/skin/layer.css
INFO: [ app_init ] --START--
INFO: Run Behavior\BuildLiteBehavior [ RunTime:0.000385s ]
INFO: [ app_init ] --END-- [ RunTime:0.002683s ]
ERR: 无法加载模块:Public

[ 2016-04-14T23:30:31+08:00 ] ::1 /blog/Public/js/skin/layer.css
INFO: [ app_init ] --START--
INFO: Run Behavior\BuildLiteBehavior [ RunTime:0.000205s ]
INFO: [ app_init ] --END-- [ RunTime:0.002032s ]
ERR: 无法加载模块:Public

[ 2016-04-14T23:35:30+08:00 ] ::1 /blog/Public/js/skin/layer.css
INFO: [ app_init ] --START--
INFO: Run Behavior\BuildLiteBehavior [ RunTime:0.000224s ]
INFO: [ app_init ] --END-- [ RunTime:0.001972s ]
ERR: 无法加载模块:Public

[ 2016-04-14T23:35:33+08:00 ] ::1 /blog/Public/js/skin/layer.css
INFO: [ app_init ] --START--
INFO: Run Behavior\BuildLiteBehavior [ RunTime:0.000201s ]
INFO: [ app_init ] --END-- [ RunTime:0.002033s ]
ERR: 无法加载模块:Public

[ 2016-04-14T23:36:47+08:00 ] ::1 /blog/Public/js/skin/layer.css
INFO: [ app_init ] --START--
INFO: Run Behavior\BuildLiteBehavior [ RunTime:0.000229s ]
INFO: [ app_init ] --END-- [ RunTime:0.002389s ]
ERR: 无法加载模块:Public

[ 2016-04-14T23:36:55+08:00 ] ::1 /blog/Public/js/skin/layer.css
INFO: [ app_init ] --START--
INFO: Run Behavior\BuildLiteBehavior [ RunTime:0.000204s ]
INFO: [ app_init ] --END-- [ RunTime:0.002077s ]
ERR: 无法加载模块:Public

[ 2016-04-14T23:38:36+08:00 ] ::1 /blog/Public/js/skin/layer.css
INFO: [ app_init ] --START--
INFO: Run Behavior\BuildLiteBehavior [ RunTime:0.000431s ]
INFO: [ app_init ] --END-- [ RunTime:0.005111s ]
ERR: 无法加载模块:Public

[ 2016-04-14T23:38:36+08:00 ] ::1 /blog/Public/css/images/top-icons.png
INFO: [ app_init ] --START--
INFO: Run Behavior\BuildLiteBehavior [ RunTime:0.000207s ]
INFO: [ app_init ] --END-- [ RunTime:0.002252s ]
ERR: 无法加载模块:Public

[ 2016-04-14T23:38:41+08:00 ] ::1 /blog/Public/js/skin/layer.css
INFO: [ app_init ] --START--
INFO: Run Behavior\BuildLiteBehavior [ RunTime:0.000552s ]
INFO: [ app_init ] --END-- [ RunTime:0.002895s ]
ERR: 无法加载模块:Public

[ 2016-04-14T23:40:21+08:00 ] ::1 /blog/Public/js/skin/layer.css
INFO: [ app_init ] --START--
INFO: Run Behavior\BuildLiteBehavior [ RunTime:0.000517s ]
INFO: [ app_init ] --END-- [ RunTime:0.003810s ]
ERR: 无法加载模块:Public

[ 2016-04-14T23:40:22+08:00 ] ::1 /blog/Public/css/images/top-icons.png
INFO: [ app_init ] --START--
INFO: Run Behavior\BuildLiteBehavior [ RunTime:0.000263s ]
INFO: [ app_init ] --END-- [ RunTime:0.003107s ]
ERR: 无法加载模块:Public

[ 2016-04-14T23:42:21+08:00 ] ::1 /blog/Public/js/skin/layer.css
INFO: [ app_init ] --START--
INFO: Run Behavior\BuildLiteBehavior [ RunTime:0.000205s ]
INFO: [ app_init ] --END-- [ RunTime:0.002203s ]
ERR: 无法加载模块:Public

[ 2016-04-14T23:42:23+08:00 ] ::1 /blog/Public/css/images/top-icons.png
INFO: [ app_init ] --START--
INFO: Run Behavior\BuildLiteBehavior [ RunTime:0.000203s ]
INFO: [ app_init ] --END-- [ RunTime:0.002193s ]
ERR: 无法加载模块:Public

[ 2016-04-14T23:43:20+08:00 ] ::1 /blog/Public/css/images/top-icons.png
INFO: [ app_init ] --START--
INFO: Run Behavior\BuildLiteBehavior [ RunTime:0.000274s ]
INFO: [ app_init ] --END-- [ RunTime:0.002061s ]
ERR: 无法加载模块:Public

[ 2016-04-14T23:43:20+08:00 ] ::1 /blog/Public/js/skin/layer.css
INFO: [ app_init ] --START--
INFO: Run Behavior\BuildLiteBehavior [ RunTime:0.000202s ]
INFO: [ app_init ] --END-- [ RunTime:0.002106s ]
ERR: 无法加载模块:Public

[ 2016-04-14T23:44:01+08:00 ] ::1 /blog/Public/js/skin/layer.css
INFO: [ app_init ] --START--
INFO: Run Behavior\BuildLiteBehavior [ RunTime:0.000213s ]
INFO: [ app_init ] --END-- [ RunTime:0.002030s ]
ERR: 无法加载模块:Public

[ 2016-04-14T23:44:01+08:00 ] ::1 /blog/Public/css/images/top-icons.png
INFO: [ app_init ] --START--
INFO: Run Behavior\BuildLiteBehavior [ RunTime:0.000273s ]
INFO: [ app_init ] --END-- [ RunTime:0.002712s ]
ERR: 无法加载模块:Public

