[ 2016-03-31T21:34:12+08:00 ] ::1 /blog/Public/css/assets/js/jquery.min.map
INFO: [ app_init ] --START--
INFO: Run Behavior\BuildLiteBehavior [ RunTime:0.000392s ]
INFO: [ app_init ] --END-- [ RunTime:0.003020s ]
ERR: 无法加载模块:Public

[ 2016-03-31T21:40:19+08:00 ] ::1 /blog/Public/img/background_tile_2.jpg
INFO: [ app_init ] --START--
INFO: Run Behavior\BuildLiteBehavior [ RunTime:0.000215s ]
INFO: [ app_init ] --END-- [ RunTime:0.002047s ]
ERR: 无法加载模块:Public

[ 2016-03-31T21:40:19+08:00 ] ::1 /blog/Public/img/background_tile_1.jpg
INFO: [ app_init ] --START--
INFO: Run Behavior\BuildLiteBehavior [ RunTime:0.000213s ]
INFO: [ app_init ] --END-- [ RunTime:0.002000s ]
ERR: 无法加载模块:Public

[ 2016-03-31T21:40:19+08:00 ] ::1 /blog/Public/img/logo.jpg
INFO: [ app_init ] --START--
INFO: Run Behavior\BuildLiteBehavior [ RunTime:0.000205s ]
INFO: [ app_init ] --END-- [ RunTime:0.002328s ]
ERR: 无法加载模块:Public

[ 2016-03-31T21:40:19+08:00 ] ::1 /blog/Public/img/background_tile_3.jpg
INFO: [ app_init ] --START--
INFO: Run Behavior\BuildLiteBehavior [ RunTime:0.000205s ]
INFO: [ app_init ] --END-- [ RunTime:0.002064s ]
ERR: 无法加载模块:Public

[ 2016-03-31T21:40:19+08:00 ] ::1 /blog/Public/img/blue_line.jpg
INFO: [ app_init ] --START--
INFO: Run Behavior\BuildLiteBehavior [ RunTime:0.000368s ]
INFO: [ app_init ] --END-- [ RunTime:0.003721s ]
ERR: 无法加载模块:Public

[ 2016-03-31T21:40:20+08:00 ] ::1 /blog/Public/img/tzine.png
INFO: [ app_init ] --START--
INFO: Run Behavior\BuildLiteBehavior [ RunTime:0.000319s ]
INFO: [ app_init ] --END-- [ RunTime:0.003185s ]
ERR: 无法加载模块:Public

[ 2016-03-31T21:41:10+08:00 ] ::1 /blog/Public/img/logo.jpg
INFO: [ app_init ] --START--
INFO: Run Behavior\BuildLiteBehavior [ RunTime:0.000553s ]
INFO: [ app_init ] --END-- [ RunTime:0.004223s ]
ERR: 无法加载模块:Public

[ 2016-03-31T21:41:10+08:00 ] ::1 /blog/Public/img/blue_line.jpg
INFO: [ app_init ] --START--
INFO: Run Behavior\BuildLiteBehavior [ RunTime:0.000413s ]
INFO: [ app_init ] --END-- [ RunTime:0.003593s ]
ERR: 无法加载模块:Public

[ 2016-03-31T21:41:10+08:00 ] ::1 /blog/Public/img/tzine.png
INFO: [ app_init ] --START--
INFO: Run Behavior\BuildLiteBehavior [ RunTime:0.000214s ]
INFO: [ app_init ] --END-- [ RunTime:0.002043s ]
ERR: 无法加载模块:Public

[ 2016-03-31T21:41:10+08:00 ] ::1 /blog/Public/img/background_tile_3.jpg
INFO: [ app_init ] --START--
INFO: Run Behavior\BuildLiteBehavior [ RunTime:0.000414s ]
INFO: [ app_init ] --END-- [ RunTime:0.002912s ]
ERR: 无法加载模块:Public

[ 2016-03-31T21:41:11+08:00 ] ::1 /blog/Public/img/background_tile_1.jpg
INFO: [ app_init ] --START--
INFO: Run Behavior\BuildLiteBehavior [ RunTime:0.000534s ]
INFO: [ app_init ] --END-- [ RunTime:0.005328s ]
ERR: 无法加载模块:Public

[ 2016-03-31T21:41:11+08:00 ] ::1 /blog/Public/img/background_tile_2.jpg
INFO: [ app_init ] --START--
INFO: Run Behavior\BuildLiteBehavior [ RunTime:0.000289s ]
INFO: [ app_init ] --END-- [ RunTime:0.003004s ]
ERR: 无法加载模块:Public

[ 2016-03-31T21:41:53+08:00 ] ::1 /blog/Public/img/background_tile_2.jpg
INFO: [ app_init ] --START--
INFO: Run Behavior\BuildLiteBehavior [ RunTime:0.000361s ]
INFO: [ app_init ] --END-- [ RunTime:0.003515s ]
ERR: 无法加载模块:Public

[ 2016-03-31T21:41:53+08:00 ] ::1 /blog/Public/img/logo.jpg
INFO: [ app_init ] --START--
INFO: Run Behavior\BuildLiteBehavior [ RunTime:0.000362s ]
INFO: [ app_init ] --END-- [ RunTime:0.003172s ]
ERR: 无法加载模块:Public

[ 2016-03-31T21:41:53+08:00 ] ::1 /blog/Public/img/background_tile_1.jpg
INFO: [ app_init ] --START--
INFO: Run Behavior\BuildLiteBehavior [ RunTime:0.000533s ]
INFO: [ app_init ] --END-- [ RunTime:0.003776s ]
ERR: 无法加载模块:Public

[ 2016-03-31T21:41:53+08:00 ] ::1 /blog/Public/img/blue_line.jpg
INFO: [ app_init ] --START--
INFO: Run Behavior\BuildLiteBehavior [ RunTime:0.000568s ]
INFO: [ app_init ] --END-- [ RunTime:0.014125s ]
ERR: 无法加载模块:Public

[ 2016-03-31T21:41:53+08:00 ] ::1 /blog/Public/img/tzine.png
INFO: [ app_init ] --START--
INFO: Run Behavior\BuildLiteBehavior [ RunTime:0.000233s ]
INFO: [ app_init ] --END-- [ RunTime:0.002118s ]
ERR: 无法加载模块:Public

[ 2016-03-31T21:41:53+08:00 ] ::1 /blog/Public/img/background_tile_3.jpg
INFO: [ app_init ] --START--
INFO: Run Behavior\BuildLiteBehavior [ RunTime:0.000202s ]
INFO: [ app_init ] --END-- [ RunTime:0.001955s ]
ERR: 无法加载模块:Public

[ 2016-03-31T21:45:47+08:00 ] ::1 /blog/Public/img/background_tile_1.jpg
INFO: [ app_init ] --START--
INFO: Run Behavior\BuildLiteBehavior [ RunTime:0.000392s ]
INFO: [ app_init ] --END-- [ RunTime:0.003548s ]
ERR: 无法加载模块:Public

[ 2016-03-31T21:45:47+08:00 ] ::1 /blog/Public/img/background_tile_2.jpg
INFO: [ app_init ] --START--
INFO: Run Behavior\BuildLiteBehavior [ RunTime:0.000443s ]
INFO: [ app_init ] --END-- [ RunTime:0.003805s ]
ERR: 无法加载模块:Public

[ 2016-03-31T21:45:47+08:00 ] ::1 /blog/Public/img/background_tile_3.jpg
INFO: [ app_init ] --START--
INFO: Run Behavior\BuildLiteBehavior [ RunTime:0.000560s ]
INFO: [ app_init ] --END-- [ RunTime:0.003911s ]
ERR: 无法加载模块:Public

[ 2016-03-31T21:45:47+08:00 ] ::1 /blog/Public/img/logo.jpg
INFO: [ app_init ] --START--
INFO: Run Behavior\BuildLiteBehavior [ RunTime:0.000398s ]
INFO: [ app_init ] --END-- [ RunTime:0.003844s ]
ERR: 无法加载模块:Public

[ 2016-03-31T21:45:47+08:00 ] ::1 /blog/Public/img/tzine.png
INFO: [ app_init ] --START--
INFO: Run Behavior\BuildLiteBehavior [ RunTime:0.000212s ]
INFO: [ app_init ] --END-- [ RunTime:0.002169s ]
ERR: 无法加载模块:Public

[ 2016-03-31T21:45:47+08:00 ] ::1 /blog/Public/img/blue_line.jpg
INFO: [ app_init ] --START--
INFO: Run Behavior\BuildLiteBehavior [ RunTime:0.000212s ]
INFO: [ app_init ] --END-- [ RunTime:0.002062s ]
ERR: 无法加载模块:Public

