[ 2016-03-06T11:52:55+08:00 ] ::1 /blog/index.php/Login/index
ERR: 无法加载模块:Login

[ 2016-03-06T11:52:56+08:00 ] ::1 /blog/index.php/Login/index
ERR: 无法加载模块:Login

[ 2016-03-06T11:55:11+08:00 ] ::1 /blog/index.php/Login/index
INFO: [ app_init ] --START--
INFO: Run Behavior\BuildLiteBehavior [ RunTime:0.000204s ]
INFO: [ app_init ] --END-- [ RunTime:0.002141s ]
ERR: 无法加载模块:Login

[ 2016-03-06T11:55:12+08:00 ] ::1 /blog/index.php/Login/index
INFO: [ app_init ] --START--
INFO: Run Behavior\BuildLiteBehavior [ RunTime:0.000214s ]
INFO: [ app_init ] --END-- [ RunTime:0.002080s ]
ERR: 无法加载模块:Login

[ 2016-03-06T11:55:13+08:00 ] ::1 /blog/index.php/Login/index
INFO: [ app_init ] --START--
INFO: Run Behavior\BuildLiteBehavior [ RunTime:0.000204s ]
INFO: [ app_init ] --END-- [ RunTime:0.001965s ]
ERR: 无法加载模块:Login

[ 2016-03-06T11:55:37+08:00 ] ::1 /blog/index.php/Login/index
INFO: [ app_init ] --START--
INFO: Run Behavior\BuildLiteBehavior [ RunTime:0.000200s ]
INFO: [ app_init ] --END-- [ RunTime:0.002430s ]
ERR: 无法加载模块:Login

[ 2016-03-06T11:56:00+08:00 ] ::1 /blog/index.php/Login/index
INFO: [ app_init ] --START--
INFO: Run Behavior\BuildLiteBehavior [ RunTime:0.000290s ]
INFO: [ app_init ] --END-- [ RunTime:0.002853s ]
ERR: 无法加载模块:Login

[ 2016-03-06T11:56:32+08:00 ] ::1 /blog/index.php/Login/index
INFO: [ app_init ] --START--
INFO: Run Behavior\BuildLiteBehavior [ RunTime:0.000196s ]
INFO: [ app_init ] --END-- [ RunTime:0.001957s ]
ERR: 无法加载模块:Login

[ 2016-03-06T11:56:34+08:00 ] ::1 /blog/index.php/Login/index
INFO: [ app_init ] --START--
INFO: Run Behavior\BuildLiteBehavior [ RunTime:0.000323s ]
INFO: [ app_init ] --END-- [ RunTime:0.002909s ]
ERR: 无法加载模块:Login

[ 2016-03-06T11:56:37+08:00 ] ::1 /blog/index.php/Index/index
INFO: [ app_init ] --START--
INFO: Run Behavior\BuildLiteBehavior [ RunTime:0.000275s ]
INFO: [ app_init ] --END-- [ RunTime:0.002586s ]
ERR: 无法加载模块:Index

[ 2016-03-06T11:56:43+08:00 ] ::1 /blog/index.php/Index/index
INFO: [ app_init ] --START--
INFO: Run Behavior\BuildLiteBehavior [ RunTime:0.000305s ]
INFO: [ app_init ] --END-- [ RunTime:0.003480s ]
ERR: 无法加载模块:Index

[ 2016-03-06T11:56:44+08:00 ] ::1 /blog/index.php/Index/index
INFO: [ app_init ] --START--
INFO: Run Behavior\BuildLiteBehavior [ RunTime:0.000336s ]
INFO: [ app_init ] --END-- [ RunTime:0.003486s ]
ERR: 无法加载模块:Index

[ 2016-03-06T11:58:09+08:00 ] ::1 /blog/index.php/Index/index
INFO: [ app_init ] --START--
INFO: Run Behavior\BuildLiteBehavior [ RunTime:0.000241s ]
INFO: [ app_init ] --END-- [ RunTime:0.002379s ]
ERR: 无法加载模块:Index

[ 2016-03-06T11:58:10+08:00 ] ::1 /blog/index.php/Index/index
INFO: [ app_init ] --START--
INFO: Run Behavior\BuildLiteBehavior [ RunTime:0.000243s ]
INFO: [ app_init ] --END-- [ RunTime:0.002591s ]
ERR: 无法加载模块:Index

[ 2016-03-06T12:00:41+08:00 ] ::1 /blog/index.php/Login/index
INFO: [ app_init ] --START--
INFO: Run Behavior\BuildLiteBehavior [ RunTime:0.000215s ]
INFO: [ app_init ] --END-- [ RunTime:0.002069s ]
ERR: 无法加载模块:Login

[ 2016-03-06T12:00:47+08:00 ] ::1 /blog/index.php/Index/index
INFO: [ app_init ] --START--
INFO: Run Behavior\BuildLiteBehavior [ RunTime:0.000463s ]
INFO: [ app_init ] --END-- [ RunTime:0.004023s ]
ERR: 无法加载模块:Index

[ 2016-03-06T13:02:23+08:00 ] ::1 /blog/assets/css/reset.css
INFO: [ app_init ] --START--
INFO: Run Behavior\BuildLiteBehavior [ RunTime:0.000364s ]
INFO: [ app_init ] --END-- [ RunTime:0.003304s ]
ERR: 无法加载模块:Assets

[ 2016-03-06T17:46:43+08:00 ] ::1 /blog/Public/theme/login.js
INFO: [ app_init ] --START--
INFO: Run Behavior\BuildLiteBehavior [ RunTime:0.000362s ]
INFO: [ app_init ] --END-- [ RunTime:0.003757s ]
ERR: 无法加载模块:Public

