[ 2016-04-06T11:33:04+08:00 ] ::1 /blog/Public/js/skin/layer.css
INFO: [ app_init ] --START--
INFO: Run Behavior\BuildLiteBehavior [ RunTime:0.000357s ]
INFO: [ app_init ] --END-- [ RunTime:0.002297s ]
ERR: 无法加载模块:Public

[ 2016-04-06T11:37:48+08:00 ] ::1 /blog/Public/js/skin/layer.css
INFO: [ app_init ] --START--
INFO: Run Behavior\BuildLiteBehavior [ RunTime:0.000419s ]
INFO: [ app_init ] --END-- [ RunTime:0.003160s ]
ERR: 无法加载模块:Public

[ 2016-04-06T11:38:46+08:00 ] ::1 /blog/Public/js/skin/layer.css
INFO: [ app_init ] --START--
INFO: Run Behavior\BuildLiteBehavior [ RunTime:0.000395s ]
INFO: [ app_init ] --END-- [ RunTime:0.002994s ]
ERR: 无法加载模块:Public

[ 2016-04-06T11:39:28+08:00 ] ::1 /blog/Public/js/skin/layer.css
INFO: [ app_init ] --START--
INFO: Run Behavior\BuildLiteBehavior [ RunTime:0.000242s ]
INFO: [ app_init ] --END-- [ RunTime:0.002327s ]
ERR: 无法加载模块:Public

[ 2016-04-06T11:40:11+08:00 ] ::1 /blog/Public/js/skin/layer.css
INFO: [ app_init ] --START--
INFO: Run Behavior\BuildLiteBehavior [ RunTime:0.000376s ]
INFO: [ app_init ] --END-- [ RunTime:0.003055s ]
ERR: 无法加载模块:Public

[ 2016-04-06T11:42:14+08:00 ] ::1 /blog/Public/js/skin/layer.css
INFO: [ app_init ] --START--
INFO: Run Behavior\BuildLiteBehavior [ RunTime:0.000287s ]
INFO: [ app_init ] --END-- [ RunTime:0.002847s ]
ERR: 无法加载模块:Public

[ 2016-04-06T11:43:32+08:00 ] ::1 /blog/Public/img/background_tile_1.jpg
INFO: [ app_init ] --START--
INFO: Run Behavior\BuildLiteBehavior [ RunTime:0.000441s ]
INFO: [ app_init ] --END-- [ RunTime:0.003847s ]
ERR: 无法加载模块:Public

[ 2016-04-06T11:43:32+08:00 ] ::1 /blog/Public/img/blue_line.jpg
INFO: [ app_init ] --START--
INFO: Run Behavior\BuildLiteBehavior [ RunTime:0.000377s ]
INFO: [ app_init ] --END-- [ RunTime:0.004201s ]
ERR: 无法加载模块:Public

[ 2016-04-06T11:43:32+08:00 ] ::1 /blog/Public/img/background_tile_3.jpg
INFO: [ app_init ] --START--
INFO: Run Behavior\BuildLiteBehavior [ RunTime:0.000297s ]
INFO: [ app_init ] --END-- [ RunTime:0.002889s ]
ERR: 无法加载模块:Public

[ 2016-04-06T11:43:32+08:00 ] ::1 /blog/Public/img/tzine.png
INFO: [ app_init ] --START--
INFO: Run Behavior\BuildLiteBehavior [ RunTime:0.000361s ]
INFO: [ app_init ] --END-- [ RunTime:0.003084s ]
ERR: 无法加载模块:Public

[ 2016-04-06T11:43:32+08:00 ] ::1 /blog/Public/img/background_tile_2.jpg
INFO: [ app_init ] --START--
INFO: Run Behavior\BuildLiteBehavior [ RunTime:0.000536s ]
INFO: [ app_init ] --END-- [ RunTime:0.029674s ]
ERR: 无法加载模块:Public

[ 2016-04-06T11:43:33+08:00 ] ::1 /blog/Public/img/logo.jpg
INFO: [ app_init ] --START--
INFO: Run Behavior\BuildLiteBehavior [ RunTime:0.000210s ]
INFO: [ app_init ] --END-- [ RunTime:0.002947s ]
ERR: 无法加载模块:Public

[ 2016-04-06T11:45:41+08:00 ] ::1 /blog/Public/js/skin/layer.css
INFO: [ app_init ] --START--
INFO: Run Behavior\BuildLiteBehavior [ RunTime:0.000385s ]
INFO: [ app_init ] --END-- [ RunTime:0.003358s ]
ERR: 无法加载模块:Public

[ 2016-04-06T11:49:32+08:00 ] ::1 /blog/Public/js/skin/layer.css
INFO: [ app_init ] --START--
INFO: Run Behavior\BuildLiteBehavior [ RunTime:0.000457s ]
INFO: [ app_init ] --END-- [ RunTime:0.003276s ]
ERR: 无法加载模块:Public

[ 2016-04-06T11:49:57+08:00 ] ::1 /blog/Public/js/skin/layer.css
INFO: [ app_init ] --START--
INFO: Run Behavior\BuildLiteBehavior [ RunTime:0.000352s ]
INFO: [ app_init ] --END-- [ RunTime:0.003135s ]
ERR: 无法加载模块:Public

[ 2016-04-06T11:52:54+08:00 ] ::1 /blog/Public/js/skin/layer.css
INFO: [ app_init ] --START--
INFO: Run Behavior\BuildLiteBehavior [ RunTime:0.000329s ]
INFO: [ app_init ] --END-- [ RunTime:0.002969s ]
ERR: 无法加载模块:Public

[ 2016-04-06T11:53:55+08:00 ] ::1 /blog/Public/js/skin/layer.css
INFO: [ app_init ] --START--
INFO: Run Behavior\BuildLiteBehavior [ RunTime:0.000287s ]
INFO: [ app_init ] --END-- [ RunTime:0.002431s ]
ERR: 无法加载模块:Public

[ 2016-04-06T12:00:41+08:00 ] ::1 /blog/Public/js/skin/layer.css
INFO: [ app_init ] --START--
INFO: Run Behavior\BuildLiteBehavior [ RunTime:0.000351s ]
INFO: [ app_init ] --END-- [ RunTime:0.003169s ]
ERR: 无法加载模块:Public

[ 2016-04-06T12:17:47+08:00 ] ::1 /blog/Public/js/skin/layer.css
INFO: [ app_init ] --START--
INFO: Run Behavior\BuildLiteBehavior [ RunTime:0.000337s ]
INFO: [ app_init ] --END-- [ RunTime:0.002867s ]
ERR: 无法加载模块:Public

[ 2016-04-06T12:18:21+08:00 ] ::1 /blog/Public/js/skin/layer.css
INFO: [ app_init ] --START--
INFO: Run Behavior\BuildLiteBehavior [ RunTime:0.000393s ]
INFO: [ app_init ] --END-- [ RunTime:0.003524s ]
ERR: 无法加载模块:Public

[ 2016-04-06T12:19:14+08:00 ] ::1 /blog/index.php/Upload/2016-03-20/young_145844836171091.jpg
INFO: [ app_init ] --START--
INFO: Run Behavior\BuildLiteBehavior [ RunTime:0.000194s ]
INFO: [ app_init ] --END-- [ RunTime:0.002099s ]
ERR: 无法加载模块:Upload

[ 2016-04-06T12:25:00+08:00 ] ::1 /blog/Public/js/skin/layer.css
INFO: [ app_init ] --START--
INFO: Run Behavior\BuildLiteBehavior [ RunTime:0.000361s ]
INFO: [ app_init ] --END-- [ RunTime:0.003169s ]
ERR: 无法加载模块:Public

[ 2016-04-06T12:32:53+08:00 ] ::1 /blog/Public/js/skin/layer.css
INFO: [ app_init ] --START--
INFO: Run Behavior\BuildLiteBehavior [ RunTime:0.000300s ]
INFO: [ app_init ] --END-- [ RunTime:0.002545s ]
ERR: 无法加载模块:Public

[ 2016-04-06T12:35:44+08:00 ] ::1 /blog/Public/js/skin/layer.css
INFO: [ app_init ] --START--
INFO: Run Behavior\BuildLiteBehavior [ RunTime:0.000375s ]
INFO: [ app_init ] --END-- [ RunTime:0.003398s ]
ERR: 无法加载模块:Public

[ 2016-04-06T12:36:01+08:00 ] ::1 /blog/Public/js/skin/layer.css
INFO: [ app_init ] --START--
INFO: Run Behavior\BuildLiteBehavior [ RunTime:0.000378s ]
INFO: [ app_init ] --END-- [ RunTime:0.004096s ]
ERR: 无法加载模块:Public

[ 2016-04-06T12:36:59+08:00 ] ::1 /blog/Public/js/skin/layer.css
INFO: [ app_init ] --START--
INFO: Run Behavior\BuildLiteBehavior [ RunTime:0.000345s ]
INFO: [ app_init ] --END-- [ RunTime:0.003053s ]
ERR: 无法加载模块:Public

[ 2016-04-06T12:37:10+08:00 ] ::1 /blog/Public/js/skin/layer.css
INFO: [ app_init ] --START--
INFO: Run Behavior\BuildLiteBehavior [ RunTime:0.000323s ]
INFO: [ app_init ] --END-- [ RunTime:0.002967s ]
ERR: 无法加载模块:Public

[ 2016-04-06T12:37:37+08:00 ] ::1 /blog/Public/js/skin/layer.css
INFO: [ app_init ] --START--
INFO: Run Behavior\BuildLiteBehavior [ RunTime:0.000195s ]
INFO: [ app_init ] --END-- [ RunTime:0.001982s ]
ERR: 无法加载模块:Public

[ 2016-04-06T12:38:35+08:00 ] ::1 /blog/Public/js/skin/layer.css
INFO: [ app_init ] --START--
INFO: Run Behavior\BuildLiteBehavior [ RunTime:0.000297s ]
INFO: [ app_init ] --END-- [ RunTime:0.002626s ]
ERR: 无法加载模块:Public

[ 2016-04-06T12:38:55+08:00 ] ::1 /blog/Public/js/skin/layer.css
INFO: [ app_init ] --START--
INFO: Run Behavior\BuildLiteBehavior [ RunTime:0.000333s ]
INFO: [ app_init ] --END-- [ RunTime:0.003416s ]
ERR: 无法加载模块:Public

[ 2016-04-06T13:40:15+08:00 ] ::1 /blog/Public/js/skin/layer.css
INFO: [ app_init ] --START--
INFO: Run Behavior\BuildLiteBehavior [ RunTime:0.000376s ]
INFO: [ app_init ] --END-- [ RunTime:0.002994s ]
ERR: 无法加载模块:Public

[ 2016-04-06T13:40:33+08:00 ] ::1 /blog/Public/js/skin/layer.css
INFO: [ app_init ] --START--
INFO: Run Behavior\BuildLiteBehavior [ RunTime:0.000197s ]
INFO: [ app_init ] --END-- [ RunTime:0.002017s ]
ERR: 无法加载模块:Public

[ 2016-04-06T15:55:22+08:00 ] ::1 /blog/Public/js/skin/layer.css
INFO: [ app_init ] --START--
INFO: Run Behavior\BuildLiteBehavior [ RunTime:0.000198s ]
INFO: [ app_init ] --END-- [ RunTime:0.002091s ]
ERR: 无法加载模块:Public

[ 2016-04-06T16:02:21+08:00 ] ::1 /blog/Public/js/skin/layer.css
INFO: [ app_init ] --START--
INFO: Run Behavior\BuildLiteBehavior [ RunTime:0.000622s ]
INFO: [ app_init ] --END-- [ RunTime:0.004058s ]
ERR: 无法加载模块:Public

[ 2016-04-06T16:04:41+08:00 ] ::1 /blog/Public/js/skin/layer.css
INFO: [ app_init ] --START--
INFO: Run Behavior\BuildLiteBehavior [ RunTime:0.000356s ]
INFO: [ app_init ] --END-- [ RunTime:0.003184s ]
ERR: 无法加载模块:Public

[ 2016-04-06T16:14:13+08:00 ] ::1 /blog/Public/js/skin/layer.css
INFO: [ app_init ] --START--
INFO: Run Behavior\BuildLiteBehavior [ RunTime:0.000570s ]
INFO: [ app_init ] --END-- [ RunTime:0.004357s ]
ERR: 无法加载模块:Public

[ 2016-04-06T16:18:26+08:00 ] ::1 /blog/Public/js/skin/layer.css
INFO: [ app_init ] --START--
INFO: Run Behavior\BuildLiteBehavior [ RunTime:0.000247s ]
INFO: [ app_init ] --END-- [ RunTime:0.002489s ]
ERR: 无法加载模块:Public

[ 2016-04-06T16:31:40+08:00 ] ::1 /blog/Public/js/skin/layer.css
INFO: [ app_init ] --START--
INFO: Run Behavior\BuildLiteBehavior [ RunTime:0.000290s ]
INFO: [ app_init ] --END-- [ RunTime:0.002767s ]
ERR: 无法加载模块:Public

[ 2016-04-06T17:12:55+08:00 ] ::1 /blog/Public/css/images/bg.jpg
INFO: [ app_init ] --START--
INFO: Run Behavior\BuildLiteBehavior [ RunTime:0.000199s ]
INFO: [ app_init ] --END-- [ RunTime:0.002306s ]
ERR: 无法加载模块:Public

[ 2016-04-06T17:12:58+08:00 ] ::1 /blog/Public/css/images/bg.jpg
INFO: [ app_init ] --START--
INFO: Run Behavior\BuildLiteBehavior [ RunTime:0.000222s ]
INFO: [ app_init ] --END-- [ RunTime:0.001983s ]
ERR: 无法加载模块:Public

[ 2016-04-06T17:14:53+08:00 ] ::1 /blog/Public/css/images/p-bg1.jpg
INFO: [ app_init ] --START--
INFO: Run Behavior\BuildLiteBehavior [ RunTime:0.000364s ]
INFO: [ app_init ] --END-- [ RunTime:0.003250s ]
ERR: 无法加载模块:Public

[ 2016-04-06T17:14:53+08:00 ] ::1 /blog/Public/css/images/icons.png
INFO: [ app_init ] --START--
INFO: Run Behavior\BuildLiteBehavior [ RunTime:0.000366s ]
INFO: [ app_init ] --END-- [ RunTime:0.004380s ]
ERR: 无法加载模块:Public

[ 2016-04-06T17:14:53+08:00 ] ::1 /blog/Public/css/images/bg.jpg
INFO: [ app_init ] --START--
INFO: Run Behavior\BuildLiteBehavior [ RunTime:0.000343s ]
INFO: [ app_init ] --END-- [ RunTime:0.005416s ]
ERR: 无法加载模块:Public

[ 2016-04-06T17:14:53+08:00 ] ::1 /blog/Public/css/images/process-bg.jpg
INFO: [ app_init ] --START--
INFO: Run Behavior\BuildLiteBehavior [ RunTime:0.000349s ]
INFO: [ app_init ] --END-- [ RunTime:0.003335s ]
ERR: 无法加载模块:Public

[ 2016-04-06T17:14:53+08:00 ] ::1 /blog/Public/css/images/top-icons.png
INFO: [ app_init ] --START--
INFO: Run Behavior\BuildLiteBehavior [ RunTime:0.000375s ]
INFO: [ app_init ] --END-- [ RunTime:0.003412s ]
ERR: 无法加载模块:Public

[ 2016-04-06T17:14:53+08:00 ] ::1 /blog/Public/css/images/process-icons.png
INFO: [ app_init ] --START--
INFO: Run Behavior\BuildLiteBehavior [ RunTime:0.000358s ]
INFO: [ app_init ] --END-- [ RunTime:0.003277s ]
ERR: 无法加载模块:Public

[ 2016-04-06T17:14:54+08:00 ] ::1 /blog/Public/css/images/p-bg2.jpg
INFO: [ app_init ] --START--
INFO: Run Behavior\BuildLiteBehavior [ RunTime:0.000333s ]
INFO: [ app_init ] --END-- [ RunTime:0.002944s ]
ERR: 无法加载模块:Public

[ 2016-04-06T17:14:54+08:00 ] ::1 /blog/Public/css/images/p-bg3.jpg
INFO: [ app_init ] --START--
INFO: Run Behavior\BuildLiteBehavior [ RunTime:0.000300s ]
INFO: [ app_init ] --END-- [ RunTime:0.002895s ]
ERR: 无法加载模块:Public

[ 2016-04-06T17:14:54+08:00 ] ::1 /blog/Public/css/images/p-bg4.jpg
INFO: [ app_init ] --START--
INFO: Run Behavior\BuildLiteBehavior [ RunTime:0.000354s ]
INFO: [ app_init ] --END-- [ RunTime:0.003985s ]
ERR: 无法加载模块:Public

[ 2016-04-06T17:14:54+08:00 ] ::1 /blog/Public/css/images/like.png
INFO: [ app_init ] --START--
INFO: Run Behavior\BuildLiteBehavior [ RunTime:0.000368s ]
INFO: [ app_init ] --END-- [ RunTime:0.003119s ]
ERR: 无法加载模块:Public

[ 2016-04-06T17:14:54+08:00 ] ::1 /blog/Public/css/images/comment.png
INFO: [ app_init ] --START--
INFO: Run Behavior\BuildLiteBehavior [ RunTime:0.000253s ]
INFO: [ app_init ] --END-- [ RunTime:0.002353s ]
ERR: 无法加载模块:Public

[ 2016-04-06T17:14:54+08:00 ] ::1 /blog/Public/css/images/map-icons.png
INFO: [ app_init ] --START--
INFO: Run Behavior\BuildLiteBehavior [ RunTime:0.000390s ]
INFO: [ app_init ] --END-- [ RunTime:0.003839s ]
ERR: 无法加载模块:Public

[ 2016-04-06T17:14:54+08:00 ] ::1 /blog/Public/css/images/top-arrow.png
INFO: [ app_init ] --START--
INFO: Run Behavior\BuildLiteBehavior [ RunTime:0.000359s ]
INFO: [ app_init ] --END-- [ RunTime:0.003203s ]
ERR: 无法加载模块:Public

[ 2016-04-06T17:15:10+08:00 ] ::1 /blog/Public/css/images/bg.jpg
INFO: [ app_init ] --START--
INFO: Run Behavior\BuildLiteBehavior [ RunTime:0.000195s ]
INFO: [ app_init ] --END-- [ RunTime:0.001944s ]
ERR: 无法加载模块:Public

[ 2016-04-06T17:15:11+08:00 ] ::1 /blog/Public/css/images/bg.jpg
INFO: [ app_init ] --START--
INFO: Run Behavior\BuildLiteBehavior [ RunTime:0.000362s ]
INFO: [ app_init ] --END-- [ RunTime:0.003302s ]
ERR: 无法加载模块:Public

[ 2016-04-06T17:15:11+08:00 ] ::1 /blog/Public/css/images/bg.jpg
INFO: [ app_init ] --START--
INFO: Run Behavior\BuildLiteBehavior [ RunTime:0.000214s ]
INFO: [ app_init ] --END-- [ RunTime:0.001890s ]
ERR: 无法加载模块:Public

[ 2016-04-06T17:15:15+08:00 ] ::1 /blog/Public/css/images/bg.jpg
INFO: [ app_init ] --START--
INFO: Run Behavior\BuildLiteBehavior [ RunTime:0.000194s ]
INFO: [ app_init ] --END-- [ RunTime:0.001889s ]
ERR: 无法加载模块:Public

[ 2016-04-06T17:15:29+08:00 ] ::1 /blog/Public/css/images/icons.png
INFO: [ app_init ] --START--
INFO: Run Behavior\BuildLiteBehavior [ RunTime:0.000396s ]
INFO: [ app_init ] --END-- [ RunTime:0.003291s ]
ERR: 无法加载模块:Public

[ 2016-04-06T17:15:29+08:00 ] ::1 /blog/Public/css/images/process-icons.png
INFO: [ app_init ] --START--
INFO: Run Behavior\BuildLiteBehavior [ RunTime:0.000413s ]
INFO: [ app_init ] --END-- [ RunTime:0.003556s ]
ERR: 无法加载模块:Public

[ 2016-04-06T17:15:29+08:00 ] ::1 /blog/Public/css/images/p-bg2.jpg
INFO: [ app_init ] --START--
INFO: Run Behavior\BuildLiteBehavior [ RunTime:0.000368s ]
INFO: [ app_init ] --END-- [ RunTime:0.003199s ]
ERR: 无法加载模块:Public

[ 2016-04-06T17:15:29+08:00 ] ::1 /blog/Public/css/images/process-bg.jpg
INFO: [ app_init ] --START--
INFO: Run Behavior\BuildLiteBehavior [ RunTime:0.000426s ]
INFO: [ app_init ] --END-- [ RunTime:0.007325s ]
ERR: 无法加载模块:Public

[ 2016-04-06T17:15:29+08:00 ] ::1 /blog/Public/css/images/top-icons.png
INFO: [ app_init ] --START--
INFO: Run Behavior\BuildLiteBehavior [ RunTime:0.000294s ]
INFO: [ app_init ] --END-- [ RunTime:0.006966s ]
ERR: 无法加载模块:Public

[ 2016-04-06T17:15:29+08:00 ] ::1 /blog/Public/css/images/p-bg1.jpg
INFO: [ app_init ] --START--
INFO: Run Behavior\BuildLiteBehavior [ RunTime:0.000384s ]
INFO: [ app_init ] --END-- [ RunTime:0.002852s ]
ERR: 无法加载模块:Public

[ 2016-04-06T17:15:29+08:00 ] ::1 /blog/Public/css/images/map-icons.png
INFO: [ app_init ] --START--
INFO: Run Behavior\BuildLiteBehavior [ RunTime:0.000302s ]
INFO: [ app_init ] --END-- [ RunTime:0.002571s ]
ERR: 无法加载模块:Public

[ 2016-04-06T17:15:29+08:00 ] ::1 /blog/Public/css/images/p-bg4.jpg
INFO: [ app_init ] --START--
INFO: Run Behavior\BuildLiteBehavior [ RunTime:0.000330s ]
INFO: [ app_init ] --END-- [ RunTime:0.002873s ]
ERR: 无法加载模块:Public

[ 2016-04-06T17:15:29+08:00 ] ::1 /blog/Public/css/images/comment.png
INFO: [ app_init ] --START--
INFO: Run Behavior\BuildLiteBehavior [ RunTime:0.000371s ]
INFO: [ app_init ] --END-- [ RunTime:0.005349s ]
ERR: 无法加载模块:Public

[ 2016-04-06T17:15:29+08:00 ] ::1 /blog/Public/css/images/like.png
INFO: [ app_init ] --START--
INFO: Run Behavior\BuildLiteBehavior [ RunTime:0.000351s ]
INFO: [ app_init ] --END-- [ RunTime:0.003221s ]
ERR: 无法加载模块:Public

[ 2016-04-06T17:15:29+08:00 ] ::1 /blog/Public/css/images/top-arrow.png
INFO: [ app_init ] --START--
INFO: Run Behavior\BuildLiteBehavior [ RunTime:0.000384s ]
INFO: [ app_init ] --END-- [ RunTime:0.003110s ]
ERR: 无法加载模块:Public

[ 2016-04-06T17:15:29+08:00 ] ::1 /blog/Public/css/images/p-bg3.jpg
INFO: [ app_init ] --START--
INFO: Run Behavior\BuildLiteBehavior [ RunTime:0.000319s ]
INFO: [ app_init ] --END-- [ RunTime:0.002334s ]
ERR: 无法加载模块:Public

[ 2016-04-06T17:15:44+08:00 ] ::1 /blog/Public/imagesw/bg.jpg
INFO: [ app_init ] --START--
INFO: Run Behavior\BuildLiteBehavior [ RunTime:0.000374s ]
INFO: [ app_init ] --END-- [ RunTime:0.003809s ]
ERR: 无法加载模块:Public

[ 2016-04-06T17:15:44+08:00 ] ::1 /blog/Public/css/images/top-icons.png
INFO: [ app_init ] --START--
INFO: Run Behavior\BuildLiteBehavior [ RunTime:0.000338s ]
INFO: [ app_init ] --END-- [ RunTime:0.003308s ]
ERR: 无法加载模块:Public

[ 2016-04-06T17:15:44+08:00 ] ::1 /blog/Public/css/images/p-bg1.jpg
INFO: [ app_init ] --START--
INFO: Run Behavior\BuildLiteBehavior [ RunTime:0.000352s ]
INFO: [ app_init ] --END-- [ RunTime:0.003752s ]
ERR: 无法加载模块:Public

[ 2016-04-06T17:15:44+08:00 ] ::1 /blog/Public/css/images/process-icons.png
INFO: [ app_init ] --START--
INFO: Run Behavior\BuildLiteBehavior [ RunTime:0.000364s ]
INFO: [ app_init ] --END-- [ RunTime:0.003335s ]
ERR: 无法加载模块:Public

[ 2016-04-06T17:15:44+08:00 ] ::1 /blog/Public/css/images/icons.png
INFO: [ app_init ] --START--
INFO: Run Behavior\BuildLiteBehavior [ RunTime:0.000333s ]
INFO: [ app_init ] --END-- [ RunTime:0.004326s ]
ERR: 无法加载模块:Public

[ 2016-04-06T17:15:44+08:00 ] ::1 /blog/Public/css/images/process-bg.jpg
INFO: [ app_init ] --START--
INFO: Run Behavior\BuildLiteBehavior [ RunTime:0.000190s ]
INFO: [ app_init ] --END-- [ RunTime:0.001869s ]
ERR: 无法加载模块:Public

[ 2016-04-06T17:15:44+08:00 ] ::1 /blog/Public/css/images/p-bg2.jpg
INFO: [ app_init ] --START--
INFO: Run Behavior\BuildLiteBehavior [ RunTime:0.000199s ]
INFO: [ app_init ] --END-- [ RunTime:0.002094s ]
ERR: 无法加载模块:Public

[ 2016-04-06T17:15:44+08:00 ] ::1 /blog/Public/imageswe/bg.jpg
INFO: [ app_init ] --START--
INFO: Run Behavior\BuildLiteBehavior [ RunTime:0.000355s ]
INFO: [ app_init ] --END-- [ RunTime:0.003063s ]
ERR: 无法加载模块:Public

[ 2016-04-06T17:15:44+08:00 ] ::1 /blog/Public/css/images/map-icons.png
INFO: [ app_init ] --START--
INFO: Run Behavior\BuildLiteBehavior [ RunTime:0.000369s ]
INFO: [ app_init ] --END-- [ RunTime:0.003386s ]
ERR: 无法加载模块:Public

[ 2016-04-06T17:15:44+08:00 ] ::1 /blog/Public/css/images/like.png
INFO: [ app_init ] --START--
INFO: Run Behavior\BuildLiteBehavior [ RunTime:0.000387s ]
INFO: [ app_init ] --END-- [ RunTime:0.003218s ]
ERR: 无法加载模块:Public

[ 2016-04-06T17:15:44+08:00 ] ::1 /blog/Public/imageswel/bg.jpg
INFO: [ app_init ] --START--
INFO: Run Behavior\BuildLiteBehavior [ RunTime:0.000403s ]
INFO: [ app_init ] --END-- [ RunTime:0.003179s ]
ERR: 无法加载模块:Public

[ 2016-04-06T17:15:44+08:00 ] ::1 /blog/Public/css/images/comment.png
INFO: [ app_init ] --START--
INFO: Run Behavior\BuildLiteBehavior [ RunTime:0.000206s ]
INFO: [ app_init ] --END-- [ RunTime:0.002101s ]
ERR: 无法加载模块:Public

[ 2016-04-06T17:15:44+08:00 ] ::1 /blog/Public/css/images/p-bg4.jpg
INFO: [ app_init ] --START--
INFO: Run Behavior\BuildLiteBehavior [ RunTime:0.000283s ]
INFO: [ app_init ] --END-- [ RunTime:0.002669s ]
ERR: 无法加载模块:Public

[ 2016-04-06T17:15:45+08:00 ] ::1 /blog/Public/css/images/p-bg3.jpg
INFO: [ app_init ] --START--
INFO: Run Behavior\BuildLiteBehavior [ RunTime:0.000285s ]
INFO: [ app_init ] --END-- [ RunTime:0.002554s ]
ERR: 无法加载模块:Public

[ 2016-04-06T17:15:45+08:00 ] ::1 /blog/Public/css/images/top-arrow.png
INFO: [ app_init ] --START--
INFO: Run Behavior\BuildLiteBehavior [ RunTime:0.000289s ]
INFO: [ app_init ] --END-- [ RunTime:0.002800s ]
ERR: 无法加载模块:Public

[ 2016-04-06T17:15:45+08:00 ] ::1 /blog/Public/imageswelc/bg.jpg
INFO: [ app_init ] --START--
INFO: Run Behavior\BuildLiteBehavior [ RunTime:0.000344s ]
INFO: [ app_init ] --END-- [ RunTime:0.002829s ]
ERR: 无法加载模块:Public

[ 2016-04-06T17:15:45+08:00 ] ::1 /blog/Public/css/images/icons.png
INFO: [ app_init ] --START--
INFO: Run Behavior\BuildLiteBehavior [ RunTime:0.000305s ]
INFO: [ app_init ] --END-- [ RunTime:0.002728s ]
ERR: 无法加载模块:Public

[ 2016-04-06T17:15:45+08:00 ] ::1 /blog/Public/css/images/top-icons.png
INFO: [ app_init ] --START--
INFO: Run Behavior\BuildLiteBehavior [ RunTime:0.000210s ]
INFO: [ app_init ] --END-- [ RunTime:0.003289s ]
ERR: 无法加载模块:Public

[ 2016-04-06T17:15:45+08:00 ] ::1 /blog/Public/css/images/process-bg.jpg
INFO: [ app_init ] --START--
INFO: Run Behavior\BuildLiteBehavior [ RunTime:0.000369s ]
INFO: [ app_init ] --END-- [ RunTime:0.003280s ]
ERR: 无法加载模块:Public

[ 2016-04-06T17:15:45+08:00 ] ::1 /blog/Public/css/images/like.png
INFO: [ app_init ] --START--
INFO: Run Behavior\BuildLiteBehavior [ RunTime:0.000293s ]
INFO: [ app_init ] --END-- [ RunTime:0.002945s ]
ERR: 无法加载模块:Public

[ 2016-04-06T17:15:45+08:00 ] ::1 /blog/Public/css/images/comment.png
INFO: [ app_init ] --START--
INFO: Run Behavior\BuildLiteBehavior [ RunTime:0.000328s ]
INFO: [ app_init ] --END-- [ RunTime:0.002543s ]
ERR: 无法加载模块:Public

[ 2016-04-06T17:15:45+08:00 ] ::1 /blog/Public/imageswelco/bg.jpg
INFO: [ app_init ] --START--
INFO: Run Behavior\BuildLiteBehavior [ RunTime:0.000298s ]
INFO: [ app_init ] --END-- [ RunTime:0.004652s ]
ERR: 无法加载模块:Public

[ 2016-04-06T17:15:45+08:00 ] ::1 /blog/Public/css/images/map-icons.png
INFO: [ app_init ] --START--
INFO: Run Behavior\BuildLiteBehavior [ RunTime:0.000355s ]
INFO: [ app_init ] --END-- [ RunTime:0.009321s ]
ERR: 无法加载模块:Public

[ 2016-04-06T17:15:45+08:00 ] ::1 /blog/Public/imageswelcom/bg.jpg
INFO: [ app_init ] --START--
INFO: Run Behavior\BuildLiteBehavior [ RunTime:0.000346s ]
INFO: [ app_init ] --END-- [ RunTime:0.003367s ]
ERR: 无法加载模块:Public

[ 2016-04-06T17:15:45+08:00 ] ::1 /blog/Public/css/images/p-bg3.jpg
INFO: [ app_init ] --START--
INFO: Run Behavior\BuildLiteBehavior [ RunTime:0.000248s ]
INFO: [ app_init ] --END-- [ RunTime:0.002422s ]
ERR: 无法加载模块:Public

[ 2016-04-06T17:15:45+08:00 ] ::1 /blog/Public/css/images/top-arrow.png
INFO: [ app_init ] --START--
INFO: Run Behavior\BuildLiteBehavior [ RunTime:0.000317s ]
INFO: [ app_init ] --END-- [ RunTime:0.002822s ]
ERR: 无法加载模块:Public

[ 2016-04-06T17:15:45+08:00 ] ::1 /blog/Public/imageswelcome/bg.jpg
INFO: [ app_init ] --START--
INFO: Run Behavior\BuildLiteBehavior [ RunTime:0.000359s ]
INFO: [ app_init ] --END-- [ RunTime:0.003332s ]
ERR: 无法加载模块:Public

[ 2016-04-06T17:15:45+08:00 ] ::1 /blog/Public/css/images/process-icons.png
INFO: [ app_init ] --START--
INFO: Run Behavior\BuildLiteBehavior [ RunTime:0.000321s ]
INFO: [ app_init ] --END-- [ RunTime:0.002907s ]
ERR: 无法加载模块:Public

[ 2016-04-06T17:15:46+08:00 ] ::1 /blog/Public/css/images/p-bg1.jpg
INFO: [ app_init ] --START--
INFO: Run Behavior\BuildLiteBehavior [ RunTime:0.000293s ]
INFO: [ app_init ] --END-- [ RunTime:0.002837s ]
ERR: 无法加载模块:Public

[ 2016-04-06T17:15:46+08:00 ] ::1 /blog/Public/css/images/p-bg2.jpg
INFO: [ app_init ] --START--
INFO: Run Behavior\BuildLiteBehavior [ RunTime:0.000384s ]
INFO: [ app_init ] --END-- [ RunTime:0.003168s ]
ERR: 无法加载模块:Public

[ 2016-04-06T17:15:46+08:00 ] ::1 /blog/Public/css/images/p-bg4.jpg
INFO: [ app_init ] --START--
INFO: Run Behavior\BuildLiteBehavior [ RunTime:0.000233s ]
INFO: [ app_init ] --END-- [ RunTime:0.001916s ]
ERR: 无法加载模块:Public

[ 2016-04-06T17:15:49+08:00 ] ::1 /blog/Public/css/images/icons.png
INFO: [ app_init ] --START--
INFO: Run Behavior\BuildLiteBehavior [ RunTime:0.000372s ]
INFO: [ app_init ] --END-- [ RunTime:0.003091s ]
ERR: 无法加载模块:Public

[ 2016-04-06T17:15:49+08:00 ] ::1 /blog/Public/css/images/process-bg.jpg
INFO: [ app_init ] --START--
INFO: Run Behavior\BuildLiteBehavior [ RunTime:0.000359s ]
INFO: [ app_init ] --END-- [ RunTime:0.003141s ]
ERR: 无法加载模块:Public

[ 2016-04-06T17:15:49+08:00 ] ::1 /blog/Public/css/images/process-icons.png
INFO: [ app_init ] --START--
INFO: Run Behavior\BuildLiteBehavior [ RunTime:0.000365s ]
INFO: [ app_init ] --END-- [ RunTime:0.006004s ]
ERR: 无法加载模块:Public

[ 2016-04-06T17:15:49+08:00 ] ::1 /blog/Public/css/images/top-icons.png
INFO: [ app_init ] --START--
INFO: Run Behavior\BuildLiteBehavior [ RunTime:0.000363s ]
INFO: [ app_init ] --END-- [ RunTime:0.003047s ]
ERR: 无法加载模块:Public

[ 2016-04-06T17:15:49+08:00 ] ::1 /blog/Public/css/images/p-bg1.jpg
INFO: [ app_init ] --START--
INFO: Run Behavior\BuildLiteBehavior [ RunTime:0.000361s ]
INFO: [ app_init ] --END-- [ RunTime:0.005813s ]
ERR: 无法加载模块:Public

[ 2016-04-06T17:15:49+08:00 ] ::1 /blog/Public/css/images/p-bg2.jpg
INFO: [ app_init ] --START--
INFO: Run Behavior\BuildLiteBehavior [ RunTime:0.000297s ]
INFO: [ app_init ] --END-- [ RunTime:0.002967s ]
ERR: 无法加载模块:Public

[ 2016-04-06T17:15:50+08:00 ] ::1 /blog/Public/css/images/p-bg3.jpg
INFO: [ app_init ] --START--
INFO: Run Behavior\BuildLiteBehavior [ RunTime:0.000335s ]
INFO: [ app_init ] --END-- [ RunTime:0.003174s ]
ERR: 无法加载模块:Public

[ 2016-04-06T17:15:50+08:00 ] ::1 /blog/Public/css/images/p-bg4.jpg
INFO: [ app_init ] --START--
INFO: Run Behavior\BuildLiteBehavior [ RunTime:0.000373s ]
INFO: [ app_init ] --END-- [ RunTime:0.012861s ]
ERR: 无法加载模块:Public

[ 2016-04-06T17:15:50+08:00 ] ::1 /blog/Public/css/images/like.png
INFO: [ app_init ] --START--
INFO: Run Behavior\BuildLiteBehavior [ RunTime:0.000384s ]
INFO: [ app_init ] --END-- [ RunTime:0.003294s ]
ERR: 无法加载模块:Public

[ 2016-04-06T17:15:50+08:00 ] ::1 /blog/Public/css/images/comment.png
INFO: [ app_init ] --START--
INFO: Run Behavior\BuildLiteBehavior [ RunTime:0.000414s ]
INFO: [ app_init ] --END-- [ RunTime:0.003069s ]
ERR: 无法加载模块:Public

[ 2016-04-06T17:15:50+08:00 ] ::1 /blog/Public/css/images/top-arrow.png
INFO: [ app_init ] --START--
INFO: Run Behavior\BuildLiteBehavior [ RunTime:0.000423s ]
INFO: [ app_init ] --END-- [ RunTime:0.003179s ]
ERR: 无法加载模块:Public

[ 2016-04-06T17:15:50+08:00 ] ::1 /blog/Public/css/images/map-icons.png
INFO: [ app_init ] --START--
INFO: Run Behavior\BuildLiteBehavior [ RunTime:0.000320s ]
INFO: [ app_init ] --END-- [ RunTime:0.002293s ]
ERR: 无法加载模块:Public

[ 2016-04-06T17:15:54+08:00 ] ::1 /blog/Public/css/images/top-icons.png
INFO: [ app_init ] --START--
INFO: Run Behavior\BuildLiteBehavior [ RunTime:0.000385s ]
INFO: [ app_init ] --END-- [ RunTime:0.003409s ]
ERR: 无法加载模块:Public

[ 2016-04-06T17:15:54+08:00 ] ::1 /blog/Public/css/images/p-bg1.jpg
INFO: [ app_init ] --START--
INFO: Run Behavior\BuildLiteBehavior [ RunTime:0.000338s ]
INFO: [ app_init ] --END-- [ RunTime:0.003132s ]
ERR: 无法加载模块:Public

[ 2016-04-06T17:15:54+08:00 ] ::1 /blog/Public/css/images/process-icons.png
INFO: [ app_init ] --START--
INFO: Run Behavior\BuildLiteBehavior [ RunTime:0.000354s ]
INFO: [ app_init ] --END-- [ RunTime:0.005281s ]
ERR: 无法加载模块:Public

[ 2016-04-06T17:15:54+08:00 ] ::1 /blog/Public/css/images/icons.png
INFO: [ app_init ] --START--
INFO: Run Behavior\BuildLiteBehavior [ RunTime:0.000390s ]
INFO: [ app_init ] --END-- [ RunTime:0.009640s ]
ERR: 无法加载模块:Public

[ 2016-04-06T17:15:54+08:00 ] ::1 /blog/Public/css/images/process-bg.jpg
INFO: [ app_init ] --START--
INFO: Run Behavior\BuildLiteBehavior [ RunTime:0.000381s ]
INFO: [ app_init ] --END-- [ RunTime:0.002980s ]
ERR: 无法加载模块:Public

[ 2016-04-06T17:15:54+08:00 ] ::1 /blog/Public/css/images/p-bg2.jpg
INFO: [ app_init ] --START--
INFO: Run Behavior\BuildLiteBehavior [ RunTime:0.000360s ]
INFO: [ app_init ] --END-- [ RunTime:0.003282s ]
ERR: 无法加载模块:Public

[ 2016-04-06T17:15:55+08:00 ] ::1 /blog/Public/css/images/p-bg3.jpg
INFO: [ app_init ] --START--
INFO: Run Behavior\BuildLiteBehavior [ RunTime:0.000411s ]
INFO: [ app_init ] --END-- [ RunTime:0.003468s ]
ERR: 无法加载模块:Public

[ 2016-04-06T17:15:55+08:00 ] ::1 /blog/Public/css/images/p-bg4.jpg
INFO: [ app_init ] --START--
INFO: Run Behavior\BuildLiteBehavior [ RunTime:0.000387s ]
INFO: [ app_init ] --END-- [ RunTime:0.003088s ]
ERR: 无法加载模块:Public

[ 2016-04-06T17:15:55+08:00 ] ::1 /blog/Public/css/images/like.png
INFO: [ app_init ] --START--
INFO: Run Behavior\BuildLiteBehavior [ RunTime:0.000347s ]
INFO: [ app_init ] --END-- [ RunTime:0.004950s ]
ERR: 无法加载模块:Public

[ 2016-04-06T17:15:55+08:00 ] ::1 /blog/Public/css/images/top-arrow.png
INFO: [ app_init ] --START--
INFO: Run Behavior\BuildLiteBehavior [ RunTime:0.000374s ]
INFO: [ app_init ] --END-- [ RunTime:0.003324s ]
ERR: 无法加载模块:Public

[ 2016-04-06T17:15:55+08:00 ] ::1 /blog/Public/css/images/map-icons.png
INFO: [ app_init ] --START--
INFO: Run Behavior\BuildLiteBehavior [ RunTime:0.000354s ]
INFO: [ app_init ] --END-- [ RunTime:0.007039s ]
ERR: 无法加载模块:Public

[ 2016-04-06T17:15:55+08:00 ] ::1 /blog/Public/css/images/comment.png
INFO: [ app_init ] --START--
INFO: Run Behavior\BuildLiteBehavior [ RunTime:0.000355s ]
INFO: [ app_init ] --END-- [ RunTime:0.002994s ]
ERR: 无法加载模块:Public

[ 2016-04-06T17:17:32+08:00 ] ::1 /blog/Public/css/images/p-bg1.jpg
INFO: [ app_init ] --START--
INFO: Run Behavior\BuildLiteBehavior [ RunTime:0.000300s ]
INFO: [ app_init ] --END-- [ RunTime:0.002724s ]
ERR: 无法加载模块:Public

[ 2016-04-06T17:17:32+08:00 ] ::1 /blog/Public/css/images/process-icons.png
INFO: [ app_init ] --START--
INFO: Run Behavior\BuildLiteBehavior [ RunTime:0.000344s ]
INFO: [ app_init ] --END-- [ RunTime:0.003098s ]
ERR: 无法加载模块:Public

[ 2016-04-06T17:17:32+08:00 ] ::1 /blog/Public/css/images/p-bg3.jpg
INFO: [ app_init ] --START--
INFO: Run Behavior\BuildLiteBehavior [ RunTime:0.000685s ]
INFO: [ app_init ] --END-- [ RunTime:0.004190s ]
ERR: 无法加载模块:Public

[ 2016-04-06T17:17:32+08:00 ] ::1 /blog/Public/css/images/p-bg2.jpg
INFO: [ app_init ] --START--
INFO: Run Behavior\BuildLiteBehavior [ RunTime:0.000747s ]
INFO: [ app_init ] --END-- [ RunTime:0.003958s ]
ERR: 无法加载模块:Public

[ 2016-04-06T17:17:32+08:00 ] ::1 /blog/Public/css/images/bg.jpg
INFO: [ app_init ] --START--
INFO: Run Behavior\BuildLiteBehavior [ RunTime:0.000439s ]
INFO: [ app_init ] --END-- [ RunTime:0.003561s ]
ERR: 无法加载模块:Public

[ 2016-04-06T17:17:32+08:00 ] ::1 /blog/Public/css/images/icons.png
INFO: [ app_init ] --START--
INFO: Run Behavior\BuildLiteBehavior [ RunTime:0.000637s ]
INFO: [ app_init ] --END-- [ RunTime:0.007222s ]
ERR: 无法加载模块:Public

[ 2016-04-06T17:17:32+08:00 ] ::1 /blog/Public/css/images/process-bg.jpg
INFO: [ app_init ] --START--
INFO: Run Behavior\BuildLiteBehavior [ RunTime:0.000341s ]
INFO: [ app_init ] --END-- [ RunTime:0.004790s ]
ERR: 无法加载模块:Public

[ 2016-04-06T17:17:32+08:00 ] ::1 /blog/Public/css/images/p-bg4.jpg
INFO: [ app_init ] --START--
INFO: Run Behavior\BuildLiteBehavior [ RunTime:0.000287s ]
INFO: [ app_init ] --END-- [ RunTime:0.002790s ]
ERR: 无法加载模块:Public

[ 2016-04-06T17:17:32+08:00 ] ::1 /blog/Public/css/images/like.png
INFO: [ app_init ] --START--
INFO: Run Behavior\BuildLiteBehavior [ RunTime:0.000293s ]
INFO: [ app_init ] --END-- [ RunTime:0.002574s ]
ERR: 无法加载模块:Public

[ 2016-04-06T17:17:32+08:00 ] ::1 /blog/Public/css/images/comment.png
INFO: [ app_init ] --START--
INFO: Run Behavior\BuildLiteBehavior [ RunTime:0.000346s ]
INFO: [ app_init ] --END-- [ RunTime:0.003012s ]
ERR: 无法加载模块:Public

[ 2016-04-06T17:17:32+08:00 ] ::1 /blog/Public/css/images/map-icons.png
INFO: [ app_init ] --START--
INFO: Run Behavior\BuildLiteBehavior [ RunTime:0.000208s ]
INFO: [ app_init ] --END-- [ RunTime:0.002159s ]
ERR: 无法加载模块:Public

[ 2016-04-06T17:17:32+08:00 ] ::1 /blog/Public/css/images/top-arrow.png
INFO: [ app_init ] --START--
INFO: Run Behavior\BuildLiteBehavior [ RunTime:0.000207s ]
INFO: [ app_init ] --END-- [ RunTime:0.002293s ]
ERR: 无法加载模块:Public

[ 2016-04-06T17:17:47+08:00 ] ::1 /blog/Public/css/images/top-icons.png
INFO: [ app_init ] --START--
INFO: Run Behavior\BuildLiteBehavior [ RunTime:0.000349s ]
INFO: [ app_init ] --END-- [ RunTime:0.003255s ]
ERR: 无法加载模块:Public

[ 2016-04-06T17:17:47+08:00 ] ::1 /blog/Public/css/images/process-bg.jpg
INFO: [ app_init ] --START--
INFO: Run Behavior\BuildLiteBehavior [ RunTime:0.000347s ]
INFO: [ app_init ] --END-- [ RunTime:0.003373s ]
ERR: 无法加载模块:Public

[ 2016-04-06T17:17:47+08:00 ] ::1 /blog/Public/css/images/icons.png
INFO: [ app_init ] --START--
INFO: Run Behavior\BuildLiteBehavior [ RunTime:0.000349s ]
INFO: [ app_init ] --END-- [ RunTime:0.003747s ]
ERR: 无法加载模块:Public

[ 2016-04-06T17:17:47+08:00 ] ::1 /blog/Public/css/images/bg.jpg
INFO: [ app_init ] --START--
INFO: Run Behavior\BuildLiteBehavior [ RunTime:0.000292s ]
INFO: [ app_init ] --END-- [ RunTime:0.003018s ]
ERR: 无法加载模块:Public

[ 2016-04-06T17:17:47+08:00 ] ::1 /blog/Public/css/images/p-bg1.jpg
INFO: [ app_init ] --START--
INFO: Run Behavior\BuildLiteBehavior [ RunTime:0.000358s ]
INFO: [ app_init ] --END-- [ RunTime:0.003229s ]
ERR: 无法加载模块:Public

[ 2016-04-06T17:17:47+08:00 ] ::1 /blog/Public/css/images/process-icons.png
INFO: [ app_init ] --START--
INFO: Run Behavior\BuildLiteBehavior [ RunTime:0.000293s ]
INFO: [ app_init ] --END-- [ RunTime:0.002958s ]
ERR: 无法加载模块:Public

[ 2016-04-06T17:17:47+08:00 ] ::1 /blog/Public/css/images/p-bg2.jpg
INFO: [ app_init ] --START--
INFO: Run Behavior\BuildLiteBehavior [ RunTime:0.000197s ]
INFO: [ app_init ] --END-- [ RunTime:0.002111s ]
ERR: 无法加载模块:Public

[ 2016-04-06T17:17:47+08:00 ] ::1 /blog/Public/css/images/p-bg3.jpg
INFO: [ app_init ] --START--
INFO: Run Behavior\BuildLiteBehavior [ RunTime:0.000369s ]
INFO: [ app_init ] --END-- [ RunTime:0.005268s ]
ERR: 无法加载模块:Public

[ 2016-04-06T17:17:47+08:00 ] ::1 /blog/Public/css/images/p-bg4.jpg
INFO: [ app_init ] --START--
INFO: Run Behavior\BuildLiteBehavior [ RunTime:0.000572s ]
INFO: [ app_init ] --END-- [ RunTime:0.003834s ]
ERR: 无法加载模块:Public

[ 2016-04-06T17:17:47+08:00 ] ::1 /blog/Public/css/images/like.png
INFO: [ app_init ] --START--
INFO: Run Behavior\BuildLiteBehavior [ RunTime:0.000356s ]
INFO: [ app_init ] --END-- [ RunTime:0.003253s ]
ERR: 无法加载模块:Public

[ 2016-04-06T17:17:47+08:00 ] ::1 /blog/Public/css/images/comment.png
INFO: [ app_init ] --START--
INFO: Run Behavior\BuildLiteBehavior [ RunTime:0.000209s ]
INFO: [ app_init ] --END-- [ RunTime:0.002366s ]
ERR: 无法加载模块:Public

[ 2016-04-06T17:17:48+08:00 ] ::1 /blog/Public/css/images/map-icons.png
INFO: [ app_init ] --START--
INFO: Run Behavior\BuildLiteBehavior [ RunTime:0.000288s ]
INFO: [ app_init ] --END-- [ RunTime:0.002638s ]
ERR: 无法加载模块:Public

[ 2016-04-06T17:17:48+08:00 ] ::1 /blog/Public/css/images/top-arrow.png
INFO: [ app_init ] --START--
INFO: Run Behavior\BuildLiteBehavior [ RunTime:0.000220s ]
INFO: [ app_init ] --END-- [ RunTime:0.002056s ]
ERR: 无法加载模块:Public

[ 2016-04-06T17:18:11+08:00 ] ::1 /blog/Public/css/images/icons.png
INFO: [ app_init ] --START--
INFO: Run Behavior\BuildLiteBehavior [ RunTime:0.000410s ]
INFO: [ app_init ] --END-- [ RunTime:0.003416s ]
ERR: 无法加载模块:Public

[ 2016-04-06T17:18:12+08:00 ] ::1 /blog/Public/css/images/process-bg.jpg
INFO: [ app_init ] --START--
INFO: Run Behavior\BuildLiteBehavior [ RunTime:0.000354s ]
INFO: [ app_init ] --END-- [ RunTime:0.004561s ]
ERR: 无法加载模块:Public

[ 2016-04-06T17:18:12+08:00 ] ::1 /blog/Public/css/images/top-icons.png
INFO: [ app_init ] --START--
INFO: Run Behavior\BuildLiteBehavior [ RunTime:0.000353s ]
INFO: [ app_init ] --END-- [ RunTime:0.006486s ]
ERR: 无法加载模块:Public

[ 2016-04-06T17:18:12+08:00 ] ::1 /blog/Public/css/images/bg.jpg
INFO: [ app_init ] --START--
INFO: Run Behavior\BuildLiteBehavior [ RunTime:0.000374s ]
INFO: [ app_init ] --END-- [ RunTime:0.008576s ]
ERR: 无法加载模块:Public

[ 2016-04-06T17:18:12+08:00 ] ::1 /blog/Public/css/images/p-bg1.jpg
INFO: [ app_init ] --START--
INFO: Run Behavior\BuildLiteBehavior [ RunTime:0.000254s ]
INFO: [ app_init ] --END-- [ RunTime:0.001951s ]
ERR: 无法加载模块:Public

[ 2016-04-06T17:18:12+08:00 ] ::1 /blog/Public/css/images/process-icons.png
INFO: [ app_init ] --START--
INFO: Run Behavior\BuildLiteBehavior [ RunTime:0.000372s ]
INFO: [ app_init ] --END-- [ RunTime:0.003124s ]
ERR: 无法加载模块:Public

[ 2016-04-06T17:18:12+08:00 ] ::1 /blog/Public/css/images/p-bg2.jpg
INFO: [ app_init ] --START--
INFO: Run Behavior\BuildLiteBehavior [ RunTime:0.000233s ]
INFO: [ app_init ] --END-- [ RunTime:0.002240s ]
ERR: 无法加载模块:Public

[ 2016-04-06T17:18:12+08:00 ] ::1 /blog/Public/css/images/p-bg4.jpg
INFO: [ app_init ] --START--
INFO: Run Behavior\BuildLiteBehavior [ RunTime:0.000293s ]
INFO: [ app_init ] --END-- [ RunTime:0.002725s ]
ERR: 无法加载模块:Public

[ 2016-04-06T17:18:12+08:00 ] ::1 /blog/Public/css/images/like.png
INFO: [ app_init ] --START--
INFO: Run Behavior\BuildLiteBehavior [ RunTime:0.000350s ]
INFO: [ app_init ] --END-- [ RunTime:0.003094s ]
ERR: 无法加载模块:Public

[ 2016-04-06T17:18:12+08:00 ] ::1 /blog/Public/css/images/p-bg3.jpg
INFO: [ app_init ] --START--
INFO: Run Behavior\BuildLiteBehavior [ RunTime:0.000353s ]
INFO: [ app_init ] --END-- [ RunTime:0.005183s ]
ERR: 无法加载模块:Public

[ 2016-04-06T17:18:12+08:00 ] ::1 /blog/Public/css/images/comment.png
INFO: [ app_init ] --START--
INFO: Run Behavior\BuildLiteBehavior [ RunTime:0.000353s ]
INFO: [ app_init ] --END-- [ RunTime:0.002952s ]
ERR: 无法加载模块:Public

[ 2016-04-06T17:18:12+08:00 ] ::1 /blog/Public/css/images/map-icons.png
INFO: [ app_init ] --START--
INFO: Run Behavior\BuildLiteBehavior [ RunTime:0.000195s ]
INFO: [ app_init ] --END-- [ RunTime:0.001911s ]
ERR: 无法加载模块:Public

[ 2016-04-06T17:18:12+08:00 ] ::1 /blog/Public/css/images/top-arrow.png
INFO: [ app_init ] --START--
INFO: Run Behavior\BuildLiteBehavior [ RunTime:0.000290s ]
INFO: [ app_init ] --END-- [ RunTime:0.002495s ]
ERR: 无法加载模块:Public

[ 2016-04-06T17:18:22+08:00 ] ::1 /blog/Public/css/images/bg.jpg
INFO: [ app_init ] --START--
INFO: Run Behavior\BuildLiteBehavior [ RunTime:0.000194s ]
INFO: [ app_init ] --END-- [ RunTime:0.002093s ]
ERR: 无法加载模块:Public

[ 2016-04-06T17:18:49+08:00 ] ::1 /blog/Public/css/images/icons.png
INFO: [ app_init ] --START--
INFO: Run Behavior\BuildLiteBehavior [ RunTime:0.000397s ]
INFO: [ app_init ] --END-- [ RunTime:0.003182s ]
ERR: 无法加载模块:Public

[ 2016-04-06T17:18:49+08:00 ] ::1 /blog/Public/css/images/top-icons.png
INFO: [ app_init ] --START--
INFO: Run Behavior\BuildLiteBehavior [ RunTime:0.000628s ]
INFO: [ app_init ] --END-- [ RunTime:0.004521s ]
ERR: 无法加载模块:Public

[ 2016-04-06T17:18:49+08:00 ] ::1 /blog/Public/css/images/bg.jpg
INFO: [ app_init ] --START--
INFO: Run Behavior\BuildLiteBehavior [ RunTime:0.000360s ]
INFO: [ app_init ] --END-- [ RunTime:0.003823s ]
ERR: 无法加载模块:Public

[ 2016-04-06T17:18:49+08:00 ] ::1 /blog/Public/css/images/process-bg.jpg
INFO: [ app_init ] --START--
INFO: Run Behavior\BuildLiteBehavior [ RunTime:0.000296s ]
INFO: [ app_init ] --END-- [ RunTime:0.002888s ]
ERR: 无法加载模块:Public

[ 2016-04-06T17:18:49+08:00 ] ::1 /blog/Public/css/images/p-bg1.jpg
INFO: [ app_init ] --START--
INFO: Run Behavior\BuildLiteBehavior [ RunTime:0.000307s ]
INFO: [ app_init ] --END-- [ RunTime:0.003090s ]
ERR: 无法加载模块:Public

[ 2016-04-06T17:18:49+08:00 ] ::1 /blog/Public/css/images/process-icons.png
INFO: [ app_init ] --START--
INFO: Run Behavior\BuildLiteBehavior [ RunTime:0.000397s ]
INFO: [ app_init ] --END-- [ RunTime:0.004252s ]
ERR: 无法加载模块:Public

[ 2016-04-06T17:18:49+08:00 ] ::1 /blog/Public/css/images/p-bg2.jpg
INFO: [ app_init ] --START--
INFO: Run Behavior\BuildLiteBehavior [ RunTime:0.000363s ]
INFO: [ app_init ] --END-- [ RunTime:0.002757s ]
ERR: 无法加载模块:Public

[ 2016-04-06T17:18:49+08:00 ] ::1 /blog/Public/css/images/p-bg3.jpg
INFO: [ app_init ] --START--
INFO: Run Behavior\BuildLiteBehavior [ RunTime:0.000406s ]
INFO: [ app_init ] --END-- [ RunTime:0.003104s ]
ERR: 无法加载模块:Public

[ 2016-04-06T17:18:49+08:00 ] ::1 /blog/Public/css/images/like.png
INFO: [ app_init ] --START--
INFO: Run Behavior\BuildLiteBehavior [ RunTime:0.000303s ]
INFO: [ app_init ] --END-- [ RunTime:0.002904s ]
ERR: 无法加载模块:Public

[ 2016-04-06T17:18:49+08:00 ] ::1 /blog/Public/css/images/p-bg4.jpg
INFO: [ app_init ] --START--
INFO: Run Behavior\BuildLiteBehavior [ RunTime:0.000295s ]
INFO: [ app_init ] --END-- [ RunTime:0.005468s ]
ERR: 无法加载模块:Public

[ 2016-04-06T17:18:49+08:00 ] ::1 /blog/Public/css/images/comment.png
INFO: [ app_init ] --START--
INFO: Run Behavior\BuildLiteBehavior [ RunTime:0.000338s ]
INFO: [ app_init ] --END-- [ RunTime:0.002915s ]
ERR: 无法加载模块:Public

[ 2016-04-06T17:18:49+08:00 ] ::1 /blog/Public/css/images/map-icons.png
INFO: [ app_init ] --START--
INFO: Run Behavior\BuildLiteBehavior [ RunTime:0.000292s ]
INFO: [ app_init ] --END-- [ RunTime:0.002762s ]
ERR: 无法加载模块:Public

[ 2016-04-06T17:18:49+08:00 ] ::1 /blog/Public/css/images/top-arrow.png
INFO: [ app_init ] --START--
INFO: Run Behavior\BuildLiteBehavior [ RunTime:0.000209s ]
INFO: [ app_init ] --END-- [ RunTime:0.001820s ]
ERR: 无法加载模块:Public

[ 2016-04-06T17:19:00+08:00 ] ::1 /blog/Public/css/images/bg.jpg
INFO: [ app_init ] --START--
INFO: Run Behavior\BuildLiteBehavior [ RunTime:0.000195s ]
INFO: [ app_init ] --END-- [ RunTime:0.001881s ]
ERR: 无法加载模块:Public

[ 2016-04-06T17:19:05+08:00 ] ::1 /blog/Public/css/.images/bg.jpg
INFO: [ app_init ] --START--
INFO: Run Behavior\BuildLiteBehavior [ RunTime:0.000346s ]
INFO: [ app_init ] --END-- [ RunTime:0.019783s ]
ERR: 无法加载模块:Public

[ 2016-04-06T17:19:05+08:00 ] ::1 /blog/Public/css/images/top-icons.png
INFO: [ app_init ] --START--
INFO: Run Behavior\BuildLiteBehavior [ RunTime:0.000349s ]
INFO: [ app_init ] --END-- [ RunTime:0.005278s ]
ERR: 无法加载模块:Public

[ 2016-04-06T17:19:05+08:00 ] ::1 /blog/Public/css/images/process-bg.jpg
INFO: [ app_init ] --START--
INFO: Run Behavior\BuildLiteBehavior [ RunTime:0.000466s ]
INFO: [ app_init ] --END-- [ RunTime:0.007171s ]
ERR: 无法加载模块:Public

[ 2016-04-06T17:19:05+08:00 ] ::1 /blog/Public/css/images/icons.png
INFO: [ app_init ] --START--
INFO: Run Behavior\BuildLiteBehavior [ RunTime:0.000359s ]
INFO: [ app_init ] --END-- [ RunTime:0.003972s ]
ERR: 无法加载模块:Public

[ 2016-04-06T17:19:05+08:00 ] ::1 /blog/Public/css/images/process-icons.png
INFO: [ app_init ] --START--
INFO: Run Behavior\BuildLiteBehavior [ RunTime:0.000367s ]
INFO: [ app_init ] --END-- [ RunTime:0.004705s ]
ERR: 无法加载模块:Public

[ 2016-04-06T17:19:05+08:00 ] ::1 /blog/Public/css/images/p-bg1.jpg
INFO: [ app_init ] --START--
INFO: Run Behavior\BuildLiteBehavior [ RunTime:0.000363s ]
INFO: [ app_init ] --END-- [ RunTime:0.003471s ]
ERR: 无法加载模块:Public

[ 2016-04-06T17:19:05+08:00 ] ::1 /blog/Public/css/images/p-bg2.jpg
INFO: [ app_init ] --START--
INFO: Run Behavior\BuildLiteBehavior [ RunTime:0.000322s ]
INFO: [ app_init ] --END-- [ RunTime:0.003973s ]
ERR: 无法加载模块:Public

[ 2016-04-06T17:19:05+08:00 ] ::1 /blog/Public/css/..images/bg.jpg
INFO: [ app_init ] --START--
INFO: Run Behavior\BuildLiteBehavior [ RunTime:0.000357s ]
INFO: [ app_init ] --END-- [ RunTime:0.003118s ]
ERR: 无法加载模块:Public

[ 2016-04-06T17:19:05+08:00 ] ::1 /blog/Public/css/images/map-icons.png
INFO: [ app_init ] --START--
INFO: Run Behavior\BuildLiteBehavior [ RunTime:0.000371s ]
INFO: [ app_init ] --END-- [ RunTime:0.003287s ]
ERR: 无法加载模块:Public

[ 2016-04-06T17:19:05+08:00 ] ::1 /blog/Public/css/images/like.png
INFO: [ app_init ] --START--
INFO: Run Behavior\BuildLiteBehavior [ RunTime:0.000368s ]
INFO: [ app_init ] --END-- [ RunTime:0.003358s ]
ERR: 无法加载模块:Public

[ 2016-04-06T17:19:05+08:00 ] ::1 /blog/Public/css/images/comment.png
INFO: [ app_init ] --START--
INFO: Run Behavior\BuildLiteBehavior [ RunTime:0.000393s ]
INFO: [ app_init ] --END-- [ RunTime:0.003348s ]
ERR: 无法加载模块:Public

[ 2016-04-06T17:19:05+08:00 ] ::1 /blog/Public/css/images/p-bg4.jpg
INFO: [ app_init ] --START--
INFO: Run Behavior\BuildLiteBehavior [ RunTime:0.000195s ]
INFO: [ app_init ] --END-- [ RunTime:0.001798s ]
ERR: 无法加载模块:Public

[ 2016-04-06T17:19:06+08:00 ] ::1 /blog/Public/css/images/p-bg3.jpg
INFO: [ app_init ] --START--
INFO: Run Behavior\BuildLiteBehavior [ RunTime:0.000298s ]
INFO: [ app_init ] --END-- [ RunTime:0.003105s ]
ERR: 无法加载模块:Public

[ 2016-04-06T17:19:06+08:00 ] ::1 /blog/Public/css/images/top-arrow.png
INFO: [ app_init ] --START--
INFO: Run Behavior\BuildLiteBehavior [ RunTime:0.000349s ]
INFO: [ app_init ] --END-- [ RunTime:0.002844s ]
ERR: 无法加载模块:Public

[ 2016-04-06T17:19:18+08:00 ] ::1 /blog/Public/css/images/top-icons.png
INFO: [ app_init ] --START--
INFO: Run Behavior\BuildLiteBehavior [ RunTime:0.000419s ]
INFO: [ app_init ] --END-- [ RunTime:0.003436s ]
ERR: 无法加载模块:Public

[ 2016-04-06T17:19:18+08:00 ] ::1 /blog/Public/imagesw/bg.jpg
INFO: [ app_init ] --START--
INFO: Run Behavior\BuildLiteBehavior [ RunTime:0.000348s ]
INFO: [ app_init ] --END-- [ RunTime:0.003280s ]
ERR: 无法加载模块:Public

[ 2016-04-06T17:19:18+08:00 ] ::1 /blog/Public/css/images/process-icons.png
INFO: [ app_init ] --START--
INFO: Run Behavior\BuildLiteBehavior [ RunTime:0.000353s ]
INFO: [ app_init ] --END-- [ RunTime:0.003297s ]
ERR: 无法加载模块:Public

[ 2016-04-06T17:19:18+08:00 ] ::1 /blog/Public/css/images/process-bg.jpg
INFO: [ app_init ] --START--
INFO: Run Behavior\BuildLiteBehavior [ RunTime:0.000341s ]
INFO: [ app_init ] --END-- [ RunTime:0.004477s ]
ERR: 无法加载模块:Public

[ 2016-04-06T17:19:18+08:00 ] ::1 /blog/Public/css/images/p-bg1.jpg
INFO: [ app_init ] --START--
INFO: Run Behavior\BuildLiteBehavior [ RunTime:0.000370s ]
INFO: [ app_init ] --END-- [ RunTime:0.008280s ]
ERR: 无法加载模块:Public

[ 2016-04-06T17:19:18+08:00 ] ::1 /blog/Public/css/images/icons.png
INFO: [ app_init ] --START--
INFO: Run Behavior\BuildLiteBehavior [ RunTime:0.000422s ]
INFO: [ app_init ] --END-- [ RunTime:0.009556s ]
ERR: 无法加载模块:Public

[ 2016-04-06T17:19:18+08:00 ] ::1 /blog/Public/css/images/comment.png
INFO: [ app_init ] --START--
INFO: Run Behavior\BuildLiteBehavior [ RunTime:0.000344s ]
INFO: [ app_init ] --END-- [ RunTime:0.003147s ]
ERR: 无法加载模块:Public

[ 2016-04-06T17:19:18+08:00 ] ::1 /blog/Public/css/images/like.png
INFO: [ app_init ] --START--
INFO: Run Behavior\BuildLiteBehavior [ RunTime:0.000338s ]
INFO: [ app_init ] --END-- [ RunTime:0.002986s ]
ERR: 无法加载模块:Public

[ 2016-04-06T17:19:18+08:00 ] ::1 /blog/Public/imageswe/bg.jpg
INFO: [ app_init ] --START--
INFO: Run Behavior\BuildLiteBehavior [ RunTime:0.000340s ]
INFO: [ app_init ] --END-- [ RunTime:0.003276s ]
ERR: 无法加载模块:Public

[ 2016-04-06T17:19:18+08:00 ] ::1 /blog/Public/css/images/map-icons.png
INFO: [ app_init ] --START--
INFO: Run Behavior\BuildLiteBehavior [ RunTime:0.000365s ]
INFO: [ app_init ] --END-- [ RunTime:0.004635s ]
ERR: 无法加载模块:Public

[ 2016-04-06T17:19:18+08:00 ] ::1 /blog/Public/imageswel/bg.jpg
INFO: [ app_init ] --START--
INFO: Run Behavior\BuildLiteBehavior [ RunTime:0.000345s ]
INFO: [ app_init ] --END-- [ RunTime:0.003219s ]
ERR: 无法加载模块:Public

[ 2016-04-06T17:19:18+08:00 ] ::1 /blog/Public/css/images/top-arrow.png
INFO: [ app_init ] --START--
INFO: Run Behavior\BuildLiteBehavior [ RunTime:0.000193s ]
INFO: [ app_init ] --END-- [ RunTime:0.001818s ]
ERR: 无法加载模块:Public

[ 2016-04-06T17:19:19+08:00 ] ::1 /blog/Public/css/images/p-bg4.jpg
INFO: [ app_init ] --START--
INFO: Run Behavior\BuildLiteBehavior [ RunTime:0.000368s ]
INFO: [ app_init ] --END-- [ RunTime:0.003226s ]
ERR: 无法加载模块:Public

[ 2016-04-06T17:19:19+08:00 ] ::1 /blog/Public/css/images/p-bg3.jpg
INFO: [ app_init ] --START--
INFO: Run Behavior\BuildLiteBehavior [ RunTime:0.000353s ]
INFO: [ app_init ] --END-- [ RunTime:0.003161s ]
ERR: 无法加载模块:Public

[ 2016-04-06T17:19:19+08:00 ] ::1 /blog/Public/css/images/p-bg2.jpg
INFO: [ app_init ] --START--
INFO: Run Behavior\BuildLiteBehavior [ RunTime:0.000196s ]
INFO: [ app_init ] --END-- [ RunTime:0.002436s ]
ERR: 无法加载模块:Public

[ 2016-04-06T17:19:19+08:00 ] ::1 /blog/Public/imageswelc/bg.jpg
INFO: [ app_init ] --START--
INFO: Run Behavior\BuildLiteBehavior [ RunTime:0.000339s ]
INFO: [ app_init ] --END-- [ RunTime:0.003084s ]
ERR: 无法加载模块:Public

[ 2016-04-06T17:19:19+08:00 ] ::1 /blog/Public/css/images/icons.png
INFO: [ app_init ] --START--
INFO: Run Behavior\BuildLiteBehavior [ RunTime:0.000339s ]
INFO: [ app_init ] --END-- [ RunTime:0.003016s ]
ERR: 无法加载模块:Public

[ 2016-04-06T17:19:19+08:00 ] ::1 /blog/Public/css/images/top-icons.png
INFO: [ app_init ] --START--
INFO: Run Behavior\BuildLiteBehavior [ RunTime:0.000342s ]
INFO: [ app_init ] --END-- [ RunTime:0.003005s ]
ERR: 无法加载模块:Public

[ 2016-04-06T17:19:19+08:00 ] ::1 /blog/Public/css/images/p-bg1.jpg
INFO: [ app_init ] --START--
INFO: Run Behavior\BuildLiteBehavior [ RunTime:0.000374s ]
INFO: [ app_init ] --END-- [ RunTime:0.003950s ]
ERR: 无法加载模块:Public

[ 2016-04-06T17:19:19+08:00 ] ::1 /blog/Public/css/images/process-bg.jpg
INFO: [ app_init ] --START--
INFO: Run Behavior\BuildLiteBehavior [ RunTime:0.000420s ]
INFO: [ app_init ] --END-- [ RunTime:0.003482s ]
ERR: 无法加载模块:Public

[ 2016-04-06T17:19:19+08:00 ] ::1 /blog/Public/css/images/process-icons.png
INFO: [ app_init ] --START--
INFO: Run Behavior\BuildLiteBehavior [ RunTime:0.000196s ]
INFO: [ app_init ] --END-- [ RunTime:0.002022s ]
ERR: 无法加载模块:Public

[ 2016-04-06T17:19:20+08:00 ] ::1 /blog/Public/css/images/map-icons.png
INFO: [ app_init ] --START--
INFO: Run Behavior\BuildLiteBehavior [ RunTime:0.000369s ]
INFO: [ app_init ] --END-- [ RunTime:0.003145s ]
ERR: 无法加载模块:Public

[ 2016-04-06T17:19:20+08:00 ] ::1 /blog/Public/css/images/comment.png
INFO: [ app_init ] --START--
INFO: Run Behavior\BuildLiteBehavior [ RunTime:0.000331s ]
INFO: [ app_init ] --END-- [ RunTime:0.003035s ]
ERR: 无法加载模块:Public

[ 2016-04-06T17:19:20+08:00 ] ::1 /blog/Public/css/images/like.png
INFO: [ app_init ] --START--
INFO: Run Behavior\BuildLiteBehavior [ RunTime:0.000295s ]
INFO: [ app_init ] --END-- [ RunTime:0.002579s ]
ERR: 无法加载模块:Public

[ 2016-04-06T17:19:20+08:00 ] ::1 /blog/Public/imageswelcom/bg.jpg
INFO: [ app_init ] --START--
INFO: Run Behavior\BuildLiteBehavior [ RunTime:0.000359s ]
INFO: [ app_init ] --END-- [ RunTime:0.003094s ]
ERR: 无法加载模块:Public

[ 2016-04-06T17:19:20+08:00 ] ::1 /blog/Public/css/images/p-bg2.jpg
INFO: [ app_init ] --START--
INFO: Run Behavior\BuildLiteBehavior [ RunTime:0.000207s ]
INFO: [ app_init ] --END-- [ RunTime:0.002189s ]
ERR: 无法加载模块:Public

[ 2016-04-06T17:19:20+08:00 ] ::1 /blog/Public/css/images/p-bg3.jpg
INFO: [ app_init ] --START--
INFO: Run Behavior\BuildLiteBehavior [ RunTime:0.000195s ]
INFO: [ app_init ] --END-- [ RunTime:0.001800s ]
ERR: 无法加载模块:Public

[ 2016-04-06T17:19:20+08:00 ] ::1 /blog/Public/imageswelcome/bg.jpg
INFO: [ app_init ] --START--
INFO: Run Behavior\BuildLiteBehavior [ RunTime:0.000356s ]
INFO: [ app_init ] --END-- [ RunTime:0.003050s ]
ERR: 无法加载模块:Public

[ 2016-04-06T17:19:20+08:00 ] ::1 /blog/Public/css/images/p-bg4.jpg
INFO: [ app_init ] --START--
INFO: Run Behavior\BuildLiteBehavior [ RunTime:0.000309s ]
INFO: [ app_init ] --END-- [ RunTime:0.002707s ]
ERR: 无法加载模块:Public

[ 2016-04-06T17:19:20+08:00 ] ::1 /blog/Public/css/images/top-icons.png
INFO: [ app_init ] --START--
INFO: Run Behavior\BuildLiteBehavior [ RunTime:0.000365s ]
INFO: [ app_init ] --END-- [ RunTime:0.003152s ]
ERR: 无法加载模块:Public

[ 2016-04-06T17:19:20+08:00 ] ::1 /blog/Public/css/images/icons.png
INFO: [ app_init ] --START--
INFO: Run Behavior\BuildLiteBehavior [ RunTime:0.000194s ]
INFO: [ app_init ] --END-- [ RunTime:0.002137s ]
ERR: 无法加载模块:Public

[ 2016-04-06T17:19:20+08:00 ] ::1 /blog/Public/css/images/top-arrow.png
INFO: [ app_init ] --START--
INFO: Run Behavior\BuildLiteBehavior [ RunTime:0.000194s ]
INFO: [ app_init ] --END-- [ RunTime:0.002032s ]
ERR: 无法加载模块:Public

[ 2016-04-06T17:19:22+08:00 ] ::1 /blog/Public/css/images/process-icons.png
INFO: [ app_init ] --START--
INFO: Run Behavior\BuildLiteBehavior [ RunTime:0.000301s ]
INFO: [ app_init ] --END-- [ RunTime:0.003040s ]
ERR: 无法加载模块:Public

[ 2016-04-06T17:19:22+08:00 ] ::1 /blog/Public/css/images/process-bg.jpg
INFO: [ app_init ] --START--
INFO: Run Behavior\BuildLiteBehavior [ RunTime:0.000367s ]
INFO: [ app_init ] --END-- [ RunTime:0.003181s ]
ERR: 无法加载模块:Public

[ 2016-04-06T17:19:22+08:00 ] ::1 /blog/Public/css/images/icons.png
INFO: [ app_init ] --START--
INFO: Run Behavior\BuildLiteBehavior [ RunTime:0.000370s ]
INFO: [ app_init ] --END-- [ RunTime:0.003450s ]
ERR: 无法加载模块:Public

[ 2016-04-06T17:19:22+08:00 ] ::1 /blog/Public/css/images/top-icons.png
INFO: [ app_init ] --START--
INFO: Run Behavior\BuildLiteBehavior [ RunTime:0.000346s ]
INFO: [ app_init ] --END-- [ RunTime:0.002992s ]
ERR: 无法加载模块:Public

[ 2016-04-06T17:19:22+08:00 ] ::1 /blog/Public/css/images/p-bg2.jpg
INFO: [ app_init ] --START--
INFO: Run Behavior\BuildLiteBehavior [ RunTime:0.000525s ]
INFO: [ app_init ] --END-- [ RunTime:0.003262s ]
ERR: 无法加载模块:Public

[ 2016-04-06T17:19:22+08:00 ] ::1 /blog/Public/css/images/p-bg4.jpg
INFO: [ app_init ] --START--
INFO: Run Behavior\BuildLiteBehavior [ RunTime:0.000369s ]
INFO: [ app_init ] --END-- [ RunTime:0.002711s ]
ERR: 无法加载模块:Public

[ 2016-04-06T17:19:22+08:00 ] ::1 /blog/Public/css/images/p-bg3.jpg
INFO: [ app_init ] --START--
INFO: Run Behavior\BuildLiteBehavior [ RunTime:0.000383s ]
INFO: [ app_init ] --END-- [ RunTime:0.008188s ]
ERR: 无法加载模块:Public

[ 2016-04-06T17:19:22+08:00 ] ::1 /blog/Public/css/images/like.png
INFO: [ app_init ] --START--
INFO: Run Behavior\BuildLiteBehavior [ RunTime:0.000325s ]
INFO: [ app_init ] --END-- [ RunTime:0.002966s ]
ERR: 无法加载模块:Public

[ 2016-04-06T17:19:22+08:00 ] ::1 /blog/Public/css/images/comment.png
INFO: [ app_init ] --START--
INFO: Run Behavior\BuildLiteBehavior [ RunTime:0.000300s ]
INFO: [ app_init ] --END-- [ RunTime:0.002802s ]
ERR: 无法加载模块:Public

[ 2016-04-06T17:19:22+08:00 ] ::1 /blog/Public/css/images/top-arrow.png
INFO: [ app_init ] --START--
INFO: Run Behavior\BuildLiteBehavior [ RunTime:0.000290s ]
INFO: [ app_init ] --END-- [ RunTime:0.002555s ]
ERR: 无法加载模块:Public

[ 2016-04-06T17:19:22+08:00 ] ::1 /blog/Public/css/images/map-icons.png
INFO: [ app_init ] --START--
INFO: Run Behavior\BuildLiteBehavior [ RunTime:0.000352s ]
INFO: [ app_init ] --END-- [ RunTime:0.002750s ]
ERR: 无法加载模块:Public

[ 2016-04-06T17:19:25+08:00 ] ::1 /blog/Public/css/images/top-icons.png
INFO: [ app_init ] --START--
INFO: Run Behavior\BuildLiteBehavior [ RunTime:0.000422s ]
INFO: [ app_init ] --END-- [ RunTime:0.003728s ]
ERR: 无法加载模块:Public

[ 2016-04-06T17:19:25+08:00 ] ::1 /blog/Public/css/images/process-icons.png
INFO: [ app_init ] --START--
INFO: Run Behavior\BuildLiteBehavior [ RunTime:0.000338s ]
INFO: [ app_init ] --END-- [ RunTime:0.004287s ]
ERR: 无法加载模块:Public

[ 2016-04-06T17:19:25+08:00 ] ::1 /blog/Public/css/images/icons.png
INFO: [ app_init ] --START--
INFO: Run Behavior\BuildLiteBehavior [ RunTime:0.000547s ]
INFO: [ app_init ] --END-- [ RunTime:0.004321s ]
ERR: 无法加载模块:Public

[ 2016-04-06T17:19:25+08:00 ] ::1 /blog/Public/css/images/process-bg.jpg
INFO: [ app_init ] --START--
INFO: Run Behavior\BuildLiteBehavior [ RunTime:0.000364s ]
INFO: [ app_init ] --END-- [ RunTime:0.004764s ]
ERR: 无法加载模块:Public

[ 2016-04-06T17:19:25+08:00 ] ::1 /blog/Public/css/images/p-bg1.jpg
INFO: [ app_init ] --START--
INFO: Run Behavior\BuildLiteBehavior [ RunTime:0.000290s ]
INFO: [ app_init ] --END-- [ RunTime:0.002624s ]
ERR: 无法加载模块:Public

[ 2016-04-06T17:19:25+08:00 ] ::1 /blog/Public/css/images/p-bg2.jpg
INFO: [ app_init ] --START--
INFO: Run Behavior\BuildLiteBehavior [ RunTime:0.000358s ]
INFO: [ app_init ] --END-- [ RunTime:0.003207s ]
ERR: 无法加载模块:Public

[ 2016-04-06T17:19:25+08:00 ] ::1 /blog/Public/css/images/p-bg3.jpg
INFO: [ app_init ] --START--
INFO: Run Behavior\BuildLiteBehavior [ RunTime:0.000361s ]
INFO: [ app_init ] --END-- [ RunTime:0.004193s ]
ERR: 无法加载模块:Public

[ 2016-04-06T17:19:25+08:00 ] ::1 /blog/Public/css/images/comment.png
INFO: [ app_init ] --START--
INFO: Run Behavior\BuildLiteBehavior [ RunTime:0.000394s ]
INFO: [ app_init ] --END-- [ RunTime:0.006166s ]
ERR: 无法加载模块:Public

[ 2016-04-06T17:19:25+08:00 ] ::1 /blog/Public/css/images/p-bg4.jpg
INFO: [ app_init ] --START--
INFO: Run Behavior\BuildLiteBehavior [ RunTime:0.000376s ]
INFO: [ app_init ] --END-- [ RunTime:0.003474s ]
ERR: 无法加载模块:Public

[ 2016-04-06T17:19:25+08:00 ] ::1 /blog/Public/css/images/map-icons.png
INFO: [ app_init ] --START--
INFO: Run Behavior\BuildLiteBehavior [ RunTime:0.000404s ]
INFO: [ app_init ] --END-- [ RunTime:0.003126s ]
ERR: 无法加载模块:Public

[ 2016-04-06T17:19:25+08:00 ] ::1 /blog/Public/css/images/like.png
INFO: [ app_init ] --START--
INFO: Run Behavior\BuildLiteBehavior [ RunTime:0.000296s ]
INFO: [ app_init ] --END-- [ RunTime:0.002621s ]
ERR: 无法加载模块:Public

[ 2016-04-06T17:19:25+08:00 ] ::1 /blog/Public/css/images/top-arrow.png
INFO: [ app_init ] --START--
INFO: Run Behavior\BuildLiteBehavior [ RunTime:0.000367s ]
INFO: [ app_init ] --END-- [ RunTime:0.003382s ]
ERR: 无法加载模块:Public

[ 2016-04-06T17:20:09+08:00 ] ::1 /blog/Public/css/images/bg.jpg
INFO: [ app_init ] --START--
INFO: Run Behavior\BuildLiteBehavior [ RunTime:0.000466s ]
INFO: [ app_init ] --END-- [ RunTime:0.003344s ]
ERR: 无法加载模块:Public

[ 2016-04-06T17:20:09+08:00 ] ::1 /blog/Public/css/images/top-icons.png
INFO: [ app_init ] --START--
INFO: Run Behavior\BuildLiteBehavior [ RunTime:0.000441s ]
INFO: [ app_init ] --END-- [ RunTime:0.003451s ]
ERR: 无法加载模块:Public

[ 2016-04-06T17:20:21+08:00 ] ::1 /blog/Public/css/images/top-icons.png
INFO: [ app_init ] --START--
INFO: Run Behavior\BuildLiteBehavior [ RunTime:0.000348s ]
INFO: [ app_init ] --END-- [ RunTime:0.003058s ]
ERR: 无法加载模块:Public

[ 2016-04-06T17:20:23+08:00 ] ::1 /blog/Public/css/images/top-icons.png
INFO: [ app_init ] --START--
INFO: Run Behavior\BuildLiteBehavior [ RunTime:0.000282s ]
INFO: [ app_init ] --END-- [ RunTime:0.002411s ]
ERR: 无法加载模块:Public

[ 2016-04-06T17:20:24+08:00 ] ::1 /blog/Public/css/images/top-icons.png
INFO: [ app_init ] --START--
INFO: Run Behavior\BuildLiteBehavior [ RunTime:0.000195s ]
INFO: [ app_init ] --END-- [ RunTime:0.001971s ]
ERR: 无法加载模块:Public

[ 2016-04-06T17:20:27+08:00 ] ::1 /blog/Public/css/images/top-icons.png
INFO: [ app_init ] --START--
INFO: Run Behavior\BuildLiteBehavior [ RunTime:0.000194s ]
INFO: [ app_init ] --END-- [ RunTime:0.001860s ]
ERR: 无法加载模块:Public

[ 2016-04-06T17:20:30+08:00 ] ::1 /blog/Public/css/images/top-icons.png
INFO: [ app_init ] --START--
INFO: Run Behavior\BuildLiteBehavior [ RunTime:0.000340s ]
INFO: [ app_init ] --END-- [ RunTime:0.003179s ]
ERR: 无法加载模块:Public

[ 2016-04-06T17:20:30+08:00 ] ::1 /blog/Public/images/w/bg.jpg
INFO: [ app_init ] --START--
INFO: Run Behavior\BuildLiteBehavior [ RunTime:0.000342s ]
INFO: [ app_init ] --END-- [ RunTime:0.003119s ]
ERR: 无法加载模块:Public

[ 2016-04-06T17:20:30+08:00 ] ::1 /blog/Public/images/we/bg.jpg
INFO: [ app_init ] --START--
INFO: Run Behavior\BuildLiteBehavior [ RunTime:0.000193s ]
INFO: [ app_init ] --END-- [ RunTime:0.001949s ]
ERR: 无法加载模块:Public

[ 2016-04-06T17:20:30+08:00 ] ::1 /blog/Public/images/wel/bg.jpg
INFO: [ app_init ] --START--
INFO: Run Behavior\BuildLiteBehavior [ RunTime:0.000192s ]
INFO: [ app_init ] --END-- [ RunTime:0.002120s ]
ERR: 无法加载模块:Public

[ 2016-04-06T17:20:30+08:00 ] ::1 /blog/Public/css/images/top-icons.png
INFO: [ app_init ] --START--
INFO: Run Behavior\BuildLiteBehavior [ RunTime:0.000341s ]
INFO: [ app_init ] --END-- [ RunTime:0.003028s ]
ERR: 无法加载模块:Public

[ 2016-04-06T17:20:30+08:00 ] ::1 /blog/Public/images/welc/bg.jpg
INFO: [ app_init ] --START--
INFO: Run Behavior\BuildLiteBehavior [ RunTime:0.000204s ]
INFO: [ app_init ] --END-- [ RunTime:0.002279s ]
ERR: 无法加载模块:Public

[ 2016-04-06T17:20:30+08:00 ] ::1 /blog/Public/images/welco/bg.jpg
INFO: [ app_init ] --START--
INFO: Run Behavior\BuildLiteBehavior [ RunTime:0.000195s ]
INFO: [ app_init ] --END-- [ RunTime:0.001962s ]
ERR: 无法加载模块:Public

[ 2016-04-06T17:20:31+08:00 ] ::1 /blog/Public/images/welcom/bg.jpg
INFO: [ app_init ] --START--
INFO: Run Behavior\BuildLiteBehavior [ RunTime:0.000291s ]
INFO: [ app_init ] --END-- [ RunTime:0.002658s ]
ERR: 无法加载模块:Public

[ 2016-04-06T17:20:31+08:00 ] ::1 /blog/Public/css/images/top-icons.png
INFO: [ app_init ] --START--
INFO: Run Behavior\BuildLiteBehavior [ RunTime:0.000384s ]
INFO: [ app_init ] --END-- [ RunTime:0.003273s ]
ERR: 无法加载模块:Public

[ 2016-04-06T17:20:36+08:00 ] ::1 /blog/Public/css/images/top-icons.png
INFO: [ app_init ] --START--
INFO: Run Behavior\BuildLiteBehavior [ RunTime:0.000197s ]
INFO: [ app_init ] --END-- [ RunTime:0.002207s ]
ERR: 无法加载模块:Public

[ 2016-04-06T17:21:15+08:00 ] ::1 /blog/Public/css/images/bg.jpg
INFO: [ app_init ] --START--
INFO: Run Behavior\BuildLiteBehavior [ RunTime:0.000290s ]
INFO: [ app_init ] --END-- [ RunTime:0.002723s ]
ERR: 无法加载模块:Public

[ 2016-04-06T17:21:22+08:00 ] ::1 /blog/Public/css/images/bg.jpg
INFO: [ app_init ] --START--
INFO: Run Behavior\BuildLiteBehavior [ RunTime:0.000280s ]
INFO: [ app_init ] --END-- [ RunTime:0.002058s ]
ERR: 无法加载模块:Public

[ 2016-04-06T17:21:24+08:00 ] ::1 /blog/Public/css/images/bg.jpg
INFO: [ app_init ] --START--
INFO: Run Behavior\BuildLiteBehavior [ RunTime:0.000344s ]
INFO: [ app_init ] --END-- [ RunTime:0.002848s ]
ERR: 无法加载模块:Public

[ 2016-04-06T17:21:25+08:00 ] ::1 /blog/Public/css/images/bg.jpg
INFO: [ app_init ] --START--
INFO: Run Behavior\BuildLiteBehavior [ RunTime:0.000256s ]
INFO: [ app_init ] --END-- [ RunTime:0.002735s ]
ERR: 无法加载模块:Public

[ 2016-04-06T17:21:28+08:00 ] ::1 /blog/Public/css/.images/bg.jpg
INFO: [ app_init ] --START--
INFO: Run Behavior\BuildLiteBehavior [ RunTime:0.000285s ]
INFO: [ app_init ] --END-- [ RunTime:0.002747s ]
ERR: 无法加载模块:Public

[ 2016-04-06T17:21:28+08:00 ] ::1 /blog/Public/css/..images/bg.jpg
INFO: [ app_init ] --START--
INFO: Run Behavior\BuildLiteBehavior [ RunTime:0.000195s ]
INFO: [ app_init ] --END-- [ RunTime:0.002080s ]
ERR: 无法加载模块:Public

[ 2016-04-06T17:21:33+08:00 ] ::1 /blog/Public/images/w/bg.jpg
INFO: [ app_init ] --START--
INFO: Run Behavior\BuildLiteBehavior [ RunTime:0.000192s ]
INFO: [ app_init ] --END-- [ RunTime:0.002032s ]
ERR: 无法加载模块:Public

[ 2016-04-06T17:21:34+08:00 ] ::1 /blog/Public/images/we/bg.jpg
INFO: [ app_init ] --START--
INFO: Run Behavior\BuildLiteBehavior [ RunTime:0.000192s ]
INFO: [ app_init ] --END-- [ RunTime:0.001846s ]
ERR: 无法加载模块:Public

[ 2016-04-06T17:21:35+08:00 ] ::1 /blog/Public/images/wel/bg.jpg
INFO: [ app_init ] --START--
INFO: Run Behavior\BuildLiteBehavior [ RunTime:0.000193s ]
INFO: [ app_init ] --END-- [ RunTime:0.001861s ]
ERR: 无法加载模块:Public

[ 2016-04-06T17:21:36+08:00 ] ::1 /blog/Public/images/welc/bg.jpg
INFO: [ app_init ] --START--
INFO: Run Behavior\BuildLiteBehavior [ RunTime:0.000194s ]
INFO: [ app_init ] --END-- [ RunTime:0.001954s ]
ERR: 无法加载模块:Public

[ 2016-04-06T17:21:36+08:00 ] ::1 /blog/Public/images/welco/bg.jpg
INFO: [ app_init ] --START--
INFO: Run Behavior\BuildLiteBehavior [ RunTime:0.000195s ]
INFO: [ app_init ] --END-- [ RunTime:0.001835s ]
ERR: 无法加载模块:Public

[ 2016-04-06T17:21:36+08:00 ] ::1 /blog/Public/images/welcom/bg.jpg
INFO: [ app_init ] --START--
INFO: Run Behavior\BuildLiteBehavior [ RunTime:0.000195s ]
INFO: [ app_init ] --END-- [ RunTime:0.001828s ]
ERR: 无法加载模块:Public

[ 2016-04-06T17:23:46+08:00 ] ::1 /blog/Public/css/images/bg.jpg
INFO: [ app_init ] --START--
INFO: Run Behavior\BuildLiteBehavior [ RunTime:0.000315s ]
INFO: [ app_init ] --END-- [ RunTime:0.002914s ]
ERR: 无法加载模块:Public

[ 2016-04-06T17:23:46+08:00 ] ::1 /blog/Public/css/images/top-icons.png
INFO: [ app_init ] --START--
INFO: Run Behavior\BuildLiteBehavior [ RunTime:0.000293s ]
INFO: [ app_init ] --END-- [ RunTime:0.002819s ]
ERR: 无法加载模块:Public

[ 2016-04-06T17:23:54+08:00 ] ::1 /blog/Public/css//images/bg.jpg
INFO: [ app_init ] --START--
INFO: Run Behavior\BuildLiteBehavior [ RunTime:0.000201s ]
INFO: [ app_init ] --END-- [ RunTime:0.001917s ]
ERR: 无法加载模块:Public

[ 2016-04-06T17:23:54+08:00 ] ::1 /blog/Public/css/images/top-icons.png
INFO: [ app_init ] --START--
INFO: Run Behavior\BuildLiteBehavior [ RunTime:0.000294s ]
INFO: [ app_init ] --END-- [ RunTime:0.002550s ]
ERR: 无法加载模块:Public

[ 2016-04-06T17:23:54+08:00 ] ::1 /blog/Public/css/images/bg.jpg
INFO: [ app_init ] --START--
INFO: Run Behavior\BuildLiteBehavior [ RunTime:0.000348s ]
INFO: [ app_init ] --END-- [ RunTime:0.002064s ]
ERR: 无法加载模块:Public

[ 2016-04-06T17:23:55+08:00 ] ::1 /blog/Public/css/images/top-icons.png
INFO: [ app_init ] --START--
INFO: Run Behavior\BuildLiteBehavior [ RunTime:0.000351s ]
INFO: [ app_init ] --END-- [ RunTime:0.002623s ]
ERR: 无法加载模块:Public

[ 2016-04-06T17:23:56+08:00 ] ::1 /blog/Public/css/images/top-icons.png
INFO: [ app_init ] --START--
INFO: Run Behavior\BuildLiteBehavior [ RunTime:0.000198s ]
INFO: [ app_init ] --END-- [ RunTime:0.001807s ]
ERR: 无法加载模块:Public

[ 2016-04-06T17:24:05+08:00 ] ::1 /blog/Public/css/images/top-icons.png
INFO: [ app_init ] --START--
INFO: Run Behavior\BuildLiteBehavior [ RunTime:0.000340s ]
INFO: [ app_init ] --END-- [ RunTime:0.002843s ]
ERR: 无法加载模块:Public

[ 2016-04-06T17:24:05+08:00 ] ::1 /blog/Public/images/wbg.jpg
INFO: [ app_init ] --START--
INFO: Run Behavior\BuildLiteBehavior [ RunTime:0.000347s ]
INFO: [ app_init ] --END-- [ RunTime:0.003217s ]
ERR: 无法加载模块:Public

[ 2016-04-06T17:24:05+08:00 ] ::1 /blog/Public/images/webg.jpg
INFO: [ app_init ] --START--
INFO: Run Behavior\BuildLiteBehavior [ RunTime:0.000281s ]
INFO: [ app_init ] --END-- [ RunTime:0.002258s ]
ERR: 无法加载模块:Public

[ 2016-04-06T17:24:05+08:00 ] ::1 /blog/Public/images/welbg.jpg
INFO: [ app_init ] --START--
INFO: Run Behavior\BuildLiteBehavior [ RunTime:0.000200s ]
INFO: [ app_init ] --END-- [ RunTime:0.001896s ]
ERR: 无法加载模块:Public

[ 2016-04-06T17:24:06+08:00 ] ::1 /blog/Public/images/welcbg.jpg
INFO: [ app_init ] --START--
INFO: Run Behavior\BuildLiteBehavior [ RunTime:0.000211s ]
INFO: [ app_init ] --END-- [ RunTime:0.002026s ]
ERR: 无法加载模块:Public

[ 2016-04-06T17:24:06+08:00 ] ::1 /blog/Public/css/images/top-icons.png
INFO: [ app_init ] --START--
INFO: Run Behavior\BuildLiteBehavior [ RunTime:0.000294s ]
INFO: [ app_init ] --END-- [ RunTime:0.002579s ]
ERR: 无法加载模块:Public

[ 2016-04-06T17:24:06+08:00 ] ::1 /blog/Public/images/welcobg.jpg
INFO: [ app_init ] --START--
INFO: Run Behavior\BuildLiteBehavior [ RunTime:0.000375s ]
INFO: [ app_init ] --END-- [ RunTime:0.003325s ]
ERR: 无法加载模块:Public

[ 2016-04-06T17:24:06+08:00 ] ::1 /blog/Public/images/welcombg.jpg
INFO: [ app_init ] --START--
INFO: Run Behavior\BuildLiteBehavior [ RunTime:0.000194s ]
INFO: [ app_init ] --END-- [ RunTime:0.001996s ]
ERR: 无法加载模块:Public

[ 2016-04-06T17:24:06+08:00 ] ::1 /blog/Public/css/images/top-icons.png
INFO: [ app_init ] --START--
INFO: Run Behavior\BuildLiteBehavior [ RunTime:0.000334s ]
INFO: [ app_init ] --END-- [ RunTime:0.002761s ]
ERR: 无法加载模块:Public

[ 2016-04-06T17:24:06+08:00 ] ::1 /blog/Public/images/welcomebg.jpg
INFO: [ app_init ] --START--
INFO: Run Behavior\BuildLiteBehavior [ RunTime:0.000349s ]
INFO: [ app_init ] --END-- [ RunTime:0.003115s ]
ERR: 无法加载模块:Public

[ 2016-04-06T17:24:07+08:00 ] ::1 /blog/Public/css/images/top-icons.png
INFO: [ app_init ] --START--
INFO: Run Behavior\BuildLiteBehavior [ RunTime:0.000320s ]
INFO: [ app_init ] --END-- [ RunTime:0.002555s ]
ERR: 无法加载模块:Public

[ 2016-04-06T17:24:15+08:00 ] ::1 /blog/Public/css/images/top-icons.png
INFO: [ app_init ] --START--
INFO: Run Behavior\BuildLiteBehavior [ RunTime:0.000193s ]
INFO: [ app_init ] --END-- [ RunTime:0.002023s ]
ERR: 无法加载模块:Public

[ 2016-04-06T17:24:50+08:00 ] ::1 /blog/Public/css/images/bg.jpg
INFO: [ app_init ] --START--
INFO: Run Behavior\BuildLiteBehavior [ RunTime:0.000337s ]
INFO: [ app_init ] --END-- [ RunTime:0.003043s ]
ERR: 无法加载模块:Public

lic

[ 2016-04-06T17:26:12+08:00 ] ::1 /blog/Public/css/images/top-icons.png
INFO: [ app_init ] --START--
INFO: Run Behavior\BuildLiteBehavior [ RunTime:0.000354s ]
INFO: [ app_init ] --END-- [ RunTime:0.003798s ]
ERR: 无法加载模块:Public

[ 2016-04-06T17:26:12+08:00 ] ::1 /blog/Public/css/images/bg.jpg
INFO: [ app_init ] --START--
INFO: Run Behavior\BuildLiteBehavior [ RunTime:0.000315s ]
INFO: [ app_init ] --END-- [ RunTime:0.002939s ]
ERR: 无法加载模块:Public

[ 2016-04-06T17:28:44+08:00 ] ::1 /blog/Public/css/images/bg.jpg
INFO: [ app_init ] --START--
INFO: Run Behavior\BuildLiteBehavior [ RunTime:0.000345s ]
INFO: [ app_init ] --END-- [ RunTime:0.003281s ]
ERR: 无法加载模块:Public

[ 2016-04-06T17:28:44+08:00 ] ::1 /blog/Public/css/images/top-icons.png
INFO: [ app_init ] --START--
INFO: Run Behavior\BuildLiteBehavior [ RunTime:0.000336s ]
INFO: [ app_init ] --END-- [ RunTime:0.003089s ]
ERR: 无法加载模块:Public

[ 2016-04-06T17:29:41+08:00 ] ::1 /blog/index.php/images/welcome/bg.jpg
INFO: [ app_init ] --START--
INFO: Run Behavior\BuildLiteBehavior [ RunTime:0.000336s ]
INFO: [ app_init ] --END-- [ RunTime:0.002932s ]
ERR: 无法加载模块:Images

[ 2016-04-06T17:29:41+08:00 ] ::1 /blog/Public/css/images/top-icons.png
INFO: [ app_init ] --START--
INFO: Run Behavior\BuildLiteBehavior [ RunTime:0.000338s ]
INFO: [ app_init ] --END-- [ RunTime:0.002960s ]
ERR: 无法加载模块:Public

[ 2016-04-06T17:29:55+08:00 ] ::1 /blog/index.php/images/welcome/bg.jpg
INFO: [ app_init ] --START--
INFO: Run Behavior\BuildLiteBehavior [ RunTime:0.000195s ]
INFO: [ app_init ] --END-- [ RunTime:0.001849s ]
ERR: 无法加载模块:Images

[ 2016-04-06T17:30:18+08:00 ] ::1 /blog/Public/css/images/top-icons.png
INFO: [ app_init ] --START--
INFO: Run Behavior\BuildLiteBehavior [ RunTime:0.000382s ]
INFO: [ app_init ] --END-- [ RunTime:0.003948s ]
ERR: 无法加载模块:Public

[ 2016-04-06T17:31:00+08:00 ] ::1 /blog/Public/css/images/top-icons.png
INFO: [ app_init ] --START--
INFO: Run Behavior\BuildLiteBehavior [ RunTime:0.000209s ]
INFO: [ app_init ] --END-- [ RunTime:0.001895s ]
ERR: 无法加载模块:Public

[ 2016-04-06T17:32:31+08:00 ] ::1 /blog/Public/css/images/top-icons.png
INFO: [ app_init ] --START--
INFO: Run Behavior\BuildLiteBehavior [ RunTime:0.000421s ]
INFO: [ app_init ] --END-- [ RunTime:0.003779s ]
ERR: 无法加载模块:Public

[ 2016-04-06T17:33:07+08:00 ] ::1 /blog/Public/css/images/top-icons.png
INFO: [ app_init ] --START--
INFO: Run Behavior\BuildLiteBehavior [ RunTime:0.000316s ]
INFO: [ app_init ] --END-- [ RunTime:0.002863s ]
ERR: 无法加载模块:Public

[ 2016-04-06T17:33:24+08:00 ] ::1 /blog/Public/css/images/top-icons.png
INFO: [ app_init ] --START--
INFO: Run Behavior\BuildLiteBehavior [ RunTime:0.000198s ]
INFO: [ app_init ] --END-- [ RunTime:0.002381s ]
ERR: 无法加载模块:Public

[ 2016-04-06T17:34:00+08:00 ] ::1 /blog/Public/css/images/top-icons.png
INFO: [ app_init ] --START--
INFO: Run Behavior\BuildLiteBehavior [ RunTime:0.000266s ]
INFO: [ app_init ] --END-- [ RunTime:0.002440s ]
ERR: 无法加载模块:Public

[ 2016-04-06T17:34:01+08:00 ] ::1 /blog/Public/css/images/top-icons.png
INFO: [ app_init ] --START--
INFO: Run Behavior\BuildLiteBehavior [ RunTime:0.000195s ]
INFO: [ app_init ] --END-- [ RunTime:0.001945s ]
ERR: 无法加载模块:Public

[ 2016-04-06T17:34:19+08:00 ] ::1 /blog/Public/css/images/top-icons.png
INFO: [ app_init ] --START--
INFO: Run Behavior\BuildLiteBehavior [ RunTime:0.000193s ]
INFO: [ app_init ] --END-- [ RunTime:0.001935s ]
ERR: 无法加载模块:Public

[ 2016-04-06T17:34:22+08:00 ] ::1 /blog/Public/css/images/top-icons.png
INFO: [ app_init ] --START--
INFO: Run Behavior\BuildLiteBehavior [ RunTime:0.000262s ]
INFO: [ app_init ] --END-- [ RunTime:0.001993s ]
ERR: 无法加载模块:Public

[ 2016-04-06T17:35:55+08:00 ] ::1 /blog/Public/css/images/top-icons.png
INFO: [ app_init ] --START--
INFO: Run Behavior\BuildLiteBehavior [ RunTime:0.000372s ]
INFO: [ app_init ] --END-- [ RunTime:0.004207s ]
ERR: 无法加载模块:Public

[ 2016-04-06T17:36:59+08:00 ] ::1 /blog/Public/css/images/top-icons.png
INFO: [ app_init ] --START--
INFO: Run Behavior\BuildLiteBehavior [ RunTime:0.000338s ]
INFO: [ app_init ] --END-- [ RunTime:0.003008s ]
ERR: 无法加载模块:Public

[ 2016-04-06T17:37:06+08:00 ] ::1 /blog/Public/css/images/top-icons.png
INFO: [ app_init ] --START--
INFO: Run Behavior\BuildLiteBehavior [ RunTime:0.000346s ]
INFO: [ app_init ] --END-- [ RunTime:0.002508s ]
ERR: 无法加载模块:Public

[ 2016-04-06T17:37:47+08:00 ] ::1 /blog/Public/css/images/top-icons.png
INFO: [ app_init ] --START--
INFO: Run Behavior\BuildLiteBehavior [ RunTime:0.000192s ]
INFO: [ app_init ] --END-- [ RunTime:0.001817s ]
ERR: 无法加载模块:Public

[ 2016-04-06T17:38:33+08:00 ] ::1 /blog/Public/css/images/top-icons.png
INFO: [ app_init ] --START--
INFO: Run Behavior\BuildLiteBehavior [ RunTime:0.000289s ]
INFO: [ app_init ] --END-- [ RunTime:0.003021s ]
ERR: 无法加载模块:Public

[ 2016-04-06T17:39:25+08:00 ] ::1 /blog/Public/css/images/top-icons.png
INFO: [ app_init ] --START--
INFO: Run Behavior\BuildLiteBehavior [ RunTime:0.000314s ]
INFO: [ app_init ] --END-- [ RunTime:0.002896s ]
ERR: 无法加载模块:Public

[ 2016-04-06T17:39:44+08:00 ] ::1 /blog/Public/css/images/top-icons.png
INFO: [ app_init ] --START--
INFO: Run Behavior\BuildLiteBehavior [ RunTime:0.000601s ]
INFO: [ app_init ] --END-- [ RunTime:0.004261s ]
ERR: 无法加载模块:Public

[ 2016-04-06T17:40:18+08:00 ] ::1 /blog/Public/css/images/top-icons.png
INFO: [ app_init ] --START--
INFO: Run Behavior\BuildLiteBehavior [ RunTime:0.000295s ]
INFO: [ app_init ] --END-- [ RunTime:0.002978s ]
ERR: 无法加载模块:Public

[ 2016-04-06T17:40:36+08:00 ] ::1 /blog/Public/css/images/top-icons.png
INFO: [ app_init ] --START--
INFO: Run Behavior\BuildLiteBehavior [ RunTime:0.000193s ]
INFO: [ app_init ] --END-- [ RunTime:0.001997s ]
ERR: 无法加载模块:Public

[ 2016-04-06T17:41:26+08:00 ] ::1 /blog/Public/css/images/top-icons.png
INFO: [ app_init ] --START--
INFO: Run Behavior\BuildLiteBehavior [ RunTime:0.000210s ]
INFO: [ app_init ] --END-- [ RunTime:0.002137s ]
ERR: 无法加载模块:Public

[ 2016-04-06T17:41:51+08:00 ] ::1 /blog/Public/css/images/top-icons.png
INFO: [ app_init ] --START--
INFO: Run Behavior\BuildLiteBehavior [ RunTime:0.000190s ]
INFO: [ app_init ] --END-- [ RunTime:0.001832s ]
ERR: 无法加载模块:Public

[ 2016-04-06T17:41:53+08:00 ] ::1 /blog/Public/css/images/top-icons.png
INFO: [ app_init ] --START--
INFO: Run Behavior\BuildLiteBehavior [ RunTime:0.000287s ]
INFO: [ app_init ] --END-- [ RunTime:0.002681s ]
ERR: 无法加载模块:Public

[ 2016-04-06T17:41:54+08:00 ] ::1 /blog/Public/css/images/top-icons.png
INFO: [ app_init ] --START--
INFO: Run Behavior\BuildLiteBehavior [ RunTime:0.000196s ]
INFO: [ app_init ] --END-- [ RunTime:0.002107s ]
ERR: 无法加载模块:Public

[ 2016-04-06T17:41:55+08:00 ] ::1 /blog/Public/css/images/top-icons.png
INFO: [ app_init ] --START--
INFO: Run Behavior\BuildLiteBehavior [ RunTime:0.000193s ]
INFO: [ app_init ] --END-- [ RunTime:0.001923s ]
ERR: 无法加载模块:Public

[ 2016-04-06T17:41:57+08:00 ] ::1 /blog/Public/css/images/top-icons.png
INFO: [ app_init ] --START--
INFO: Run Behavior\BuildLiteBehavior [ RunTime:0.000306s ]
INFO: [ app_init ] --END-- [ RunTime:0.002010s ]
ERR: 无法加载模块:Public

[ 2016-04-06T17:41:58+08:00 ] ::1 /blog/Public/css/images/top-icons.png
INFO: [ app_init ] --START--
INFO: Run Behavior\BuildLiteBehavior [ RunTime:0.000195s ]
INFO: [ app_init ] --END-- [ RunTime:0.002433s ]
ERR: 无法加载模块:Public

[ 2016-04-06T17:41:58+08:00 ] ::1 /blog/Public/css/images/top-icons.png
INFO: [ app_init ] --START--
INFO: Run Behavior\BuildLiteBehavior [ RunTime:0.000210s ]
INFO: [ app_init ] --END-- [ RunTime:0.002214s ]
ERR: 无法加载模块:Public

[ 2016-04-06T17:41:59+08:00 ] ::1 /blog/Public/css/images/top-icons.png
INFO: [ app_init ] --START--
INFO: Run Behavior\BuildLiteBehavior [ RunTime:0.000282s ]
INFO: [ app_init ] --END-- [ RunTime:0.002436s ]
ERR: 无法加载模块:Public

[ 2016-04-06T17:42:00+08:00 ] ::1 /blog/Public/css/images/top-icons.png
INFO: [ app_init ] --START--
INFO: Run Behavior\BuildLiteBehavior [ RunTime:0.000299s ]
INFO: [ app_init ] --END-- [ RunTime:0.002104s ]
ERR: 无法加载模块:Public

[ 2016-04-06T17:42:01+08:00 ] ::1 /blog/Public/css/images/top-icons.png
INFO: [ app_init ] --START--
INFO: Run Behavior\BuildLiteBehavior [ RunTime:0.000194s ]
INFO: [ app_init ] --END-- [ RunTime:0.002096s ]
ERR: 无法加载模块:Public

[ 2016-04-06T17:42:02+08:00 ] ::1 /blog/Public/css/images/top-icons.png
INFO: [ app_init ] --START--
INFO: Run Behavior\BuildLiteBehavior [ RunTime:0.000209s ]
INFO: [ app_init ] --END-- [ RunTime:0.001886s ]
ERR: 无法加载模块:Public

[ 2016-04-06T17:42:05+08:00 ] ::1 /blog/Public/css/images/top-icons.png
INFO: [ app_init ] --START--
INFO: Run Behavior\BuildLiteBehavior [ RunTime:0.000205s ]
INFO: [ app_init ] --END-- [ RunTime:0.002123s ]
ERR: 无法加载模块:Public

[ 2016-04-06T17:42:08+08:00 ] ::1 /blog/Public/css/images/top-icons.png
INFO: [ app_init ] --START--
INFO: Run Behavior\BuildLiteBehavior [ RunTime:0.000191s ]
INFO: [ app_init ] --END-- [ RunTime:0.001816s ]
ERR: 无法加载模块:Public

[ 2016-04-06T17:42:11+08:00 ] ::1 /blog/Public/css/images/top-icons.png
INFO: [ app_init ] --START--
INFO: Run Behavior\BuildLiteBehavior [ RunTime:0.000197s ]
INFO: [ app_init ] --END-- [ RunTime:0.002146s ]
ERR: 无法加载模块:Public

[ 2016-04-06T17:42:19+08:00 ] ::1 /blog/Public/css/images/top-icons.png
INFO: [ app_init ] --START--
INFO: Run Behavior\BuildLiteBehavior [ RunTime:0.000194s ]
INFO: [ app_init ] --END-- [ RunTime:0.001849s ]
ERR: 无法加载模块:Public

[ 2016-04-06T17:42:34+08:00 ] ::1 /blog/Public/css/images/top-icons.png
INFO: [ app_init ] --START--
INFO: Run Behavior\BuildLiteBehavior [ RunTime:0.000262s ]
INFO: [ app_init ] --END-- [ RunTime:0.002318s ]
ERR: 无法加载模块:Public

[ 2016-04-06T17:47:51+08:00 ] ::1 /blog/Public/js/skin/layer.css
INFO: [ app_init ] --START--
INFO: Run Behavior\BuildLiteBehavior [ RunTime:0.000220s ]
INFO: [ app_init ] --END-- [ RunTime:0.002446s ]
ERR: 无法加载模块:Public

[ 2016-04-06T17:47:52+08:00 ] ::1 /blog/Public/css/images/top-icons.png
INFO: [ app_init ] --START--
INFO: Run Behavior\BuildLiteBehavior [ RunTime:0.000195s ]
INFO: [ app_init ] --END-- [ RunTime:0.001915s ]
ERR: 无法加载模块:Public

[ 2016-04-06T17:48:20+08:00 ] ::1 /blog/Public/js/skin/layer.css
INFO: [ app_init ] --START--
INFO: Run Behavior\BuildLiteBehavior [ RunTime:0.000476s ]
INFO: [ app_init ] --END-- [ RunTime:0.003181s ]
ERR: 无法加载模块:Public

[ 2016-04-06T17:48:20+08:00 ] ::1 /blog/Public/css/images/top-icons.png
INFO: [ app_init ] --START--
INFO: Run Behavior\BuildLiteBehavior [ RunTime:0.000193s ]
INFO: [ app_init ] --END-- [ RunTime:0.001892s ]
ERR: 无法加载模块:Public

[ 2016-04-06T18:08:53+08:00 ] ::1 /blog/Public/js/skin/layer.css
INFO: [ app_init ] --START--
INFO: Run Behavior\BuildLiteBehavior [ RunTime:0.000355s ]
INFO: [ app_init ] --END-- [ RunTime:0.003122s ]
ERR: 无法加载模块:Public

[ 2016-04-06T18:08:53+08:00 ] ::1 /blog/Public/css/images/top-icons.png
INFO: [ app_init ] --START--
INFO: Run Behavior\BuildLiteBehavior [ RunTime:0.000294s ]
INFO: [ app_init ] --END-- [ RunTime:0.002867s ]
ERR: 无法加载模块:Public

[ 2016-04-06T22:49:32+08:00 ] ::1 /blog/Public/css/images/admin_photo/add_img.png
INFO: [ app_init ] --START--
INFO: Run Behavior\BuildLiteBehavior [ RunTime:0.000356s ]
INFO: [ app_init ] --END-- [ RunTime:0.003044s ]
ERR: 无法加载模块:Public

[ 2016-04-06T22:50:16+08:00 ] ::1 /blog/Public/js/skin/layer.css
INFO: [ app_init ] --START--
INFO: Run Behavior\BuildLiteBehavior [ RunTime:0.000307s ]
INFO: [ app_init ] --END-- [ RunTime:0.002669s ]
ERR: 无法加载模块:Public

[ 2016-04-06T22:50:17+08:00 ] ::1 /blog/Public/css/images/top-icons.png
INFO: [ app_init ] --START--
INFO: Run Behavior\BuildLiteBehavior [ RunTime:0.000250s ]
INFO: [ app_init ] --END-- [ RunTime:0.002380s ]
ERR: 无法加载模块:Public

[ 2016-04-06T22:50:20+08:00 ] ::1 /blog/Public/css/images/admin_photo/add_img.png
INFO: [ app_init ] --START--
INFO: Run Behavior\BuildLiteBehavior [ RunTime:0.000200s ]
INFO: [ app_init ] --END-- [ RunTime:0.001849s ]
ERR: 无法加载模块:Public

[ 2016-04-06T22:50:31+08:00 ] ::1 /blog/Public/css/images/delete_white.png
INFO: [ app_init ] --START--
INFO: Run Behavior\BuildLiteBehavior [ RunTime:0.000349s ]
INFO: [ app_init ] --END-- [ RunTime:0.002794s ]
ERR: 无法加载模块:Public

[ 2016-04-06T22:50:31+08:00 ] ::1 /blog/Public/css/images/bg.png
INFO: [ app_init ] --START--
INFO: Run Behavior\BuildLiteBehavior [ RunTime:0.000334s ]
INFO: [ app_init ] --END-- [ RunTime:0.003046s ]
ERR: 无法加载模块:Public

[ 2016-04-06T22:53:37+08:00 ] ::1 /blog/Public/js/skin/layer.css
INFO: [ app_init ] --START--
INFO: Run Behavior\BuildLiteBehavior [ RunTime:0.000346s ]
INFO: [ app_init ] --END-- [ RunTime:0.003059s ]
ERR: 无法加载模块:Public

[ 2016-04-06T22:53:38+08:00 ] ::1 /blog/Public/css/images/top-icons.png
INFO: [ app_init ] --START--
INFO: Run Behavior\BuildLiteBehavior [ RunTime:0.000199s ]
INFO: [ app_init ] --END-- [ RunTime:0.002088s ]
ERR: 无法加载模块:Public

[ 2016-04-06T22:53:41+08:00 ] ::1 /blog/Public/js/skin/layer.css
INFO: [ app_init ] --START--
INFO: Run Behavior\BuildLiteBehavior [ RunTime:0.000228s ]
INFO: [ app_init ] --END-- [ RunTime:0.002326s ]
ERR: 无法加载模块:Public

[ 2016-04-06T22:53:41+08:00 ] ::1 /blog/Public/css/images/top-icons.png
INFO: [ app_init ] --START--
INFO: Run Behavior\BuildLiteBehavior [ RunTime:0.000193s ]
INFO: [ app_init ] --END-- [ RunTime:0.001802s ]
ERR: 无法加载模块:Public

[ 2016-04-06T22:55:23+08:00 ] ::1 /blog/Public/js/skin/layer.css
INFO: [ app_init ] --START--
INFO: Run Behavior\BuildLiteBehavior [ RunTime:0.000373s ]
INFO: [ app_init ] --END-- [ RunTime:0.003320s ]
ERR: 无法加载模块:Public

[ 2016-04-06T22:55:23+08:00 ] ::1 /blog/Public/css/images/top-icons.png
INFO: [ app_init ] --START--
INFO: Run Behavior\BuildLiteBehavior [ RunTime:0.000195s ]
INFO: [ app_init ] --END-- [ RunTime:0.002060s ]
ERR: 无法加载模块:Public

[ 2016-04-06T23:02:43+08:00 ] ::1 /blog/Public/js/skin/layer.css
INFO: [ app_init ] --START--
INFO: Run Behavior\BuildLiteBehavior [ RunTime:0.000366s ]
INFO: [ app_init ] --END-- [ RunTime:0.003177s ]
ERR: 无法加载模块:Public

[ 2016-04-06T23:02:43+08:00 ] ::1 /blog/Public/css/images/top-icons.png
INFO: [ app_init ] --START--
INFO: Run Behavior\BuildLiteBehavior [ RunTime:0.000300s ]
INFO: [ app_init ] --END-- [ RunTime:0.002868s ]
ERR: 无法加载模块:Public

[ 2016-04-06T23:03:31+08:00 ] ::1 /blog/Public/js/skin/layer.css
INFO: [ app_init ] --START--
INFO: Run Behavior\BuildLiteBehavior [ RunTime:0.000374s ]
INFO: [ app_init ] --END-- [ RunTime:0.003337s ]
ERR: 无法加载模块:Public

[ 2016-04-06T23:03:32+08:00 ] ::1 /blog/Public/css/images/top-icons.png
INFO: [ app_init ] --START--
INFO: Run Behavior\BuildLiteBehavior [ RunTime:0.000198s ]
INFO: [ app_init ] --END-- [ RunTime:0.002226s ]
ERR: 无法加载模块:Public

[ 2016-04-06T23:03:46+08:00 ] ::1 /blog/Public/js/skin/layer.css
INFO: [ app_init ] --START--
INFO: Run Behavior\BuildLiteBehavior [ RunTime:0.000299s ]
INFO: [ app_init ] --END-- [ RunTime:0.003238s ]
ERR: 无法加载模块:Public

[ 2016-04-06T23:03:46+08:00 ] ::1 /blog/Public/css/images/top-icons.png
INFO: [ app_init ] --START--
INFO: Run Behavior\BuildLiteBehavior [ RunTime:0.000337s ]
INFO: [ app_init ] --END-- [ RunTime:0.003273s ]
ERR: 无法加载模块:Public

[ 2016-04-06T23:05:23+08:00 ] ::1 /blog/Public/js/skin/layer.css
INFO: [ app_init ] --START--
INFO: Run Behavior\BuildLiteBehavior [ RunTime:0.000368s ]
INFO: [ app_init ] --END-- [ RunTime:0.003578s ]
ERR: 无法加载模块:Public

[ 2016-04-06T23:05:23+08:00 ] ::1 /blog/Public/css/images/top-icons.png
INFO: [ app_init ] --START--
INFO: Run Behavior\BuildLiteBehavior [ RunTime:0.000216s ]
INFO: [ app_init ] --END-- [ RunTime:0.001872s ]
ERR: 无法加载模块:Public

[ 2016-04-06T23:05:57+08:00 ] ::1 /blog/Public/js/skin/layer.css
INFO: [ app_init ] --START--
INFO: Run Behavior\BuildLiteBehavior [ RunTime:0.000313s ]
INFO: [ app_init ] --END-- [ RunTime:0.003440s ]
ERR: 无法加载模块:Public

[ 2016-04-06T23:05:58+08:00 ] ::1 /blog/Public/css/images/top-icons.png
INFO: [ app_init ] --START--
INFO: Run Behavior\BuildLiteBehavior [ RunTime:0.000196s ]
INFO: [ app_init ] --END-- [ RunTime:0.001796s ]
ERR: 无法加载模块:Public

[ 2016-04-06T23:07:25+08:00 ] ::1 /blog/Public/js/skin/layer.css
INFO: [ app_init ] --START--
INFO: Run Behavior\BuildLiteBehavior [ RunTime:0.000343s ]
INFO: [ app_init ] --END-- [ RunTime:0.003069s ]
ERR: 无法加载模块:Public

[ 2016-04-06T23:07:25+08:00 ] ::1 /blog/Public/css/images/top-icons.png
INFO: [ app_init ] --START--
INFO: Run Behavior\BuildLiteBehavior [ RunTime:0.000291s ]
INFO: [ app_init ] --END-- [ RunTime:0.002727s ]
ERR: 无法加载模块:Public

[ 2016-04-06T23:09:01+08:00 ] ::1 /blog/Public/css/assets/js/jquery.min.map
INFO: [ app_init ] --START--
INFO: Run Behavior\BuildLiteBehavior [ RunTime:0.000334s ]
INFO: [ app_init ] --END-- [ RunTime:0.002567s ]
ERR: 无法加载模块:Public

[ 2016-04-06T23:12:02+08:00 ] ::1 /blog/Public/css/assets/js/jquery.min.map
INFO: [ app_init ] --START--
INFO: Run Behavior\BuildLiteBehavior [ RunTime:0.000194s ]
INFO: [ app_init ] --END-- [ RunTime:0.002158s ]
ERR: 无法加载模块:Public

[ 2016-04-06T23:15:57+08:00 ] ::1 /blog/Public/js/skin/layer.css
INFO: [ app_init ] --START--
INFO: Run Behavior\BuildLiteBehavior [ RunTime:0.000356s ]
INFO: [ app_init ] --END-- [ RunTime:0.004905s ]
ERR: 无法加载模块:Public

[ 2016-04-06T23:15:57+08:00 ] ::1 /blog/Public/css/assets/js/jquery.min.map
INFO: [ app_init ] --START--
INFO: Run Behavior\BuildLiteBehavior [ RunTime:0.000340s ]
INFO: [ app_init ] --END-- [ RunTime:0.003258s ]
ERR: 无法加载模块:Public

[ 2016-04-06T23:15:58+08:00 ] ::1 /blog/Public/css/images/top-icons.png
INFO: [ app_init ] --START--
INFO: Run Behavior\BuildLiteBehavior [ RunTime:0.000355s ]
INFO: [ app_init ] --END-- [ RunTime:0.003364s ]
ERR: 无法加载模块:Public

[ 2016-04-06T23:20:25+08:00 ] ::1 /blog/Public/css/assets/js/jquery.min.map
INFO: [ app_init ] --START--
INFO: Run Behavior\BuildLiteBehavior [ RunTime:0.000258s ]
INFO: [ app_init ] --END-- [ RunTime:0.002573s ]
ERR: 无法加载模块:Public

[ 2016-04-06T23:23:34+08:00 ] ::1 /blog/Public/js/skin/layer.css
INFO: [ app_init ] --START--
INFO: Run Behavior\BuildLiteBehavior [ RunTime:0.000349s ]
INFO: [ app_init ] --END-- [ RunTime:0.003199s ]
ERR: 无法加载模块:Public

[ 2016-04-06T23:23:34+08:00 ] ::1 /blog/Public/css/images/top-icons.png
INFO: [ app_init ] --START--
INFO: Run Behavior\BuildLiteBehavior [ RunTime:0.000198s ]
INFO: [ app_init ] --END-- [ RunTime:0.001866s ]
ERR: 无法加载模块:Public

[ 2016-04-06T23:27:55+08:00 ] ::1 /blog/Public/js/skin/layer.css
INFO: [ app_init ] --START--
INFO: Run Behavior\BuildLiteBehavior [ RunTime:0.000325s ]
INFO: [ app_init ] --END-- [ RunTime:0.002844s ]
ERR: 无法加载模块:Public

[ 2016-04-06T23:27:56+08:00 ] ::1 /blog/Public/css/images/top-icons.png
INFO: [ app_init ] --START--
INFO: Run Behavior\BuildLiteBehavior [ RunTime:0.000334s ]
INFO: [ app_init ] --END-- [ RunTime:0.002166s ]
ERR: 无法加载模块:Public

[ 2016-04-06T23:30:28+08:00 ] ::1 /blog/Public/js/skin/layer.css
INFO: [ app_init ] --START--
INFO: Run Behavior\BuildLiteBehavior [ RunTime:0.000346s ]
INFO: [ app_init ] --END-- [ RunTime:0.003319s ]
ERR: 无法加载模块:Public

[ 2016-04-06T23:30:29+08:00 ] ::1 /blog/Public/css/images/top-icons.png
INFO: [ app_init ] --START--
INFO: Run Behavior\BuildLiteBehavior [ RunTime:0.000197s ]
INFO: [ app_init ] --END-- [ RunTime:0.001909s ]
ERR: 无法加载模块:Public

[ 2016-04-06T23:35:32+08:00 ] ::1 /blog/Public/js/skin/layer.css
INFO: [ app_init ] --START--
INFO: Run Behavior\BuildLiteBehavior [ RunTime:0.000363s ]
INFO: [ app_init ] --END-- [ RunTime:0.003344s ]
ERR: 无法加载模块:Public

[ 2016-04-06T23:35:32+08:00 ] ::1 /blog/Public/css/images/top-icons.png
INFO: [ app_init ] --START--
INFO: Run Behavior\BuildLiteBehavior [ RunTime:0.000192s ]
INFO: [ app_init ] --END-- [ RunTime:0.001916s ]
ERR: 无法加载模块:Public

[ 2016-04-06T23:55:29+08:00 ] ::1 /blog/Public/js/skin/layer.css
INFO: [ app_init ] --START--
INFO: Run Behavior\BuildLiteBehavior [ RunTime:0.000345s ]
INFO: [ app_init ] --END-- [ RunTime:0.003460s ]
ERR: 无法加载模块:Public

[ 2016-04-06T23:55:30+08:00 ] ::1 /blog/Public/css/images/top-icons.png
INFO: [ app_init ] --START--
INFO: Run Behavior\BuildLiteBehavior [ RunTime:0.000208s ]
INFO: [ app_init ] --END-- [ RunTime:0.001977s ]
ERR: 无法加载模块:Public

