[ 2016-03-29T20:07:34+08:00 ] ::1 /blog/Public/image/bg03.jpg
INFO: [ app_init ] --START--
INFO: Run Behavior\BuildLiteBehavior [ RunTime:0.000535s ]
INFO: [ app_init ] --END-- [ RunTime:0.004371s ]
ERR: 无法加载模块:Public

[ 2016-03-29T20:07:34+08:00 ] ::1 /blog/Public/image/center.png
INFO: [ app_init ] --START--
INFO: Run Behavior\BuildLiteBehavior [ RunTime:0.000221s ]
INFO: [ app_init ] --END-- [ RunTime:0.002232s ]
ERR: 无法加载模块:Public

[ 2016-03-29T20:07:34+08:00 ] ::1 /blog/Public/image/huabian.png
INFO: [ app_init ] --START--
INFO: Run Behavior\BuildLiteBehavior [ RunTime:0.000224s ]
INFO: [ app_init ] --END-- [ RunTime:0.002299s ]
ERR: 无法加载模块:Public

[ 2016-03-29T20:08:57+08:00 ] ::1 /blog/Public/image/huabian.png
INFO: [ app_init ] --START--
INFO: Run Behavior\BuildLiteBehavior [ RunTime:0.000270s ]
INFO: [ app_init ] --END-- [ RunTime:0.002615s ]
ERR: 无法加载模块:Public

[ 2016-03-29T20:08:57+08:00 ] ::1 /blog/Public/image/bg03.jpg
INFO: [ app_init ] --START--
INFO: Run Behavior\BuildLiteBehavior [ RunTime:0.000492s ]
INFO: [ app_init ] --END-- [ RunTime:0.004360s ]
ERR: 无法加载模块:Public

[ 2016-03-29T20:09:03+08:00 ] ::1 /blog/Public/image/center.png
INFO: [ app_init ] --START--
INFO: Run Behavior\BuildLiteBehavior [ RunTime:0.000287s ]
INFO: [ app_init ] --END-- [ RunTime:0.002816s ]
ERR: 无法加载模块:Public

[ 2016-03-29T20:09:54+08:00 ] ::1 /blog/Public/image/bg03.jpg
INFO: [ app_init ] --START--
INFO: Run Behavior\BuildLiteBehavior [ RunTime:0.000377s ]
INFO: [ app_init ] --END-- [ RunTime:0.003324s ]
ERR: 无法加载模块:Public

[ 2016-03-29T20:09:54+08:00 ] ::1 /blog/Public/image/huabian.png
INFO: [ app_init ] --START--
INFO: Run Behavior\BuildLiteBehavior [ RunTime:0.000429s ]
INFO: [ app_init ] --END-- [ RunTime:0.003922s ]
ERR: 无法加载模块:Public

[ 2016-03-29T20:09:54+08:00 ] ::1 /blog/Public/image/center.png
INFO: [ app_init ] --START--
INFO: Run Behavior\BuildLiteBehavior [ RunTime:0.000374s ]
INFO: [ app_init ] --END-- [ RunTime:0.003215s ]
ERR: 无法加载模块:Public

[ 2016-03-29T20:12:07+08:00 ] ::1 /blog/Public/image/bg03.jpg
INFO: [ app_init ] --START--
INFO: Run Behavior\BuildLiteBehavior [ RunTime:0.000401s ]
INFO: [ app_init ] --END-- [ RunTime:0.003662s ]
ERR: 无法加载模块:Public

[ 2016-03-29T20:12:07+08:00 ] ::1 /blog/Public/image/center.png
INFO: [ app_init ] --START--
INFO: Run Behavior\BuildLiteBehavior [ RunTime:0.000464s ]
INFO: [ app_init ] --END-- [ RunTime:0.005186s ]
ERR: 无法加载模块:Public

[ 2016-03-29T20:12:07+08:00 ] ::1 /blog/Public/image/huabian.png
INFO: [ app_init ] --START--
INFO: Run Behavior\BuildLiteBehavior [ RunTime:0.000363s ]
INFO: [ app_init ] --END-- [ RunTime:0.003464s ]
ERR: 无法加载模块:Public

[ 2016-03-29T20:12:16+08:00 ] ::1 /blog/Public/image/bg03.jpg
INFO: [ app_init ] --START--
INFO: Run Behavior\BuildLiteBehavior [ RunTime:0.000370s ]
INFO: [ app_init ] --END-- [ RunTime:0.003868s ]
ERR: 无法加载模块:Public

[ 2016-03-29T20:12:40+08:00 ] ::1 /blog/Public/image/bg03.jpg
INFO: [ app_init ] --START--
INFO: Run Behavior\BuildLiteBehavior [ RunTime:0.000214s ]
INFO: [ app_init ] --END-- [ RunTime:0.002365s ]
ERR: 无法加载模块:Public

[ 2016-03-29T20:13:05+08:00 ] ::1 /blog/Public/image/huabian.png
INFO: [ app_init ] --START--
INFO: Run Behavior\BuildLiteBehavior [ RunTime:0.000214s ]
INFO: [ app_init ] --END-- [ RunTime:0.002825s ]
ERR: 无法加载模块:Public

[ 2016-03-29T20:13:05+08:00 ] ::1 /blog/Public/image/bg03.jpg
INFO: [ app_init ] --START--
INFO: Run Behavior\BuildLiteBehavior [ RunTime:0.000379s ]
INFO: [ app_init ] --END-- [ RunTime:0.002907s ]
ERR: 无法加载模块:Public

[ 2016-03-29T20:13:05+08:00 ] ::1 /blog/Public/image/center.png
INFO: [ app_init ] --START--
INFO: Run Behavior\BuildLiteBehavior [ RunTime:0.000209s ]
INFO: [ app_init ] --END-- [ RunTime:0.002156s ]
ERR: 无法加载模块:Public

[ 2016-03-29T20:13:07+08:00 ] ::1 /blog/Public/image/bg03.jpg
INFO: [ app_init ] --START--
INFO: Run Behavior\BuildLiteBehavior [ RunTime:0.000211s ]
INFO: [ app_init ] --END-- [ RunTime:0.002085s ]
ERR: 无法加载模块:Public

[ 2016-03-29T20:13:14+08:00 ] ::1 /blog/Public/image/huabian.png
INFO: [ app_init ] --START--
INFO: Run Behavior\BuildLiteBehavior [ RunTime:0.000203s ]
INFO: [ app_init ] --END-- [ RunTime:0.002390s ]
ERR: 无法加载模块:Public

[ 2016-03-29T20:13:14+08:00 ] ::1 /blog/Public/image/center.png
INFO: [ app_init ] --START--
INFO: Run Behavior\BuildLiteBehavior [ RunTime:0.000374s ]
INFO: [ app_init ] --END-- [ RunTime:0.003155s ]
ERR: 无法加载模块:Public

