[ 2016-04-12T08:02:25+08:00 ] ::1 /blog/Public/js/skin/layer.css
INFO: [ app_init ] --START--
INFO: Run Behavior\BuildLiteBehavior [ RunTime:0.000209s ]
INFO: [ app_init ] --END-- [ RunTime:0.002196s ]
ERR: 无法加载模块:Public

[ 2016-04-12T08:02:26+08:00 ] ::1 /blog/Public/css/images/top-icons.png
INFO: [ app_init ] --START--
INFO: Run Behavior\BuildLiteBehavior [ RunTime:0.000556s ]
INFO: [ app_init ] --END-- [ RunTime:0.008117s ]
ERR: 无法加载模块:Public

[ 2016-04-12T08:02:33+08:00 ] ::1 /blog/Public/js/skin/layer.css
INFO: [ app_init ] --START--
INFO: Run Behavior\BuildLiteBehavior [ RunTime:0.000204s ]
INFO: [ app_init ] --END-- [ RunTime:0.002253s ]
ERR: 无法加载模块:Public

[ 2016-04-12T08:02:34+08:00 ] ::1 /blog/Public/css/images/top-icons.png
INFO: [ app_init ] --START--
INFO: Run Behavior\BuildLiteBehavior [ RunTime:0.000202s ]
INFO: [ app_init ] --END-- [ RunTime:0.002268s ]
ERR: 无法加载模块:Public

[ 2016-04-12T08:03:03+08:00 ] ::1 /blog/Public/js/skin/layer.css
INFO: [ app_init ] --START--
INFO: Run Behavior\BuildLiteBehavior [ RunTime:0.000220s ]
INFO: [ app_init ] --END-- [ RunTime:0.002695s ]
ERR: 无法加载模块:Public

[ 2016-04-12T08:03:03+08:00 ] ::1 /blog/Public/css/images/top-icons.png
INFO: [ app_init ] --START--
INFO: Run Behavior\BuildLiteBehavior [ RunTime:0.000344s ]
INFO: [ app_init ] --END-- [ RunTime:0.003510s ]
ERR: 无法加载模块:Public

[ 2016-04-12T21:10:25+08:00 ] ::1 /blog/Public/js/skin/layer.css
INFO: [ app_init ] --START--
INFO: Run Behavior\BuildLiteBehavior [ RunTime:0.000201s ]
INFO: [ app_init ] --END-- [ RunTime:0.001942s ]
ERR: 无法加载模块:Public

[ 2016-04-12T21:10:26+08:00 ] ::1 /blog/Public/css/images/top-icons.png
INFO: [ app_init ] --START--
INFO: Run Behavior\BuildLiteBehavior [ RunTime:0.000440s ]
INFO: [ app_init ] --END-- [ RunTime:0.003911s ]
ERR: 无法加载模块:Public

[ 2016-04-12T21:10:56+08:00 ] ::1 /blog/Public/images/bodyBg.jpg
INFO: [ app_init ] --START--
INFO: Run Behavior\BuildLiteBehavior [ RunTime:0.000332s ]
INFO: [ app_init ] --END-- [ RunTime:0.003223s ]
ERR: 无法加载模块:Public

[ 2016-04-12T21:10:56+08:00 ] ::1 /blog/Public/images/bodyBg3.jpg
INFO: [ app_init ] --START--
INFO: Run Behavior\BuildLiteBehavior [ RunTime:0.000218s ]
INFO: [ app_init ] --END-- [ RunTime:0.002044s ]
ERR: 无法加载模块:Public

[ 2016-04-12T21:21:37+08:00 ] ::1 /blog/Public/images/admin_photo/edit_white.png
INFO: [ app_init ] --START--
INFO: Run Behavior\BuildLiteBehavior [ RunTime:0.000378s ]
INFO: [ app_init ] --END-- [ RunTime:0.003241s ]
ERR: 无法加载模块:Public

[ 2016-04-12T21:21:58+08:00 ] ::1 /blog/Public/images/admin_photo/edit_white.png
INFO: [ app_init ] --START--
INFO: Run Behavior\BuildLiteBehavior [ RunTime:0.000345s ]
INFO: [ app_init ] --END-- [ RunTime:0.002712s ]
ERR: 无法加载模块:Public

[ 2016-04-12T21:22:26+08:00 ] ::1 /blog/Public/js/skin/layer.css
INFO: [ app_init ] --START--
INFO: Run Behavior\BuildLiteBehavior [ RunTime:0.000448s ]
INFO: [ app_init ] --END-- [ RunTime:0.009861s ]
ERR: 无法加载模块:Public

[ 2016-04-12T21:22:27+08:00 ] ::1 /blog/Public/css/images/top-icons.png
INFO: [ app_init ] --START--
INFO: Run Behavior\BuildLiteBehavior [ RunTime:0.000332s ]
INFO: [ app_init ] --END-- [ RunTime:0.002839s ]
ERR: 无法加载模块:Public

[ 2016-04-12T21:22:36+08:00 ] ::1 /blog/Public/images/admin_photo/edit_white.png
INFO: [ app_init ] --START--
INFO: Run Behavior\BuildLiteBehavior [ RunTime:0.000335s ]
INFO: [ app_init ] --END-- [ RunTime:0.003234s ]
ERR: 无法加载模块:Public

[ 2016-04-12T21:27:22+08:00 ] ::1 /blog/Public/images/admin_photo/edit_white.png
INFO: [ app_init ] --START--
INFO: Run Behavior\BuildLiteBehavior [ RunTime:0.000214s ]
INFO: [ app_init ] --END-- [ RunTime:0.002564s ]
ERR: 无法加载模块:Public

[ 2016-04-12T21:28:57+08:00 ] ::1 /blog/Public/images/admin_photo/edit_white.png
INFO: [ app_init ] --START--
INFO: Run Behavior\BuildLiteBehavior [ RunTime:0.000213s ]
INFO: [ app_init ] --END-- [ RunTime:0.002478s ]
ERR: 无法加载模块:Public

[ 2016-04-12T21:44:55+08:00 ] ::1 /blog/Public/images/bodyBg3.jpg
INFO: [ app_init ] --START--
INFO: Run Behavior\BuildLiteBehavior [ RunTime:0.000390s ]
INFO: [ app_init ] --END-- [ RunTime:0.004245s ]
ERR: 无法加载模块:Public

[ 2016-04-12T21:44:57+08:00 ] ::1 /blog/Public/images/bodyBg.jpg
INFO: [ app_init ] --START--
INFO: Run Behavior\BuildLiteBehavior [ RunTime:0.000337s ]
INFO: [ app_init ] --END-- [ RunTime:0.003462s ]
ERR: 无法加载模块:Public

[ 2016-04-12T21:46:00+08:00 ] ::1 /blog/Public/images/bodyBg3.jpg
INFO: [ app_init ] --START--
INFO: Run Behavior\BuildLiteBehavior [ RunTime:0.000203s ]
INFO: [ app_init ] --END-- [ RunTime:0.002663s ]
ERR: 无法加载模块:Public

[ 2016-04-12T21:46:00+08:00 ] ::1 /blog/Public/images/bodyBg.jpg
INFO: [ app_init ] --START--
INFO: Run Behavior\BuildLiteBehavior [ RunTime:0.000389s ]
INFO: [ app_init ] --END-- [ RunTime:0.003633s ]
ERR: 无法加载模块:Public

[ 2016-04-12T21:48:36+08:00 ] ::1 /blog/Public/images/bodyBg.jpg
INFO: [ app_init ] --START--
INFO: Run Behavior\BuildLiteBehavior [ RunTime:0.000203s ]
INFO: [ app_init ] --END-- [ RunTime:0.001995s ]
ERR: 无法加载模块:Public

[ 2016-04-12T21:48:36+08:00 ] ::1 /blog/Public/images/bodyBg3.jpg
INFO: [ app_init ] --START--
INFO: Run Behavior\BuildLiteBehavior [ RunTime:0.000232s ]
INFO: [ app_init ] --END-- [ RunTime:0.001986s ]
ERR: 无法加载模块:Public

[ 2016-04-12T21:49:24+08:00 ] ::1 /blog/Public/images/bodyBg.jpg
INFO: [ app_init ] --START--
INFO: Run Behavior\BuildLiteBehavior [ RunTime:0.000198s ]
INFO: [ app_init ] --END-- [ RunTime:0.001992s ]
ERR: 无法加载模块:Public

[ 2016-04-12T21:49:24+08:00 ] ::1 /blog/Public/images/bodyBg3.jpg
INFO: [ app_init ] --START--
INFO: Run Behavior\BuildLiteBehavior [ RunTime:0.000205s ]
INFO: [ app_init ] --END-- [ RunTime:0.002099s ]
ERR: 无法加载模块:Public

[ 2016-04-12T21:50:30+08:00 ] ::1 /blog/Public/images/bodyBg.jpg
INFO: [ app_init ] --START--
INFO: Run Behavior\BuildLiteBehavior [ RunTime:0.000450s ]
INFO: [ app_init ] --END-- [ RunTime:0.003792s ]
ERR: 无法加载模块:Public

[ 2016-04-12T21:50:30+08:00 ] ::1 /blog/Public/images/bodyBg3.jpg
INFO: [ app_init ] --START--
INFO: Run Behavior\BuildLiteBehavior [ RunTime:0.000201s ]
INFO: [ app_init ] --END-- [ RunTime:0.002063s ]
ERR: 无法加载模块:Public

[ 2016-04-12T21:51:52+08:00 ] ::1 /blog/Public/images/bodyBg.jpg
INFO: [ app_init ] --START--
INFO: Run Behavior\BuildLiteBehavior [ RunTime:0.000408s ]
INFO: [ app_init ] --END-- [ RunTime:0.003658s ]
ERR: 无法加载模块:Public

[ 2016-04-12T21:51:52+08:00 ] ::1 /blog/Public/images/bodyBg3.jpg
INFO: [ app_init ] --START--
INFO: Run Behavior\BuildLiteBehavior [ RunTime:0.000364s ]
INFO: [ app_init ] --END-- [ RunTime:0.003019s ]
ERR: 无法加载模块:Public

[ 2016-04-12T21:55:29+08:00 ] ::1 /blog/Public/js/skin/layer.css
INFO: [ app_init ] --START--
INFO: Run Behavior\BuildLiteBehavior [ RunTime:0.003221s ]
INFO: [ app_init ] --END-- [ RunTime:0.007039s ]
ERR: 无法加载模块:Public

[ 2016-04-12T21:55:30+08:00 ] ::1 /blog/Public/css/images/top-icons.png
INFO: [ app_init ] --START--
INFO: Run Behavior\BuildLiteBehavior [ RunTime:0.000492s ]
INFO: [ app_init ] --END-- [ RunTime:0.004000s ]
ERR: 无法加载模块:Public

[ 2016-04-12T21:56:28+08:00 ] ::1 /blog/Public/images/bodyBg3.jpg
INFO: [ app_init ] --START--
INFO: Run Behavior\BuildLiteBehavior [ RunTime:0.000415s ]
INFO: [ app_init ] --END-- [ RunTime:0.003383s ]
ERR: 无法加载模块:Public

[ 2016-04-12T21:56:28+08:00 ] ::1 /blog/Public/images/bodyBg.jpg
INFO: [ app_init ] --START--
INFO: Run Behavior\BuildLiteBehavior [ RunTime:0.000369s ]
INFO: [ app_init ] --END-- [ RunTime:0.003450s ]
ERR: 无法加载模块:Public

[ 2016-04-12T21:56:56+08:00 ] ::1 /blog/Public/images/bodyBg.jpg
INFO: [ app_init ] --START--
INFO: Run Behavior\BuildLiteBehavior [ RunTime:0.000203s ]
INFO: [ app_init ] --END-- [ RunTime:0.002249s ]
ERR: 无法加载模块:Public

[ 2016-04-12T21:56:56+08:00 ] ::1 /blog/Public/images/bodyBg3.jpg
INFO: [ app_init ] --START--
INFO: Run Behavior\BuildLiteBehavior [ RunTime:0.000199s ]
INFO: [ app_init ] --END-- [ RunTime:0.001952s ]
ERR: 无法加载模块:Public

[ 2016-04-12T21:58:05+08:00 ] ::1 /blog/Public/images/bodyBg.jpg
INFO: [ app_init ] --START--
INFO: Run Behavior\BuildLiteBehavior [ RunTime:0.000313s ]
INFO: [ app_init ] --END-- [ RunTime:0.002394s ]
ERR: 无法加载模块:Public

[ 2016-04-12T21:58:05+08:00 ] ::1 /blog/Public/images/bodyBg3.jpg
INFO: [ app_init ] --START--
INFO: Run Behavior\BuildLiteBehavior [ RunTime:0.000253s ]
INFO: [ app_init ] --END-- [ RunTime:0.002530s ]
ERR: 无法加载模块:Public

[ 2016-04-12T21:58:06+08:00 ] ::1 /blog/Public/images/bodyBg3.jpg
INFO: [ app_init ] --START--
INFO: Run Behavior\BuildLiteBehavior [ RunTime:0.000199s ]
INFO: [ app_init ] --END-- [ RunTime:0.002009s ]
ERR: 无法加载模块:Public

[ 2016-04-12T21:58:06+08:00 ] ::1 /blog/Public/images/bodyBg.jpg
INFO: [ app_init ] --START--
INFO: Run Behavior\BuildLiteBehavior [ RunTime:0.000200s ]
INFO: [ app_init ] --END-- [ RunTime:0.002045s ]
ERR: 无法加载模块:Public

[ 2016-04-12T21:58:08+08:00 ] ::1 /blog/Public/images/bodyBg.jpg
INFO: [ app_init ] --START--
INFO: Run Behavior\BuildLiteBehavior [ RunTime:0.000245s ]
INFO: [ app_init ] --END-- [ RunTime:0.002882s ]
ERR: 无法加载模块:Public

[ 2016-04-12T21:58:08+08:00 ] ::1 /blog/Public/images/bodyBg3.jpg
INFO: [ app_init ] --START--
INFO: Run Behavior\BuildLiteBehavior [ RunTime:0.000245s ]
INFO: [ app_init ] --END-- [ RunTime:0.002711s ]
ERR: 无法加载模块:Public

[ 2016-04-12T21:58:09+08:00 ] ::1 /blog/Public/images/bodyBg3.jpg
INFO: [ app_init ] --START--
INFO: Run Behavior\BuildLiteBehavior [ RunTime:0.000211s ]
INFO: [ app_init ] --END-- [ RunTime:0.002588s ]
ERR: 无法加载模块:Public

[ 2016-04-12T21:58:09+08:00 ] ::1 /blog/Public/images/bodyBg.jpg
INFO: [ app_init ] --START--
INFO: Run Behavior\BuildLiteBehavior [ RunTime:0.000235s ]
INFO: [ app_init ] --END-- [ RunTime:0.002489s ]
ERR: 无法加载模块:Public

[ 2016-04-12T21:58:49+08:00 ] ::1 /blog/Public/images/bodyBg.jpg
INFO: [ app_init ] --START--
INFO: Run Behavior\BuildLiteBehavior [ RunTime:0.000201s ]
INFO: [ app_init ] --END-- [ RunTime:0.002066s ]
ERR: 无法加载模块:Public

[ 2016-04-12T21:58:49+08:00 ] ::1 /blog/Public/images/bodyBg3.jpg
INFO: [ app_init ] --START--
INFO: Run Behavior\BuildLiteBehavior [ RunTime:0.000204s ]
INFO: [ app_init ] --END-- [ RunTime:0.002141s ]
ERR: 无法加载模块:Public

[ 2016-04-12T22:02:02+08:00 ] ::1 /blog/Public/images/bodyBg.jpg
INFO: [ app_init ] --START--
INFO: Run Behavior\BuildLiteBehavior [ RunTime:0.000359s ]
INFO: [ app_init ] --END-- [ RunTime:0.003115s ]
ERR: 无法加载模块:Public

[ 2016-04-12T22:02:02+08:00 ] ::1 /blog/Public/images/bodyBg3.jpg
INFO: [ app_init ] --START--
INFO: Run Behavior\BuildLiteBehavior [ RunTime:0.000281s ]
INFO: [ app_init ] --END-- [ RunTime:0.003037s ]
ERR: 无法加载模块:Public

[ 2016-04-12T22:02:39+08:00 ] ::1 /blog/Public/images/bodyBg.jpg
INFO: [ app_init ] --START--
INFO: Run Behavior\BuildLiteBehavior [ RunTime:0.000199s ]
INFO: [ app_init ] --END-- [ RunTime:0.002278s ]
ERR: 无法加载模块:Public

[ 2016-04-12T22:02:40+08:00 ] ::1 /blog/Public/images/bodyBg3.jpg
INFO: [ app_init ] --START--
INFO: Run Behavior\BuildLiteBehavior [ RunTime:0.000204s ]
INFO: [ app_init ] --END-- [ RunTime:0.002173s ]
ERR: 无法加载模块:Public

[ 2016-04-12T22:02:56+08:00 ] ::1 /blog/Public/js/skin/layer.css
INFO: [ app_init ] --START--
INFO: Run Behavior\BuildLiteBehavior [ RunTime:0.000373s ]
INFO: [ app_init ] --END-- [ RunTime:0.003643s ]
ERR: 无法加载模块:Public

[ 2016-04-12T22:02:58+08:00 ] ::1 /blog/Public/css/images/top-icons.png
INFO: [ app_init ] --START--
INFO: Run Behavior\BuildLiteBehavior [ RunTime:0.000205s ]
INFO: [ app_init ] --END-- [ RunTime:0.002247s ]
ERR: 无法加载模块:Public

[ 2016-04-12T22:03:07+08:00 ] ::1 /blog/Public/images/bodyBg.jpg
INFO: [ app_init ] --START--
INFO: Run Behavior\BuildLiteBehavior [ RunTime:0.000207s ]
INFO: [ app_init ] --END-- [ RunTime:0.002148s ]
ERR: 无法加载模块:Public

[ 2016-04-12T22:03:07+08:00 ] ::1 /blog/Public/images/bodyBg3.jpg
INFO: [ app_init ] --START--
INFO: Run Behavior\BuildLiteBehavior [ RunTime:0.000354s ]
INFO: [ app_init ] --END-- [ RunTime:0.004226s ]
ERR: 无法加载模块:Public

[ 2016-04-12T22:23:06+08:00 ] ::1 /blog/Public/js/skin/layer.css
INFO: [ app_init ] --START--
INFO: Run Behavior\BuildLiteBehavior [ RunTime:0.000203s ]
INFO: [ app_init ] --END-- [ RunTime:0.002149s ]
ERR: 无法加载模块:Public

[ 2016-04-12T22:23:07+08:00 ] ::1 /blog/Public/css/images/top-icons.png
INFO: [ app_init ] --START--
INFO: Run Behavior\BuildLiteBehavior [ RunTime:0.000201s ]
INFO: [ app_init ] --END-- [ RunTime:0.002175s ]
ERR: 无法加载模块:Public

[ 2016-04-12T22:27:29+08:00 ] ::1 /blog/Public/js/skin/layer.css
INFO: [ app_init ] --START--
INFO: Run Behavior\BuildLiteBehavior [ RunTime:0.000373s ]
INFO: [ app_init ] --END-- [ RunTime:0.003857s ]
ERR: 无法加载模块:Public

[ 2016-04-12T22:27:29+08:00 ] ::1 /blog/Public/css/images/top-icons.png
INFO: [ app_init ] --START--
INFO: Run Behavior\BuildLiteBehavior [ RunTime:0.000204s ]
INFO: [ app_init ] --END-- [ RunTime:0.002108s ]
ERR: 无法加载模块:Public

[ 2016-04-12T22:29:57+08:00 ] ::1 /blog/Public/js/skin/layer.css
INFO: [ app_init ] --START--
INFO: Run Behavior\BuildLiteBehavior [ RunTime:0.000200s ]
INFO: [ app_init ] --END-- [ RunTime:0.001953s ]
ERR: 无法加载模块:Public

[ 2016-04-12T22:30:00+08:00 ] ::1 /blog/Public/css/images/top-icons.png
INFO: [ app_init ] --START--
INFO: Run Behavior\BuildLiteBehavior [ RunTime:0.000233s ]
INFO: [ app_init ] --END-- [ RunTime:0.002284s ]
ERR: 无法加载模块:Public

[ 2016-04-12T22:39:54+08:00 ] ::1 /blog/Public/js/skin/layer.css
INFO: [ app_init ] --START--
INFO: Run Behavior\BuildLiteBehavior [ RunTime:0.000411s ]
INFO: [ app_init ] --END-- [ RunTime:0.003413s ]
ERR: 无法加载模块:Public

[ 2016-04-12T22:39:55+08:00 ] ::1 /blog/Public/css/images/top-icons.png
INFO: [ app_init ] --START--
INFO: Run Behavior\BuildLiteBehavior [ RunTime:0.000311s ]
INFO: [ app_init ] --END-- [ RunTime:0.002200s ]
ERR: 无法加载模块:Public

[ 2016-04-12T22:51:54+08:00 ] ::1 /blog/Public/js/skin/layer.css
INFO: [ app_init ] --START--
INFO: Run Behavior\BuildLiteBehavior [ RunTime:0.000237s ]
INFO: [ app_init ] --END-- [ RunTime:0.003458s ]
ERR: 无法加载模块:Public

[ 2016-04-12T22:51:55+08:00 ] ::1 /blog/Public/css/images/top-icons.png
INFO: [ app_init ] --START--
INFO: Run Behavior\BuildLiteBehavior [ RunTime:0.000203s ]
INFO: [ app_init ] --END-- [ RunTime:0.002395s ]
ERR: 无法加载模块:Public

[ 2016-04-12T22:54:36+08:00 ] ::1 /blog/Public/js/skin/layer.css
INFO: [ app_init ] --START--
INFO: Run Behavior\BuildLiteBehavior [ RunTime:0.000350s ]
INFO: [ app_init ] --END-- [ RunTime:0.004033s ]
ERR: 无法加载模块:Public

[ 2016-04-12T22:54:37+08:00 ] ::1 /blog/Public/css/images/top-icons.png
INFO: [ app_init ] --START--
INFO: Run Behavior\BuildLiteBehavior [ RunTime:0.000371s ]
INFO: [ app_init ] --END-- [ RunTime:0.003707s ]
ERR: 无法加载模块:Public

[ 2016-04-12T23:16:19+08:00 ] ::1 /blog/Public/js/skin/layer.css
INFO: [ app_init ] --START--
INFO: Run Behavior\BuildLiteBehavior [ RunTime:0.000198s ]
INFO: [ app_init ] --END-- [ RunTime:0.001985s ]
ERR: 无法加载模块:Public

[ 2016-04-12T23:16:20+08:00 ] ::1 /blog/Public/css/images/top-icons.png
INFO: [ app_init ] --START--
INFO: Run Behavior\BuildLiteBehavior [ RunTime:0.000202s ]
INFO: [ app_init ] --END-- [ RunTime:0.001932s ]
ERR: 无法加载模块:Public

[ 2016-04-12T23:25:12+08:00 ] ::1 /blog/Public/js/skin/layer.css
INFO: [ app_init ] --START--
INFO: Run Behavior\BuildLiteBehavior [ RunTime:0.000399s ]
INFO: [ app_init ] --END-- [ RunTime:0.003500s ]
ERR: 无法加载模块:Public

[ 2016-04-12T23:25:13+08:00 ] ::1 /blog/Public/css/images/top-icons.png
INFO: [ app_init ] --START--
INFO: Run Behavior\BuildLiteBehavior [ RunTime:0.000206s ]
INFO: [ app_init ] --END-- [ RunTime:0.002037s ]
ERR: 无法加载模块:Public

[ 2016-04-12T23:29:26+08:00 ] ::1 /blog/Public/js/skin/layer.css
INFO: [ app_init ] --START--
INFO: Run Behavior\BuildLiteBehavior [ RunTime:0.000408s ]
INFO: [ app_init ] --END-- [ RunTime:0.003776s ]
ERR: 无法加载模块:Public

[ 2016-04-12T23:29:27+08:00 ] ::1 /blog/Public/css/images/top-icons.png
INFO: [ app_init ] --START--
INFO: Run Behavior\BuildLiteBehavior [ RunTime:0.000363s ]
INFO: [ app_init ] --END-- [ RunTime:0.003220s ]
ERR: 无法加载模块:Public

