[ 2016-03-30T21:43:40+08:00 ] ::1 /blog/index.php/Home/Login/index
INFO: [ app_init ] --START--
INFO: Run Behavior\BuildLiteBehavior [ RunTime:0.000291s ]
INFO: [ app_init ] --END-- [ RunTime:0.003062s ]
INFO: [ app_begin ] --START--
INFO: Run Behavior\ReadHtmlCacheBehavior [ RunTime:0.002371s ]
INFO: [ app_begin ] --END-- [ RunTime:0.003997s ]
INFO: [ view_parse ] --START--
INFO: [ template_filter ] --START--
INFO: Run Behavior\ContentReplaceBehavior [ RunTime:0.000666s ]
INFO: [ template_filter ] --END-- [ RunTime:0.001959s ]
INFO: Run Behavior\ParseTemplateBehavior [ RunTime:0.042966s ]
INFO: [ view_parse ] --END-- [ RunTime:0.044091s ]
INFO: [ view_filter ] --START--
INFO: Run Behavior\WriteHtmlCacheBehavior [ RunTime:0.001222s ]
INFO: [ view_filter ] --END-- [ RunTime:0.002305s ]
INFO: [ app_end ] --START--
INFO: Run Behavior\ShowPageTraceBehavior [ RunTime:0.001482s ]
INFO: [ app_end ] --END-- [ RunTime:0.002658s ]

[ 2016-03-30T21:43:40+08:00 ] ::1 /blog/index.php/Home/Login/__ROOT/Public/css/jquery.idealforms.min.css
INFO: [ app_init ] --START--
INFO: Run Behavior\BuildLiteBehavior [ RunTime:0.000221s ]
INFO: [ app_init ] --END-- [ RunTime:0.002402s ]
INFO: [ app_begin ] --START--
INFO: Run Behavior\ReadHtmlCacheBehavior [ RunTime:0.001351s ]
INFO: [ app_begin ] --END-- [ RunTime:0.002535s ]
ERR: 非法操作:__ROOT
NOTIC: [2] Cannot modify header information - headers already sent by (output started at F:\PHP\WWW\blog\ThinkPHP\Common\functions.php:102) F:\PHP\WWW\blog\ThinkPHP\Library\Think\Think.class.php 第 229 行.
NOTIC: [2] Cannot modify header information - headers already sent by (output started at F:\PHP\WWW\blog\ThinkPHP\Common\functions.php:102) F:\PHP\WWW\blog\ThinkPHP\Library\Think\Think.class.php 第 230 行.

[ 2016-03-30T21:43:41+08:00 ] ::1 /blog/index.php/Home/Login/__ROOT/Public/css/jquery.ui.css
INFO: [ app_init ] --START--
INFO: Run Behavior\BuildLiteBehavior [ RunTime:0.000204s ]
INFO: [ app_init ] --END-- [ RunTime:0.002165s ]
INFO: [ app_begin ] --START--
INFO: Run Behavior\ReadHtmlCacheBehavior [ RunTime:0.001788s ]
INFO: [ app_begin ] --END-- [ RunTime:0.002904s ]
ERR: 非法操作:__ROOT
NOTIC: [2] Cannot modify header information - headers already sent by (output started at F:\PHP\WWW\blog\ThinkPHP\Common\functions.php:102) F:\PHP\WWW\blog\ThinkPHP\Library\Think\Think.class.php 第 229 行.
NOTIC: [2] Cannot modify header information - headers already sent by (output started at F:\PHP\WWW\blog\ThinkPHP\Common\functions.php:102) F:\PHP\WWW\blog\ThinkPHP\Library\Think\Think.class.php 第 230 行.

[ 2016-03-30T21:43:41+08:00 ] ::1 /blog/Home/Login/validate
INFO: [ app_init ] --START--
INFO: Run Behavior\BuildLiteBehavior [ RunTime:0.000214s ]
INFO: [ app_init ] --END-- [ RunTime:0.002025s ]
INFO: [ app_begin ] --START--
INFO: Run Behavior\ReadHtmlCacheBehavior [ RunTime:0.001776s ]
INFO: [ app_begin ] --END-- [ RunTime:0.003220s ]
INFO: [ app_end ] --START--
INFO: Run Behavior\ShowPageTraceBehavior [ RunTime:0.003802s ]
INFO: [ app_end ] --END-- [ RunTime:0.007113s ]

[ 2016-03-30T21:59:18+08:00 ] ::1 /blog/index.php/Home/Login/index
INFO: [ app_init ] --START--
INFO: Run Behavior\BuildLiteBehavior [ RunTime:0.000242s ]
INFO: [ app_init ] --END-- [ RunTime:0.002645s ]
INFO: [ app_begin ] --START--
INFO: Run Behavior\ReadHtmlCacheBehavior [ RunTime:0.001948s ]
INFO: [ app_begin ] --END-- [ RunTime:0.003121s ]
INFO: [ view_parse ] --START--
INFO: [ template_filter ] --START--
INFO: Run Behavior\ContentReplaceBehavior [ RunTime:0.000653s ]
INFO: [ template_filter ] --END-- [ RunTime:0.001816s ]
INFO: Run Behavior\ParseTemplateBehavior [ RunTime:0.025864s ]
INFO: [ view_parse ] --END-- [ RunTime:0.027378s ]
INFO: [ view_filter ] --START--
INFO: Run Behavior\WriteHtmlCacheBehavior [ RunTime:0.001226s ]
INFO: [ view_filter ] --END-- [ RunTime:0.002863s ]
INFO: [ app_end ] --START--
INFO: Run Behavior\ShowPageTraceBehavior [ RunTime:0.001811s ]
INFO: [ app_end ] --END-- [ RunTime:0.003386s ]

[ 2016-03-30T21:59:19+08:00 ] ::1 /blog/index.php/Home/Login/__ROOT/Public/css/jquery.ui.css
INFO: [ app_init ] --START--
INFO: Run Behavior\BuildLiteBehavior [ RunTime:0.000204s ]
INFO: [ app_init ] --END-- [ RunTime:0.002025s ]
INFO: [ app_begin ] --START--
INFO: Run Behavior\ReadHtmlCacheBehavior [ RunTime:0.002305s ]
INFO: [ app_begin ] --END-- [ RunTime:0.004270s ]
ERR: 非法操作:__ROOT
NOTIC: [2] Cannot modify header information - headers already sent by (output started at F:\PHP\WWW\blog\ThinkPHP\Common\functions.php:102) F:\PHP\WWW\blog\ThinkPHP\Library\Think\Think.class.php 第 229 行.
NOTIC: [2] Cannot modify header information - headers already sent by (output started at F:\PHP\WWW\blog\ThinkPHP\Common\functions.php:102) F:\PHP\WWW\blog\ThinkPHP\Library\Think\Think.class.php 第 230 行.

[ 2016-03-30T21:59:19+08:00 ] ::1 /blog/index.php/Home/Login/__ROOT/Public/css/jquery.idealforms.min.css
INFO: [ app_init ] --START--
INFO: Run Behavior\BuildLiteBehavior [ RunTime:0.000204s ]
INFO: [ app_init ] --END-- [ RunTime:0.002033s ]
INFO: [ app_begin ] --START--
INFO: Run Behavior\ReadHtmlCacheBehavior [ RunTime:0.001623s ]
INFO: [ app_begin ] --END-- [ RunTime:0.002716s ]
ERR: 非法操作:__ROOT
NOTIC: [2] Cannot modify header information - headers already sent by (output started at F:\PHP\WWW\blog\ThinkPHP\Common\functions.php:102) F:\PHP\WWW\blog\ThinkPHP\Library\Think\Think.class.php 第 229 行.
NOTIC: [2] Cannot modify header information - headers already sent by (output started at F:\PHP\WWW\blog\ThinkPHP\Common\functions.php:102) F:\PHP\WWW\blog\ThinkPHP\Library\Think\Think.class.php 第 230 行.

[ 2016-03-30T21:59:19+08:00 ] ::1 /blog/Home/Login/validate
INFO: [ app_init ] --START--
INFO: Run Behavior\BuildLiteBehavior [ RunTime:0.000216s ]
INFO: [ app_init ] --END-- [ RunTime:0.002013s ]
INFO: [ app_begin ] --START--
INFO: Run Behavior\ReadHtmlCacheBehavior [ RunTime:0.001467s ]
INFO: [ app_begin ] --END-- [ RunTime:0.002568s ]
INFO: [ app_end ] --START--
INFO: Run Behavior\ShowPageTraceBehavior [ RunTime:0.001832s ]
INFO: [ app_end ] --END-- [ RunTime:0.003996s ]

[ 2016-03-30T21:59:21+08:00 ] ::1 /blog/index.php/Home/Login/index
INFO: [ app_init ] --START--
INFO: Run Behavior\BuildLiteBehavior [ RunTime:0.000237s ]
INFO: [ app_init ] --END-- [ RunTime:0.002401s ]
INFO: [ app_begin ] --START--
INFO: Run Behavior\ReadHtmlCacheBehavior [ RunTime:0.002193s ]
INFO: [ app_begin ] --END-- [ RunTime:0.003386s ]
INFO: [ view_parse ] --START--
INFO: [ template_filter ] --START--
INFO: Run Behavior\ContentReplaceBehavior [ RunTime:0.000628s ]
INFO: [ template_filter ] --END-- [ RunTime:0.001740s ]
INFO: Run Behavior\ParseTemplateBehavior [ RunTime:0.026214s ]
INFO: [ view_parse ] --END-- [ RunTime:0.027367s ]
INFO: [ view_filter ] --START--
INFO: Run Behavior\WriteHtmlCacheBehavior [ RunTime:0.001295s ]
INFO: [ view_filter ] --END-- [ RunTime:0.002402s ]
INFO: [ app_end ] --START--
INFO: Run Behavior\ShowPageTraceBehavior [ RunTime:0.001585s ]
INFO: [ app_end ] --END-- [ RunTime:0.002665s ]

[ 2016-03-30T21:59:22+08:00 ] ::1 /blog/index.php/Home/Login/__ROOT/Public/css/jquery.idealforms.min.css
INFO: [ app_init ] --START--
INFO: Run Behavior\BuildLiteBehavior [ RunTime:0.000228s ]
INFO: [ app_init ] --END-- [ RunTime:0.001983s ]
INFO: [ app_begin ] --START--
INFO: Run Behavior\ReadHtmlCacheBehavior [ RunTime:0.001943s ]
INFO: [ app_begin ] --END-- [ RunTime:0.003368s ]
ERR: 非法操作:__ROOT
NOTIC: [2] Cannot modify header information - headers already sent by (output started at F:\PHP\WWW\blog\ThinkPHP\Common\functions.php:102) F:\PHP\WWW\blog\ThinkPHP\Library\Think\Think.class.php 第 229 行.
NOTIC: [2] Cannot modify header information - headers already sent by (output started at F:\PHP\WWW\blog\ThinkPHP\Common\functions.php:102) F:\PHP\WWW\blog\ThinkPHP\Library\Think\Think.class.php 第 230 行.

[ 2016-03-30T21:59:22+08:00 ] ::1 /blog/index.php/Home/Login/__ROOT/Public/css/jquery.ui.css
INFO: [ app_init ] --START--
INFO: Run Behavior\BuildLiteBehavior [ RunTime:0.000211s ]
INFO: [ app_init ] --END-- [ RunTime:0.002108s ]
INFO: [ app_begin ] --START--
INFO: Run Behavior\ReadHtmlCacheBehavior [ RunTime:0.001668s ]
INFO: [ app_begin ] --END-- [ RunTime:0.002767s ]
ERR: 非法操作:__ROOT
NOTIC: [2] Cannot modify header information - headers already sent by (output started at F:\PHP\WWW\blog\ThinkPHP\Common\functions.php:102) F:\PHP\WWW\blog\ThinkPHP\Library\Think\Think.class.php 第 229 行.
NOTIC: [2] Cannot modify header information - headers already sent by (output started at F:\PHP\WWW\blog\ThinkPHP\Common\functions.php:102) F:\PHP\WWW\blog\ThinkPHP\Library\Think\Think.class.php 第 230 行.

[ 2016-03-30T21:59:23+08:00 ] ::1 /blog/Home/Login/validate
INFO: [ app_init ] --START--
INFO: Run Behavior\BuildLiteBehavior [ RunTime:0.000364s ]
INFO: [ app_init ] --END-- [ RunTime:0.003291s ]
INFO: [ app_begin ] --START--
INFO: Run Behavior\ReadHtmlCacheBehavior [ RunTime:0.001700s ]
INFO: [ app_begin ] --END-- [ RunTime:0.002859s ]
INFO: [ app_end ] --START--
INFO: Run Behavior\ShowPageTraceBehavior [ RunTime:0.002190s ]
INFO: [ app_end ] --END-- [ RunTime:0.003459s ]

[ 2016-03-30T22:25:43+08:00 ] ::1 /blog/index.php/Home/Login/commit
INFO: [ app_init ] --START--
INFO: Run Behavior\BuildLiteBehavior [ RunTime:0.000208s ]
INFO: [ app_init ] --END-- [ RunTime:0.002189s ]
INFO: [ app_begin ] --START--
INFO: Run Behavior\ReadHtmlCacheBehavior [ RunTime:0.001633s ]
INFO: [ app_begin ] --END-- [ RunTime:0.002771s ]
SQL: SHOW COLUMNS FROM `blog_user` [ RunTime:0.0503s ]

[ 2016-03-30T22:25:44+08:00 ] ::1 /blog/index.php/Home/Index/index.html
INFO: [ app_init ] --START--
INFO: Run Behavior\BuildLiteBehavior [ RunTime:0.000205s ]
INFO: [ app_init ] --END-- [ RunTime:0.002098s ]
INFO: [ app_begin ] --START--
INFO: Run Behavior\ReadHtmlCacheBehavior [ RunTime:0.001588s ]
INFO: [ app_begin ] --END-- [ RunTime:0.002685s ]
INFO: [ view_parse ] --START--
INFO: [ template_filter ] --START--
INFO: Run Behavior\ContentReplaceBehavior [ RunTime:0.000549s ]
INFO: [ template_filter ] --END-- [ RunTime:0.001678s ]
INFO: Run Behavior\ParseTemplateBehavior [ RunTime:0.025607s ]
INFO: [ view_parse ] --END-- [ RunTime:0.026891s ]
INFO: [ view_filter ] --START--
INFO: Run Behavior\WriteHtmlCacheBehavior [ RunTime:0.001365s ]
INFO: [ view_filter ] --END-- [ RunTime:0.002444s ]
INFO: [ app_end ] --START--
INFO: Run Behavior\ShowPageTraceBehavior [ RunTime:0.001586s ]
INFO: [ app_end ] --END-- [ RunTime:0.002705s ]

[ 2016-03-30T22:25:56+08:00 ] ::1 /blog/index.php/Home/About/index
INFO: [ app_init ] --START--
INFO: Run Behavior\BuildLiteBehavior [ RunTime:0.000205s ]
INFO: [ app_init ] --END-- [ RunTime:0.002406s ]
INFO: [ app_begin ] --START--
INFO: Run Behavior\ReadHtmlCacheBehavior [ RunTime:0.001700s ]
INFO: [ app_begin ] --END-- [ RunTime:0.002886s ]
INFO: [ view_parse ] --START--
INFO: [ template_filter ] --START--
INFO: Run Behavior\ContentReplaceBehavior [ RunTime:0.000636s ]
INFO: [ template_filter ] --END-- [ RunTime:0.002057s ]
INFO: Run Behavior\ParseTemplateBehavior [ RunTime:0.058052s ]
INFO: [ view_parse ] --END-- [ RunTime:0.059311s ]
INFO: [ view_filter ] --START--
INFO: Run Behavior\WriteHtmlCacheBehavior [ RunTime:0.001853s ]
INFO: [ view_filter ] --END-- [ RunTime:0.003625s ]
INFO: [ app_end ] --START--
INFO: Run Behavior\ShowPageTraceBehavior [ RunTime:0.001949s ]
INFO: [ app_end ] --END-- [ RunTime:0.003207s ]

[ 2016-03-30T22:26:04+08:00 ] ::1 /blog/index.php/Home/Index/index
INFO: [ app_init ] --START--
INFO: Run Behavior\BuildLiteBehavior [ RunTime:0.000203s ]
INFO: [ app_init ] --END-- [ RunTime:0.001956s ]
INFO: [ app_begin ] --START--
INFO: Run Behavior\ReadHtmlCacheBehavior [ RunTime:0.001622s ]
INFO: [ app_begin ] --END-- [ RunTime:0.002720s ]
INFO: [ view_parse ] --START--
INFO: [ template_filter ] --START--
INFO: Run Behavior\ContentReplaceBehavior [ RunTime:0.000547s ]
INFO: [ template_filter ] --END-- [ RunTime:0.001650s ]
INFO: Run Behavior\ParseTemplateBehavior [ RunTime:0.023444s ]
INFO: [ view_parse ] --END-- [ RunTime:0.024692s ]
INFO: [ view_filter ] --START--
INFO: Run Behavior\WriteHtmlCacheBehavior [ RunTime:0.001326s ]
INFO: [ view_filter ] --END-- [ RunTime:0.002501s ]
INFO: [ app_end ] --START--
INFO: Run Behavior\ShowPageTraceBehavior [ RunTime:0.001460s ]
INFO: [ app_end ] --END-- [ RunTime:0.002589s ]

[ 2016-03-30T22:26:09+08:00 ] ::1 /blog/index.php/Home/Moodlist/index
INFO: [ app_init ] --START--
INFO: Run Behavior\BuildLiteBehavior [ RunTime:0.000203s ]
INFO: [ app_init ] --END-- [ RunTime:0.001992s ]
INFO: [ app_begin ] --START--
INFO: Run Behavior\ReadHtmlCacheBehavior [ RunTime:0.001513s ]
INFO: [ app_begin ] --END-- [ RunTime:0.002772s ]
INFO: [ view_parse ] --START--
INFO: [ template_filter ] --START--
INFO: Run Behavior\ContentReplaceBehavior [ RunTime:0.000550s ]
INFO: [ template_filter ] --END-- [ RunTime:0.001693s ]
NOTIC: [8] Undefined variable: info F:\PHP\WWW\blog\Application\Runtime\Cache\Home\226e5109fb358dcb094378606cab3651.php 第 41 行.
INFO: Run Behavior\ParseTemplateBehavior [ RunTime:0.116783s ]
INFO: [ view_parse ] --END-- [ RunTime:0.118039s ]
INFO: [ view_filter ] --START--
INFO: Run Behavior\WriteHtmlCacheBehavior [ RunTime:0.001121s ]
INFO: [ view_filter ] --END-- [ RunTime:0.002285s ]
INFO: [ app_end ] --START--
INFO: Run Behavior\ShowPageTraceBehavior [ RunTime:0.001451s ]
INFO: [ app_end ] --END-- [ RunTime:0.002655s ]

[ 2016-03-30T22:41:36+08:00 ] ::1 /blog/index.php/Home/Login/index
INFO: [ app_init ] --START--
INFO: Run Behavior\BuildLiteBehavior [ RunTime:0.000319s ]
INFO: [ app_init ] --END-- [ RunTime:0.002228s ]
INFO: [ app_begin ] --START--
INFO: Run Behavior\ReadHtmlCacheBehavior [ RunTime:0.001618s ]
INFO: [ app_begin ] --END-- [ RunTime:0.002717s ]
INFO: [ view_parse ] --START--
INFO: [ template_filter ] --START--
INFO: Run Behavior\ContentReplaceBehavior [ RunTime:0.000876s ]
INFO: [ template_filter ] --END-- [ RunTime:0.002415s ]
INFO: Run Behavior\ParseTemplateBehavior [ RunTime:0.087931s ]
INFO: [ view_parse ] --END-- [ RunTime:0.089205s ]
INFO: [ view_filter ] --START--
INFO: Run Behavior\WriteHtmlCacheBehavior [ RunTime:0.001353s ]
INFO: [ view_filter ] --END-- [ RunTime:0.002446s ]
INFO: [ app_end ] --START--
INFO: Run Behavior\ShowPageTraceBehavior [ RunTime:0.001447s ]
INFO: [ app_end ] --END-- [ RunTime:0.002753s ]

[ 2016-03-30T22:41:37+08:00 ] ::1 /blog/index.php/Home/Login/__ROOT/Public/css/jquery.idealforms.min.css
INFO: [ app_init ] --START--
INFO: Run Behavior\BuildLiteBehavior [ RunTime:0.000280s ]
INFO: [ app_init ] --END-- [ RunTime:0.002334s ]
INFO: [ app_begin ] --START--
INFO: Run Behavior\ReadHtmlCacheBehavior [ RunTime:0.002188s ]
INFO: [ app_begin ] --END-- [ RunTime:0.003717s ]
ERR: 非法操作:__ROOT
NOTIC: [2] Cannot modify header information - headers already sent by (output started at F:\PHP\WWW\blog\ThinkPHP\Common\functions.php:102) F:\PHP\WWW\blog\ThinkPHP\Library\Think\Think.class.php 第 229 行.
NOTIC: [2] Cannot modify header information - headers already sent by (output started at F:\PHP\WWW\blog\ThinkPHP\Common\functions.php:102) F:\PHP\WWW\blog\ThinkPHP\Library\Think\Think.class.php 第 230 行.

[ 2016-03-30T22:41:37+08:00 ] ::1 /blog/index.php/Home/Login/__ROOT/Public/css/jquery.ui.css
INFO: [ app_init ] --START--
INFO: Run Behavior\BuildLiteBehavior [ RunTime:0.000212s ]
INFO: [ app_init ] --END-- [ RunTime:0.002196s ]
INFO: [ app_begin ] --START--
INFO: Run Behavior\ReadHtmlCacheBehavior [ RunTime:0.001490s ]
INFO: [ app_begin ] --END-- [ RunTime:0.002633s ]
ERR: 非法操作:__ROOT
NOTIC: [2] Cannot modify header information - headers already sent by (output started at F:\PHP\WWW\blog\ThinkPHP\Common\functions.php:102) F:\PHP\WWW\blog\ThinkPHP\Library\Think\Think.class.php 第 229 行.
NOTIC: [2] Cannot modify header information - headers already sent by (output started at F:\PHP\WWW\blog\ThinkPHP\Common\functions.php:102) F:\PHP\WWW\blog\ThinkPHP\Library\Think\Think.class.php 第 230 行.

[ 2016-03-30T22:41:38+08:00 ] ::1 /blog/Home/Login/validate
INFO: [ app_init ] --START--
INFO: Run Behavior\BuildLiteBehavior [ RunTime:0.000341s ]
INFO: [ app_init ] --END-- [ RunTime:0.002456s ]
INFO: [ app_begin ] --START--
INFO: Run Behavior\ReadHtmlCacheBehavior [ RunTime:0.001461s ]
INFO: [ app_begin ] --END-- [ RunTime:0.002607s ]
INFO: [ app_end ] --START--
INFO: Run Behavior\ShowPageTraceBehavior [ RunTime:0.001557s ]
INFO: [ app_end ] --END-- [ RunTime:0.002758s ]

[ 2016-03-30T22:42:09+08:00 ] ::1 /blog/index.php/Home/Login/index
INFO: [ app_init ] --START--
INFO: Run Behavior\BuildLiteBehavior [ RunTime:0.000203s ]
INFO: [ app_init ] --END-- [ RunTime:0.002077s ]
INFO: [ app_begin ] --START--
INFO: Run Behavior\ReadHtmlCacheBehavior [ RunTime:0.001418s ]
INFO: [ app_begin ] --END-- [ RunTime:0.002518s ]
INFO: [ view_parse ] --START--
INFO: [ template_filter ] --START--
INFO: Run Behavior\ContentReplaceBehavior [ RunTime:0.000641s ]
INFO: [ template_filter ] --END-- [ RunTime:0.001876s ]
INFO: Run Behavior\ParseTemplateBehavior [ RunTime:0.026683s ]
INFO: [ view_parse ] --END-- [ RunTime:0.028173s ]
INFO: [ view_filter ] --START--
INFO: Run Behavior\WriteHtmlCacheBehavior [ RunTime:0.001156s ]
INFO: [ view_filter ] --END-- [ RunTime:0.002234s ]
INFO: [ app_end ] --START--
INFO: Run Behavior\ShowPageTraceBehavior [ RunTime:0.001792s ]
INFO: [ app_end ] --END-- [ RunTime:0.003097s ]

[ 2016-03-30T22:42:09+08:00 ] ::1 /blog/index.php/Home/Login/__ROOT/Public/css/jquery.idealforms.min.css
INFO: [ app_init ] --START--
INFO: Run Behavior\BuildLiteBehavior [ RunTime:0.000422s ]
INFO: [ app_init ] --END-- [ RunTime:0.003149s ]
INFO: [ app_begin ] --START--
INFO: Run Behavior\ReadHtmlCacheBehavior [ RunTime:0.001355s ]
INFO: [ app_begin ] --END-- [ RunTime:0.002508s ]
ERR: 非法操作:__ROOT
NOTIC: [2] Cannot modify header information - headers already sent by (output started at F:\PHP\WWW\blog\ThinkPHP\Common\functions.php:102) F:\PHP\WWW\blog\ThinkPHP\Library\Think\Think.class.php 第 229 行.
NOTIC: [2] Cannot modify header information - headers already sent by (output started at F:\PHP\WWW\blog\ThinkPHP\Common\functions.php:102) F:\PHP\WWW\blog\ThinkPHP\Library\Think\Think.class.php 第 230 行.

[ 2016-03-30T22:42:10+08:00 ] ::1 /blog/index.php/Home/Login/__ROOT/Public/css/jquery.ui.css
INFO: [ app_init ] --START--
INFO: Run Behavior\BuildLiteBehavior [ RunTime:0.000216s ]
INFO: [ app_init ] --END-- [ RunTime:0.002445s ]
INFO: [ app_begin ] --START--
INFO: Run Behavior\ReadHtmlCacheBehavior [ RunTime:0.001286s ]
INFO: [ app_begin ] --END-- [ RunTime:0.002786s ]
ERR: 非法操作:__ROOT
NOTIC: [2] Cannot modify header information - headers already sent by (output started at F:\PHP\WWW\blog\ThinkPHP\Common\functions.php:102) F:\PHP\WWW\blog\ThinkPHP\Library\Think\Think.class.php 第 229 行.
NOTIC: [2] Cannot modify header information - headers already sent by (output started at F:\PHP\WWW\blog\ThinkPHP\Common\functions.php:102) F:\PHP\WWW\blog\ThinkPHP\Library\Think\Think.class.php 第 230 行.

[ 2016-03-30T22:42:11+08:00 ] ::1 /blog/Home/Login/validate
INFO: [ app_init ] --START--
INFO: Run Behavior\BuildLiteBehavior [ RunTime:0.000278s ]
INFO: [ app_init ] --END-- [ RunTime:0.002654s ]
INFO: [ app_begin ] --START--
INFO: Run Behavior\ReadHtmlCacheBehavior [ RunTime:0.001847s ]
INFO: [ app_begin ] --END-- [ RunTime:0.003489s ]
INFO: [ app_end ] --START--
INFO: Run Behavior\ShowPageTraceBehavior [ RunTime:0.001397s ]
INFO: [ app_end ] --END-- [ RunTime:0.002487s ]

[ 2016-03-30T22:42:30+08:00 ] ::1 /blog/index.php/Home/Login/index
INFO: [ app_init ] --START--
INFO: Run Behavior\BuildLiteBehavior [ RunTime:0.000361s ]
INFO: [ app_init ] --END-- [ RunTime:0.002806s ]
INFO: [ app_begin ] --START--
INFO: Run Behavior\ReadHtmlCacheBehavior [ RunTime:0.001641s ]
INFO: [ app_begin ] --END-- [ RunTime:0.002839s ]
INFO: [ view_parse ] --START--
INFO: [ template_filter ] --START--
INFO: Run Behavior\ContentReplaceBehavior [ RunTime:0.000612s ]
INFO: [ template_filter ] --END-- [ RunTime:0.001734s ]
INFO: Run Behavior\ParseTemplateBehavior [ RunTime:0.026984s ]
INFO: [ view_parse ] --END-- [ RunTime:0.028113s ]
INFO: [ view_filter ] --START--
INFO: Run Behavior\WriteHtmlCacheBehavior [ RunTime:0.001002s ]
INFO: [ view_filter ] --END-- [ RunTime:0.002079s ]
INFO: [ app_end ] --START--
INFO: Run Behavior\ShowPageTraceBehavior [ RunTime:0.001474s ]
INFO: [ app_end ] --END-- [ RunTime:0.002599s ]

[ 2016-03-30T22:42:30+08:00 ] ::1 /blog/index.php/Home/Login/__ROOT/Public/css/jquery.idealforms.min.css
INFO: [ app_init ] --START--
INFO: Run Behavior\BuildLiteBehavior [ RunTime:0.000398s ]
INFO: [ app_init ] --END-- [ RunTime:0.004489s ]
INFO: [ app_begin ] --START--
INFO: Run Behavior\ReadHtmlCacheBehavior [ RunTime:0.001512s ]
INFO: [ app_begin ] --END-- [ RunTime:0.002738s ]
ERR: 非法操作:__ROOT
NOTIC: [2] Cannot modify header information - headers already sent by (output started at F:\PHP\WWW\blog\ThinkPHP\Common\functions.php:102) F:\PHP\WWW\blog\ThinkPHP\Library\Think\Think.class.php 第 229 行.
NOTIC: [2] Cannot modify header information - headers already sent by (output started at F:\PHP\WWW\blog\ThinkPHP\Common\functions.php:102) F:\PHP\WWW\blog\ThinkPHP\Library\Think\Think.class.php 第 230 行.

[ 2016-03-30T22:42:31+08:00 ] ::1 /blog/index.php/Home/Login/__ROOT/Public/css/jquery.ui.css
INFO: [ app_init ] --START--
INFO: Run Behavior\BuildLiteBehavior [ RunTime:0.000446s ]
INFO: [ app_init ] --END-- [ RunTime:0.003665s ]
INFO: [ app_begin ] --START--
INFO: Run Behavior\ReadHtmlCacheBehavior [ RunTime:0.001760s ]
INFO: [ app_begin ] --END-- [ RunTime:0.003155s ]
ERR: 非法操作:__ROOT
NOTIC: [2] Cannot modify header information - headers already sent by (output started at F:\PHP\WWW\blog\ThinkPHP\Common\functions.php:102) F:\PHP\WWW\blog\ThinkPHP\Library\Think\Think.class.php 第 229 行.
NOTIC: [2] Cannot modify header information - headers already sent by (output started at F:\PHP\WWW\blog\ThinkPHP\Common\functions.php:102) F:\PHP\WWW\blog\ThinkPHP\Library\Think\Think.class.php 第 230 行.

[ 2016-03-30T22:42:31+08:00 ] ::1 /blog/Home/Login/validate
INFO: [ app_init ] --START--
INFO: Run Behavior\BuildLiteBehavior [ RunTime:0.000273s ]
INFO: [ app_init ] --END-- [ RunTime:0.002794s ]
INFO: [ app_begin ] --START--
INFO: Run Behavior\ReadHtmlCacheBehavior [ RunTime:0.001880s ]
INFO: [ app_begin ] --END-- [ RunTime:0.003362s ]
INFO: [ app_end ] --START--
INFO: Run Behavior\ShowPageTraceBehavior [ RunTime:0.001565s ]
INFO: [ app_end ] --END-- [ RunTime:0.002677s ]

