[ 2016-05-19T14:11:49+08:00 ] ::1 /blog/index.php/Home/Login/index.html
INFO: [ app_init ] --START--
INFO: Run Behavior\BuildLiteBehavior [ RunTime:0.000271s ]
INFO: [ app_init ] --END-- [ RunTime:0.003141s ]
INFO: [ app_begin ] --START--
INFO: Run Behavior\ReadHtmlCacheBehavior [ RunTime:0.052497s ]
INFO: [ app_begin ] --END-- [ RunTime:0.053680s ]
SQL: SHOW COLUMNS FROM `blog_area` [ RunTime:0.0134s ]
SQL: SELECT * FROM `blog_area` WHERE `parent_id` = 0  [ RunTime:0.0011s ]
INFO: [ view_parse ] --START--
INFO: [ template_filter ] --START--
INFO: Run Behavior\ContentReplaceBehavior [ RunTime:0.000651s ]
INFO: [ template_filter ] --END-- [ RunTime:0.001918s ]
INFO: Run Behavior\ParseTemplateBehavior [ RunTime:0.403565s ]
INFO: [ view_parse ] --END-- [ RunTime:0.404721s ]
INFO: [ view_filter ] --START--
INFO: Run Behavior\WriteHtmlCacheBehavior [ RunTime:0.001740s ]
INFO: [ view_filter ] --END-- [ RunTime:0.002888s ]
INFO: [ app_end ] --START--
INFO: Run Behavior\ShowPageTraceBehavior [ RunTime:0.002850s ]
INFO: [ app_end ] --END-- [ RunTime:0.004107s ]

[ 2016-05-19T14:11:52+08:00 ] ::1 /blog/index.php/Home/Login/validate
INFO: [ app_init ] --START--
INFO: Run Behavior\BuildLiteBehavior [ RunTime:0.000211s ]
INFO: [ app_init ] --END-- [ RunTime:0.002264s ]
INFO: [ app_begin ] --START--
INFO: Run Behavior\ReadHtmlCacheBehavior [ RunTime:0.001558s ]
INFO: [ app_begin ] --END-- [ RunTime:0.002984s ]
INFO: [ app_end ] --START--
INFO: Run Behavior\ShowPageTraceBehavior [ RunTime:0.001677s ]
INFO: [ app_end ] --END-- [ RunTime:0.002813s ]

[ 2016-05-19T14:11:52+08:00 ] ::1 /blog/index.php/Home/Login/__ROOT/Public/css/jquery.ui.css
INFO: [ app_init ] --START--
INFO: Run Behavior\BuildLiteBehavior [ RunTime:0.000219s ]
INFO: [ app_init ] --END-- [ RunTime:0.002535s ]
INFO: [ app_begin ] --START--
INFO: Run Behavior\ReadHtmlCacheBehavior [ RunTime:0.001552s ]
INFO: [ app_begin ] --END-- [ RunTime:0.002693s ]
ERR: 非法操作:__ROOT
NOTIC: [2] Cannot modify header information - headers already sent by (output started at F:\PHP\WWW\blog\ThinkPHP\Common\functions.php:102) F:\PHP\WWW\blog\ThinkPHP\Library\Think\Think.class.php 第 229 行.
NOTIC: [2] Cannot modify header information - headers already sent by (output started at F:\PHP\WWW\blog\ThinkPHP\Common\functions.php:102) F:\PHP\WWW\blog\ThinkPHP\Library\Think\Think.class.php 第 230 行.

[ 2016-05-19T14:11:52+08:00 ] ::1 /blog/index.php/Home/Login/__ROOT/Public/css/jquery.idealforms.min.css
INFO: [ app_init ] --START--
INFO: Run Behavior\BuildLiteBehavior [ RunTime:0.000213s ]
INFO: [ app_init ] --END-- [ RunTime:0.002364s ]
INFO: [ app_begin ] --START--
INFO: Run Behavior\ReadHtmlCacheBehavior [ RunTime:0.001532s ]
INFO: [ app_begin ] --END-- [ RunTime:0.002686s ]
ERR: 非法操作:__ROOT
NOTIC: [2] Cannot modify header information - headers already sent by (output started at F:\PHP\WWW\blog\ThinkPHP\Common\functions.php:102) F:\PHP\WWW\blog\ThinkPHP\Library\Think\Think.class.php 第 229 行.
NOTIC: [2] Cannot modify header information - headers already sent by (output started at F:\PHP\WWW\blog\ThinkPHP\Common\functions.php:102) F:\PHP\WWW\blog\ThinkPHP\Library\Think\Think.class.php 第 230 行.

[ 2016-05-19T14:14:52+08:00 ] ::1 /blog/index.php/Home/Login/commit
INFO: [ app_init ] --START--
INFO: Run Behavior\BuildLiteBehavior [ RunTime:0.000361s ]
INFO: [ app_init ] --END-- [ RunTime:0.003606s ]
INFO: [ app_begin ] --START--
INFO: Run Behavior\ReadHtmlCacheBehavior [ RunTime:0.003943s ]
INFO: [ app_begin ] --END-- [ RunTime:0.007351s ]
SQL: SHOW COLUMNS FROM `blog_user` [ RunTime:0.0268s ]
SQL: INSERT INTO `blog_user` (`username`,`password`,`realname`,`heading`,`createtime`,`updatetime`,`identity`) VALUES ('游客2721','游客2721','游客2721','','2016-05-19 14:14:52','2016-05-19 14:14:52','1') [ RunTime:0.1609s ]
ERR: Redis server went away
NOTIC: [2] Cannot modify header information - headers already sent by (output started at F:\PHP\WWW\blog\ThinkPHP\Library\Think\Cache\Driver\Redis.class.php:77) F:\PHP\WWW\blog\ThinkPHP\Library\Think\Think.class.php 第 229 行.
NOTIC: [2] Cannot modify header information - headers already sent by (output started at F:\PHP\WWW\blog\ThinkPHP\Library\Think\Cache\Driver\Redis.class.php:77) F:\PHP\WWW\blog\ThinkPHP\Library\Think\Think.class.php 第 230 行.

[ 2016-05-19T14:16:46+08:00 ] ::1 /blog/index.php/Home/Login/index
INFO: [ app_init ] --START--
INFO: Run Behavior\BuildLiteBehavior [ RunTime:0.000311s ]
INFO: [ app_init ] --END-- [ RunTime:0.002788s ]
INFO: [ app_begin ] --START--
INFO: Run Behavior\ReadHtmlCacheBehavior [ RunTime:0.003908s ]
INFO: [ app_begin ] --END-- [ RunTime:0.007314s ]
SQL: SHOW COLUMNS FROM `blog_area` [ RunTime:0.0268s ]
SQL: SELECT * FROM `blog_area` WHERE `parent_id` = 0  [ RunTime:0.0013s ]
INFO: [ view_parse ] --START--
INFO: [ template_filter ] --START--
INFO: Run Behavior\ContentReplaceBehavior [ RunTime:0.000608s ]
INFO: [ template_filter ] --END-- [ RunTime:0.001759s ]
INFO: Run Behavior\ParseTemplateBehavior [ RunTime:0.040931s ]
INFO: [ view_parse ] --END-- [ RunTime:0.042265s ]
INFO: [ view_filter ] --START--
INFO: Run Behavior\WriteHtmlCacheBehavior [ RunTime:0.001234s ]
INFO: [ view_filter ] --END-- [ RunTime:0.002339s ]
INFO: [ app_end ] --START--
INFO: Run Behavior\ShowPageTraceBehavior [ RunTime:0.001829s ]
INFO: [ app_end ] --END-- [ RunTime:0.002961s ]

[ 2016-05-19T14:16:48+08:00 ] ::1 /blog/index.php/Home/Login/__ROOT/Public/css/jquery.idealforms.min.css
INFO: [ app_init ] --START--
INFO: Run Behavior\BuildLiteBehavior [ RunTime:0.000211s ]
INFO: [ app_init ] --END-- [ RunTime:0.002232s ]
INFO: [ app_begin ] --START--
INFO: Run Behavior\ReadHtmlCacheBehavior [ RunTime:0.003804s ]
INFO: [ app_begin ] --END-- [ RunTime:0.008716s ]
ERR: 非法操作:__ROOT
NOTIC: [2] Cannot modify header information - headers already sent by (output started at F:\PHP\WWW\blog\ThinkPHP\Common\functions.php:102) F:\PHP\WWW\blog\ThinkPHP\Library\Think\Think.class.php 第 229 行.
NOTIC: [2] Cannot modify header information - headers already sent by (output started at F:\PHP\WWW\blog\ThinkPHP\Common\functions.php:102) F:\PHP\WWW\blog\ThinkPHP\Library\Think\Think.class.php 第 230 行.

[ 2016-05-19T14:16:48+08:00 ] ::1 /blog/index.php/Home/Login/__ROOT/Public/css/jquery.ui.css
INFO: [ app_init ] --START--
INFO: Run Behavior\BuildLiteBehavior [ RunTime:0.000407s ]
INFO: [ app_init ] --END-- [ RunTime:0.003501s ]
INFO: [ app_begin ] --START--
INFO: Run Behavior\ReadHtmlCacheBehavior [ RunTime:0.003694s ]
INFO: [ app_begin ] --END-- [ RunTime:0.008413s ]
ERR: 非法操作:__ROOT
NOTIC: [2] Cannot modify header information - headers already sent by (output started at F:\PHP\WWW\blog\ThinkPHP\Common\functions.php:102) F:\PHP\WWW\blog\ThinkPHP\Library\Think\Think.class.php 第 229 行.
NOTIC: [2] Cannot modify header information - headers already sent by (output started at F:\PHP\WWW\blog\ThinkPHP\Common\functions.php:102) F:\PHP\WWW\blog\ThinkPHP\Library\Think\Think.class.php 第 230 行.

[ 2016-05-19T14:16:49+08:00 ] ::1 /blog/index.php/Home/Login/validate
INFO: [ app_init ] --START--
INFO: Run Behavior\BuildLiteBehavior [ RunTime:0.000215s ]
INFO: [ app_init ] --END-- [ RunTime:0.002052s ]
INFO: [ app_begin ] --START--
INFO: Run Behavior\ReadHtmlCacheBehavior [ RunTime:0.002792s ]
INFO: [ app_begin ] --END-- [ RunTime:0.005038s ]
INFO: [ app_end ] --START--
INFO: Run Behavior\ShowPageTraceBehavior [ RunTime:0.002239s ]
INFO: [ app_end ] --END-- [ RunTime:0.003904s ]

[ 2016-05-19T14:16:54+08:00 ] ::1 /blog/index.php/Home/Login/commit
INFO: [ app_init ] --START--
INFO: Run Behavior\BuildLiteBehavior [ RunTime:0.000273s ]
INFO: [ app_init ] --END-- [ RunTime:0.002572s ]
INFO: [ app_begin ] --START--
INFO: Run Behavior\ReadHtmlCacheBehavior [ RunTime:0.002426s ]
INFO: [ app_begin ] --END-- [ RunTime:0.004817s ]
SQL: SHOW COLUMNS FROM `blog_user` [ RunTime:0.0120s ]
SQL: INSERT INTO `blog_user` (`username`,`password`,`realname`,`heading`,`createtime`,`updatetime`,`identity`) VALUES ('游客68025','游客68025','游客68025','','2016-05-19 14:16:54','2016-05-19 14:16:54','1') [ RunTime:0.0612s ]

[ 2016-05-19T14:16:56+08:00 ] ::1 /blog/index.php/Home/Index/index.html
INFO: [ app_init ] --START--
INFO: Run Behavior\BuildLiteBehavior [ RunTime:0.000309s ]
INFO: [ app_init ] --END-- [ RunTime:0.003069s ]
INFO: [ app_begin ] --START--
INFO: Run Behavior\ReadHtmlCacheBehavior [ RunTime:0.003858s ]
INFO: [ app_begin ] --END-- [ RunTime:0.007376s ]
SQL: SHOW COLUMNS FROM `blog_article` [ RunTime:0.0431s ]
SQL: SELECT * FROM `blog_article` WHERE `state` = 1 AND `classify` = 0  [ RunTime:0.0018s ]
INFO: [ view_parse ] --START--
INFO: [ template_filter ] --START--
INFO: Run Behavior\ContentReplaceBehavior [ RunTime:0.000620s ]
INFO: [ template_filter ] --END-- [ RunTime:0.001859s ]
INFO: Run Behavior\ParseTemplateBehavior [ RunTime:0.036221s ]
INFO: [ view_parse ] --END-- [ RunTime:0.037993s ]
INFO: [ view_filter ] --START--
INFO: Run Behavior\WriteHtmlCacheBehavior [ RunTime:0.001523s ]
INFO: [ view_filter ] --END-- [ RunTime:0.002917s ]
INFO: [ app_end ] --START--
INFO: Run Behavior\ShowPageTraceBehavior [ RunTime:0.001738s ]
INFO: [ app_end ] --END-- [ RunTime:0.002959s ]

[ 2016-05-19T14:16:58+08:00 ] ::1 /blog/index.php/Home/Index/custom_menu.xml
INFO: [ app_init ] --START--
INFO: Run Behavior\BuildLiteBehavior [ RunTime:0.000211s ]
INFO: [ app_init ] --END-- [ RunTime:0.002408s ]
INFO: [ app_begin ] --START--
INFO: Run Behavior\ReadHtmlCacheBehavior [ RunTime:0.001861s ]
INFO: [ app_begin ] --END-- [ RunTime:0.003288s ]
ERR: 非法操作:custom_menu.xml
NOTIC: [2] Cannot modify header information - headers already sent by (output started at F:\PHP\WWW\blog\ThinkPHP\Common\functions.php:102) F:\PHP\WWW\blog\ThinkPHP\Library\Think\Think.class.php 第 229 行.
NOTIC: [2] Cannot modify header information - headers already sent by (output started at F:\PHP\WWW\blog\ThinkPHP\Common\functions.php:102) F:\PHP\WWW\blog\ThinkPHP\Library\Think\Think.class.php 第 230 行.

[ 2016-05-19T14:17:08+08:00 ] ::1 /blog/index.php/Home/About/index
INFO: [ app_init ] --START--
INFO: Run Behavior\BuildLiteBehavior [ RunTime:0.000376s ]
INFO: [ app_init ] --END-- [ RunTime:0.004248s ]
INFO: [ app_begin ] --START--
INFO: Run Behavior\ReadHtmlCacheBehavior [ RunTime:0.002974s ]
INFO: [ app_begin ] --END-- [ RunTime:0.005685s ]
INFO: [ view_parse ] --START--
INFO: [ template_filter ] --START--
INFO: Run Behavior\ContentReplaceBehavior [ RunTime:0.000608s ]
INFO: [ template_filter ] --END-- [ RunTime:0.001798s ]
INFO: Run Behavior\ParseTemplateBehavior [ RunTime:0.045831s ]
INFO: [ view_parse ] --END-- [ RunTime:0.046988s ]
INFO: [ view_filter ] --START--
INFO: Run Behavior\WriteHtmlCacheBehavior [ RunTime:0.001424s ]
INFO: [ view_filter ] --END-- [ RunTime:0.002544s ]
INFO: [ app_end ] --START--
INFO: Run Behavior\ShowPageTraceBehavior [ RunTime:0.001656s ]
INFO: [ app_end ] --END-- [ RunTime:0.002996s ]

[ 2016-05-19T14:17:26+08:00 ] ::1 /blog/index.php/Home/Index/custom_menu.xml
INFO: [ app_init ] --START--
INFO: Run Behavior\BuildLiteBehavior [ RunTime:0.000332s ]
INFO: [ app_init ] --END-- [ RunTime:0.003349s ]
INFO: [ app_begin ] --START--
INFO: Run Behavior\ReadHtmlCacheBehavior [ RunTime:0.004179s ]
INFO: [ app_begin ] --END-- [ RunTime:0.008589s ]
ERR: 非法操作:custom_menu.xml
NOTIC: [2] Cannot modify header information - headers already sent by (output started at F:\PHP\WWW\blog\ThinkPHP\Common\functions.php:102) F:\PHP\WWW\blog\ThinkPHP\Library\Think\Think.class.php 第 229 行.
NOTIC: [2] Cannot modify header information - headers already sent by (output started at F:\PHP\WWW\blog\ThinkPHP\Common\functions.php:102) F:\PHP\WWW\blog\ThinkPHP\Library\Think\Think.class.php 第 230 行.

[ 2016-05-19T16:52:39+08:00 ] ::1 /blog/index.php/Home/Admin/index
INFO: [ app_init ] --START--
INFO: Run Behavior\BuildLiteBehavior [ RunTime:0.000212s ]
INFO: [ app_init ] --END-- [ RunTime:0.002149s ]
INFO: [ app_begin ] --START--
INFO: Run Behavior\ReadHtmlCacheBehavior [ RunTime:0.002119s ]
INFO: [ app_begin ] --END-- [ RunTime:0.003940s ]
ERR: 无法加载控制器:Admin

[ 2016-05-19T17:16:19+08:00 ] ::1 /blog/index.php/Home/Wish/index
INFO: [ app_init ] --START--
INFO: Run Behavior\BuildLiteBehavior [ RunTime:0.000206s ]
INFO: [ app_init ] --END-- [ RunTime:0.001984s ]
INFO: [ app_begin ] --START--
INFO: Run Behavior\ReadHtmlCacheBehavior [ RunTime:0.002336s ]
INFO: [ app_begin ] --END-- [ RunTime:0.004222s ]
SQL: SHOW COLUMNS FROM `blog_wish` [ RunTime:0.0648s ]
ERR: Think\Model:init方法不存在！
NOTIC: [2] Cannot modify header information - headers already sent by (output started at F:\PHP\WWW\blog\ThinkPHP\Common\functions.php:102) F:\PHP\WWW\blog\ThinkPHP\Library\Think\Think.class.php 第 229 行.
NOTIC: [2] Cannot modify header information - headers already sent by (output started at F:\PHP\WWW\blog\ThinkPHP\Common\functions.php:102) F:\PHP\WWW\blog\ThinkPHP\Library\Think\Think.class.php 第 230 行.

[ 2016-05-19T17:16:42+08:00 ] ::1 /blog/index.php/Home/Wish/index
INFO: [ app_init ] --START--
INFO: Run Behavior\BuildLiteBehavior [ RunTime:0.000211s ]
INFO: [ app_init ] --END-- [ RunTime:0.002064s ]
INFO: [ app_begin ] --START--
INFO: Run Behavior\ReadHtmlCacheBehavior [ RunTime:0.002627s ]
INFO: [ app_begin ] --END-- [ RunTime:0.004685s ]
SQL: SHOW COLUMNS FROM `blog_wish` [ RunTime:0.0215s ]
ERR: Think\Model:init方法不存在！
NOTIC: [2] Cannot modify header information - headers already sent by (output started at F:\PHP\WWW\blog\ThinkPHP\Common\functions.php:102) F:\PHP\WWW\blog\ThinkPHP\Library\Think\Think.class.php 第 229 行.
NOTIC: [2] Cannot modify header information - headers already sent by (output started at F:\PHP\WWW\blog\ThinkPHP\Common\functions.php:102) F:\PHP\WWW\blog\ThinkPHP\Library\Think\Think.class.php 第 230 行.

[ 2016-05-19T17:17:28+08:00 ] ::1 /blog/index.php/Home/Wish/index
INFO: [ app_init ] --START--
INFO: Run Behavior\BuildLiteBehavior [ RunTime:0.000243s ]
INFO: [ app_init ] --END-- [ RunTime:0.002427s ]
INFO: [ app_begin ] --START--
INFO: Run Behavior\ReadHtmlCacheBehavior [ RunTime:0.002459s ]
INFO: [ app_begin ] --END-- [ RunTime:0.004334s ]
NOTIC: [2048] Declaration of Home\Model\WishModel::add() should be compatible with Think\Model::add($data = '', $options = Array, $replace = false) F:\PHP\WWW\blog\Application\Home\Model\WishModel.class.php 第 6 行.
NOTIC: [2048] Declaration of Home\Model\WishModel::select() should be compatible with Think\Model::select($options = Array) F:\PHP\WWW\blog\Application\Home\Model\WishModel.class.php 第 6 行.
SQL: SHOW COLUMNS FROM `blog_wish` [ RunTime:0.0121s ]

[ 2016-05-19T17:21:21+08:00 ] ::1 /blog/index.php/Home/Wish/index
INFO: [ app_init ] --START--
INFO: Run Behavior\BuildLiteBehavior [ RunTime:0.000251s ]
INFO: [ app_init ] --END-- [ RunTime:0.002599s ]
INFO: [ app_begin ] --START--
INFO: Run Behavior\ReadHtmlCacheBehavior [ RunTime:0.004115s ]
INFO: [ app_begin ] --END-- [ RunTime:0.007242s ]
NOTIC: [2048] Declaration of Home\Model\WishModel::add() should be compatible with Think\Model::add($data = '', $options = Array, $replace = false) F:\PHP\WWW\blog\Application\Home\Model\WishModel.class.php 第 6 行.
NOTIC: [2048] Declaration of Home\Model\WishModel::select() should be compatible with Think\Model::select($options = Array) F:\PHP\WWW\blog\Application\Home\Model\WishModel.class.php 第 6 行.
SQL: SHOW COLUMNS FROM `blog_wish` [ RunTime:0.0134s ]
NOTIC: [2048] Declaration of Think\Model\MongoModel::setInc() should be compatible with Think\Model::setInc($field, $step = 1, $lazyTime = 0) F:\PHP\WWW\blog\ThinkPHP\Library\Think\Model\MongoModel.class.php 第 422 行.
NOTIC: [2048] Declaration of Think\Model\MongoModel::setDec() should be compatible with Think\Model::setDec($field, $step = 1, $lazyTime = 0) F:\PHP\WWW\blog\ThinkPHP\Library\Think\Model\MongoModel.class.php 第 422 行.
NOTIC: [2048] Declaration of Think\Db\Driver\Mongo::connect() should be compatible with Think\Db\Driver::connect($config = '', $linkNum = 0, $autoConnection = false) F:\PHP\WWW\blog\ThinkPHP\Library\Think\Db\Driver\Mongo.class.php 第 821 行.
NOTIC: [2048] Declaration of Think\Db\Driver\Mongo::insertAll() should be compatible with Think\Db\Driver::insertAll($dataSet, $options = Array, $replace = false) F:\PHP\WWW\blog\ThinkPHP\Library\Think\Db\Driver\Mongo.class.php 第 821 行.
NOTIC: [8] Undefined variable: collection F:\PHP\WWW\blog\Application\Home\Model\WishModel.class.php 第 11 行.

[ 2016-05-19T17:21:51+08:00 ] ::1 /blog/index.php/Home/Wish/index
INFO: [ app_init ] --START--
INFO: Run Behavior\BuildLiteBehavior [ RunTime:0.000229s ]
INFO: [ app_init ] --END-- [ RunTime:0.002254s ]
INFO: [ app_begin ] --START--
INFO: Run Behavior\ReadHtmlCacheBehavior [ RunTime:0.003851s ]
INFO: [ app_begin ] --END-- [ RunTime:0.006975s ]
NOTIC: [2048] Declaration of Home\Model\WishModel::add() should be compatible with Think\Model::add($data = '', $options = Array, $replace = false) F:\PHP\WWW\blog\Application\Home\Model\WishModel.class.php 第 6 行.
NOTIC: [2048] Declaration of Home\Model\WishModel::select() should be compatible with Think\Model::select($options = Array) F:\PHP\WWW\blog\Application\Home\Model\WishModel.class.php 第 6 行.
SQL: SHOW COLUMNS FROM `blog_wish` [ RunTime:0.0582s ]
NOTIC: [2048] Declaration of Think\Model\MongoModel::setInc() should be compatible with Think\Model::setInc($field, $step = 1, $lazyTime = 0) F:\PHP\WWW\blog\ThinkPHP\Library\Think\Model\MongoModel.class.php 第 422 行.
NOTIC: [2048] Declaration of Think\Model\MongoModel::setDec() should be compatible with Think\Model::setDec($field, $step = 1, $lazyTime = 0) F:\PHP\WWW\blog\ThinkPHP\Library\Think\Model\MongoModel.class.php 第 422 行.
NOTIC: [2048] Declaration of Think\Db\Driver\Mongo::connect() should be compatible with Think\Db\Driver::connect($config = '', $linkNum = 0, $autoConnection = false) F:\PHP\WWW\blog\ThinkPHP\Library\Think\Db\Driver\Mongo.class.php 第 821 行.
NOTIC: [2048] Declaration of Think\Db\Driver\Mongo::insertAll() should be compatible with Think\Db\Driver::insertAll($dataSet, $options = Array, $replace = false) F:\PHP\WWW\blog\ThinkPHP\Library\Think\Db\Driver\Mongo.class.php 第 821 行.
NOTIC: [8] Undefined variable: collection F:\PHP\WWW\blog\Application\Home\Model\WishModel.class.php 第 11 行.

[ 2016-05-19T17:22:16+08:00 ] ::1 /blog/index.php/Home/Wish/index
INFO: [ app_init ] --START--
INFO: Run Behavior\BuildLiteBehavior [ RunTime:0.000355s ]
INFO: [ app_init ] --END-- [ RunTime:0.003462s ]
INFO: [ app_begin ] --START--
INFO: Run Behavior\ReadHtmlCacheBehavior [ RunTime:0.004036s ]
INFO: [ app_begin ] --END-- [ RunTime:0.007149s ]

[ 2016-05-19T17:22:31+08:00 ] ::1 /blog/index.php/Home/Wish/index
INFO: [ app_init ] --START--
INFO: Run Behavior\BuildLiteBehavior [ RunTime:0.000355s ]
INFO: [ app_init ] --END-- [ RunTime:0.003365s ]
INFO: [ app_begin ] --START--
INFO: Run Behavior\ReadHtmlCacheBehavior [ RunTime:0.004090s ]
INFO: [ app_begin ] --END-- [ RunTime:0.007205s ]
NOTIC: [2048] Declaration of Home\Model\WishModel::add() should be compatible with Think\Model::add($data = '', $options = Array, $replace = false) F:\PHP\WWW\blog\Application\Home\Model\WishModel.class.php 第 6 行.
NOTIC: [2048] Declaration of Home\Model\WishModel::select() should be compatible with Think\Model::select($options = Array) F:\PHP\WWW\blog\Application\Home\Model\WishModel.class.php 第 6 行.
SQL: SHOW COLUMNS FROM `blog_wish` [ RunTime:0.0123s ]
NOTIC: [2048] Declaration of Think\Model\MongoModel::setInc() should be compatible with Think\Model::setInc($field, $step = 1, $lazyTime = 0) F:\PHP\WWW\blog\ThinkPHP\Library\Think\Model\MongoModel.class.php 第 422 行.
NOTIC: [2048] Declaration of Think\Model\MongoModel::setDec() should be compatible with Think\Model::setDec($field, $step = 1, $lazyTime = 0) F:\PHP\WWW\blog\ThinkPHP\Library\Think\Model\MongoModel.class.php 第 422 行.
NOTIC: [2048] Declaration of Think\Db\Driver\Mongo::connect() should be compatible with Think\Db\Driver::connect($config = '', $linkNum = 0, $autoConnection = false) F:\PHP\WWW\blog\ThinkPHP\Library\Think\Db\Driver\Mongo.class.php 第 821 行.
NOTIC: [2048] Declaration of Think\Db\Driver\Mongo::insertAll() should be compatible with Think\Db\Driver::insertAll($dataSet, $options = Array, $replace = false) F:\PHP\WWW\blog\ThinkPHP\Library\Think\Db\Driver\Mongo.class.php 第 821 行.

[ 2016-05-19T17:23:42+08:00 ] ::1 /blog/index.php/Home/Wish/index
INFO: [ app_init ] --START--
INFO: Run Behavior\BuildLiteBehavior [ RunTime:0.000211s ]
INFO: [ app_init ] --END-- [ RunTime:0.002145s ]
INFO: [ app_begin ] --START--
INFO: Run Behavior\ReadHtmlCacheBehavior [ RunTime:0.002490s ]
INFO: [ app_begin ] --END-- [ RunTime:0.004500s ]
NOTIC: [2048] Declaration of Home\Model\WishModel::add() should be compatible with Think\Model::add($data = '', $options = Array, $replace = false) F:\PHP\WWW\blog\Application\Home\Model\WishModel.class.php 第 6 行.
NOTIC: [2048] Declaration of Home\Model\WishModel::select() should be compatible with Think\Model::select($options = Array) F:\PHP\WWW\blog\Application\Home\Model\WishModel.class.php 第 6 行.
SQL: SHOW COLUMNS FROM `blog_wish` [ RunTime:0.0194s ]
NOTIC: [2048] Declaration of Think\Model\MongoModel::setInc() should be compatible with Think\Model::setInc($field, $step = 1, $lazyTime = 0) F:\PHP\WWW\blog\ThinkPHP\Library\Think\Model\MongoModel.class.php 第 422 行.
NOTIC: [2048] Declaration of Think\Model\MongoModel::setDec() should be compatible with Think\Model::setDec($field, $step = 1, $lazyTime = 0) F:\PHP\WWW\blog\ThinkPHP\Library\Think\Model\MongoModel.class.php 第 422 行.
NOTIC: [2048] Declaration of Think\Db\Driver\Mongo::connect() should be compatible with Think\Db\Driver::connect($config = '', $linkNum = 0, $autoConnection = false) F:\PHP\WWW\blog\ThinkPHP\Library\Think\Db\Driver\Mongo.class.php 第 821 行.
NOTIC: [2048] Declaration of Think\Db\Driver\Mongo::insertAll() should be compatible with Think\Db\Driver::insertAll($dataSet, $options = Array, $replace = false) F:\PHP\WWW\blog\ThinkPHP\Library\Think\Db\Driver\Mongo.class.php 第 821 行.

[ 2016-05-19T17:35:35+08:00 ] ::1 /blog/index.php/Home/Wish/index
INFO: [ app_init ] --START--
INFO: Run Behavior\BuildLiteBehavior [ RunTime:0.000210s ]
INFO: [ app_init ] --END-- [ RunTime:0.002097s ]
INFO: [ app_begin ] --START--
INFO: Run Behavior\ReadHtmlCacheBehavior [ RunTime:0.004572s ]
INFO: [ app_begin ] --END-- [ RunTime:0.008493s ]
NOTIC: [2048] Declaration of Home\Model\WishModel::add() should be compatible with Think\Model::add($data = '', $options = Array, $replace = false) F:\PHP\WWW\blog\Application\Home\Model\WishModel.class.php 第 6 行.
NOTIC: [2048] Declaration of Home\Model\WishModel::select() should be compatible with Think\Model::select($options = Array) F:\PHP\WWW\blog\Application\Home\Model\WishModel.class.php 第 6 行.
SQL: SHOW COLUMNS FROM `blog_wish` [ RunTime:0.0188s ]

[ 2016-05-19T17:36:25+08:00 ] ::1 /blog/index.php/Home/Wish/index
INFO: [ app_init ] --START--
INFO: Run Behavior\BuildLiteBehavior [ RunTime:0.000319s ]
INFO: [ app_init ] --END-- [ RunTime:0.003169s ]
INFO: [ app_begin ] --START--
INFO: Run Behavior\ReadHtmlCacheBehavior [ RunTime:0.003803s ]
INFO: [ app_begin ] --END-- [ RunTime:0.007162s ]
NOTIC: [2048] Declaration of Home\Model\WishModel::add() should be compatible with Think\Model::add($data = '', $options = Array, $replace = false) F:\PHP\WWW\blog\Application\Home\Model\WishModel.class.php 第 6 行.
NOTIC: [2048] Declaration of Home\Model\WishModel::select() should be compatible with Think\Model::select($options = Array) F:\PHP\WWW\blog\Application\Home\Model\WishModel.class.php 第 6 行.
SQL: SHOW COLUMNS FROM `blog_wish` [ RunTime:0.0156s ]

[ 2016-05-19T17:37:05+08:00 ] ::1 /blog/index.php/Home/Wish/index
INFO: [ app_init ] --START--
INFO: Run Behavior\BuildLiteBehavior [ RunTime:0.000498s ]
INFO: [ app_init ] --END-- [ RunTime:0.003105s ]
INFO: [ app_begin ] --START--
INFO: Run Behavior\ReadHtmlCacheBehavior [ RunTime:0.004085s ]
INFO: [ app_begin ] --END-- [ RunTime:0.007642s ]
NOTIC: [2048] Declaration of Home\Model\WishModel::add() should be compatible with Think\Model::add($data = '', $options = Array, $replace = false) F:\PHP\WWW\blog\Application\Home\Model\WishModel.class.php 第 6 行.
NOTIC: [2048] Declaration of Home\Model\WishModel::select() should be compatible with Think\Model::select($options = Array) F:\PHP\WWW\blog\Application\Home\Model\WishModel.class.php 第 6 行.
SQL: SHOW COLUMNS FROM `blog_wish` [ RunTime:0.0317s ]
NOTIC: [8] Undefined property: MongoCursor::$author F:\PHP\WWW\blog\Application\Home\Common\function.php 第 8 行.
NOTIC: [8] Undefined property: MongoCursor::$author F:\PHP\WWW\blog\Application\Home\Common\function.php 第 8 行.
NOTIC: [8] Undefined property: MongoCursor::$author F:\PHP\WWW\blog\Application\Home\Common\function.php 第 8 行.

[ 2016-05-19T17:38:24+08:00 ] ::1 /blog/index.php/Home/Wish/index
INFO: [ app_init ] --START--
INFO: Run Behavior\BuildLiteBehavior [ RunTime:0.000329s ]
INFO: [ app_init ] --END-- [ RunTime:0.003286s ]
INFO: [ app_begin ] --START--
INFO: Run Behavior\ReadHtmlCacheBehavior [ RunTime:0.001493s ]
INFO: [ app_begin ] --END-- [ RunTime:0.002766s ]
NOTIC: [8] Undefined property: MongoCursor::$author F:\PHP\WWW\blog\Application\Home\Common\function.php 第 8 行.
NOTIC: [8] Undefined property: MongoCursor::$author F:\PHP\WWW\blog\Application\Home\Common\function.php 第 8 行.
NOTIC: [8] Undefined property: MongoCursor::$author F:\PHP\WWW\blog\Application\Home\Common\function.php 第 8 行.

[ 2016-05-19T17:38:26+08:00 ] ::1 /blog/index.php/Home/Wish/index
INFO: [ app_init ] --START--
INFO: Run Behavior\BuildLiteBehavior [ RunTime:0.000253s ]
INFO: [ app_init ] --END-- [ RunTime:0.002369s ]
INFO: [ app_begin ] --START--
INFO: Run Behavior\ReadHtmlCacheBehavior [ RunTime:0.002119s ]
INFO: [ app_begin ] --END-- [ RunTime:0.003896s ]
NOTIC: [8] Undefined property: MongoCursor::$author F:\PHP\WWW\blog\Application\Home\Common\function.php 第 8 行.
NOTIC: [8] Undefined property: MongoCursor::$author F:\PHP\WWW\blog\Application\Home\Common\function.php 第 8 行.
NOTIC: [8] Undefined property: MongoCursor::$author F:\PHP\WWW\blog\Application\Home\Common\function.php 第 8 行.

[ 2016-05-19T17:39:21+08:00 ] ::1 /blog/index.php/Home/Wish/index
INFO: [ app_init ] --START--
INFO: Run Behavior\BuildLiteBehavior [ RunTime:0.000364s ]
INFO: [ app_init ] --END-- [ RunTime:0.003461s ]
INFO: [ app_begin ] --START--
INFO: Run Behavior\ReadHtmlCacheBehavior [ RunTime:0.003882s ]
INFO: [ app_begin ] --END-- [ RunTime:0.007252s ]

[ 2016-05-19T17:42:39+08:00 ] ::1 /blog/index.php/Home/Wish/index
INFO: [ app_init ] --START--
INFO: Run Behavior\BuildLiteBehavior [ RunTime:0.000208s ]
INFO: [ app_init ] --END-- [ RunTime:0.002061s ]
INFO: [ app_begin ] --START--
INFO: Run Behavior\ReadHtmlCacheBehavior [ RunTime:0.002600s ]
INFO: [ app_begin ] --END-- [ RunTime:0.004863s ]

[ 2016-05-19T17:44:57+08:00 ] ::1 /blog/index.php/Home/Wish/index
INFO: [ app_init ] --START--
INFO: Run Behavior\BuildLiteBehavior [ RunTime:0.000300s ]
INFO: [ app_init ] --END-- [ RunTime:0.002835s ]
INFO: [ app_begin ] --START--
INFO: Run Behavior\ReadHtmlCacheBehavior [ RunTime:0.004425s ]
INFO: [ app_begin ] --END-- [ RunTime:0.007496s ]

[ 2016-05-19T17:45:01+08:00 ] ::1 /blog/index.php/Home/Wish/index
INFO: [ app_init ] --START--
INFO: Run Behavior\BuildLiteBehavior [ RunTime:0.000534s ]
INFO: [ app_init ] --END-- [ RunTime:0.003368s ]
INFO: [ app_begin ] --START--
INFO: Run Behavior\ReadHtmlCacheBehavior [ RunTime:0.004917s ]
INFO: [ app_begin ] --END-- [ RunTime:0.008273s ]

[ 2016-05-19T17:48:44+08:00 ] ::1 /blog/index.php/Home/Wish/index
INFO: [ app_init ] --START--
INFO: Run Behavior\BuildLiteBehavior [ RunTime:0.000305s ]
INFO: [ app_init ] --END-- [ RunTime:0.003069s ]
INFO: [ app_begin ] --START--
INFO: Run Behavior\ReadHtmlCacheBehavior [ RunTime:0.004293s ]
INFO: [ app_begin ] --END-- [ RunTime:0.007627s ]
NOTIC: [2048] Declaration of Home\Model\WishModel::add() should be compatible with Think\Model::add($data = '', $options = Array, $replace = false) F:\PHP\WWW\blog\Application\Home\Model\WishModel.class.php 第 6 行.
NOTIC: [2048] Declaration of Home\Model\WishModel::select() should be compatible with Think\Model::select($options = Array) F:\PHP\WWW\blog\Application\Home\Model\WishModel.class.php 第 6 行.
SQL: SHOW COLUMNS FROM `blog_wish` [ RunTime:0.0482s ]

[ 2016-05-19T17:50:12+08:00 ] ::1 /blog/index.php/Home/Wish/index
INFO: [ app_init ] --START--
INFO: Run Behavior\BuildLiteBehavior [ RunTime:0.000277s ]
INFO: [ app_init ] --END-- [ RunTime:0.002781s ]
INFO: [ app_begin ] --START--
INFO: Run Behavior\ReadHtmlCacheBehavior [ RunTime:0.003920s ]
INFO: [ app_begin ] --END-- [ RunTime:0.007608s ]
NOTIC: [2048] Declaration of Home\Model\WishModel::add() should be compatible with Think\Model::add($data = '', $options = Array, $replace = false) F:\PHP\WWW\blog\Application\Home\Model\WishModel.class.php 第 6 行.
NOTIC: [2048] Declaration of Home\Model\WishModel::select() should be compatible with Think\Model::select($options = Array) F:\PHP\WWW\blog\Application\Home\Model\WishModel.class.php 第 6 行.
SQL: SHOW COLUMNS FROM `blog_wish` [ RunTime:0.0140s ]

[ 2016-05-19T17:51:22+08:00 ] ::1 /blog/index.php/Home/Wish/index
INFO: [ app_init ] --START--
INFO: Run Behavior\BuildLiteBehavior [ RunTime:0.000267s ]
INFO: [ app_init ] --END-- [ RunTime:0.002698s ]
INFO: [ app_begin ] --START--
INFO: Run Behavior\ReadHtmlCacheBehavior [ RunTime:0.004296s ]
INFO: [ app_begin ] --END-- [ RunTime:0.008107s ]
NOTIC: [2048] Declaration of Home\Model\WishModel::add() should be compatible with Think\Model::add($data = '', $options = Array, $replace = false) F:\PHP\WWW\blog\Application\Home\Model\WishModel.class.php 第 6 行.
NOTIC: [2048] Declaration of Home\Model\WishModel::select() should be compatible with Think\Model::select($options = Array) F:\PHP\WWW\blog\Application\Home\Model\WishModel.class.php 第 6 行.
SQL: SHOW COLUMNS FROM `blog_wish` [ RunTime:0.0341s ]
SQL: SHOW COLUMNS FROM `blog_wish` [ RunTime:0.0118s ]
SQL: SELECT * FROM `blog_wish`  [ RunTime:0.0295s ]

[ 2016-05-19T17:54:00+08:00 ] ::1 /blog/index.php/Home/Wish/index
INFO: [ app_init ] --START--
INFO: Run Behavior\BuildLiteBehavior [ RunTime:0.000209s ]
INFO: [ app_init ] --END-- [ RunTime:0.002075s ]
INFO: [ app_begin ] --START--
INFO: Run Behavior\ReadHtmlCacheBehavior [ RunTime:0.002660s ]
INFO: [ app_begin ] --END-- [ RunTime:0.004603s ]
NOTIC: [2048] Declaration of Home\Model\WishModel::add() should be compatible with Think\Model::add($data = '', $options = Array, $replace = false) F:\PHP\WWW\blog\Application\Home\Model\WishModel.class.php 第 6 行.
NOTIC: [2048] Declaration of Home\Model\WishModel::select() should be compatible with Think\Model::select($options = Array) F:\PHP\WWW\blog\Application\Home\Model\WishModel.class.php 第 6 行.
SQL: SHOW COLUMNS FROM `blog_wish` [ RunTime:0.0167s ]

[ 2016-05-19T17:54:55+08:00 ] ::1 /blog/index.php/Home/Wish/index
INFO: [ app_init ] --START--
INFO: Run Behavior\BuildLiteBehavior [ RunTime:0.000350s ]
INFO: [ app_init ] --END-- [ RunTime:0.003261s ]
INFO: [ app_begin ] --START--
INFO: Run Behavior\ReadHtmlCacheBehavior [ RunTime:0.003986s ]
INFO: [ app_begin ] --END-- [ RunTime:0.007793s ]
NOTIC: [2048] Declaration of Home\Model\WishModel::add() should be compatible with Think\Model::add($data = '', $options = Array, $replace = false) F:\PHP\WWW\blog\Application\Home\Model\WishModel.class.php 第 6 行.
NOTIC: [2048] Declaration of Home\Model\WishModel::select() should be compatible with Think\Model::select($options = Array) F:\PHP\WWW\blog\Application\Home\Model\WishModel.class.php 第 6 行.
SQL: SHOW COLUMNS FROM `blog_wish` [ RunTime:0.0349s ]

[ 2016-05-19T17:55:10+08:00 ] ::1 /blog/index.php/Home/Wish/index
INFO: [ app_init ] --START--
INFO: Run Behavior\BuildLiteBehavior [ RunTime:0.000283s ]
INFO: [ app_init ] --END-- [ RunTime:0.002613s ]
INFO: [ app_begin ] --START--
INFO: Run Behavior\ReadHtmlCacheBehavior [ RunTime:0.004083s ]
INFO: [ app_begin ] --END-- [ RunTime:0.007258s ]
NOTIC: [2048] Declaration of Home\Model\WishModel::add() should be compatible with Think\Model::add($data = '', $options = Array, $replace = false) F:\PHP\WWW\blog\Application\Home\Model\WishModel.class.php 第 6 行.
NOTIC: [2048] Declaration of Home\Model\WishModel::select() should be compatible with Think\Model::select($options = Array) F:\PHP\WWW\blog\Application\Home\Model\WishModel.class.php 第 6 行.
SQL: SHOW COLUMNS FROM `blog_wish` [ RunTime:0.0125s ]

[ 2016-05-19T17:56:01+08:00 ] ::1 /blog/index.php/Home/Wish/index
INFO: [ app_init ] --START--
INFO: Run Behavior\BuildLiteBehavior [ RunTime:0.000208s ]
INFO: [ app_init ] --END-- [ RunTime:0.002048s ]
INFO: [ app_begin ] --START--
INFO: Run Behavior\ReadHtmlCacheBehavior [ RunTime:0.004413s ]
INFO: [ app_begin ] --END-- [ RunTime:0.007695s ]
NOTIC: [2048] Declaration of Home\Model\WishModel::add() should be compatible with Think\Model::add($data = '', $options = Array, $replace = false) F:\PHP\WWW\blog\Application\Home\Model\WishModel.class.php 第 6 行.
NOTIC: [2048] Declaration of Home\Model\WishModel::select() should be compatible with Think\Model::select($options = Array) F:\PHP\WWW\blog\Application\Home\Model\WishModel.class.php 第 6 行.
SQL: SHOW COLUMNS FROM `blog_wish` [ RunTime:0.0308s ]

[ 2016-05-19T17:57:03+08:00 ] ::1 /blog/index.php/Home/Wish/index
INFO: [ app_init ] --START--
INFO: Run Behavior\BuildLiteBehavior [ RunTime:0.000219s ]
INFO: [ app_init ] --END-- [ RunTime:0.002379s ]
INFO: [ app_begin ] --START--
INFO: Run Behavior\ReadHtmlCacheBehavior [ RunTime:0.003864s ]
INFO: [ app_begin ] --END-- [ RunTime:0.006979s ]
NOTIC: [2048] Declaration of Home\Model\WishModel::add() should be compatible with Think\Model::add($data = '', $options = Array, $replace = false) F:\PHP\WWW\blog\Application\Home\Model\WishModel.class.php 第 6 行.
NOTIC: [2048] Declaration of Home\Model\WishModel::select() should be compatible with Think\Model::select($options = Array) F:\PHP\WWW\blog\Application\Home\Model\WishModel.class.php 第 6 行.
SQL: SHOW COLUMNS FROM `blog_wish` [ RunTime:0.0882s ]
INFO: [ view_parse ] --START--
INFO: [ template_filter ] --START--
INFO: Run Behavior\ContentReplaceBehavior [ RunTime:0.000540s ]
INFO: [ template_filter ] --END-- [ RunTime:0.001738s ]
INFO: Run Behavior\ParseTemplateBehavior [ RunTime:0.645662s ]
INFO: [ view_parse ] --END-- [ RunTime:0.648090s ]
INFO: [ view_filter ] --START--
INFO: Run Behavior\WriteHtmlCacheBehavior [ RunTime:0.001732s ]
INFO: [ view_filter ] --END-- [ RunTime:0.003268s ]
INFO: [ app_end ] --START--
INFO: Run Behavior\ShowPageTraceBehavior [ RunTime:0.002087s ]
INFO: [ app_end ] --END-- [ RunTime:0.003609s ]

[ 2016-05-19T18:23:23+08:00 ] ::1 /blog/index.php/Home/Wish/create
INFO: [ app_init ] --START--
INFO: Run Behavior\BuildLiteBehavior [ RunTime:0.000398s ]
INFO: [ app_init ] --END-- [ RunTime:0.003050s ]
INFO: [ app_begin ] --START--
INFO: Run Behavior\ReadHtmlCacheBehavior [ RunTime:0.005991s ]
INFO: [ app_begin ] --END-- [ RunTime:0.009873s ]
NOTIC: [2048] Declaration of Home\Model\WishModel::add() should be compatible with Think\Model::add($data = '', $options = Array, $replace = false) F:\PHP\WWW\blog\Application\Home\Model\WishModel.class.php 第 6 行.
NOTIC: [2048] Declaration of Home\Model\WishModel::select() should be compatible with Think\Model::select($options = Array) F:\PHP\WWW\blog\Application\Home\Model\WishModel.class.php 第 6 行.
SQL: SHOW COLUMNS FROM `blog_wish` [ RunTime:0.0260s ]
SQL: SHOW COLUMNS FROM `blog_wish` [ RunTime:0.0074s ]

[ 2016-05-19T18:26:07+08:00 ] ::1 /blog/index.php/Home/Wish/index
INFO: [ app_init ] --START--
INFO: Run Behavior\BuildLiteBehavior [ RunTime:0.000211s ]
INFO: [ app_init ] --END-- [ RunTime:0.002176s ]
INFO: [ app_begin ] --START--
INFO: Run Behavior\ReadHtmlCacheBehavior [ RunTime:0.004208s ]
INFO: [ app_begin ] --END-- [ RunTime:0.007782s ]
NOTIC: [2048] Declaration of Home\Model\WishModel::add() should be compatible with Think\Model::add($data = '', $options = Array, $replace = false) F:\PHP\WWW\blog\Application\Home\Model\WishModel.class.php 第 6 行.
NOTIC: [2048] Declaration of Home\Model\WishModel::select() should be compatible with Think\Model::select($options = Array) F:\PHP\WWW\blog\Application\Home\Model\WishModel.class.php 第 6 行.
SQL: SHOW COLUMNS FROM `blog_wish` [ RunTime:0.0352s ]
NOTIC: [8] Undefined index: id F:\PHP\WWW\blog\Application\Home\Model\WishModel.class.php 第 14 行.
INFO: [ view_parse ] --START--
INFO: [ template_filter ] --START--
INFO: Run Behavior\ContentReplaceBehavior [ RunTime:0.000542s ]
INFO: [ template_filter ] --END-- [ RunTime:0.001662s ]
INFO: Run Behavior\ParseTemplateBehavior [ RunTime:0.052217s ]
INFO: [ view_parse ] --END-- [ RunTime:0.053427s ]
INFO: [ view_filter ] --START--
INFO: Run Behavior\WriteHtmlCacheBehavior [ RunTime:0.001327s ]
INFO: [ view_filter ] --END-- [ RunTime:0.002454s ]
INFO: [ app_end ] --START--
INFO: Run Behavior\ShowPageTraceBehavior [ RunTime:0.001522s ]
INFO: [ app_end ] --END-- [ RunTime:0.002645s ]

[ 2016-05-19T18:26:24+08:00 ] ::1 /blog/index.php/Home/Wish/create
INFO: [ app_init ] --START--
INFO: Run Behavior\BuildLiteBehavior [ RunTime:0.000270s ]
INFO: [ app_init ] --END-- [ RunTime:0.002756s ]
INFO: [ app_begin ] --START--
INFO: Run Behavior\ReadHtmlCacheBehavior [ RunTime:0.003901s ]
INFO: [ app_begin ] --END-- [ RunTime:0.007473s ]
NOTIC: [2048] Declaration of Home\Model\WishModel::add() should be compatible with Think\Model::add($data = '', $options = Array, $replace = false) F:\PHP\WWW\blog\Application\Home\Model\WishModel.class.php 第 6 行.
NOTIC: [2048] Declaration of Home\Model\WishModel::select() should be compatible with Think\Model::select($options = Array) F:\PHP\WWW\blog\Application\Home\Model\WishModel.class.php 第 6 行.
SQL: SHOW COLUMNS FROM `blog_wish` [ RunTime:0.0201s ]
SQL: SHOW COLUMNS FROM `blog_wish` [ RunTime:0.0129s ]

[ 2016-05-19T18:26:27+08:00 ] ::1 /blog/index.php/Home/Wish/index.html
INFO: [ app_init ] --START--
INFO: Run Behavior\BuildLiteBehavior [ RunTime:0.000211s ]
INFO: [ app_init ] --END-- [ RunTime:0.002009s ]
INFO: [ app_begin ] --START--
INFO: Run Behavior\ReadHtmlCacheBehavior [ RunTime:0.004216s ]
INFO: [ app_begin ] --END-- [ RunTime:0.007638s ]
NOTIC: [2048] Declaration of Home\Model\WishModel::add() should be compatible with Think\Model::add($data = '', $options = Array, $replace = false) F:\PHP\WWW\blog\Application\Home\Model\WishModel.class.php 第 6 行.
NOTIC: [2048] Declaration of Home\Model\WishModel::select() should be compatible with Think\Model::select($options = Array) F:\PHP\WWW\blog\Application\Home\Model\WishModel.class.php 第 6 行.
SQL: SHOW COLUMNS FROM `blog_wish` [ RunTime:0.0297s ]
NOTIC: [8] Undefined index: id F:\PHP\WWW\blog\Application\Home\Model\WishModel.class.php 第 14 行.
NOTIC: [8] Undefined index: id F:\PHP\WWW\blog\Application\Home\Model\WishModel.class.php 第 14 行.
INFO: [ view_parse ] --START--
INFO: [ template_filter ] --START--
INFO: Run Behavior\ContentReplaceBehavior [ RunTime:0.000545s ]
INFO: [ template_filter ] --END-- [ RunTime:0.001702s ]
INFO: Run Behavior\ParseTemplateBehavior [ RunTime:0.090697s ]
INFO: [ view_parse ] --END-- [ RunTime:0.092168s ]
INFO: [ view_filter ] --START--
INFO: Run Behavior\WriteHtmlCacheBehavior [ RunTime:0.001145s ]
INFO: [ view_filter ] --END-- [ RunTime:0.002329s ]
INFO: [ app_end ] --START--
INFO: Run Behavior\ShowPageTraceBehavior [ RunTime:0.001741s ]
INFO: [ app_end ] --END-- [ RunTime:0.003008s ]

